02:51:38.401 [main                     ] DEBUG GameApplication      - Logger initialized
02:51:38.419 [main                     ] DEBUG GameApplication      - Logging settings
Title: JumpToBeat-Demo
Version: 0.1
Width: 1050
Height: 700
Fullscreen: false
Intro: false
Menus: true
Profiling: false
Single step:false
App Mode: DEVELOPER
Menu Key: ESCAPE
Stage Style: DECORATED
Scene Factory: class com.almasb.fxgl.app.SceneFactory
Dialog Factory: class com.almasb.fxgl.ui.FXGLDialogFactory
UI Factory: class com.almasb.fxgl.ui.FXGLUIFactory

02:51:38.944 [JavaFX Application Thread] DEBUG Engine               - Initializing FXGL
02:51:38.944 [JavaFX Application Thread] INFO  Engine               - FXGL-11.7 (05.01.2020 09.37) on WINDOWS (J:11.0.5 FX:12.0.1)
02:51:38.944 [JavaFX Application Thread] INFO  Engine               - Source code and latest versions at: https://github.com/AlmasB/FXGL
02:51:38.944 [JavaFX Application Thread] INFO  Engine               -              Join the FXGL chat at: https://gitter.im/AlmasB/FXGL
02:51:38.945 [JavaFX Application Thread] DEBUG Engine               - Initializing environment variables
02:51:38.947 [JavaFX Application Thread] DEBUG Engine               - Logging environment variables
02:51:38.947 [JavaFX Application Thread] DEBUG Engine               - achievements: []
02:51:38.947 [JavaFX Application Thread] DEBUG Engine               - sceneStack: com.almasb.fxgl.app.Engine@5f0ae18a
02:51:38.947 [JavaFX Application Thread] DEBUG Engine               - language: ObjectProperty [value: ENGLISH]
02:51:38.947 [JavaFX Application Thread] DEBUG Engine               - isCloseConfirmation: false
02:51:38.947 [JavaFX Application Thread] DEBUG Engine               - isProfilingEnabled: false
02:51:38.948 [JavaFX Application Thread] DEBUG Engine               - soundNotification: core/notification.wav
02:51:38.948 [JavaFX Application Thread] DEBUG Engine               - devShowBBoxProperty: BooleanProperty [value: false]
02:51:38.949 [JavaFX Application Thread] DEBUG Engine               - pixelsPerMeter: 50.0
02:51:38.949 [JavaFX Application Thread] DEBUG Engine               - overlayRoot: Group@5a7d05d1
02:51:38.949 [JavaFX Application Thread] DEBUG Engine               - appIcon: fxgl_icon.png
02:51:38.949 [JavaFX Application Thread] DEBUG Engine               - soundMenuBack: menu/back.wav
02:51:38.949 [JavaFX Application Thread] DEBUG Engine               - isFullScreenAllowed: false
02:51:38.949 [JavaFX Application Thread] DEBUG Engine               - isIntroEnabled: false
02:51:38.949 [JavaFX Application Thread] DEBUG Engine               - eventBus: com.almasb.fxgl.event.EventBus@4321fe7a
02:51:38.949 [JavaFX Application Thread] DEBUG Engine               - fontMono: lucida_console.ttf
02:51:38.950 [JavaFX Application Thread] DEBUG Engine               - soundMenuSelect: menu/select.wav
02:51:38.950 [JavaFX Application Thread] DEBUG Engine               - isWindows: true
02:51:38.950 [JavaFX Application Thread] DEBUG Engine               - isMobile: false
02:51:38.950 [JavaFX Application Thread] DEBUG Engine               - height: 700
02:51:38.950 [JavaFX Application Thread] DEBUG Engine               - isExperimentalNative: false
02:51:38.950 [JavaFX Application Thread] DEBUG Engine               - isSingleStep: false
02:51:38.950 [JavaFX Application Thread] DEBUG Engine               - cSSList: [fxgl_dark.css]
02:51:38.950 [JavaFX Application Thread] DEBUG Engine               - fontGame: Abel-Regular.ttf
02:51:38.950 [JavaFX Application Thread] DEBUG Engine               - menuKey: ESCAPE
02:51:38.951 [JavaFX Application Thread] DEBUG Engine               - devShowPositionProperty: BooleanProperty [value: false]
02:51:38.951 [JavaFX Application Thread] DEBUG Engine               - versionCheckDays: 7
02:51:38.951 [JavaFX Application Thread] DEBUG Engine               - masterTimer: com.almasb.fxgl.time.Timer@4b2f4125
02:51:38.951 [JavaFX Application Thread] DEBUG Engine               - configClass: Optional.empty
02:51:38.951 [JavaFX Application Thread] DEBUG Engine               - isFullScreenFromStart: false
02:51:38.951 [JavaFX Application Thread] DEBUG Engine               - version: 0.1
02:51:38.951 [JavaFX Application Thread] DEBUG Engine               - fullScreen: BooleanProperty [value: false]
02:51:38.951 [JavaFX Application Thread] DEBUG Engine               - randomSeed: -1
02:51:38.951 [JavaFX Application Thread] DEBUG Engine               - dialogFactory: com.almasb.fxgl.ui.FXGLDialogFactory@64ab5e75
02:51:38.951 [JavaFX Application Thread] DEBUG Engine               - applicationMode: DEVELOPER
02:51:38.951 [JavaFX Application Thread] DEBUG Engine               - isMac: false
02:51:38.951 [JavaFX Application Thread] DEBUG Engine               - urlGoogleForms: https://goo.gl/forms/6wrMnOBxTE1fEpOy2
02:51:38.952 [JavaFX Application Thread] DEBUG Engine               - isMenuEnabled: true
02:51:38.952 [JavaFX Application Thread] DEBUG Engine               - profileName: user.profile
02:51:38.952 [JavaFX Application Thread] DEBUG Engine               - urlPOM: https://raw.githubusercontent.com/AlmasB/FXGL/master/pom.xml
02:51:38.952 [JavaFX Application Thread] DEBUG Engine               - notificationViewClass: class com.almasb.fxgl.notification.view.XboxNotificationView
02:51:38.952 [JavaFX Application Thread] DEBUG Engine               - devSensorColorProperty: ObjectProperty [value: 0xffff00ff]
02:51:38.952 [JavaFX Application Thread] DEBUG Engine               - sceneFactory: com.almasb.fxgl.app.SceneFactory@564a9cbc
02:51:38.952 [JavaFX Application Thread] DEBUG Engine               - dataFileExt: .dat
02:51:38.952 [JavaFX Application Thread] DEBUG Engine               - stageStyle: DECORATED
02:51:38.952 [JavaFX Application Thread] DEBUG Engine               - isManualResizeEnabled: false
02:51:38.952 [JavaFX Application Thread] DEBUG Engine               - title: JumpToBeat-Demo
02:51:38.952 [JavaFX Application Thread] DEBUG Engine               - platform: WINDOWS
02:51:38.952 [JavaFX Application Thread] DEBUG Engine               - devBBoxColorProperty: ObjectProperty [value: 0xff0000ff]
02:51:38.953 [JavaFX Application Thread] DEBUG Engine               - isDesktop: true
02:51:38.953 [JavaFX Application Thread] DEBUG Engine               - credits: []
02:51:38.953 [JavaFX Application Thread] DEBUG Engine               - globalMusicVolumeProperty: DoubleProperty [value: 0.5]
02:51:38.953 [JavaFX Application Thread] DEBUG Engine               - uIFactory: com.almasb.fxgl.ui.FXGLUIFactory@1ad46a21
02:51:38.953 [JavaFX Application Thread] DEBUG Engine               - isPreserveResizeRatio: false
02:51:38.953 [JavaFX Application Thread] DEBUG Engine               - fontText: Courier-Prime.ttf
02:51:38.953 [JavaFX Application Thread] DEBUG Engine               - isExperimentalTiledLargeMap: false
02:51:38.953 [JavaFX Application Thread] DEBUG Engine               - secondsIn24h: 60
02:51:38.953 [JavaFX Application Thread] DEBUG Engine               - runtimeInfo: RuntimeInfo(platform=WINDOWS, version=11.7, build=05.01.2020 09.37)
02:51:38.954 [JavaFX Application Thread] DEBUG Engine               - isLinux: false
02:51:38.954 [JavaFX Application Thread] DEBUG Engine               - soundMenuPress: menu/press.wav
02:51:38.954 [JavaFX Application Thread] DEBUG Engine               - urlGithub: https://github.com/AlmasB/FXGL
02:51:38.954 [JavaFX Application Thread] DEBUG Engine               - profileDir: profiles/
02:51:38.954 [JavaFX Application Thread] DEBUG Engine               - isDeveloperMenuEnabled: false
02:51:38.954 [JavaFX Application Thread] DEBUG Engine               - globalSoundVolumeProperty: DoubleProperty [value: 0.5]
02:51:38.954 [JavaFX Application Thread] DEBUG Engine               - isBrowser: false
02:51:38.954 [JavaFX Application Thread] DEBUG Engine               - urlLeaderboard: http://fxgl-top.herokuapp.com/
02:51:38.954 [JavaFX Application Thread] DEBUG Engine               - globalSoundVolume: 0.5
02:51:38.954 [JavaFX Application Thread] DEBUG Engine               - saveDir: saves/
02:51:38.954 [JavaFX Application Thread] DEBUG Engine               - engineServices: [class com.almasb.fxgl.audio.AudioPlayer, class com.almasb.fxgl.notification.impl.NotificationServiceProvider, class com.almasb.fxgl.achievement.AchievementManager, class com.almasb.fxgl.cutscene.CutsceneService, class com.almasb.fxgl.minigames.MiniGameService]
02:51:38.954 [JavaFX Application Thread] DEBUG Engine               - globalMusicVolume: 0.5
02:51:38.954 [JavaFX Application Thread] DEBUG Engine               - width: 1050
02:51:38.954 [JavaFX Application Thread] DEBUG Engine               - saveFileExt: .sav
02:51:38.955 [JavaFX Application Thread] DEBUG Engine               - isAndroid: false
02:51:38.955 [JavaFX Application Thread] DEBUG Engine               - fontUI: VarelaRound-Regular.ttf
02:51:38.955 [JavaFX Application Thread] DEBUG Engine               - enabledMenuItems: []
02:51:38.955 [JavaFX Application Thread] DEBUG Engine               - isIOS: false
02:51:38.957 [JavaFX Application Thread] DEBUG Engine               - Adding new engine service: class com.almasb.fxgl.audio.AudioPlayer
02:51:38.958 [JavaFX Application Thread] DEBUG Engine               - Adding new engine service: class com.almasb.fxgl.notification.impl.NotificationServiceProvider
02:51:38.958 [JavaFX Application Thread] DEBUG Engine               - Adding new engine service: class com.almasb.fxgl.achievement.AchievementManager
02:51:38.959 [JavaFX Application Thread] DEBUG Engine               - Adding new engine service: class com.almasb.fxgl.cutscene.CutsceneService
02:51:38.959 [JavaFX Application Thread] DEBUG Engine               - Adding new engine service: class com.almasb.fxgl.minigames.MiniGameService
02:51:38.961 [JavaFX Application Thread] DEBUG Engine               - Loading localizations
02:51:38.963 [JavaFX Application Thread] DEBUG AssetLoader          - Loading from file system: /assets/properties/languages/english.properties
02:51:38.966 [JavaFX Application Thread] DEBUG AssetLoader          - Loading from file system: /assets/properties/languages/french.properties
02:51:38.967 [JavaFX Application Thread] DEBUG AssetLoader          - Loading from file system: /assets/properties/languages/german.properties
02:51:38.968 [JavaFX Application Thread] DEBUG AssetLoader          - Loading from file system: /assets/properties/languages/russian.properties
02:51:38.969 [JavaFX Application Thread] DEBUG AssetLoader          - Loading from file system: /assets/properties/languages/hungarian.properties
02:51:38.971 [JavaFX Application Thread] DEBUG Engine               - Registering font factories
02:51:38.972 [JavaFX Application Thread] DEBUG AssetLoader          - Loading from file system: /assets/ui/fonts/VarelaRound-Regular.ttf
02:51:39.111 [JavaFX Application Thread] DEBUG AssetLoader          - Loading from file system: /assets/ui/fonts/Abel-Regular.ttf
02:51:39.114 [JavaFX Application Thread] DEBUG AssetLoader          - Loading from file system: /assets/ui/fonts/lucida_console.ttf
02:51:39.119 [JavaFX Application Thread] DEBUG AssetLoader          - Loading from file system: /assets/ui/fonts/Courier-Prime.ttf
02:51:39.123 [JavaFX Application Thread] DEBUG Engine               - Setting UI factory
02:51:39.211 [JavaFX Application Thread] DEBUG AssetLoader          - Loading from file system: /assets/textures/fxgl_logo.png
02:51:39.264 [JavaFX Application Thread] DEBUG MainWindow           - Creating a JavaFX scene
02:51:39.309 [JavaFX Application Thread] DEBUG MainWindow           - Target settings size: 1050.0 x 700.0
02:51:39.309 [JavaFX Application Thread] DEBUG MainWindow           - Scaled scene size:    1050.0 x 700.0
02:51:39.309 [JavaFX Application Thread] DEBUG MainWindow           - Scaled ratio: (1.0, 1.0)
02:51:39.311 [JavaFX Application Thread] DEBUG MainWindow           - Set initial scene to FXGLStartupScene
02:51:39.317 [JavaFX Application Thread] DEBUG AssetLoader          - Loading from file system: /assets/textures/fxgl_icon.png
02:51:39.329 [JavaFX Application Thread] DEBUG Engine               - Applying CSS: fxgl_dark.css
02:51:39.329 [JavaFX Application Thread] DEBUG AssetLoader          - Loading from file system: /assets/ui/css/fxgl_dark.css
02:51:39.332 [JavaFX Application Thread] DEBUG AssetLoader          - Loading from file system: /assets/ui/cursors/fxgl_default.png
02:51:39.333 [JavaFX Application Thread] DEBUG MainWindow           - Opening main window
02:51:39.472 [JavaFX Application Thread] DEBUG MainWindow           - Window border size: (16.0, 39.0)
02:51:39.472 [JavaFX Application Thread] DEBUG MainWindow           - Scaled size: 1050.0 x 700.0
02:51:39.472 [JavaFX Application Thread] DEBUG MainWindow           - Scaled ratio: (1.0, 1.0)
02:51:39.472 [JavaFX Application Thread] DEBUG MainWindow           - Scene size: 1050.0 x 700.0
02:51:39.472 [JavaFX Application Thread] DEBUG MainWindow           - Stage size: 1066.0 x 739.0
02:51:39.527 [FXGL Background Thread 1 ] DEBUG FS                   - Loaded FSServiceImpl
02:51:39.527 [FXGL Background Thread 1 ] DEBUG Engine               - Loading FXGL system data
02:51:39.531 [FXGL Background Thread 1 ] DEBUG FSServiceImpl        - Reading from: G:\Desk\Projects\FXGLPlatformer\system\fxgl.bundle
02:51:39.556 [FXGL Background Thread 1 ] DEBUG Engine               - Bundle FXGL: {}
02:51:39.556 [FXGL Background Thread 1 ] DEBUG Engine               - Initializing application scenes
02:51:39.598 [FXGL Background Thread 1 ] DEBUG GameWorld            - Game world initialized
02:51:39.634 [FXGL Background Thread 1 ] DEBUG PhysicsWorld         - Physics world initialized: appHeight=700, physics.ppm=50.0
02:51:39.635 [FXGL Background Thread 1 ] DEBUG GameScene            - Game scene initialized: 1050x700
02:51:39.676 [FXGL Background Thread 1 ] DEBUG AssetLoader          - Loading from file system: /assets/textures/particles/trace_horizontal.png
02:51:39.694 [FXGL Background Thread 1 ] DEBUG FXGL.DefaultMenu     - createMenuBodyMainMenu()
02:51:39.708 [FXGL Background Thread 1 ] DEBUG FXGL.DefaultMenu     - createOptionsMenu()
02:51:39.713 [FXGL Background Thread 1 ] DEBUG AssetLoader          - Loading from file system: /assets/textures/particles/smoke.png
02:51:39.767 [FXGL Background Thread 1 ] DEBUG AssetLoader          - Loading from cache: /assets/textures/particles/trace_horizontal.png@64.0x64.0
02:51:39.767 [FXGL Background Thread 1 ] DEBUG FXGL.DefaultMenu     - createMenuBodyGameMenu()
02:51:39.768 [FXGL Background Thread 1 ] DEBUG FXGL.DefaultMenu     - createOptionsMenu()
02:51:39.770 [FXGL Background Thread 1 ] DEBUG AssetLoader          - Loading from cache: /assets/textures/particles/smoke.png@128.0x128.0
02:51:39.790 [FXGL Background Thread 1 ] DEBUG Engine               - Application scenes initialized
02:51:39.793 [JavaFX Application Thread] DEBUG Engine               - Running preInit()
02:51:39.801 [JavaFX Application Thread] DEBUG Input                - Registered new binding: Right - D
02:51:39.801 [JavaFX Application Thread] DEBUG Input                - Registered new binding: Left - A
02:51:39.801 [JavaFX Application Thread] DEBUG Input                - Registered new binding: Jump - Space
02:51:39.801 [JavaFX Application Thread] DEBUG Input                - Registered new binding: Play Sound - F
02:51:39.802 [JavaFX Application Thread] DEBUG Input                - Registered new binding: Screenshot - P
02:51:39.802 [JavaFX Application Thread] DEBUG Input                - Registered new binding: System info dump - CTRL+9
02:51:39.802 [JavaFX Application Thread] DEBUG Input                - Registered new binding: Restart - CTRL+R
02:51:39.802 [JavaFX Application Thread] DEBUG Engine               - generateDefaultProfile()
02:51:39.802 [JavaFX Application Thread] DEBUG Engine               - Creating default profile
02:51:39.802 [JavaFX Application Thread] DEBUG EventBus             - Firing event: SaveEvent
02:51:39.812 [JavaFX Application Thread] INFO  Engine               - FXGL initialization took: 0.851 sec
02:51:39.812 [JavaFX Application Thread] DEBUG LoopRunner           - Starting loop
02:51:39.823 [JavaFX Application Thread] DEBUG FXGLStartupScene     - STARTUP
02:51:39.828 [JavaFX Application Thread] DEBUG Input                - Clearing active input actions
02:51:39.846 [JavaFX Application Thread] DEBUG Engine               - Removing overlay from FXGLStartupScene and adding to FXGLDefaultMenu
02:51:39.846 [JavaFX Application Thread] DEBUG MainWindow           - FXGLStartupScene -> FXGLDefaultMenu
02:51:40.738 [JavaFX Application Thread] DEBUG Menu                 - fireNewGame()
02:51:40.739 [JavaFX Application Thread] DEBUG Engine               - Starting new game
02:51:40.743 [JavaFX Application Thread] DEBUG Input                - Clearing active input actions
02:51:40.744 [FXGL Background Thread 1 ] DEBUG InitAppTask          - Clearing previous game
02:51:40.744 [FXGL Background Thread 1 ] DEBUG GameWorld            - Clearing game world
02:51:40.744 [FXGL Background Thread 1 ] DEBUG PhysicsWorld         - Clearing physics world
02:51:40.744 [FXGL Background Thread 1 ] DEBUG GameScene            - Clearing game scene
02:51:40.744 [FXGL Background Thread 1 ] DEBUG InitAppTask          - Initializing Game
02:51:40.752 [JavaFX Application Thread] DEBUG Engine               - Removing overlay from FXGLDefaultMenu and adding to LoadingScene
02:51:40.752 [JavaFX Application Thread] DEBUG MainWindow           - FXGLDefaultMenu -> LoadingScene
02:51:40.779 [FXGL Background Thread 1 ] DEBUG AssetLoader          - Loading from file system: /assets/levels/Map/unbenannt.tmx
02:51:40.799 [FXGL Background Thread 1 ] WARN  TMXLevelLoader       - TiledMap generated from 1.3.4. Supported version: 1.2.3. Some features may not be parsed fully.
02:51:40.815 [FXGL Background Thread 1 ] DEBUG TMXLevelLoader       - Parsed raw map: TiledMap(width=45, height=30, tilewidth=30, tileheight=30, orientation=orthogonal, layers=[Layer(width=45, height=30, name=Kachelebene 1, type=tilelayer, visible=false, x=0, y=0, data=[0, 0, 0, 0, 0, 0, 0, 0, 0, 0, 0, 0, 0, 0, 0, 0, 0, 0, 0, 0, 0, 0, 0, 0, 0, 0, 0, 0, 0, 0, 0, 0, 0, 0, 0, 0, 0, 0, 0, 0, 0, 0, 0, 0, 0, 0, 0, 0, 0, 0, 0, 0, 0, 0, 0, 0, 0, 0, 0, 0, 0, 0, 0, 0, 0, 0, 0, 0, 0, 0, 0, 0, 0, 0, 0, 0, 0, 0, 0, 0, 0, 0, 0, 0, 0, 0, 0, 0, 0, 0, 0, 0, 0, 0, 0, 0, 0, 0, 0, 0, 0, 0, 0, 0, 0, 0, 0, 0, 0, 0, 0, 0, 0, 0, 0, 0, 0, 0, 0, 0, 0, 0, 0, 0, 0, 0, 0, 0, 0, 0, 0, 0, 0, 0, 0, 0, 0, 0, 0, 0, 0, 0, 0, 0, 0, 0, 0, 0, 0, 0, 0, 0, 0, 0, 0, 0, 0, 0, 0, 0, 0, 0, 0, 0, 0, 0, 0, 0, 0, 0, 0, 0, 0, 0, 0, 0, 0, 0, 0, 0, 0, 0, 0, 0, 0, 0, 0, 0, 0, 0, 0, 0, 0, 0, 0, 0, 0, 0, 0, 0, 0, 0, 0, 0, 0, 0, 0, 0, 0, 0, 0, 0, 0, 0, 0, 0, 0, 0, 0, 0, 0, 0, 0, 0, 0, 0, 0, 0, 0, 0, 0, 0, 0, 0, 0, 0, 0, 0, 0, 0, 0, 0, 0, 0, 0, 0, 0, 0, 0, 0, 0, 0, 0, 0, 0, 0, 0, 0, 0, 0, 0, 0, 0, 0, 0, 0, 0, 0, 0, 0, 0, 0, 0, 0, 0, 0, 0, 0, 0, 0, 0, 0, 0, 0, 0, 0, 0, 0, 0, 0, 0, 0, 0, 0, 0, 0, 0, 0, 0, 0, 0, 0, 0, 0, 0, 0, 0, 0, 0, 0, 0, 0, 0, 0, 0, 0, 0, 0, 0, 0, 0, 0, 0, 0, 0, 0, 0, 0, 0, 0, 0, 0, 0, 0, 0, 0, 0, 0, 0, 0, 0, 0, 0, 0, 0, 0, 0, 0, 0, 0, 0, 0, 0, 0, 0, 0, 0, 0, 0, 0, 0, 0, 0, 0, 0, 0, 0, 0, 0, 0, 0, 0, 0, 0, 0, 0, 0, 0, 0, 0, 0, 0, 0, 0, 0, 0, 0, 0, 0, 0, 0, 0, 0, 0, 0, 0, 0, 0, 0, 0, 0, 0, 0, 0, 0, 0, 0, 0, 0, 0, 0, 0, 0, 0, 0, 0, 0, 0, 0, 0, 0, 0, 0, 0, 0, 0, 0, 0, 0, 0, 0, 0, 0, 0, 0, 0, 0, 0, 0, 0, 0, 0, 0, 0, 0, 0, 0, 0, 0, 0, 0, 0, 0, 0, 0, 0, 0, 0, 0, 0, 0, 0, 0, 0, 0, 0, 0, 0, 0, 0, 0, 0, 0, 0, 0, 0, 0, 0, 0, 0, 0, 0, 0, 0, 0, 0, 0, 0, 0, 0, 0, 0, 0, 0, 0, 0, 0, 0, 0, 0, 0, 0, 0, 0, 0, 0, 0, 0, 0, 0, 0, 0, 0, 0, 0, 0, 0, 0, 0, 0, 0, 0, 0, 0, 0, 0, 0, 0, 0, 0, 0, 0, 0, 0, 0, 0, 0, 0, 0, 0, 0, 0, 0, 0, 0, 0, 0, 0, 0, 0, 0, 0, 0, 0, 0, 0, 0, 0, 0, 0, 0, 0, 0, 0, 0, 0, 0, 0, 0, 0, 0, 0, 0, 0, 0, 0, 0, 0, 0, 0, 0, 0, 0, 0, 0, 0, 0, 0, 0, 0, 0, 0, 0, 0, 0, 0, 0, 0, 0, 0, 0, 0, 0, 0, 0, 0, 0, 0, 0, 0, 0, 0, 0, 0, 0, 0, 0, 0, 0, 0, 0, 0, 0, 0, 0, 0, 0, 0, 0, 0, 0, 0, 0, 0, 0, 0, 0, 0, 0, 0, 0, 0, 0, 0, 0, 0, 0, 0, 0, 0, 0, 0, 0, 0, 0, 0, 0, 0, 0, 0, 0, 0, 0, 0, 0, 0, 0, 0, 0, 0, 0, 0, 0, 0, 0, 0, 0, 0, 0, 0, 0, 0, 0, 0, 0, 0, 0, 0, 0, 0, 0, 0, 0, 0, 0, 0, 0, 0, 0, 0, 0, 0, 0, 0, 0, 0, 0, 0, 0, 0, 0, 0, 0, 0, 0, 0, 0, 0, 0, 0, 0, 0, 0, 0, 0, 0, 0, 0, 0, 0, 0, 0, 0, 0, 0, 0, 0, 0, 0, 0, 0, 0, 0, 0, 0, 0, 0, 0, 0, 0, 0, 0, 0, 0, 0, 0, 0, 0, 0, 0, 0, 0, 0, 0, 0, 0, 0, 0, 0, 0, 0, 0, 0, 0, 0, 0, 0, 0, 0, 0, 0, 0, 0, 0, 0, 0, 0, 0, 0, 0, 0, 0, 0, 0, 0, 0, 0, 0, 0, 0, 0, 0, 0, 0, 0, 0, 0, 0, 0, 0, 0, 0, 0, 0, 0, 0, 0, 0, 0, 0, 0, 0, 0, 0, 0, 0, 0, 0, 0, 0, 0, 0, 0, 0, 0, 0, 0, 0, 0, 0, 0, 0, 0, 0, 0, 0, 0, 0, 0, 0, 0, 0, 0, 0, 0, 0, 0, 0, 0, 0, 0, 0, 0, 0, 0, 0, 0, 0, 0, 0, 0, 0, 0, 0, 0, 0, 0, 0, 0, 0, 0, 0, 0, 0, 0, 0, 0, 0, 0, 0, 0, 0, 0, 0, 0, 0, 0, 0, 0, 0, 0, 0, 0, 0, 0, 0, 0, 0, 0, 0, 0, 0, 0, 0, 0, 0, 0, 0, 0, 0, 0, 0, 0, 0, 0, 0, 0, 0, 0, 0, 0, 0, 0, 0, 0, 0, 0, 0, 0, 0, 0, 0, 0, 0, 0, 0, 0, 0, 0, 0, 0, 0, 0, 0, 0, 0, 0, 0, 0, 0, 0, 0, 0, 0, 0, 0, 0, 0, 0, 0, 0, 0, 0, 0, 0, 0, 0, 0, 0, 0, 0, 0, 0, 0, 0, 0, 0, 0, 0, 0, 0, 0, 0, 0, 0, 0, 0, 0, 0, 0, 0, 0, 0, 0, 0, 0, 0, 0, 0, 0, 0, 0, 0, 0, 0, 0, 0, 0, 0, 0, 0, 0, 0, 0, 0, 0, 0, 0, 0, 0, 0, 0, 0, 0, 0, 0, 0, 0, 0, 0, 0, 0, 0, 0, 0, 0, 0, 0, 0, 0, 0, 0, 0, 0, 0, 0, 0, 0, 0, 0, 0, 0, 0, 0, 0, 0, 0, 0, 0, 0, 0, 0, 0, 0, 0, 0, 0, 0, 0, 0, 0, 0, 0, 0, 0, 0, 0, 0, 0, 0, 0, 0, 0, 0, 0, 0, 0, 0, 0, 0, 0, 0, 0, 0, 0, 0, 0, 0, 0, 0, 0, 0, 0, 0, 0, 0, 0, 0, 0, 0, 0, 0, 0, 0, 0, 0, 0, 0, 0, 0, 0, 0, 0, 0, 0, 0, 0, 0, 0, 0, 0, 0, 0, 0, 0, 0, 0, 0, 0, 0, 0, 0, 0, 0, 0, 0, 0, 0, 0, 0, 0, 0, 0, 0, 0, 0, 0, 0, 0, 0, 0, 0, 0, 0, 0, 0, 0, 0, 0, 0, 0, 0, 0, 0, 0, 0, 0, 0, 0, 0, 0, 0, 0, 0, 0, 0, 0, 0, 0, 0, 0, 0, 0, 0, 0, 0, 0, 0, 0, 0, 0, 0, 0, 0, 0, 0, 0, 0, 0, 0, 0, 0, 0, 0, 0, 0, 0, 0, 0, 0, 0, 0, 0, 0, 0, 0, 0, 0, 0, 0, 0, 0, 0, 0, 0, 0, 0, 0, 0, 0, 0, 0, 0, 0, 0, 0, 0, 0, 0, 0, 0, 0, 0, 0, 0, 0, 0, 0, 0, 0, 0, 0, 0, 0, 0, 0, 0, 0, 0, 0, 0, 0, 0, 0, 0, 0, 0, 0, 0, 0, 0, 0, 0, 0, 0, 0, 0, 0, 0, 0, 0, 0, 0, 0, 0, 0, 0, 0, 0, 0, 0, 0, 0, 0, 0, 0, 0, 0, 0, 0, 0, 0, 0, 0, 0, 0, 0, 0, 0, 0, 0, 0, 0, 0, 0, 0, 0, 0, 0, 0, 0, 0, 0, 0, 0, 0, 0, 0, 0, 0], objects=[], opacity=0.0, draworder=), Layer(width=0, height=0, name=, type=objectgroup, visible=false, x=0, y=0, data=[], objects=[com.almasb.fxgl.entity.level.tiled.TiledObject@2b49b051, com.almasb.fxgl.entity.level.tiled.TiledObject@58dbfda9, com.almasb.fxgl.entity.level.tiled.TiledObject@7b839762, com.almasb.fxgl.entity.level.tiled.TiledObject@4d2eda3c, com.almasb.fxgl.entity.level.tiled.TiledObject@2b0320f0, com.almasb.fxgl.entity.level.tiled.TiledObject@2cb2b68c, com.almasb.fxgl.entity.level.tiled.TiledObject@4bed0cff, com.almasb.fxgl.entity.level.tiled.TiledObject@7029c084, com.almasb.fxgl.entity.level.tiled.TiledObject@429f6ad1, com.almasb.fxgl.entity.level.tiled.TiledObject@7b20a2d8, com.almasb.fxgl.entity.level.tiled.TiledObject@5889d3b7, com.almasb.fxgl.entity.level.tiled.TiledObject@669a15c2, com.almasb.fxgl.entity.level.tiled.TiledObject@5f6a3222, com.almasb.fxgl.entity.level.tiled.TiledObject@21226d75, com.almasb.fxgl.entity.level.tiled.TiledObject@3720168d, com.almasb.fxgl.entity.level.tiled.TiledObject@1a221ae, com.almasb.fxgl.entity.level.tiled.TiledObject@f57e89a, com.almasb.fxgl.entity.level.tiled.TiledObject@3d2c75c0, com.almasb.fxgl.entity.level.tiled.TiledObject@a8f8896, com.almasb.fxgl.entity.level.tiled.TiledObject@1ab06738, com.almasb.fxgl.entity.level.tiled.TiledObject@2a934fcc, com.almasb.fxgl.entity.level.tiled.TiledObject@74cfbd2b, com.almasb.fxgl.entity.level.tiled.TiledObject@2f2501c, com.almasb.fxgl.entity.level.tiled.TiledObject@1be27edd, com.almasb.fxgl.entity.level.tiled.TiledObject@2bbfaf42, com.almasb.fxgl.entity.level.tiled.TiledObject@221069fb, com.almasb.fxgl.entity.level.tiled.TiledObject@32f2bf15, com.almasb.fxgl.entity.level.tiled.TiledObject@3a6e3b00, com.almasb.fxgl.entity.level.tiled.TiledObject@6c7d56b0, com.almasb.fxgl.entity.level.tiled.TiledObject@4d03b575], opacity=0.0, draworder=)], tilesets=[], backgroundcolor=, renderorder=right-down, nextobjectid=46, version=1, tiledversion=1.3.4, type=map, infinite=false, properties={}, propertytypes={})
02:51:40.815 [FXGL Background Thread 1 ] DEBUG TMXLevelLoader       - Creating tile layer entities
02:51:40.816 [FXGL Background Thread 1 ] DEBUG TilesetLoader        - Loading view for layer Kachelebene 1
02:51:40.818 [FXGL Background Thread 1 ] DEBUG TilesetLoader        - Created buffer with size 1350.0x900.0
02:51:40.818 [FXGL Background Thread 1 ] DEBUG TMXLevelLoader       - Creating object layer entities
02:51:40.844 [FXGL Background Thread 1 ] DEBUG GameWorld            - Clearing removable entities
02:51:40.844 [FXGL Background Thread 1 ] DEBUG GameWorld            - Setting level: com.almasb.fxgl.entity.level.Level@8522a2d
02:51:40.868 [FXGL Background Thread 1 ] DEBUG InitAppTask          - Initializing Physics
02:51:40.868 [FXGL Background Thread 1 ] DEBUG InitAppTask          - Initializing UI
02:51:40.870 [FXGL Background Thread 1 ] DEBUG InitAppTask          - Initialization Complete
02:51:40.870 [FXGL Background Thread 1 ] INFO  InitAppTask          - Game initialization took: 0.127 sec
02:51:40.875 [JavaFX Application Thread] DEBUG Input                - Clearing active input actions
02:51:40.887 [JavaFX Application Thread] DEBUG Engine               - Removing overlay from LoadingScene and adding to GameScene
02:51:40.887 [JavaFX Application Thread] DEBUG MainWindow           - LoadingScene -> GameScene
02:51:43.324 [JavaFX Application Thread] DEBUG AssetLoader          - Loading from file system: /assets/sounds/smw_coin.wav
02:51:43.835 [JavaFX Application Thread] DEBUG AssetLoader          - Loading from cache: /assets/sounds/smw_coin.wav
02:51:43.980 [JavaFX Application Thread] DEBUG AssetLoader          - Loading from cache: /assets/sounds/smw_coin.wav
02:51:44.443 [JavaFX Application Thread] DEBUG AssetLoader          - Loading from cache: /assets/sounds/smw_coin.wav
02:51:45.227 [JavaFX Application Thread] DEBUG AssetLoader          - Loading from cache: /assets/sounds/smw_coin.wav
02:51:47.259 [JavaFX Application Thread] DEBUG AssetLoader          - Loading from cache: /assets/sounds/smw_coin.wav
02:51:47.387 [JavaFX Application Thread] DEBUG AssetLoader          - Loading from cache: /assets/sounds/smw_coin.wav
02:51:47.659 [JavaFX Application Thread] DEBUG AssetLoader          - Loading from cache: /assets/sounds/smw_coin.wav
02:51:48.603 [JavaFX Application Thread] DEBUG AssetLoader          - Loading from cache: /assets/sounds/smw_coin.wav
02:51:50.107 [JavaFX Application Thread] DEBUG AssetLoader          - Loading from cache: /assets/sounds/smw_coin.wav
02:51:51.899 [JavaFX Application Thread] DEBUG AssetLoader          - Loading from cache: /assets/sounds/smw_coin.wav
02:51:52.507 [JavaFX Application Thread] DEBUG AssetLoader          - Loading from cache: /assets/sounds/smw_coin.wav
02:51:52.955 [JavaFX Application Thread] DEBUG AssetLoader          - Loading from cache: /assets/sounds/smw_coin.wav
02:51:53.131 [JavaFX Application Thread] DEBUG AssetLoader          - Loading from cache: /assets/sounds/smw_coin.wav
02:51:53.579 [JavaFX Application Thread] DEBUG AssetLoader          - Loading from cache: /assets/sounds/smw_coin.wav
02:51:54.027 [JavaFX Application Thread] DEBUG AssetLoader          - Loading from cache: /assets/sounds/smw_coin.wav
02:51:54.603 [JavaFX Application Thread] DEBUG AssetLoader          - Loading from cache: /assets/sounds/smw_coin.wav
02:51:55.131 [JavaFX Application Thread] DEBUG AssetLoader          - Loading from cache: /assets/sounds/smw_coin.wav
02:51:55.675 [JavaFX Application Thread] DEBUG AssetLoader          - Loading from cache: /assets/sounds/smw_coin.wav
02:51:57.707 [JavaFX Application Thread] DEBUG AssetLoader          - Loading from cache: /assets/sounds/smw_coin.wav
02:51:57.709 [JavaFX Application Thread] DEBUG MainWindow           - Push state: DialogSubState
02:51:57.709 [JavaFX Application Thread] DEBUG Input                - Clearing active input actions
02:51:57.711 [JavaFX Application Thread] DEBUG Engine               - Removing overlay from GameScene and adding to DialogSubState
02:51:57.711 [JavaFX Application Thread] DEBUG MainWindow           - GameScene -> DialogSubState
02:51:58.841 [JavaFX Application Thread] DEBUG MainWindow           - Pop state: DialogSubState
02:51:58.841 [JavaFX Application Thread] DEBUG Input                - Clearing active input actions
02:51:58.842 [JavaFX Application Thread] DEBUG Engine               - Removing overlay from DialogSubState and adding to GameScene
02:51:58.842 [JavaFX Application Thread] DEBUG MainWindow           - GameScene <- DialogSubState
02:51:59.019 [JavaFX Application Thread] DEBUG AssetLoader          - Loading from file system: /assets/sounds/dmg.wav
02:52:01.197 [JavaFX Application Thread] DEBUG MainWindow           - Push state: DialogSubState
02:52:01.197 [JavaFX Application Thread] DEBUG Input                - Clearing active input actions
02:52:01.198 [JavaFX Application Thread] DEBUG Engine               - Removing overlay from GameScene and adding to DialogSubState
02:52:01.198 [JavaFX Application Thread] DEBUG MainWindow           - GameScene -> DialogSubState
02:52:01.895 [JavaFX Application Thread] DEBUG MainWindow           - Pop state: DialogSubState
02:52:01.895 [JavaFX Application Thread] DEBUG Input                - Clearing active input actions
02:52:01.896 [JavaFX Application Thread] DEBUG Engine               - Removing overlay from DialogSubState and adding to GameScene
02:52:01.896 [JavaFX Application Thread] DEBUG MainWindow           - GameScene <- DialogSubState
02:52:01.913 [JavaFX Application Thread] DEBUG MainWindow           - Push state: DialogSubState
02:52:01.913 [JavaFX Application Thread] DEBUG Input                - Clearing active input actions
02:52:01.914 [JavaFX Application Thread] DEBUG Engine               - Removing overlay from GameScene and adding to DialogSubState
02:52:01.914 [JavaFX Application Thread] DEBUG MainWindow           - GameScene -> DialogSubState
02:52:01.914 [JavaFX Application Thread] DEBUG GameWorld            - Clearing game world
02:52:01.916 [JavaFX Application Thread] DEBUG AssetLoader          - Loading from file system: /assets/levels/Map/unbenannt.tmx
02:52:01.917 [JavaFX Application Thread] WARN  TMXLevelLoader       - TiledMap generated from 1.3.4. Supported version: 1.2.3. Some features may not be parsed fully.
02:52:01.922 [JavaFX Application Thread] DEBUG TMXLevelLoader       - Parsed raw map: TiledMap(width=45, height=30, tilewidth=30, tileheight=30, orientation=orthogonal, layers=[Layer(width=45, height=30, name=Kachelebene 1, type=tilelayer, visible=false, x=0, y=0, data=[0, 0, 0, 0, 0, 0, 0, 0, 0, 0, 0, 0, 0, 0, 0, 0, 0, 0, 0, 0, 0, 0, 0, 0, 0, 0, 0, 0, 0, 0, 0, 0, 0, 0, 0, 0, 0, 0, 0, 0, 0, 0, 0, 0, 0, 0, 0, 0, 0, 0, 0, 0, 0, 0, 0, 0, 0, 0, 0, 0, 0, 0, 0, 0, 0, 0, 0, 0, 0, 0, 0, 0, 0, 0, 0, 0, 0, 0, 0, 0, 0, 0, 0, 0, 0, 0, 0, 0, 0, 0, 0, 0, 0, 0, 0, 0, 0, 0, 0, 0, 0, 0, 0, 0, 0, 0, 0, 0, 0, 0, 0, 0, 0, 0, 0, 0, 0, 0, 0, 0, 0, 0, 0, 0, 0, 0, 0, 0, 0, 0, 0, 0, 0, 0, 0, 0, 0, 0, 0, 0, 0, 0, 0, 0, 0, 0, 0, 0, 0, 0, 0, 0, 0, 0, 0, 0, 0, 0, 0, 0, 0, 0, 0, 0, 0, 0, 0, 0, 0, 0, 0, 0, 0, 0, 0, 0, 0, 0, 0, 0, 0, 0, 0, 0, 0, 0, 0, 0, 0, 0, 0, 0, 0, 0, 0, 0, 0, 0, 0, 0, 0, 0, 0, 0, 0, 0, 0, 0, 0, 0, 0, 0, 0, 0, 0, 0, 0, 0, 0, 0, 0, 0, 0, 0, 0, 0, 0, 0, 0, 0, 0, 0, 0, 0, 0, 0, 0, 0, 0, 0, 0, 0, 0, 0, 0, 0, 0, 0, 0, 0, 0, 0, 0, 0, 0, 0, 0, 0, 0, 0, 0, 0, 0, 0, 0, 0, 0, 0, 0, 0, 0, 0, 0, 0, 0, 0, 0, 0, 0, 0, 0, 0, 0, 0, 0, 0, 0, 0, 0, 0, 0, 0, 0, 0, 0, 0, 0, 0, 0, 0, 0, 0, 0, 0, 0, 0, 0, 0, 0, 0, 0, 0, 0, 0, 0, 0, 0, 0, 0, 0, 0, 0, 0, 0, 0, 0, 0, 0, 0, 0, 0, 0, 0, 0, 0, 0, 0, 0, 0, 0, 0, 0, 0, 0, 0, 0, 0, 0, 0, 0, 0, 0, 0, 0, 0, 0, 0, 0, 0, 0, 0, 0, 0, 0, 0, 0, 0, 0, 0, 0, 0, 0, 0, 0, 0, 0, 0, 0, 0, 0, 0, 0, 0, 0, 0, 0, 0, 0, 0, 0, 0, 0, 0, 0, 0, 0, 0, 0, 0, 0, 0, 0, 0, 0, 0, 0, 0, 0, 0, 0, 0, 0, 0, 0, 0, 0, 0, 0, 0, 0, 0, 0, 0, 0, 0, 0, 0, 0, 0, 0, 0, 0, 0, 0, 0, 0, 0, 0, 0, 0, 0, 0, 0, 0, 0, 0, 0, 0, 0, 0, 0, 0, 0, 0, 0, 0, 0, 0, 0, 0, 0, 0, 0, 0, 0, 0, 0, 0, 0, 0, 0, 0, 0, 0, 0, 0, 0, 0, 0, 0, 0, 0, 0, 0, 0, 0, 0, 0, 0, 0, 0, 0, 0, 0, 0, 0, 0, 0, 0, 0, 0, 0, 0, 0, 0, 0, 0, 0, 0, 0, 0, 0, 0, 0, 0, 0, 0, 0, 0, 0, 0, 0, 0, 0, 0, 0, 0, 0, 0, 0, 0, 0, 0, 0, 0, 0, 0, 0, 0, 0, 0, 0, 0, 0, 0, 0, 0, 0, 0, 0, 0, 0, 0, 0, 0, 0, 0, 0, 0, 0, 0, 0, 0, 0, 0, 0, 0, 0, 0, 0, 0, 0, 0, 0, 0, 0, 0, 0, 0, 0, 0, 0, 0, 0, 0, 0, 0, 0, 0, 0, 0, 0, 0, 0, 0, 0, 0, 0, 0, 0, 0, 0, 0, 0, 0, 0, 0, 0, 0, 0, 0, 0, 0, 0, 0, 0, 0, 0, 0, 0, 0, 0, 0, 0, 0, 0, 0, 0, 0, 0, 0, 0, 0, 0, 0, 0, 0, 0, 0, 0, 0, 0, 0, 0, 0, 0, 0, 0, 0, 0, 0, 0, 0, 0, 0, 0, 0, 0, 0, 0, 0, 0, 0, 0, 0, 0, 0, 0, 0, 0, 0, 0, 0, 0, 0, 0, 0, 0, 0, 0, 0, 0, 0, 0, 0, 0, 0, 0, 0, 0, 0, 0, 0, 0, 0, 0, 0, 0, 0, 0, 0, 0, 0, 0, 0, 0, 0, 0, 0, 0, 0, 0, 0, 0, 0, 0, 0, 0, 0, 0, 0, 0, 0, 0, 0, 0, 0, 0, 0, 0, 0, 0, 0, 0, 0, 0, 0, 0, 0, 0, 0, 0, 0, 0, 0, 0, 0, 0, 0, 0, 0, 0, 0, 0, 0, 0, 0, 0, 0, 0, 0, 0, 0, 0, 0, 0, 0, 0, 0, 0, 0, 0, 0, 0, 0, 0, 0, 0, 0, 0, 0, 0, 0, 0, 0, 0, 0, 0, 0, 0, 0, 0, 0, 0, 0, 0, 0, 0, 0, 0, 0, 0, 0, 0, 0, 0, 0, 0, 0, 0, 0, 0, 0, 0, 0, 0, 0, 0, 0, 0, 0, 0, 0, 0, 0, 0, 0, 0, 0, 0, 0, 0, 0, 0, 0, 0, 0, 0, 0, 0, 0, 0, 0, 0, 0, 0, 0, 0, 0, 0, 0, 0, 0, 0, 0, 0, 0, 0, 0, 0, 0, 0, 0, 0, 0, 0, 0, 0, 0, 0, 0, 0, 0, 0, 0, 0, 0, 0, 0, 0, 0, 0, 0, 0, 0, 0, 0, 0, 0, 0, 0, 0, 0, 0, 0, 0, 0, 0, 0, 0, 0, 0, 0, 0, 0, 0, 0, 0, 0, 0, 0, 0, 0, 0, 0, 0, 0, 0, 0, 0, 0, 0, 0, 0, 0, 0, 0, 0, 0, 0, 0, 0, 0, 0, 0, 0, 0, 0, 0, 0, 0, 0, 0, 0, 0, 0, 0, 0, 0, 0, 0, 0, 0, 0, 0, 0, 0, 0, 0, 0, 0, 0, 0, 0, 0, 0, 0, 0, 0, 0, 0, 0, 0, 0, 0, 0, 0, 0, 0, 0, 0, 0, 0, 0, 0, 0, 0, 0, 0, 0, 0, 0, 0, 0, 0, 0, 0, 0, 0, 0, 0, 0, 0, 0, 0, 0, 0, 0, 0, 0, 0, 0, 0, 0, 0, 0, 0, 0, 0, 0, 0, 0, 0, 0, 0, 0, 0, 0, 0, 0, 0, 0, 0, 0, 0, 0, 0, 0, 0, 0, 0, 0, 0, 0, 0, 0, 0, 0, 0, 0, 0, 0, 0, 0, 0, 0, 0, 0, 0, 0, 0, 0, 0, 0, 0, 0, 0, 0, 0, 0, 0, 0, 0, 0, 0, 0, 0, 0, 0, 0, 0, 0, 0, 0, 0, 0, 0, 0, 0, 0, 0, 0, 0, 0, 0, 0, 0, 0, 0, 0, 0, 0, 0, 0, 0, 0, 0, 0, 0, 0, 0, 0, 0, 0, 0, 0, 0, 0, 0, 0, 0, 0, 0, 0, 0, 0, 0, 0, 0, 0, 0, 0, 0, 0, 0, 0, 0, 0, 0, 0, 0, 0, 0, 0, 0, 0, 0, 0, 0, 0, 0, 0, 0, 0, 0, 0, 0, 0, 0, 0, 0, 0, 0, 0, 0, 0, 0, 0, 0, 0, 0, 0, 0, 0, 0, 0, 0, 0, 0, 0, 0, 0, 0, 0, 0, 0, 0, 0, 0, 0, 0, 0, 0, 0, 0, 0, 0, 0, 0, 0, 0, 0, 0, 0, 0, 0, 0, 0, 0, 0, 0, 0, 0, 0, 0, 0, 0, 0, 0, 0, 0, 0, 0, 0, 0, 0, 0, 0, 0, 0, 0, 0, 0, 0, 0, 0, 0, 0, 0, 0, 0, 0, 0, 0, 0, 0, 0, 0, 0, 0, 0, 0, 0, 0, 0, 0, 0, 0, 0, 0, 0, 0, 0, 0, 0, 0, 0, 0, 0, 0, 0, 0, 0, 0, 0, 0, 0, 0, 0, 0, 0, 0, 0, 0, 0, 0, 0, 0, 0, 0, 0, 0, 0, 0, 0, 0, 0, 0, 0, 0, 0, 0, 0, 0, 0, 0, 0, 0, 0, 0, 0, 0, 0, 0, 0, 0, 0, 0, 0, 0, 0, 0, 0, 0, 0, 0, 0, 0, 0, 0, 0, 0, 0, 0, 0, 0, 0, 0, 0, 0, 0, 0, 0, 0, 0, 0, 0, 0, 0, 0], objects=[], opacity=0.0, draworder=), Layer(width=0, height=0, name=, type=objectgroup, visible=false, x=0, y=0, data=[], objects=[com.almasb.fxgl.entity.level.tiled.TiledObject@1fdaa62b, com.almasb.fxgl.entity.level.tiled.TiledObject@14472c81, com.almasb.fxgl.entity.level.tiled.TiledObject@6b479166, com.almasb.fxgl.entity.level.tiled.TiledObject@5d1b5cd, com.almasb.fxgl.entity.level.tiled.TiledObject@4ff0b0a2, com.almasb.fxgl.entity.level.tiled.TiledObject@627ebef9, com.almasb.fxgl.entity.level.tiled.TiledObject@3565cf71, com.almasb.fxgl.entity.level.tiled.TiledObject@3d126bcd, com.almasb.fxgl.entity.level.tiled.TiledObject@77adb96d, com.almasb.fxgl.entity.level.tiled.TiledObject@60335817, com.almasb.fxgl.entity.level.tiled.TiledObject@7b361d27, com.almasb.fxgl.entity.level.tiled.TiledObject@55d44d8f, com.almasb.fxgl.entity.level.tiled.TiledObject@4f28f089, com.almasb.fxgl.entity.level.tiled.TiledObject@35a1fa9b, com.almasb.fxgl.entity.level.tiled.TiledObject@7e35162d, com.almasb.fxgl.entity.level.tiled.TiledObject@97a8451, com.almasb.fxgl.entity.level.tiled.TiledObject@15e914f, com.almasb.fxgl.entity.level.tiled.TiledObject@3b91d6dd, com.almasb.fxgl.entity.level.tiled.TiledObject@6d432bfc, com.almasb.fxgl.entity.level.tiled.TiledObject@30c67209, com.almasb.fxgl.entity.level.tiled.TiledObject@456759b7, com.almasb.fxgl.entity.level.tiled.TiledObject@70f558f8, com.almasb.fxgl.entity.level.tiled.TiledObject@49d81d1, com.almasb.fxgl.entity.level.tiled.TiledObject@748ed71, com.almasb.fxgl.entity.level.tiled.TiledObject@781db6ce, com.almasb.fxgl.entity.level.tiled.TiledObject@22f513ad, com.almasb.fxgl.entity.level.tiled.TiledObject@4a8e9d2b, com.almasb.fxgl.entity.level.tiled.TiledObject@a6dd26e, com.almasb.fxgl.entity.level.tiled.TiledObject@1f53ae2b, com.almasb.fxgl.entity.level.tiled.TiledObject@1531be17], opacity=0.0, draworder=)], tilesets=[], backgroundcolor=, renderorder=right-down, nextobjectid=46, version=1, tiledversion=1.3.4, type=map, infinite=false, properties={}, propertytypes={})
02:52:01.922 [JavaFX Application Thread] DEBUG TMXLevelLoader       - Creating tile layer entities
02:52:01.922 [JavaFX Application Thread] DEBUG TilesetLoader        - Loading view for layer Kachelebene 1
02:52:01.924 [JavaFX Application Thread] DEBUG TilesetLoader        - Created buffer with size 1350.0x900.0
02:52:01.924 [JavaFX Application Thread] DEBUG TMXLevelLoader       - Creating object layer entities
02:52:01.932 [JavaFX Application Thread] DEBUG GameWorld            - Clearing removable entities
02:52:01.932 [JavaFX Application Thread] DEBUG GameWorld            - Setting level: com.almasb.fxgl.entity.level.Level@1ce5276a
02:52:03.587 [JavaFX Application Thread] DEBUG MainWindow           - Pop state: DialogSubState
02:52:03.587 [JavaFX Application Thread] DEBUG Input                - Clearing active input actions
02:52:03.588 [JavaFX Application Thread] DEBUG Engine               - Removing overlay from DialogSubState and adding to GameScene
02:52:03.588 [JavaFX Application Thread] DEBUG MainWindow           - GameScene <- DialogSubState
02:52:05.425 [JavaFX Application Thread] DEBUG Engine               - Exiting FXGL
02:52:05.426 [JavaFX Application Thread] DEBUG Engine               - Shutting down background threads
02:52:05.426 [JavaFX Application Thread] DEBUG Engine               - Saving FXGL system data
02:52:05.428 [JavaFX Application Thread] DEBUG FSServiceImpl        - Writing to: G:\Desk\Projects\FXGLPlatformer\system\fxgl.bundle
02:52:05.429 [JavaFX Application Thread] DEBUG Engine               - Closing logger and exiting JavaFX
