17:02:16.858 [main                     ] DEBUG GameApplication      - Logger initialized
17:02:16.878 [main                     ] DEBUG GameApplication      - Logging settings
Title: JumpToBeat-Demo
Version: 0.1
Width: 600
Height: 600
Fullscreen: false
Intro: false
Menus: false
Profiling: false
Single step:false
App Mode: DEVELOPER
Menu Key: ESCAPE
Stage Style: DECORATED
Scene Factory: class com.almasb.fxgl.app.SceneFactory
Dialog Factory: class com.almasb.fxgl.ui.FXGLDialogFactory
UI Factory: class com.almasb.fxgl.ui.FXGLUIFactory

17:02:17.500 [JavaFX Application Thread] DEBUG Engine               - Initializing FXGL
17:02:17.501 [JavaFX Application Thread] INFO  Engine               - FXGL-11.7 (05.01.2020 09.37) on WINDOWS (J:11.0.5 FX:12.0.1)
17:02:17.501 [JavaFX Application Thread] INFO  Engine               - Source code and latest versions at: https://github.com/AlmasB/FXGL
17:02:17.501 [JavaFX Application Thread] INFO  Engine               -              Join the FXGL chat at: https://gitter.im/AlmasB/FXGL
17:02:17.502 [JavaFX Application Thread] DEBUG Engine               - Initializing environment variables
17:02:17.504 [JavaFX Application Thread] DEBUG Engine               - Logging environment variables
17:02:17.504 [JavaFX Application Thread] DEBUG Engine               - achievements: []
17:02:17.504 [JavaFX Application Thread] DEBUG Engine               - sceneStack: com.almasb.fxgl.app.Engine@24c49532
17:02:17.504 [JavaFX Application Thread] DEBUG Engine               - language: ObjectProperty [value: ENGLISH]
17:02:17.505 [JavaFX Application Thread] DEBUG Engine               - isCloseConfirmation: false
17:02:17.505 [JavaFX Application Thread] DEBUG Engine               - isProfilingEnabled: false
17:02:17.505 [JavaFX Application Thread] DEBUG Engine               - soundNotification: core/notification.wav
17:02:17.505 [JavaFX Application Thread] DEBUG Engine               - devShowBBoxProperty: BooleanProperty [value: false]
17:02:17.506 [JavaFX Application Thread] DEBUG Engine               - pixelsPerMeter: 50.0
17:02:17.507 [JavaFX Application Thread] DEBUG Engine               - overlayRoot: Group@4cdddef
17:02:17.507 [JavaFX Application Thread] DEBUG Engine               - appIcon: fxgl_icon.png
17:02:17.507 [JavaFX Application Thread] DEBUG Engine               - soundMenuBack: menu/back.wav
17:02:17.507 [JavaFX Application Thread] DEBUG Engine               - isFullScreenAllowed: false
17:02:17.507 [JavaFX Application Thread] DEBUG Engine               - isIntroEnabled: false
17:02:17.507 [JavaFX Application Thread] DEBUG Engine               - eventBus: com.almasb.fxgl.event.EventBus@78956f46
17:02:17.508 [JavaFX Application Thread] DEBUG Engine               - fontMono: lucida_console.ttf
17:02:17.508 [JavaFX Application Thread] DEBUG Engine               - soundMenuSelect: menu/select.wav
17:02:17.508 [JavaFX Application Thread] DEBUG Engine               - isWindows: true
17:02:17.508 [JavaFX Application Thread] DEBUG Engine               - isMobile: false
17:02:17.508 [JavaFX Application Thread] DEBUG Engine               - height: 600
17:02:17.508 [JavaFX Application Thread] DEBUG Engine               - isExperimentalNative: false
17:02:17.508 [JavaFX Application Thread] DEBUG Engine               - isSingleStep: false
17:02:17.508 [JavaFX Application Thread] DEBUG Engine               - cSSList: [fxgl_dark.css]
17:02:17.508 [JavaFX Application Thread] DEBUG Engine               - fontGame: Abel-Regular.ttf
17:02:17.508 [JavaFX Application Thread] DEBUG Engine               - menuKey: ESCAPE
17:02:17.509 [JavaFX Application Thread] DEBUG Engine               - devShowPositionProperty: BooleanProperty [value: false]
17:02:17.509 [JavaFX Application Thread] DEBUG Engine               - versionCheckDays: 7
17:02:17.509 [JavaFX Application Thread] DEBUG Engine               - masterTimer: com.almasb.fxgl.time.Timer@78f80863
17:02:17.509 [JavaFX Application Thread] DEBUG Engine               - configClass: Optional.empty
17:02:17.509 [JavaFX Application Thread] DEBUG Engine               - isFullScreenFromStart: false
17:02:17.509 [JavaFX Application Thread] DEBUG Engine               - version: 0.1
17:02:17.509 [JavaFX Application Thread] DEBUG Engine               - fullScreen: BooleanProperty [value: false]
17:02:17.509 [JavaFX Application Thread] DEBUG Engine               - randomSeed: -1
17:02:17.509 [JavaFX Application Thread] DEBUG Engine               - dialogFactory: com.almasb.fxgl.ui.FXGLDialogFactory@384dd63b
17:02:17.510 [JavaFX Application Thread] DEBUG Engine               - applicationMode: DEVELOPER
17:02:17.510 [JavaFX Application Thread] DEBUG Engine               - isMac: false
17:02:17.510 [JavaFX Application Thread] DEBUG Engine               - urlGoogleForms: https://goo.gl/forms/6wrMnOBxTE1fEpOy2
17:02:17.510 [JavaFX Application Thread] DEBUG Engine               - isMenuEnabled: false
17:02:17.510 [JavaFX Application Thread] DEBUG Engine               - profileName: user.profile
17:02:17.510 [JavaFX Application Thread] DEBUG Engine               - urlPOM: https://raw.githubusercontent.com/AlmasB/FXGL/master/pom.xml
17:02:17.510 [JavaFX Application Thread] DEBUG Engine               - notificationViewClass: class com.almasb.fxgl.notification.view.XboxNotificationView
17:02:17.510 [JavaFX Application Thread] DEBUG Engine               - devSensorColorProperty: ObjectProperty [value: 0xffff00ff]
17:02:17.510 [JavaFX Application Thread] DEBUG Engine               - sceneFactory: com.almasb.fxgl.app.SceneFactory@52855678
17:02:17.511 [JavaFX Application Thread] DEBUG Engine               - dataFileExt: .dat
17:02:17.511 [JavaFX Application Thread] DEBUG Engine               - stageStyle: DECORATED
17:02:17.511 [JavaFX Application Thread] DEBUG Engine               - isManualResizeEnabled: false
17:02:17.511 [JavaFX Application Thread] DEBUG Engine               - title: JumpToBeat-Demo
17:02:17.511 [JavaFX Application Thread] DEBUG Engine               - platform: WINDOWS
17:02:17.511 [JavaFX Application Thread] DEBUG Engine               - devBBoxColorProperty: ObjectProperty [value: 0xff0000ff]
17:02:17.511 [JavaFX Application Thread] DEBUG Engine               - isDesktop: true
17:02:17.511 [JavaFX Application Thread] DEBUG Engine               - globalMusicVolumeProperty: DoubleProperty [value: 0.5]
17:02:17.511 [JavaFX Application Thread] DEBUG Engine               - credits: []
17:02:17.511 [JavaFX Application Thread] DEBUG Engine               - isPreserveResizeRatio: false
17:02:17.512 [JavaFX Application Thread] DEBUG Engine               - uIFactory: com.almasb.fxgl.ui.FXGLUIFactory@1b9fc31
17:02:17.512 [JavaFX Application Thread] DEBUG Engine               - fontText: Courier-Prime.ttf
17:02:17.512 [JavaFX Application Thread] DEBUG Engine               - isExperimentalTiledLargeMap: false
17:02:17.512 [JavaFX Application Thread] DEBUG Engine               - secondsIn24h: 60
17:02:17.512 [JavaFX Application Thread] DEBUG Engine               - runtimeInfo: RuntimeInfo(platform=WINDOWS, version=11.7, build=05.01.2020 09.37)
17:02:17.512 [JavaFX Application Thread] DEBUG Engine               - isLinux: false
17:02:17.512 [JavaFX Application Thread] DEBUG Engine               - soundMenuPress: menu/press.wav
17:02:17.512 [JavaFX Application Thread] DEBUG Engine               - urlGithub: https://github.com/AlmasB/FXGL
17:02:17.512 [JavaFX Application Thread] DEBUG Engine               - profileDir: profiles/
17:02:17.512 [JavaFX Application Thread] DEBUG Engine               - globalSoundVolumeProperty: DoubleProperty [value: 0.5]
17:02:17.513 [JavaFX Application Thread] DEBUG Engine               - isDeveloperMenuEnabled: false
17:02:17.513 [JavaFX Application Thread] DEBUG Engine               - isBrowser: false
17:02:17.513 [JavaFX Application Thread] DEBUG Engine               - globalSoundVolume: 0.5
17:02:17.513 [JavaFX Application Thread] DEBUG Engine               - urlLeaderboard: http://fxgl-top.herokuapp.com/
17:02:17.513 [JavaFX Application Thread] DEBUG Engine               - saveDir: saves/
17:02:17.513 [JavaFX Application Thread] DEBUG Engine               - engineServices: [class com.almasb.fxgl.audio.AudioPlayer, class com.almasb.fxgl.notification.impl.NotificationServiceProvider, class com.almasb.fxgl.achievement.AchievementManager, class com.almasb.fxgl.cutscene.CutsceneService, class com.almasb.fxgl.minigames.MiniGameService]
17:02:17.514 [JavaFX Application Thread] DEBUG Engine               - globalMusicVolume: 0.5
17:02:17.514 [JavaFX Application Thread] DEBUG Engine               - width: 600
17:02:17.514 [JavaFX Application Thread] DEBUG Engine               - saveFileExt: .sav
17:02:17.514 [JavaFX Application Thread] DEBUG Engine               - isAndroid: false
17:02:17.514 [JavaFX Application Thread] DEBUG Engine               - fontUI: VarelaRound-Regular.ttf
17:02:17.514 [JavaFX Application Thread] DEBUG Engine               - enabledMenuItems: []
17:02:17.514 [JavaFX Application Thread] DEBUG Engine               - isIOS: false
17:02:17.517 [JavaFX Application Thread] DEBUG Engine               - Adding new engine service: class com.almasb.fxgl.audio.AudioPlayer
17:02:17.518 [JavaFX Application Thread] DEBUG Engine               - Adding new engine service: class com.almasb.fxgl.notification.impl.NotificationServiceProvider
17:02:17.519 [JavaFX Application Thread] DEBUG Engine               - Adding new engine service: class com.almasb.fxgl.achievement.AchievementManager
17:02:17.520 [JavaFX Application Thread] DEBUG Engine               - Adding new engine service: class com.almasb.fxgl.cutscene.CutsceneService
17:02:17.520 [JavaFX Application Thread] DEBUG Engine               - Adding new engine service: class com.almasb.fxgl.minigames.MiniGameService
17:02:17.523 [JavaFX Application Thread] DEBUG Engine               - Loading localizations
17:02:17.526 [JavaFX Application Thread] DEBUG AssetLoader          - Loading from file system: /assets/properties/languages/english.properties
17:02:17.528 [JavaFX Application Thread] DEBUG AssetLoader          - Loading from file system: /assets/properties/languages/french.properties
17:02:17.529 [JavaFX Application Thread] DEBUG AssetLoader          - Loading from file system: /assets/properties/languages/german.properties
17:02:17.530 [JavaFX Application Thread] DEBUG AssetLoader          - Loading from file system: /assets/properties/languages/russian.properties
17:02:17.531 [JavaFX Application Thread] DEBUG AssetLoader          - Loading from file system: /assets/properties/languages/hungarian.properties
17:02:17.533 [JavaFX Application Thread] DEBUG Engine               - Registering font factories
17:02:17.534 [JavaFX Application Thread] DEBUG AssetLoader          - Loading from file system: /assets/ui/fonts/VarelaRound-Regular.ttf
17:02:17.688 [JavaFX Application Thread] DEBUG AssetLoader          - Loading from file system: /assets/ui/fonts/Abel-Regular.ttf
17:02:17.691 [JavaFX Application Thread] DEBUG AssetLoader          - Loading from file system: /assets/ui/fonts/lucida_console.ttf
17:02:17.697 [JavaFX Application Thread] DEBUG AssetLoader          - Loading from file system: /assets/ui/fonts/Courier-Prime.ttf
17:02:17.701 [JavaFX Application Thread] DEBUG Engine               - Setting UI factory
17:02:17.798 [JavaFX Application Thread] DEBUG AssetLoader          - Loading from file system: /assets/textures/fxgl_logo.png
17:02:17.850 [JavaFX Application Thread] DEBUG MainWindow           - Creating a JavaFX scene
17:02:17.892 [JavaFX Application Thread] DEBUG MainWindow           - Target settings size: 600.0 x 600.0
17:02:17.892 [JavaFX Application Thread] DEBUG MainWindow           - Scaled scene size:    600.0 x 600.0
17:02:17.892 [JavaFX Application Thread] DEBUG MainWindow           - Scaled ratio: (1.0, 1.0)
17:02:17.894 [JavaFX Application Thread] DEBUG MainWindow           - Set initial scene to FXGLStartupScene
17:02:17.901 [JavaFX Application Thread] DEBUG AssetLoader          - Loading from file system: /assets/textures/fxgl_icon.png
17:02:17.911 [JavaFX Application Thread] DEBUG Engine               - Applying CSS: fxgl_dark.css
17:02:17.912 [JavaFX Application Thread] DEBUG AssetLoader          - Loading from file system: /assets/ui/css/fxgl_dark.css
17:02:17.914 [JavaFX Application Thread] DEBUG AssetLoader          - Loading from file system: /assets/ui/cursors/fxgl_default.png
17:02:17.916 [JavaFX Application Thread] DEBUG MainWindow           - Opening main window
17:02:18.065 [JavaFX Application Thread] DEBUG MainWindow           - Window border size: (16.0, 39.0)
17:02:18.065 [JavaFX Application Thread] DEBUG MainWindow           - Scaled size: 600.0 x 600.0
17:02:18.065 [JavaFX Application Thread] DEBUG MainWindow           - Scaled ratio: (1.0, 1.0)
17:02:18.065 [JavaFX Application Thread] DEBUG MainWindow           - Scene size: 600.0 x 600.0
17:02:18.066 [JavaFX Application Thread] DEBUG MainWindow           - Stage size: 616.0 x 639.0
17:02:18.104 [FXGL Background Thread 1 ] DEBUG FS                   - Loaded FSServiceImpl
17:02:18.104 [FXGL Background Thread 1 ] DEBUG Engine               - Loading FXGL system data
17:02:18.108 [FXGL Background Thread 1 ] DEBUG FSServiceImpl        - Reading from: G:\Desk\Projects\FXGLPlatformer\system\fxgl.bundle
17:02:18.115 [FXGL Background Thread 1 ] DEBUG Engine               - Bundle FXGL: {}
17:02:18.116 [FXGL Background Thread 1 ] DEBUG Engine               - Initializing application scenes
17:02:18.140 [FXGL Background Thread 1 ] DEBUG GameWorld            - Game world initialized
17:02:18.180 [FXGL Background Thread 1 ] DEBUG PhysicsWorld         - Physics world initialized: appHeight=600, physics.ppm=50,0
17:02:18.182 [FXGL Background Thread 1 ] DEBUG GameScene            - Game scene initialized: 600x600
17:02:18.208 [FXGL Background Thread 1 ] DEBUG Input                - Registered new binding: Resume - Esc
17:02:18.208 [FXGL Background Thread 1 ] DEBUG AssetLoader          - Loading from file system: /assets/textures/pause_menu_bg.png
17:02:18.231 [FXGL Background Thread 1 ] DEBUG Input                - Registered new binding: Pause - Esc
17:02:18.232 [FXGL Background Thread 1 ] DEBUG Engine               - Application scenes initialized
17:02:18.235 [JavaFX Application Thread] DEBUG Engine               - Running preInit()
17:02:18.235 [JavaFX Application Thread] DEBUG Input                - Registered new binding: Move Right - D
17:02:18.235 [JavaFX Application Thread] DEBUG Input                - Registered new binding: Move Left - A
17:02:18.235 [JavaFX Application Thread] DEBUG Input                - Registered new binding: Move Down - S
17:02:18.235 [JavaFX Application Thread] DEBUG Input                - Registered new binding: Move Up - W
17:02:18.235 [JavaFX Application Thread] DEBUG Input                - Registered new binding: Play Sound - F
17:02:18.236 [JavaFX Application Thread] DEBUG Input                - Registered new binding: Screenshot - P
17:02:18.236 [JavaFX Application Thread] DEBUG Input                - Registered new binding: System info dump - CTRL+9
17:02:18.237 [JavaFX Application Thread] DEBUG Input                - Registered new binding: Restart - CTRL+R
17:02:18.237 [JavaFX Application Thread] DEBUG Engine               - generateDefaultProfile()
17:02:18.237 [JavaFX Application Thread] DEBUG Engine               - Creating default profile
17:02:18.237 [JavaFX Application Thread] DEBUG EventBus             - Firing event: SaveEvent
17:02:18.247 [JavaFX Application Thread] INFO  Engine               - FXGL initialization took: 0,725 sec
17:02:18.247 [JavaFX Application Thread] DEBUG LoopRunner           - Starting loop
17:02:18.255 [JavaFX Application Thread] DEBUG FXGLStartupScene     - STARTUP
17:02:18.256 [JavaFX Application Thread] DEBUG Engine               - Starting new game
17:02:18.261 [JavaFX Application Thread] DEBUG Input                - Clearing active input actions
17:02:18.262 [FXGL Background Thread 1 ] DEBUG InitAppTask          - Clearing previous game
17:02:18.262 [FXGL Background Thread 1 ] DEBUG GameWorld            - Clearing game world
17:02:18.262 [FXGL Background Thread 1 ] DEBUG PhysicsWorld         - Clearing physics world
17:02:18.262 [FXGL Background Thread 1 ] DEBUG GameScene            - Clearing game scene
17:02:18.262 [FXGL Background Thread 1 ] DEBUG InitAppTask          - Initializing Game
17:02:18.271 [FXGL Background Thread 1 ] DEBUG AssetLoader          - Loading from file system: /assets/textures/PlayerDemoIcon.png
17:02:18.271 [JavaFX Application Thread] DEBUG Engine               - Removing overlay from FXGLStartupScene and adding to LoadingScene
17:02:18.271 [FXGL Background Thread 1 ] WARN  AssetLoader          - Failed to load texture PlayerDemoIcon.png Error: java.lang.IllegalArgumentException: Asset "/assets/textures/PlayerDemoIcon.png" was not found!
17:02:18.272 [JavaFX Application Thread] DEBUG MainWindow           - FXGLStartupScene -> LoadingScene
17:02:18.388 [FXGL Background Thread 1 ] DEBUG InitAppTask          - Initializing Physics
17:02:18.388 [FXGL Background Thread 1 ] DEBUG InitAppTask          - Initializing UI
17:02:18.390 [FXGL Background Thread 1 ] DEBUG AssetLoader          - Loading from file system: /assets/textures/PlayerDemoIcon.png
17:02:18.390 [FXGL Background Thread 1 ] WARN  AssetLoader          - Failed to load texture PlayerDemoIcon.png Error: java.lang.IllegalArgumentException: Asset "/assets/textures/PlayerDemoIcon.png" was not found!
17:02:18.390 [FXGL Background Thread 1 ] DEBUG InitAppTask          - Initialization Complete
17:02:18.391 [FXGL Background Thread 1 ] INFO  InitAppTask          - Game initialization took: 0,129 sec
17:02:18.395 [JavaFX Application Thread] DEBUG Input                - Clearing active input actions
17:02:18.402 [JavaFX Application Thread] DEBUG Engine               - Removing overlay from LoadingScene and adding to GameScene
17:02:18.403 [JavaFX Application Thread] DEBUG MainWindow           - LoadingScene -> GameScene
17:02:21.920 [JavaFX Application Thread] DEBUG Engine               - Exiting FXGL
17:02:21.921 [JavaFX Application Thread] DEBUG Engine               - Shutting down background threads
17:02:21.921 [JavaFX Application Thread] DEBUG Engine               - Saving FXGL system data
17:02:21.924 [JavaFX Application Thread] DEBUG FSServiceImpl        - Writing to: G:\Desk\Projects\FXGLPlatformer\system\fxgl.bundle
17:02:21.925 [JavaFX Application Thread] DEBUG Engine               - Closing logger and exiting JavaFX
