23:02:41.681 [main                     ] DEBUG GameApplication      - Logger initialized
23:02:41.699 [main                     ] DEBUG GameApplication      - Logging settings
Title: JumpToBeat-Demo
Version: 0.1
Width: 1050
Height: 700
Fullscreen: false
Intro: false
Menus: false
Profiling: false
Single step:false
App Mode: DEVELOPER
Menu Key: ESCAPE
Stage Style: DECORATED
Scene Factory: class com.almasb.fxgl.app.SceneFactory
Dialog Factory: class com.almasb.fxgl.ui.FXGLDialogFactory
UI Factory: class com.almasb.fxgl.ui.FXGLUIFactory

23:02:42.201 [JavaFX Application Thread] DEBUG Engine               - Initializing FXGL
23:02:42.201 [JavaFX Application Thread] INFO  Engine               - FXGL-11.7 (05.01.2020 09.37) on WINDOWS (J:11.0.5 FX:12.0.1)
23:02:42.201 [JavaFX Application Thread] INFO  Engine               - Source code and latest versions at: https://github.com/AlmasB/FXGL
23:02:42.202 [JavaFX Application Thread] INFO  Engine               -              Join the FXGL chat at: https://gitter.im/AlmasB/FXGL
23:02:42.202 [JavaFX Application Thread] DEBUG Engine               - Initializing environment variables
23:02:42.204 [JavaFX Application Thread] DEBUG Engine               - Logging environment variables
23:02:42.204 [JavaFX Application Thread] DEBUG Engine               - achievements: []
23:02:42.204 [JavaFX Application Thread] DEBUG Engine               - sceneStack: com.almasb.fxgl.app.Engine@6492169d
23:02:42.204 [JavaFX Application Thread] DEBUG Engine               - language: ObjectProperty [value: ENGLISH]
23:02:42.205 [JavaFX Application Thread] DEBUG Engine               - isCloseConfirmation: false
23:02:42.205 [JavaFX Application Thread] DEBUG Engine               - isProfilingEnabled: false
23:02:42.205 [JavaFX Application Thread] DEBUG Engine               - soundNotification: core/notification.wav
23:02:42.205 [JavaFX Application Thread] DEBUG Engine               - devShowBBoxProperty: BooleanProperty [value: false]
23:02:42.206 [JavaFX Application Thread] DEBUG Engine               - pixelsPerMeter: 50.0
23:02:42.206 [JavaFX Application Thread] DEBUG Engine               - overlayRoot: Group@20ccc37d
23:02:42.206 [JavaFX Application Thread] DEBUG Engine               - soundMenuBack: menu/back.wav
23:02:42.206 [JavaFX Application Thread] DEBUG Engine               - appIcon: fxgl_icon.png
23:02:42.206 [JavaFX Application Thread] DEBUG Engine               - isFullScreenAllowed: false
23:02:42.206 [JavaFX Application Thread] DEBUG Engine               - isIntroEnabled: false
23:02:42.207 [JavaFX Application Thread] DEBUG Engine               - eventBus: com.almasb.fxgl.event.EventBus@5f3ed9f3
23:02:42.207 [JavaFX Application Thread] DEBUG Engine               - fontMono: lucida_console.ttf
23:02:42.207 [JavaFX Application Thread] DEBUG Engine               - soundMenuSelect: menu/select.wav
23:02:42.207 [JavaFX Application Thread] DEBUG Engine               - isWindows: true
23:02:42.207 [JavaFX Application Thread] DEBUG Engine               - isMobile: false
23:02:42.207 [JavaFX Application Thread] DEBUG Engine               - height: 700
23:02:42.207 [JavaFX Application Thread] DEBUG Engine               - isExperimentalNative: false
23:02:42.207 [JavaFX Application Thread] DEBUG Engine               - cSSList: [fxgl_dark.css]
23:02:42.207 [JavaFX Application Thread] DEBUG Engine               - isSingleStep: false
23:02:42.207 [JavaFX Application Thread] DEBUG Engine               - fontGame: Abel-Regular.ttf
23:02:42.208 [JavaFX Application Thread] DEBUG Engine               - menuKey: ESCAPE
23:02:42.208 [JavaFX Application Thread] DEBUG Engine               - devShowPositionProperty: BooleanProperty [value: false]
23:02:42.208 [JavaFX Application Thread] DEBUG Engine               - versionCheckDays: 7
23:02:42.208 [JavaFX Application Thread] DEBUG Engine               - masterTimer: com.almasb.fxgl.time.Timer@2bec1a77
23:02:42.208 [JavaFX Application Thread] DEBUG Engine               - configClass: Optional.empty
23:02:42.208 [JavaFX Application Thread] DEBUG Engine               - isFullScreenFromStart: false
23:02:42.208 [JavaFX Application Thread] DEBUG Engine               - version: 0.1
23:02:42.208 [JavaFX Application Thread] DEBUG Engine               - fullScreen: BooleanProperty [value: false]
23:02:42.208 [JavaFX Application Thread] DEBUG Engine               - randomSeed: -1
23:02:42.208 [JavaFX Application Thread] DEBUG Engine               - dialogFactory: com.almasb.fxgl.ui.FXGLDialogFactory@889b6f0
23:02:42.208 [JavaFX Application Thread] DEBUG Engine               - applicationMode: DEVELOPER
23:02:42.209 [JavaFX Application Thread] DEBUG Engine               - isMac: false
23:02:42.209 [JavaFX Application Thread] DEBUG Engine               - urlGoogleForms: https://goo.gl/forms/6wrMnOBxTE1fEpOy2
23:02:42.209 [JavaFX Application Thread] DEBUG Engine               - isMenuEnabled: false
23:02:42.209 [JavaFX Application Thread] DEBUG Engine               - urlPOM: https://raw.githubusercontent.com/AlmasB/FXGL/master/pom.xml
23:02:42.209 [JavaFX Application Thread] DEBUG Engine               - profileName: user.profile
23:02:42.209 [JavaFX Application Thread] DEBUG Engine               - notificationViewClass: class com.almasb.fxgl.notification.view.XboxNotificationView
23:02:42.209 [JavaFX Application Thread] DEBUG Engine               - devSensorColorProperty: ObjectProperty [value: 0xffff00ff]
23:02:42.209 [JavaFX Application Thread] DEBUG Engine               - sceneFactory: com.almasb.fxgl.app.SceneFactory@4e184bb7
23:02:42.209 [JavaFX Application Thread] DEBUG Engine               - dataFileExt: .dat
23:02:42.210 [JavaFX Application Thread] DEBUG Engine               - stageStyle: DECORATED
23:02:42.210 [JavaFX Application Thread] DEBUG Engine               - isManualResizeEnabled: false
23:02:42.210 [JavaFX Application Thread] DEBUG Engine               - title: JumpToBeat-Demo
23:02:42.210 [JavaFX Application Thread] DEBUG Engine               - platform: WINDOWS
23:02:42.210 [JavaFX Application Thread] DEBUG Engine               - devBBoxColorProperty: ObjectProperty [value: 0xff0000ff]
23:02:42.210 [JavaFX Application Thread] DEBUG Engine               - isDesktop: true
23:02:42.210 [JavaFX Application Thread] DEBUG Engine               - credits: []
23:02:42.210 [JavaFX Application Thread] DEBUG Engine               - globalMusicVolumeProperty: DoubleProperty [value: 0.5]
23:02:42.210 [JavaFX Application Thread] DEBUG Engine               - uIFactory: com.almasb.fxgl.ui.FXGLUIFactory@67c0f2c6
23:02:42.210 [JavaFX Application Thread] DEBUG Engine               - isPreserveResizeRatio: false
23:02:42.211 [JavaFX Application Thread] DEBUG Engine               - fontText: Courier-Prime.ttf
23:02:42.211 [JavaFX Application Thread] DEBUG Engine               - isExperimentalTiledLargeMap: false
23:02:42.211 [JavaFX Application Thread] DEBUG Engine               - secondsIn24h: 60
23:02:42.211 [JavaFX Application Thread] DEBUG Engine               - runtimeInfo: RuntimeInfo(platform=WINDOWS, version=11.7, build=05.01.2020 09.37)
23:02:42.211 [JavaFX Application Thread] DEBUG Engine               - isLinux: false
23:02:42.211 [JavaFX Application Thread] DEBUG Engine               - soundMenuPress: menu/press.wav
23:02:42.211 [JavaFX Application Thread] DEBUG Engine               - urlGithub: https://github.com/AlmasB/FXGL
23:02:42.211 [JavaFX Application Thread] DEBUG Engine               - profileDir: profiles/
23:02:42.211 [JavaFX Application Thread] DEBUG Engine               - isDeveloperMenuEnabled: false
23:02:42.211 [JavaFX Application Thread] DEBUG Engine               - globalSoundVolumeProperty: DoubleProperty [value: 0.5]
23:02:42.211 [JavaFX Application Thread] DEBUG Engine               - isBrowser: false
23:02:42.211 [JavaFX Application Thread] DEBUG Engine               - urlLeaderboard: http://fxgl-top.herokuapp.com/
23:02:42.211 [JavaFX Application Thread] DEBUG Engine               - globalSoundVolume: 0.5
23:02:42.212 [JavaFX Application Thread] DEBUG Engine               - saveDir: saves/
23:02:42.212 [JavaFX Application Thread] DEBUG Engine               - engineServices: [class com.almasb.fxgl.audio.AudioPlayer, class com.almasb.fxgl.notification.impl.NotificationServiceProvider, class com.almasb.fxgl.achievement.AchievementManager, class com.almasb.fxgl.cutscene.CutsceneService, class com.almasb.fxgl.minigames.MiniGameService]
23:02:42.212 [JavaFX Application Thread] DEBUG Engine               - globalMusicVolume: 0.5
23:02:42.212 [JavaFX Application Thread] DEBUG Engine               - width: 1050
23:02:42.212 [JavaFX Application Thread] DEBUG Engine               - saveFileExt: .sav
23:02:42.212 [JavaFX Application Thread] DEBUG Engine               - isAndroid: false
23:02:42.212 [JavaFX Application Thread] DEBUG Engine               - fontUI: VarelaRound-Regular.ttf
23:02:42.212 [JavaFX Application Thread] DEBUG Engine               - enabledMenuItems: []
23:02:42.212 [JavaFX Application Thread] DEBUG Engine               - isIOS: false
23:02:42.215 [JavaFX Application Thread] DEBUG Engine               - Adding new engine service: class com.almasb.fxgl.audio.AudioPlayer
23:02:42.216 [JavaFX Application Thread] DEBUG Engine               - Adding new engine service: class com.almasb.fxgl.notification.impl.NotificationServiceProvider
23:02:42.216 [JavaFX Application Thread] DEBUG Engine               - Adding new engine service: class com.almasb.fxgl.achievement.AchievementManager
23:02:42.217 [JavaFX Application Thread] DEBUG Engine               - Adding new engine service: class com.almasb.fxgl.cutscene.CutsceneService
23:02:42.217 [JavaFX Application Thread] DEBUG Engine               - Adding new engine service: class com.almasb.fxgl.minigames.MiniGameService
23:02:42.219 [JavaFX Application Thread] DEBUG Engine               - Loading localizations
23:02:42.222 [JavaFX Application Thread] DEBUG AssetLoader          - Loading from file system: /assets/properties/languages/english.properties
23:02:42.224 [JavaFX Application Thread] DEBUG AssetLoader          - Loading from file system: /assets/properties/languages/french.properties
23:02:42.226 [JavaFX Application Thread] DEBUG AssetLoader          - Loading from file system: /assets/properties/languages/german.properties
23:02:42.227 [JavaFX Application Thread] DEBUG AssetLoader          - Loading from file system: /assets/properties/languages/russian.properties
23:02:42.228 [JavaFX Application Thread] DEBUG AssetLoader          - Loading from file system: /assets/properties/languages/hungarian.properties
23:02:42.230 [JavaFX Application Thread] DEBUG Engine               - Registering font factories
23:02:42.230 [JavaFX Application Thread] DEBUG AssetLoader          - Loading from file system: /assets/ui/fonts/VarelaRound-Regular.ttf
23:02:42.386 [JavaFX Application Thread] DEBUG AssetLoader          - Loading from file system: /assets/ui/fonts/Abel-Regular.ttf
23:02:42.388 [JavaFX Application Thread] DEBUG AssetLoader          - Loading from file system: /assets/ui/fonts/lucida_console.ttf
23:02:42.393 [JavaFX Application Thread] DEBUG AssetLoader          - Loading from file system: /assets/ui/fonts/Courier-Prime.ttf
23:02:42.396 [JavaFX Application Thread] DEBUG Engine               - Setting UI factory
23:02:42.486 [JavaFX Application Thread] DEBUG AssetLoader          - Loading from file system: /assets/textures/fxgl_logo.png
23:02:42.539 [JavaFX Application Thread] DEBUG MainWindow           - Creating a JavaFX scene
23:02:42.586 [JavaFX Application Thread] DEBUG MainWindow           - Target settings size: 1050.0 x 700.0
23:02:42.586 [JavaFX Application Thread] DEBUG MainWindow           - Scaled scene size:    1050.0 x 700.0
23:02:42.586 [JavaFX Application Thread] DEBUG MainWindow           - Scaled ratio: (1.0, 1.0)
23:02:42.587 [JavaFX Application Thread] DEBUG MainWindow           - Set initial scene to FXGLStartupScene
23:02:42.594 [JavaFX Application Thread] DEBUG AssetLoader          - Loading from file system: /assets/textures/fxgl_icon.png
23:02:42.605 [JavaFX Application Thread] DEBUG Engine               - Applying CSS: fxgl_dark.css
23:02:42.606 [JavaFX Application Thread] DEBUG AssetLoader          - Loading from file system: /assets/ui/css/fxgl_dark.css
23:02:42.609 [JavaFX Application Thread] DEBUG AssetLoader          - Loading from file system: /assets/ui/cursors/fxgl_default.png
23:02:42.610 [JavaFX Application Thread] DEBUG MainWindow           - Opening main window
23:02:42.756 [JavaFX Application Thread] DEBUG MainWindow           - Window border size: (16.0, 39.0)
23:02:42.756 [JavaFX Application Thread] DEBUG MainWindow           - Scaled size: 1050.0 x 700.0
23:02:42.756 [JavaFX Application Thread] DEBUG MainWindow           - Scaled ratio: (1.0, 1.0)
23:02:42.756 [JavaFX Application Thread] DEBUG MainWindow           - Scene size: 1050.0 x 700.0
23:02:42.756 [JavaFX Application Thread] DEBUG MainWindow           - Stage size: 1066.0 x 739.0
23:02:42.796 [FXGL Background Thread 1 ] DEBUG FS                   - Loaded FSServiceImpl
23:02:42.796 [FXGL Background Thread 1 ] DEBUG Engine               - Loading FXGL system data
23:02:42.801 [FXGL Background Thread 1 ] DEBUG FSServiceImpl        - Reading from: G:\Desk\Projects\FXGLPlatformer\system\fxgl.bundle
23:02:42.822 [FXGL Background Thread 1 ] DEBUG Engine               - Bundle FXGL: {}
23:02:42.822 [FXGL Background Thread 1 ] DEBUG Engine               - Initializing application scenes
23:02:42.858 [FXGL Background Thread 1 ] DEBUG GameWorld            - Game world initialized
23:02:42.904 [FXGL Background Thread 1 ] DEBUG PhysicsWorld         - Physics world initialized: appHeight=700, physics.ppm=50.0
23:02:42.905 [FXGL Background Thread 1 ] DEBUG GameScene            - Game scene initialized: 1050x700
23:02:42.929 [FXGL Background Thread 1 ] DEBUG Input                - Registered new binding: Resume - Esc
23:02:42.929 [FXGL Background Thread 1 ] DEBUG AssetLoader          - Loading from file system: /assets/textures/pause_menu_bg.png
23:02:42.949 [FXGL Background Thread 1 ] DEBUG Input                - Registered new binding: Pause - Esc
23:02:42.949 [FXGL Background Thread 1 ] DEBUG Engine               - Application scenes initialized
23:02:42.951 [JavaFX Application Thread] DEBUG Engine               - Running preInit()
23:02:42.952 [JavaFX Application Thread] DEBUG Input                - Registered new binding: Right - D
23:02:42.952 [JavaFX Application Thread] DEBUG Input                - Registered new binding: Left - A
23:02:42.952 [JavaFX Application Thread] DEBUG Input                - Registered new binding: Play Sound - F
23:02:42.953 [JavaFX Application Thread] DEBUG Input                - Registered new binding: Screenshot - P
23:02:42.953 [JavaFX Application Thread] DEBUG Input                - Registered new binding: System info dump - CTRL+9
23:02:42.953 [JavaFX Application Thread] DEBUG Input                - Registered new binding: Restart - CTRL+R
23:02:42.953 [JavaFX Application Thread] DEBUG Engine               - generateDefaultProfile()
23:02:42.953 [JavaFX Application Thread] DEBUG Engine               - Creating default profile
23:02:42.953 [JavaFX Application Thread] DEBUG EventBus             - Firing event: SaveEvent
23:02:42.963 [JavaFX Application Thread] INFO  Engine               - FXGL initialization took: 0.744 sec
23:02:42.963 [JavaFX Application Thread] DEBUG LoopRunner           - Starting loop
23:02:42.983 [JavaFX Application Thread] DEBUG FXGLStartupScene     - STARTUP
23:02:42.983 [JavaFX Application Thread] DEBUG Engine               - Starting new game
23:02:42.989 [JavaFX Application Thread] DEBUG Input                - Clearing active input actions
23:02:42.990 [FXGL Background Thread 1 ] DEBUG InitAppTask          - Clearing previous game
23:02:42.990 [FXGL Background Thread 1 ] DEBUG GameWorld            - Clearing game world
23:02:42.990 [FXGL Background Thread 1 ] DEBUG PhysicsWorld         - Clearing physics world
23:02:42.990 [FXGL Background Thread 1 ] DEBUG GameScene            - Clearing game scene
23:02:42.990 [FXGL Background Thread 1 ] DEBUG InitAppTask          - Initializing Game
23:02:42.999 [JavaFX Application Thread] DEBUG Engine               - Removing overlay from FXGLStartupScene and adding to LoadingScene
23:02:43.000 [JavaFX Application Thread] DEBUG MainWindow           - FXGLStartupScene -> LoadingScene
23:02:43.003 [FXGL Background Thread 1 ] DEBUG AssetLoader          - Loading from file system: /assets/textures/Tests/PlayerDemoIcon.png
23:02:43.014 [FXGL Background Thread 1 ] DEBUG AssetLoader          - Loading from file system: /assets/levels/TestLevel.tmx
23:02:43.038 [FXGL Background Thread 1 ] WARN  TMXLevelLoader       - TiledMap generated from 1.3.4. Supported version: 1.2.3. Some features may not be parsed fully.
23:02:43.062 [FXGL Background Thread 1 ] DEBUG TMXLevelLoader       - Parsed raw map: TiledMap(width=15, height=10, tilewidth=64, tileheight=64, orientation=orthogonal, layers=[Layer(width=15, height=10, name=Kachelebene 1, type=tilelayer, visible=false, x=0, y=0, data=[4, 25, 25, 25, 25, 25, 25, 25, 25, 25, 25, 25, 25, 25, 5, 27, 0, 0, 0, 0, 0, 0, 0, 0, 0, 0, 0, 0, 0, 26, 27, 0, 0, 0, 0, 0, 0, 0, 0, 0, 0, 0, 0, 0, 26, 27, 0, 0, 0, 0, 0, 0, 0, 0, 0, 0, 0, 0, 0, 26, 27, 0, 0, 0, 0, 0, 0, 0, 0, 0, 0, 0, 0, 0, 26, 27, 0, 0, 0, 0, 0, 0, 0, 0, 0, 37, 38, 38, 39, 26, 27, 0, 0, 0, 0, 0, 0, 37, 38, 39, 0, 0, 0, 0, 26, 27, 0, 0, 37, 38, 39, 0, 0, 0, 0, 0, 0, 0, 0, 26, 27, 0, 0, 0, 0, 0, 0, 0, 0, 0, 0, 0, 0, 0, 26, 16, 1, 1, 1, 1, 1, 1, 1, 1, 1, 1, 1, 1, 1, 17], objects=[], opacity=0.0, draworder=), Layer(width=0, height=0, name=Objektebene 1, type=objectgroup, visible=false, x=0, y=0, data=[], objects=[com.almasb.fxgl.entity.level.tiled.TiledObject@7b73e457, com.almasb.fxgl.entity.level.tiled.TiledObject@2aa2a616, com.almasb.fxgl.entity.level.tiled.TiledObject@3cddfded, com.almasb.fxgl.entity.level.tiled.TiledObject@4f5709f3, com.almasb.fxgl.entity.level.tiled.TiledObject@2b621d12, com.almasb.fxgl.entity.level.tiled.TiledObject@144f8c7e, com.almasb.fxgl.entity.level.tiled.TiledObject@47ae298f, com.almasb.fxgl.entity.level.tiled.TiledObject@30c1b818, com.almasb.fxgl.entity.level.tiled.TiledObject@bf0a99f, com.almasb.fxgl.entity.level.tiled.TiledObject@63b4f8e3, com.almasb.fxgl.entity.level.tiled.TiledObject@55e0474b, com.almasb.fxgl.entity.level.tiled.TiledObject@685c2497], opacity=0.0, draworder=)], tilesets=[Tileset(firstgid=1, image=C:/Users/Jordan/Desktop/forest.png, name=Forrest, tilewidth=64, tileheight=64, imagewidth=768, imageheight=256, margin=0, spacing=0, columns=12, tilecount=48, transparentcolor=)], backgroundcolor=, renderorder=right-down, nextobjectid=31, version=1, tiledversion=1.3.4, type=map, infinite=false, properties={}, propertytypes={})
23:02:43.064 [FXGL Background Thread 1 ] DEBUG TMXLevelLoader       - Creating tile layer entities
23:02:43.066 [FXGL Background Thread 1 ] DEBUG TilesetLoader        - Loading view for layer Kachelebene 1
23:02:43.068 [FXGL Background Thread 1 ] DEBUG TilesetLoader        - Created buffer with size 960.0x640.0
23:02:43.071 [FXGL Background Thread 1 ] DEBUG TilesetLoader        - Writing to buffer: dst=0,0, w=64,h=64, src=192,0
23:02:43.073 [FXGL Background Thread 1 ] DEBUG TilesetLoader        - Writing to buffer: dst=64,0, w=64,h=64, src=0,128
23:02:43.073 [FXGL Background Thread 1 ] DEBUG TilesetLoader        - Writing to buffer: dst=128,0, w=64,h=64, src=0,128
23:02:43.073 [FXGL Background Thread 1 ] DEBUG TilesetLoader        - Writing to buffer: dst=192,0, w=64,h=64, src=0,128
23:02:43.073 [FXGL Background Thread 1 ] DEBUG TilesetLoader        - Writing to buffer: dst=256,0, w=64,h=64, src=0,128
23:02:43.073 [FXGL Background Thread 1 ] DEBUG TilesetLoader        - Writing to buffer: dst=320,0, w=64,h=64, src=0,128
23:02:43.073 [FXGL Background Thread 1 ] DEBUG TilesetLoader        - Writing to buffer: dst=384,0, w=64,h=64, src=0,128
23:02:43.073 [FXGL Background Thread 1 ] DEBUG TilesetLoader        - Writing to buffer: dst=448,0, w=64,h=64, src=0,128
23:02:43.073 [FXGL Background Thread 1 ] DEBUG TilesetLoader        - Writing to buffer: dst=512,0, w=64,h=64, src=0,128
23:02:43.073 [FXGL Background Thread 1 ] DEBUG TilesetLoader        - Writing to buffer: dst=576,0, w=64,h=64, src=0,128
23:02:43.073 [FXGL Background Thread 1 ] DEBUG TilesetLoader        - Writing to buffer: dst=640,0, w=64,h=64, src=0,128
23:02:43.074 [FXGL Background Thread 1 ] DEBUG TilesetLoader        - Writing to buffer: dst=704,0, w=64,h=64, src=0,128
23:02:43.074 [FXGL Background Thread 1 ] DEBUG TilesetLoader        - Writing to buffer: dst=768,0, w=64,h=64, src=0,128
23:02:43.074 [FXGL Background Thread 1 ] DEBUG TilesetLoader        - Writing to buffer: dst=832,0, w=64,h=64, src=0,128
23:02:43.074 [FXGL Background Thread 1 ] DEBUG TilesetLoader        - Writing to buffer: dst=896,0, w=64,h=64, src=256,0
23:02:43.074 [FXGL Background Thread 1 ] DEBUG TilesetLoader        - Writing to buffer: dst=0,64, w=64,h=64, src=128,128
23:02:43.074 [FXGL Background Thread 1 ] DEBUG TilesetLoader        - Writing to buffer: dst=896,64, w=64,h=64, src=64,128
23:02:43.074 [FXGL Background Thread 1 ] DEBUG TilesetLoader        - Writing to buffer: dst=0,128, w=64,h=64, src=128,128
23:02:43.074 [FXGL Background Thread 1 ] DEBUG TilesetLoader        - Writing to buffer: dst=896,128, w=64,h=64, src=64,128
23:02:43.074 [FXGL Background Thread 1 ] DEBUG TilesetLoader        - Writing to buffer: dst=0,192, w=64,h=64, src=128,128
23:02:43.074 [FXGL Background Thread 1 ] DEBUG TilesetLoader        - Writing to buffer: dst=896,192, w=64,h=64, src=64,128
23:02:43.074 [FXGL Background Thread 1 ] DEBUG TilesetLoader        - Writing to buffer: dst=0,256, w=64,h=64, src=128,128
23:02:43.074 [FXGL Background Thread 1 ] DEBUG TilesetLoader        - Writing to buffer: dst=896,256, w=64,h=64, src=64,128
23:02:43.074 [FXGL Background Thread 1 ] DEBUG TilesetLoader        - Writing to buffer: dst=0,320, w=64,h=64, src=128,128
23:02:43.074 [FXGL Background Thread 1 ] DEBUG TilesetLoader        - Writing to buffer: dst=640,320, w=64,h=64, src=0,192
23:02:43.074 [FXGL Background Thread 1 ] DEBUG TilesetLoader        - Writing to buffer: dst=704,320, w=64,h=64, src=64,192
23:02:43.074 [FXGL Background Thread 1 ] DEBUG TilesetLoader        - Writing to buffer: dst=768,320, w=64,h=64, src=64,192
23:02:43.075 [FXGL Background Thread 1 ] DEBUG TilesetLoader        - Writing to buffer: dst=832,320, w=64,h=64, src=128,192
23:02:43.075 [FXGL Background Thread 1 ] DEBUG TilesetLoader        - Writing to buffer: dst=896,320, w=64,h=64, src=64,128
23:02:43.075 [FXGL Background Thread 1 ] DEBUG TilesetLoader        - Writing to buffer: dst=0,384, w=64,h=64, src=128,128
23:02:43.075 [FXGL Background Thread 1 ] DEBUG TilesetLoader        - Writing to buffer: dst=448,384, w=64,h=64, src=0,192
23:02:43.075 [FXGL Background Thread 1 ] DEBUG TilesetLoader        - Writing to buffer: dst=512,384, w=64,h=64, src=64,192
23:02:43.075 [FXGL Background Thread 1 ] DEBUG TilesetLoader        - Writing to buffer: dst=576,384, w=64,h=64, src=128,192
23:02:43.075 [FXGL Background Thread 1 ] DEBUG TilesetLoader        - Writing to buffer: dst=896,384, w=64,h=64, src=64,128
23:02:43.076 [FXGL Background Thread 1 ] DEBUG TilesetLoader        - Writing to buffer: dst=0,448, w=64,h=64, src=128,128
23:02:43.077 [FXGL Background Thread 1 ] DEBUG TilesetLoader        - Writing to buffer: dst=192,448, w=64,h=64, src=0,192
23:02:43.077 [FXGL Background Thread 1 ] DEBUG TilesetLoader        - Writing to buffer: dst=256,448, w=64,h=64, src=64,192
23:02:43.077 [FXGL Background Thread 1 ] DEBUG TilesetLoader        - Writing to buffer: dst=320,448, w=64,h=64, src=128,192
23:02:43.078 [FXGL Background Thread 1 ] DEBUG TilesetLoader        - Writing to buffer: dst=896,448, w=64,h=64, src=64,128
23:02:43.078 [FXGL Background Thread 1 ] DEBUG TilesetLoader        - Writing to buffer: dst=0,512, w=64,h=64, src=128,128
23:02:43.078 [FXGL Background Thread 1 ] DEBUG TilesetLoader        - Writing to buffer: dst=896,512, w=64,h=64, src=64,128
23:02:43.078 [FXGL Background Thread 1 ] DEBUG TilesetLoader        - Writing to buffer: dst=0,576, w=64,h=64, src=192,64
23:02:43.078 [FXGL Background Thread 1 ] DEBUG TilesetLoader        - Writing to buffer: dst=64,576, w=64,h=64, src=0,0
23:02:43.079 [FXGL Background Thread 1 ] DEBUG TilesetLoader        - Writing to buffer: dst=128,576, w=64,h=64, src=0,0
23:02:43.079 [FXGL Background Thread 1 ] DEBUG TilesetLoader        - Writing to buffer: dst=192,576, w=64,h=64, src=0,0
23:02:43.079 [FXGL Background Thread 1 ] DEBUG TilesetLoader        - Writing to buffer: dst=256,576, w=64,h=64, src=0,0
23:02:43.079 [FXGL Background Thread 1 ] DEBUG TilesetLoader        - Writing to buffer: dst=320,576, w=64,h=64, src=0,0
23:02:43.079 [FXGL Background Thread 1 ] DEBUG TilesetLoader        - Writing to buffer: dst=384,576, w=64,h=64, src=0,0
23:02:43.079 [FXGL Background Thread 1 ] DEBUG TilesetLoader        - Writing to buffer: dst=448,576, w=64,h=64, src=0,0
23:02:43.079 [FXGL Background Thread 1 ] DEBUG TilesetLoader        - Writing to buffer: dst=512,576, w=64,h=64, src=0,0
23:02:43.079 [FXGL Background Thread 1 ] DEBUG TilesetLoader        - Writing to buffer: dst=576,576, w=64,h=64, src=0,0
23:02:43.079 [FXGL Background Thread 1 ] DEBUG TilesetLoader        - Writing to buffer: dst=640,576, w=64,h=64, src=0,0
23:02:43.079 [FXGL Background Thread 1 ] DEBUG TilesetLoader        - Writing to buffer: dst=704,576, w=64,h=64, src=0,0
23:02:43.079 [FXGL Background Thread 1 ] DEBUG TilesetLoader        - Writing to buffer: dst=768,576, w=64,h=64, src=0,0
23:02:43.079 [FXGL Background Thread 1 ] DEBUG TilesetLoader        - Writing to buffer: dst=832,576, w=64,h=64, src=0,0
23:02:43.080 [FXGL Background Thread 1 ] DEBUG TilesetLoader        - Writing to buffer: dst=896,576, w=64,h=64, src=256,64
23:02:43.080 [FXGL Background Thread 1 ] DEBUG TMXLevelLoader       - Creating object layer entities
23:02:43.108 [FXGL Background Thread 1 ] DEBUG GameWorld            - Clearing removable entities
23:02:43.111 [FXGL Background Thread 1 ] DEBUG GameWorld            - Setting level: com.almasb.fxgl.entity.level.Level@165cb61c
23:02:43.133 [FXGL Background Thread 1 ] DEBUG AssetLoader          - Loading from cache: /assets/textures/Tests/PlayerDemoIcon.png
23:02:43.133 [FXGL Background Thread 1 ] DEBUG InitAppTask          - Initializing Physics
23:02:43.134 [FXGL Background Thread 1 ] DEBUG InitAppTask          - Initializing UI
23:02:43.135 [FXGL Background Thread 1 ] DEBUG InitAppTask          - Initialization Complete
23:02:43.136 [FXGL Background Thread 1 ] INFO  InitAppTask          - Game initialization took: 0.146 sec
23:02:43.139 [JavaFX Application Thread] DEBUG Input                - Clearing active input actions
23:02:43.162 [JavaFX Application Thread] DEBUG Engine               - Removing overlay from LoadingScene and adding to GameScene
23:02:43.162 [JavaFX Application Thread] DEBUG MainWindow           - LoadingScene -> GameScene
23:02:43.970 [JavaFX Application Thread] FATAL Engine               - Uncaught Exception:

Fatal exception occurred: java.lang.IllegalArgumentException : Component PlayerComponent not found!
E: com.almasb.fxgl.entity.Entity.getComponent(Entity.java:321)
E: Game.Application$3.onAction(Application.java:87)
E: com.almasb.fxgl.input.UserAction.action$fxgl_input(UserAction.kt:38)
E: com.almasb.fxgl.input.Input.update(Input.kt:164)
E: com.almasb.fxgl.scene.Scene.update(Scene.kt:78)
E: com.almasb.fxgl.app.MainWindow$onUpdate$1.invoke(MainWindow.kt:203)
E: com.almasb.fxgl.app.MainWindow$onUpdate$1.invoke(MainWindow.kt:35)
E: com.almasb.fxgl.core.fsm.StateMachine.runOnActiveStates(StateMachine.kt:60)
E: com.almasb.fxgl.app.MainWindow.onUpdate(MainWindow.kt:203)
E: com.almasb.fxgl.app.Engine.loop(Engine.kt:489)
E: com.almasb.fxgl.app.Engine.access$loop(Engine.kt:53)
E: com.almasb.fxgl.app.Engine$loop$1.invoke(Engine.kt:81)
E: com.almasb.fxgl.app.Engine$loop$1.invoke(Engine.kt:53)
E: com.almasb.fxgl.app.LoopRunner.frame(LoopRunner.kt:86)
E: com.almasb.fxgl.app.LoopRunner.access$frame(LoopRunner.kt:17)
E: com.almasb.fxgl.app.LoopRunner$impl$2$1.handle(LoopRunner.kt:37)
E: javafx.animation.AnimationTimer$AnimationTimerReceiver.lambda$handle$0(AnimationTimer.java:57)
E: java.base/java.security.AccessController.doPrivileged(Native Method)
E: javafx.animation.AnimationTimer$AnimationTimerReceiver.handle(AnimationTimer.java:56)
E: com.sun.scenario.animation.AbstractMasterTimer.timePulseImpl(AbstractMasterTimer.java:357)
E: com.sun.scenario.animation.AbstractMasterTimer$MainLoop.run(AbstractMasterTimer.java:267)
E: com.sun.javafx.tk.quantum.QuantumToolkit.pulse(QuantumToolkit.java:558)
E: com.sun.javafx.tk.quantum.QuantumToolkit.pulse(QuantumToolkit.java:542)
E: com.sun.javafx.tk.quantum.QuantumToolkit.pulseFromQueue(QuantumToolkit.java:535)
E: com.sun.javafx.tk.quantum.QuantumToolkit.lambda$runToolkit$11(QuantumToolkit.java:341)
E: com.sun.glass.ui.InvokeLaterDispatcher$Future.run(InvokeLaterDispatcher.java:96)
E: com.sun.glass.ui.win.WinApplication._runLoop(Native Method)
E: com.sun.glass.ui.win.WinApplication.lambda$runLoop$3(WinApplication.java:174)
E: java.base/java.lang.Thread.run(Thread.java:834)

23:02:43.971 [JavaFX Application Thread] FATAL Engine               - Application will now exit
23:02:43.971 [JavaFX Application Thread] DEBUG LoopRunner           - Stopping loop
23:06:39.245 [JavaFX Application Thread] DEBUG Engine               - Exiting FXGL
23:06:39.246 [JavaFX Application Thread] DEBUG Engine               - Shutting down background threads
23:06:39.246 [JavaFX Application Thread] DEBUG Engine               - Saving FXGL system data
23:06:39.248 [JavaFX Application Thread] DEBUG FSServiceImpl        - Writing to: G:\Desk\Projects\FXGLPlatformer\system\fxgl.bundle
23:06:39.249 [JavaFX Application Thread] DEBUG Engine               - Closing logger and exiting JavaFX
