03:07:11.700 [main                     ] DEBUG GameApplication      - Logger initialized
03:07:11.718 [main                     ] DEBUG GameApplication      - Logging settings
Title: JumpToBeat-Demo
Version: 0.1
Width: 1050
Height: 700
Fullscreen: false
Intro: false
Menus: true
Profiling: false
Single step:false
App Mode: DEVELOPER
Menu Key: ESCAPE
Stage Style: DECORATED
Scene Factory: class com.almasb.fxgl.app.SceneFactory
Dialog Factory: class com.almasb.fxgl.ui.FXGLDialogFactory
UI Factory: class com.almasb.fxgl.ui.FXGLUIFactory

03:07:12.245 [JavaFX Application Thread] DEBUG Engine               - Initializing FXGL
03:07:12.245 [JavaFX Application Thread] INFO  Engine               - FXGL-11.7 (05.01.2020 09.37) on WINDOWS (J:11.0.5 FX:12.0.1)
03:07:12.245 [JavaFX Application Thread] INFO  Engine               - Source code and latest versions at: https://github.com/AlmasB/FXGL
03:07:12.246 [JavaFX Application Thread] INFO  Engine               -              Join the FXGL chat at: https://gitter.im/AlmasB/FXGL
03:07:12.246 [JavaFX Application Thread] DEBUG Engine               - Initializing environment variables
03:07:12.248 [JavaFX Application Thread] DEBUG Engine               - Logging environment variables
03:07:12.248 [JavaFX Application Thread] DEBUG Engine               - achievements: []
03:07:12.248 [JavaFX Application Thread] DEBUG Engine               - sceneStack: com.almasb.fxgl.app.Engine@11c6168b
03:07:12.248 [JavaFX Application Thread] DEBUG Engine               - language: ObjectProperty [value: ENGLISH]
03:07:12.249 [JavaFX Application Thread] DEBUG Engine               - isCloseConfirmation: false
03:07:12.249 [JavaFX Application Thread] DEBUG Engine               - isProfilingEnabled: false
03:07:12.249 [JavaFX Application Thread] DEBUG Engine               - soundNotification: core/notification.wav
03:07:12.249 [JavaFX Application Thread] DEBUG Engine               - devShowBBoxProperty: BooleanProperty [value: false]
03:07:12.250 [JavaFX Application Thread] DEBUG Engine               - pixelsPerMeter: 50.0
03:07:12.250 [JavaFX Application Thread] DEBUG Engine               - overlayRoot: Group@72388a1f
03:07:12.250 [JavaFX Application Thread] DEBUG Engine               - appIcon: fxgl_icon.png
03:07:12.250 [JavaFX Application Thread] DEBUG Engine               - soundMenuBack: menu/back.wav
03:07:12.250 [JavaFX Application Thread] DEBUG Engine               - isFullScreenAllowed: false
03:07:12.250 [JavaFX Application Thread] DEBUG Engine               - isIntroEnabled: false
03:07:12.250 [JavaFX Application Thread] DEBUG Engine               - eventBus: com.almasb.fxgl.event.EventBus@2e0cd8af
03:07:12.251 [JavaFX Application Thread] DEBUG Engine               - fontMono: lucida_console.ttf
03:07:12.251 [JavaFX Application Thread] DEBUG Engine               - soundMenuSelect: menu/select.wav
03:07:12.251 [JavaFX Application Thread] DEBUG Engine               - isWindows: true
03:07:12.251 [JavaFX Application Thread] DEBUG Engine               - isMobile: false
03:07:12.251 [JavaFX Application Thread] DEBUG Engine               - height: 700
03:07:12.251 [JavaFX Application Thread] DEBUG Engine               - isExperimentalNative: false
03:07:12.251 [JavaFX Application Thread] DEBUG Engine               - isSingleStep: false
03:07:12.251 [JavaFX Application Thread] DEBUG Engine               - cSSList: [fxgl_dark.css]
03:07:12.251 [JavaFX Application Thread] DEBUG Engine               - fontGame: Abel-Regular.ttf
03:07:12.251 [JavaFX Application Thread] DEBUG Engine               - menuKey: ESCAPE
03:07:12.252 [JavaFX Application Thread] DEBUG Engine               - devShowPositionProperty: BooleanProperty [value: false]
03:07:12.252 [JavaFX Application Thread] DEBUG Engine               - versionCheckDays: 7
03:07:12.252 [JavaFX Application Thread] DEBUG Engine               - masterTimer: com.almasb.fxgl.time.Timer@f5fe1ab
03:07:12.252 [JavaFX Application Thread] DEBUG Engine               - configClass: Optional.empty
03:07:12.252 [JavaFX Application Thread] DEBUG Engine               - isFullScreenFromStart: false
03:07:12.252 [JavaFX Application Thread] DEBUG Engine               - version: 0.1
03:07:12.252 [JavaFX Application Thread] DEBUG Engine               - fullScreen: BooleanProperty [value: false]
03:07:12.252 [JavaFX Application Thread] DEBUG Engine               - randomSeed: -1
03:07:12.252 [JavaFX Application Thread] DEBUG Engine               - dialogFactory: com.almasb.fxgl.ui.FXGLDialogFactory@66b7c903
03:07:12.252 [JavaFX Application Thread] DEBUG Engine               - applicationMode: DEVELOPER
03:07:12.252 [JavaFX Application Thread] DEBUG Engine               - isMac: false
03:07:12.252 [JavaFX Application Thread] DEBUG Engine               - urlGoogleForms: https://goo.gl/forms/6wrMnOBxTE1fEpOy2
03:07:12.252 [JavaFX Application Thread] DEBUG Engine               - isMenuEnabled: true
03:07:12.253 [JavaFX Application Thread] DEBUG Engine               - profileName: user.profile
03:07:12.253 [JavaFX Application Thread] DEBUG Engine               - urlPOM: https://raw.githubusercontent.com/AlmasB/FXGL/master/pom.xml
03:07:12.253 [JavaFX Application Thread] DEBUG Engine               - notificationViewClass: class com.almasb.fxgl.notification.view.XboxNotificationView
03:07:12.253 [JavaFX Application Thread] DEBUG Engine               - devSensorColorProperty: ObjectProperty [value: 0xffff00ff]
03:07:12.253 [JavaFX Application Thread] DEBUG Engine               - sceneFactory: com.almasb.fxgl.app.SceneFactory@50e9cfb8
03:07:12.253 [JavaFX Application Thread] DEBUG Engine               - dataFileExt: .dat
03:07:12.253 [JavaFX Application Thread] DEBUG Engine               - stageStyle: DECORATED
03:07:12.253 [JavaFX Application Thread] DEBUG Engine               - isManualResizeEnabled: false
03:07:12.253 [JavaFX Application Thread] DEBUG Engine               - title: JumpToBeat-Demo
03:07:12.253 [JavaFX Application Thread] DEBUG Engine               - platform: WINDOWS
03:07:12.253 [JavaFX Application Thread] DEBUG Engine               - devBBoxColorProperty: ObjectProperty [value: 0xff0000ff]
03:07:12.254 [JavaFX Application Thread] DEBUG Engine               - isDesktop: true
03:07:12.254 [JavaFX Application Thread] DEBUG Engine               - globalMusicVolumeProperty: DoubleProperty [value: 0.5]
03:07:12.254 [JavaFX Application Thread] DEBUG Engine               - credits: []
03:07:12.254 [JavaFX Application Thread] DEBUG Engine               - isPreserveResizeRatio: false
03:07:12.254 [JavaFX Application Thread] DEBUG Engine               - uIFactory: com.almasb.fxgl.ui.FXGLUIFactory@1868bcaa
03:07:12.254 [JavaFX Application Thread] DEBUG Engine               - fontText: Courier-Prime.ttf
03:07:12.254 [JavaFX Application Thread] DEBUG Engine               - isExperimentalTiledLargeMap: false
03:07:12.254 [JavaFX Application Thread] DEBUG Engine               - secondsIn24h: 60
03:07:12.254 [JavaFX Application Thread] DEBUG Engine               - runtimeInfo: RuntimeInfo(platform=WINDOWS, version=11.7, build=05.01.2020 09.37)
03:07:12.254 [JavaFX Application Thread] DEBUG Engine               - isLinux: false
03:07:12.254 [JavaFX Application Thread] DEBUG Engine               - soundMenuPress: menu/press.wav
03:07:12.254 [JavaFX Application Thread] DEBUG Engine               - urlGithub: https://github.com/AlmasB/FXGL
03:07:12.254 [JavaFX Application Thread] DEBUG Engine               - profileDir: profiles/
03:07:12.255 [JavaFX Application Thread] DEBUG Engine               - isDeveloperMenuEnabled: false
03:07:12.255 [JavaFX Application Thread] DEBUG Engine               - globalSoundVolumeProperty: DoubleProperty [value: 0.5]
03:07:12.255 [JavaFX Application Thread] DEBUG Engine               - isBrowser: false
03:07:12.255 [JavaFX Application Thread] DEBUG Engine               - urlLeaderboard: http://fxgl-top.herokuapp.com/
03:07:12.255 [JavaFX Application Thread] DEBUG Engine               - globalSoundVolume: 0.5
03:07:12.255 [JavaFX Application Thread] DEBUG Engine               - saveDir: saves/
03:07:12.255 [JavaFX Application Thread] DEBUG Engine               - engineServices: [class com.almasb.fxgl.audio.AudioPlayer, class com.almasb.fxgl.notification.impl.NotificationServiceProvider, class com.almasb.fxgl.achievement.AchievementManager, class com.almasb.fxgl.cutscene.CutsceneService, class com.almasb.fxgl.minigames.MiniGameService]
03:07:12.255 [JavaFX Application Thread] DEBUG Engine               - globalMusicVolume: 0.5
03:07:12.255 [JavaFX Application Thread] DEBUG Engine               - width: 1050
03:07:12.255 [JavaFX Application Thread] DEBUG Engine               - saveFileExt: .sav
03:07:12.255 [JavaFX Application Thread] DEBUG Engine               - isAndroid: false
03:07:12.255 [JavaFX Application Thread] DEBUG Engine               - fontUI: VarelaRound-Regular.ttf
03:07:12.255 [JavaFX Application Thread] DEBUG Engine               - enabledMenuItems: []
03:07:12.256 [JavaFX Application Thread] DEBUG Engine               - isIOS: false
03:07:12.258 [JavaFX Application Thread] DEBUG Engine               - Adding new engine service: class com.almasb.fxgl.audio.AudioPlayer
03:07:12.259 [JavaFX Application Thread] DEBUG Engine               - Adding new engine service: class com.almasb.fxgl.notification.impl.NotificationServiceProvider
03:07:12.259 [JavaFX Application Thread] DEBUG Engine               - Adding new engine service: class com.almasb.fxgl.achievement.AchievementManager
03:07:12.260 [JavaFX Application Thread] DEBUG Engine               - Adding new engine service: class com.almasb.fxgl.cutscene.CutsceneService
03:07:12.260 [JavaFX Application Thread] DEBUG Engine               - Adding new engine service: class com.almasb.fxgl.minigames.MiniGameService
03:07:12.263 [JavaFX Application Thread] DEBUG Engine               - Loading localizations
03:07:12.265 [JavaFX Application Thread] DEBUG AssetLoader          - Loading from file system: /assets/properties/languages/english.properties
03:07:12.267 [JavaFX Application Thread] DEBUG AssetLoader          - Loading from file system: /assets/properties/languages/french.properties
03:07:12.268 [JavaFX Application Thread] DEBUG AssetLoader          - Loading from file system: /assets/properties/languages/german.properties
03:07:12.269 [JavaFX Application Thread] DEBUG AssetLoader          - Loading from file system: /assets/properties/languages/russian.properties
03:07:12.271 [JavaFX Application Thread] DEBUG AssetLoader          - Loading from file system: /assets/properties/languages/hungarian.properties
03:07:12.272 [JavaFX Application Thread] DEBUG Engine               - Registering font factories
03:07:12.273 [JavaFX Application Thread] DEBUG AssetLoader          - Loading from file system: /assets/ui/fonts/VarelaRound-Regular.ttf
03:07:12.425 [JavaFX Application Thread] DEBUG AssetLoader          - Loading from file system: /assets/ui/fonts/Abel-Regular.ttf
03:07:12.427 [JavaFX Application Thread] DEBUG AssetLoader          - Loading from file system: /assets/ui/fonts/lucida_console.ttf
03:07:12.432 [JavaFX Application Thread] DEBUG AssetLoader          - Loading from file system: /assets/ui/fonts/Courier-Prime.ttf
03:07:12.436 [JavaFX Application Thread] DEBUG Engine               - Setting UI factory
03:07:12.523 [JavaFX Application Thread] DEBUG AssetLoader          - Loading from file system: /assets/textures/fxgl_logo.png
03:07:12.582 [JavaFX Application Thread] DEBUG MainWindow           - Creating a JavaFX scene
03:07:12.627 [JavaFX Application Thread] DEBUG MainWindow           - Target settings size: 1050.0 x 700.0
03:07:12.627 [JavaFX Application Thread] DEBUG MainWindow           - Scaled scene size:    1050.0 x 700.0
03:07:12.627 [JavaFX Application Thread] DEBUG MainWindow           - Scaled ratio: (1.0, 1.0)
03:07:12.629 [JavaFX Application Thread] DEBUG MainWindow           - Set initial scene to FXGLStartupScene
03:07:12.636 [JavaFX Application Thread] DEBUG AssetLoader          - Loading from file system: /assets/textures/fxgl_icon.png
03:07:12.647 [JavaFX Application Thread] DEBUG Engine               - Applying CSS: fxgl_dark.css
03:07:12.647 [JavaFX Application Thread] DEBUG AssetLoader          - Loading from file system: /assets/ui/css/fxgl_dark.css
03:07:12.651 [JavaFX Application Thread] DEBUG AssetLoader          - Loading from file system: /assets/ui/cursors/fxgl_default.png
03:07:12.652 [JavaFX Application Thread] DEBUG MainWindow           - Opening main window
03:07:12.794 [JavaFX Application Thread] DEBUG MainWindow           - Window border size: (16.0, 39.0)
03:07:12.794 [JavaFX Application Thread] DEBUG MainWindow           - Scaled size: 1050.0 x 700.0
03:07:12.795 [JavaFX Application Thread] DEBUG MainWindow           - Scaled ratio: (1.0, 1.0)
03:07:12.795 [JavaFX Application Thread] DEBUG MainWindow           - Scene size: 1050.0 x 700.0
03:07:12.795 [JavaFX Application Thread] DEBUG MainWindow           - Stage size: 1066.0 x 739.0
03:07:12.828 [FXGL Background Thread 1 ] DEBUG FS                   - Loaded FSServiceImpl
03:07:12.828 [FXGL Background Thread 1 ] DEBUG Engine               - Loading FXGL system data
03:07:12.834 [FXGL Background Thread 1 ] DEBUG FSServiceImpl        - Reading from: G:\Desk\Projects\FXGLPlatformer\system\fxgl.bundle
03:07:12.855 [FXGL Background Thread 1 ] DEBUG Engine               - Bundle FXGL: {}
03:07:12.855 [FXGL Background Thread 1 ] DEBUG Engine               - Initializing application scenes
03:07:12.905 [FXGL Background Thread 1 ] DEBUG GameWorld            - Game world initialized
03:07:12.940 [FXGL Background Thread 1 ] DEBUG PhysicsWorld         - Physics world initialized: appHeight=700, physics.ppm=50.0
03:07:12.942 [FXGL Background Thread 1 ] DEBUG GameScene            - Game scene initialized: 1050x700
03:07:12.981 [FXGL Background Thread 1 ] DEBUG AssetLoader          - Loading from file system: /assets/textures/particles/trace_horizontal.png
03:07:13.010 [FXGL Background Thread 1 ] DEBUG FXGL.DefaultMenu     - createMenuBodyMainMenu()
03:07:13.024 [FXGL Background Thread 1 ] DEBUG FXGL.DefaultMenu     - createOptionsMenu()
03:07:13.029 [FXGL Background Thread 1 ] DEBUG AssetLoader          - Loading from file system: /assets/textures/particles/smoke.png
03:07:13.080 [FXGL Background Thread 1 ] DEBUG AssetLoader          - Loading from cache: /assets/textures/particles/trace_horizontal.png@64.0x64.0
03:07:13.081 [FXGL Background Thread 1 ] DEBUG FXGL.DefaultMenu     - createMenuBodyGameMenu()
03:07:13.082 [FXGL Background Thread 1 ] DEBUG FXGL.DefaultMenu     - createOptionsMenu()
03:07:13.084 [FXGL Background Thread 1 ] DEBUG AssetLoader          - Loading from cache: /assets/textures/particles/smoke.png@128.0x128.0
03:07:13.102 [FXGL Background Thread 1 ] DEBUG Engine               - Application scenes initialized
03:07:13.105 [JavaFX Application Thread] DEBUG Engine               - Running preInit()
03:07:13.113 [JavaFX Application Thread] DEBUG Input                - Registered new binding: Right - D
03:07:13.113 [JavaFX Application Thread] DEBUG Input                - Registered new binding: Left - A
03:07:13.113 [JavaFX Application Thread] DEBUG Input                - Registered new binding: Jump - Space
03:07:13.113 [JavaFX Application Thread] DEBUG Input                - Registered new binding: Play Sound - F
03:07:13.114 [JavaFX Application Thread] DEBUG Input                - Registered new binding: Screenshot - P
03:07:13.115 [JavaFX Application Thread] DEBUG Input                - Registered new binding: System info dump - CTRL+9
03:07:13.115 [JavaFX Application Thread] DEBUG Input                - Registered new binding: Restart - CTRL+R
03:07:13.115 [JavaFX Application Thread] DEBUG Engine               - generateDefaultProfile()
03:07:13.115 [JavaFX Application Thread] DEBUG Engine               - Creating default profile
03:07:13.115 [JavaFX Application Thread] DEBUG EventBus             - Firing event: SaveEvent
03:07:13.126 [JavaFX Application Thread] INFO  Engine               - FXGL initialization took: 0.863 sec
03:07:13.126 [JavaFX Application Thread] DEBUG LoopRunner           - Starting loop
03:07:13.137 [JavaFX Application Thread] DEBUG FXGLStartupScene     - STARTUP
03:07:13.141 [JavaFX Application Thread] DEBUG Input                - Clearing active input actions
03:07:13.159 [JavaFX Application Thread] DEBUG Engine               - Removing overlay from FXGLStartupScene and adding to FXGLDefaultMenu
03:07:13.160 [JavaFX Application Thread] DEBUG MainWindow           - FXGLStartupScene -> FXGLDefaultMenu
03:07:14.200 [JavaFX Application Thread] DEBUG Menu                 - fireNewGame()
03:07:14.200 [JavaFX Application Thread] DEBUG Engine               - Starting new game
03:07:14.205 [JavaFX Application Thread] DEBUG Input                - Clearing active input actions
03:07:14.206 [FXGL Background Thread 1 ] DEBUG InitAppTask          - Clearing previous game
03:07:14.206 [FXGL Background Thread 1 ] DEBUG GameWorld            - Clearing game world
03:07:14.206 [FXGL Background Thread 1 ] DEBUG PhysicsWorld         - Clearing physics world
03:07:14.206 [FXGL Background Thread 1 ] DEBUG GameScene            - Clearing game scene
03:07:14.206 [FXGL Background Thread 1 ] DEBUG InitAppTask          - Initializing Game
03:07:14.217 [JavaFX Application Thread] DEBUG Engine               - Removing overlay from FXGLDefaultMenu and adding to LoadingScene
03:07:14.217 [JavaFX Application Thread] DEBUG MainWindow           - FXGLDefaultMenu -> LoadingScene
03:07:14.247 [FXGL Background Thread 1 ] DEBUG AssetLoader          - Loading from file system: /assets/levels/Map/unbenannt.tmx
03:07:14.266 [FXGL Background Thread 1 ] WARN  TMXLevelLoader       - TiledMap generated from 1.3.4. Supported version: 1.2.3. Some features may not be parsed fully.
03:07:14.282 [FXGL Background Thread 1 ] DEBUG TMXLevelLoader       - Parsed raw map: TiledMap(width=45, height=30, tilewidth=30, tileheight=30, orientation=orthogonal, layers=[Layer(width=45, height=30, name=Kachelebene 1, type=tilelayer, visible=false, x=0, y=0, data=[0, 0, 0, 0, 0, 0, 0, 0, 0, 0, 0, 0, 0, 0, 0, 0, 0, 0, 0, 0, 0, 0, 0, 0, 0, 0, 0, 0, 0, 0, 0, 0, 0, 0, 0, 0, 0, 0, 0, 0, 0, 0, 0, 0, 0, 0, 0, 0, 0, 0, 0, 0, 0, 0, 0, 0, 0, 0, 0, 0, 0, 0, 0, 0, 0, 0, 0, 0, 0, 0, 0, 0, 0, 0, 0, 0, 0, 0, 0, 0, 0, 0, 0, 0, 0, 0, 0, 0, 0, 0, 0, 0, 0, 0, 0, 0, 0, 0, 0, 0, 0, 0, 0, 0, 0, 0, 0, 0, 0, 0, 0, 0, 0, 0, 0, 0, 0, 0, 0, 0, 0, 0, 0, 0, 0, 0, 0, 0, 0, 0, 0, 0, 0, 0, 0, 0, 0, 0, 0, 0, 0, 0, 0, 0, 0, 0, 0, 0, 0, 0, 0, 0, 0, 0, 0, 0, 0, 0, 0, 0, 0, 0, 0, 0, 0, 0, 0, 0, 0, 0, 0, 0, 0, 0, 0, 0, 0, 0, 0, 0, 0, 0, 0, 0, 0, 0, 0, 0, 0, 0, 0, 0, 0, 0, 0, 0, 0, 0, 0, 0, 0, 0, 0, 0, 0, 0, 0, 0, 0, 0, 0, 0, 0, 0, 0, 0, 0, 0, 0, 0, 0, 0, 0, 0, 0, 0, 0, 0, 0, 0, 0, 0, 0, 0, 0, 0, 0, 0, 0, 0, 0, 0, 0, 0, 0, 0, 0, 0, 0, 0, 0, 0, 0, 0, 0, 0, 0, 0, 0, 0, 0, 0, 0, 0, 0, 0, 0, 0, 0, 0, 0, 0, 0, 0, 0, 0, 0, 0, 0, 0, 0, 0, 0, 0, 0, 0, 0, 0, 0, 0, 0, 0, 0, 0, 0, 0, 0, 0, 0, 0, 0, 0, 0, 0, 0, 0, 0, 0, 0, 0, 0, 0, 0, 0, 0, 0, 0, 0, 0, 0, 0, 0, 0, 0, 0, 0, 0, 0, 0, 0, 0, 0, 0, 0, 0, 0, 0, 0, 0, 0, 0, 0, 0, 0, 0, 0, 0, 0, 0, 0, 0, 0, 0, 0, 0, 0, 0, 0, 0, 0, 0, 0, 0, 0, 0, 0, 0, 0, 0, 0, 0, 0, 0, 0, 0, 0, 0, 0, 0, 0, 0, 0, 0, 0, 0, 0, 0, 0, 0, 0, 0, 0, 0, 0, 0, 0, 0, 0, 0, 0, 0, 0, 0, 0, 0, 0, 0, 0, 0, 0, 0, 0, 0, 0, 0, 0, 0, 0, 0, 0, 0, 0, 0, 0, 0, 0, 0, 0, 0, 0, 0, 0, 0, 0, 0, 0, 0, 0, 0, 0, 0, 0, 0, 0, 0, 0, 0, 0, 0, 0, 0, 0, 0, 0, 0, 0, 0, 0, 0, 0, 0, 0, 0, 0, 0, 0, 0, 0, 0, 0, 0, 0, 0, 0, 0, 0, 0, 0, 0, 0, 0, 0, 0, 0, 0, 0, 0, 0, 0, 0, 0, 0, 0, 0, 0, 0, 0, 0, 0, 0, 0, 0, 0, 0, 0, 0, 0, 0, 0, 0, 0, 0, 0, 0, 0, 0, 0, 0, 0, 0, 0, 0, 0, 0, 0, 0, 0, 0, 0, 0, 0, 0, 0, 0, 0, 0, 0, 0, 0, 0, 0, 0, 0, 0, 0, 0, 0, 0, 0, 0, 0, 0, 0, 0, 0, 0, 0, 0, 0, 0, 0, 0, 0, 0, 0, 0, 0, 0, 0, 0, 0, 0, 0, 0, 0, 0, 0, 0, 0, 0, 0, 0, 0, 0, 0, 0, 0, 0, 0, 0, 0, 0, 0, 0, 0, 0, 0, 0, 0, 0, 0, 0, 0, 0, 0, 0, 0, 0, 0, 0, 0, 0, 0, 0, 0, 0, 0, 0, 0, 0, 0, 0, 0, 0, 0, 0, 0, 0, 0, 0, 0, 0, 0, 0, 0, 0, 0, 0, 0, 0, 0, 0, 0, 0, 0, 0, 0, 0, 0, 0, 0, 0, 0, 0, 0, 0, 0, 0, 0, 0, 0, 0, 0, 0, 0, 0, 0, 0, 0, 0, 0, 0, 0, 0, 0, 0, 0, 0, 0, 0, 0, 0, 0, 0, 0, 0, 0, 0, 0, 0, 0, 0, 0, 0, 0, 0, 0, 0, 0, 0, 0, 0, 0, 0, 0, 0, 0, 0, 0, 0, 0, 0, 0, 0, 0, 0, 0, 0, 0, 0, 0, 0, 0, 0, 0, 0, 0, 0, 0, 0, 0, 0, 0, 0, 0, 0, 0, 0, 0, 0, 0, 0, 0, 0, 0, 0, 0, 0, 0, 0, 0, 0, 0, 0, 0, 0, 0, 0, 0, 0, 0, 0, 0, 0, 0, 0, 0, 0, 0, 0, 0, 0, 0, 0, 0, 0, 0, 0, 0, 0, 0, 0, 0, 0, 0, 0, 0, 0, 0, 0, 0, 0, 0, 0, 0, 0, 0, 0, 0, 0, 0, 0, 0, 0, 0, 0, 0, 0, 0, 0, 0, 0, 0, 0, 0, 0, 0, 0, 0, 0, 0, 0, 0, 0, 0, 0, 0, 0, 0, 0, 0, 0, 0, 0, 0, 0, 0, 0, 0, 0, 0, 0, 0, 0, 0, 0, 0, 0, 0, 0, 0, 0, 0, 0, 0, 0, 0, 0, 0, 0, 0, 0, 0, 0, 0, 0, 0, 0, 0, 0, 0, 0, 0, 0, 0, 0, 0, 0, 0, 0, 0, 0, 0, 0, 0, 0, 0, 0, 0, 0, 0, 0, 0, 0, 0, 0, 0, 0, 0, 0, 0, 0, 0, 0, 0, 0, 0, 0, 0, 0, 0, 0, 0, 0, 0, 0, 0, 0, 0, 0, 0, 0, 0, 0, 0, 0, 0, 0, 0, 0, 0, 0, 0, 0, 0, 0, 0, 0, 0, 0, 0, 0, 0, 0, 0, 0, 0, 0, 0, 0, 0, 0, 0, 0, 0, 0, 0, 0, 0, 0, 0, 0, 0, 0, 0, 0, 0, 0, 0, 0, 0, 0, 0, 0, 0, 0, 0, 0, 0, 0, 0, 0, 0, 0, 0, 0, 0, 0, 0, 0, 0, 0, 0, 0, 0, 0, 0, 0, 0, 0, 0, 0, 0, 0, 0, 0, 0, 0, 0, 0, 0, 0, 0, 0, 0, 0, 0, 0, 0, 0, 0, 0, 0, 0, 0, 0, 0, 0, 0, 0, 0, 0, 0, 0, 0, 0, 0, 0, 0, 0, 0, 0, 0, 0, 0, 0, 0, 0, 0, 0, 0, 0, 0, 0, 0, 0, 0, 0, 0, 0, 0, 0, 0, 0, 0, 0, 0, 0, 0, 0, 0, 0, 0, 0, 0, 0, 0, 0, 0, 0, 0, 0, 0, 0, 0, 0, 0, 0, 0, 0, 0, 0, 0, 0, 0, 0, 0, 0, 0, 0, 0, 0, 0, 0, 0, 0, 0, 0, 0, 0, 0, 0, 0, 0, 0, 0, 0, 0, 0, 0, 0, 0, 0, 0, 0, 0, 0, 0, 0, 0, 0, 0, 0, 0, 0, 0, 0, 0, 0, 0, 0, 0, 0, 0, 0, 0, 0, 0, 0, 0, 0, 0, 0, 0, 0, 0, 0, 0, 0, 0, 0, 0, 0, 0, 0, 0, 0, 0, 0, 0, 0, 0, 0, 0, 0, 0, 0, 0, 0, 0, 0, 0, 0, 0, 0, 0, 0, 0, 0, 0, 0, 0, 0, 0, 0, 0, 0, 0, 0, 0, 0, 0, 0, 0, 0, 0, 0, 0, 0, 0, 0, 0, 0, 0, 0, 0, 0, 0, 0, 0, 0, 0, 0, 0, 0, 0, 0, 0, 0, 0, 0, 0, 0, 0, 0, 0, 0, 0, 0, 0, 0, 0, 0, 0, 0, 0, 0, 0, 0, 0, 0, 0, 0, 0, 0, 0, 0, 0, 0, 0, 0, 0, 0, 0, 0, 0, 0, 0, 0, 0, 0, 0, 0, 0, 0, 0, 0, 0, 0, 0, 0, 0, 0, 0, 0, 0, 0, 0, 0, 0, 0, 0, 0, 0, 0, 0, 0, 0, 0, 0, 0, 0, 0, 0, 0, 0, 0, 0, 0, 0, 0, 0, 0, 0, 0, 0, 0, 0, 0, 0, 0, 0, 0, 0, 0, 0, 0, 0, 0, 0, 0, 0, 0, 0, 0, 0, 0, 0, 0, 0, 0, 0, 0, 0, 0, 0, 0, 0, 0, 0], objects=[], opacity=0.0, draworder=), Layer(width=0, height=0, name=, type=objectgroup, visible=false, x=0, y=0, data=[], objects=[com.almasb.fxgl.entity.level.tiled.TiledObject@3b0bf6b8, com.almasb.fxgl.entity.level.tiled.TiledObject@498ca553, com.almasb.fxgl.entity.level.tiled.TiledObject@3cb2bbcb, com.almasb.fxgl.entity.level.tiled.TiledObject@42a7f624, com.almasb.fxgl.entity.level.tiled.TiledObject@26fd76fe, com.almasb.fxgl.entity.level.tiled.TiledObject@a77f94f, com.almasb.fxgl.entity.level.tiled.TiledObject@23326729, com.almasb.fxgl.entity.level.tiled.TiledObject@5e59b3bd, com.almasb.fxgl.entity.level.tiled.TiledObject@135e640e, com.almasb.fxgl.entity.level.tiled.TiledObject@26d64aab, com.almasb.fxgl.entity.level.tiled.TiledObject@16ed7a77, com.almasb.fxgl.entity.level.tiled.TiledObject@53af74c, com.almasb.fxgl.entity.level.tiled.TiledObject@65248df1, com.almasb.fxgl.entity.level.tiled.TiledObject@71b300ec, com.almasb.fxgl.entity.level.tiled.TiledObject@c70e26f, com.almasb.fxgl.entity.level.tiled.TiledObject@5ea2f43a, com.almasb.fxgl.entity.level.tiled.TiledObject@1f28b11a, com.almasb.fxgl.entity.level.tiled.TiledObject@76f57673, com.almasb.fxgl.entity.level.tiled.TiledObject@7d1d9158, com.almasb.fxgl.entity.level.tiled.TiledObject@3457b9e5, com.almasb.fxgl.entity.level.tiled.TiledObject@6e2d7e14, com.almasb.fxgl.entity.level.tiled.TiledObject@3336cb4c, com.almasb.fxgl.entity.level.tiled.TiledObject@22301b23, com.almasb.fxgl.entity.level.tiled.TiledObject@2b211611, com.almasb.fxgl.entity.level.tiled.TiledObject@2e7900bf, com.almasb.fxgl.entity.level.tiled.TiledObject@2b10c297, com.almasb.fxgl.entity.level.tiled.TiledObject@95b2dd5, com.almasb.fxgl.entity.level.tiled.TiledObject@2a693371, com.almasb.fxgl.entity.level.tiled.TiledObject@4cf3b27b, com.almasb.fxgl.entity.level.tiled.TiledObject@615ad508], opacity=0.0, draworder=)], tilesets=[], backgroundcolor=, renderorder=right-down, nextobjectid=46, version=1, tiledversion=1.3.4, type=map, infinite=false, properties={}, propertytypes={})
03:07:14.283 [FXGL Background Thread 1 ] DEBUG TMXLevelLoader       - Creating tile layer entities
03:07:14.283 [FXGL Background Thread 1 ] DEBUG TilesetLoader        - Loading view for layer Kachelebene 1
03:07:14.285 [FXGL Background Thread 1 ] DEBUG TilesetLoader        - Created buffer with size 1350.0x900.0
03:07:14.285 [FXGL Background Thread 1 ] DEBUG TMXLevelLoader       - Creating object layer entities
03:07:14.308 [FXGL Background Thread 1 ] DEBUG GameWorld            - Clearing removable entities
03:07:14.308 [FXGL Background Thread 1 ] DEBUG GameWorld            - Setting level: com.almasb.fxgl.entity.level.Level@1481e784
03:07:14.332 [FXGL Background Thread 1 ] DEBUG InitAppTask          - Initializing Physics
03:07:14.332 [FXGL Background Thread 1 ] DEBUG InitAppTask          - Initializing UI
03:07:14.334 [FXGL Background Thread 1 ] DEBUG InitAppTask          - Initialization Complete
03:07:14.334 [FXGL Background Thread 1 ] INFO  InitAppTask          - Game initialization took: 0.128 sec
03:07:14.348 [JavaFX Application Thread] DEBUG Input                - Clearing active input actions
03:07:14.358 [JavaFX Application Thread] DEBUG Engine               - Removing overlay from LoadingScene and adding to GameScene
03:07:14.359 [JavaFX Application Thread] DEBUG MainWindow           - LoadingScene -> GameScene
03:07:15.708 [JavaFX Application Thread] DEBUG AssetLoader          - Loading from file system: /assets/sounds/smw_coin.wav
03:07:16.235 [JavaFX Application Thread] DEBUG AssetLoader          - Loading from cache: /assets/sounds/smw_coin.wav
03:07:16.396 [JavaFX Application Thread] DEBUG AssetLoader          - Loading from cache: /assets/sounds/smw_coin.wav
03:07:16.971 [JavaFX Application Thread] DEBUG AssetLoader          - Loading from cache: /assets/sounds/smw_coin.wav
03:07:18.571 [JavaFX Application Thread] DEBUG AssetLoader          - Loading from cache: /assets/sounds/smw_coin.wav
03:07:18.747 [JavaFX Application Thread] DEBUG AssetLoader          - Loading from cache: /assets/sounds/smw_coin.wav
03:07:19.227 [JavaFX Application Thread] DEBUG AssetLoader          - Loading from cache: /assets/sounds/smw_coin.wav
03:07:19.371 [JavaFX Application Thread] DEBUG AssetLoader          - Loading from cache: /assets/sounds/smw_coin.wav
03:07:20.571 [JavaFX Application Thread] DEBUG AssetLoader          - Loading from cache: /assets/sounds/smw_coin.wav
03:07:21.244 [JavaFX Application Thread] DEBUG AssetLoader          - Loading from cache: /assets/sounds/smw_coin.wav
03:07:22.396 [JavaFX Application Thread] DEBUG AssetLoader          - Loading from cache: /assets/sounds/smw_coin.wav
03:07:23.435 [JavaFX Application Thread] DEBUG AssetLoader          - Loading from cache: /assets/sounds/smw_coin.wav
03:07:23.820 [JavaFX Application Thread] DEBUG AssetLoader          - Loading from cache: /assets/sounds/smw_coin.wav
03:07:24.123 [JavaFX Application Thread] DEBUG AssetLoader          - Loading from cache: /assets/sounds/smw_coin.wav
03:07:24.428 [JavaFX Application Thread] DEBUG AssetLoader          - Loading from cache: /assets/sounds/smw_coin.wav
03:07:24.875 [JavaFX Application Thread] DEBUG AssetLoader          - Loading from cache: /assets/sounds/smw_coin.wav
03:07:25.404 [JavaFX Application Thread] DEBUG AssetLoader          - Loading from cache: /assets/sounds/smw_coin.wav
03:07:26.572 [JavaFX Application Thread] DEBUG AssetLoader          - Loading from cache: /assets/sounds/smw_coin.wav
03:07:27.228 [JavaFX Application Thread] DEBUG AssetLoader          - Loading from cache: /assets/sounds/smw_coin.wav
03:07:28.284 [JavaFX Application Thread] DEBUG AssetLoader          - Loading from cache: /assets/sounds/smw_coin.wav
03:07:28.286 [JavaFX Application Thread] DEBUG MainWindow           - Push state: DialogSubState
03:07:28.286 [JavaFX Application Thread] DEBUG Input                - Clearing active input actions
03:07:28.289 [JavaFX Application Thread] DEBUG Engine               - Removing overlay from GameScene and adding to DialogSubState
03:07:28.289 [JavaFX Application Thread] DEBUG MainWindow           - GameScene -> DialogSubState
03:07:29.207 [JavaFX Application Thread] DEBUG MainWindow           - Pop state: DialogSubState
03:07:29.207 [JavaFX Application Thread] DEBUG Input                - Clearing active input actions
03:07:29.207 [JavaFX Application Thread] DEBUG Engine               - Removing overlay from DialogSubState and adding to GameScene
03:07:29.207 [JavaFX Application Thread] DEBUG MainWindow           - GameScene <- DialogSubState
03:07:31.165 [JavaFX Application Thread] DEBUG MainWindow           - Push state: DialogSubState
03:07:31.166 [JavaFX Application Thread] DEBUG Input                - Clearing active input actions
03:07:31.167 [JavaFX Application Thread] DEBUG Engine               - Removing overlay from GameScene and adding to DialogSubState
03:07:31.167 [JavaFX Application Thread] DEBUG MainWindow           - GameScene -> DialogSubState
03:07:33.116 [JavaFX Application Thread] DEBUG MainWindow           - Pop state: DialogSubState
03:07:33.116 [JavaFX Application Thread] DEBUG Input                - Clearing active input actions
03:07:33.117 [JavaFX Application Thread] DEBUG Engine               - Removing overlay from DialogSubState and adding to GameScene
03:07:33.117 [JavaFX Application Thread] DEBUG MainWindow           - GameScene <- DialogSubState
03:07:33.133 [JavaFX Application Thread] DEBUG MainWindow           - Push state: DialogSubState
03:07:33.133 [JavaFX Application Thread] DEBUG Input                - Clearing active input actions
03:07:33.134 [JavaFX Application Thread] DEBUG Engine               - Removing overlay from GameScene and adding to DialogSubState
03:07:33.134 [JavaFX Application Thread] DEBUG MainWindow           - GameScene -> DialogSubState
03:07:33.134 [JavaFX Application Thread] DEBUG GameWorld            - Clearing game world
03:07:33.137 [JavaFX Application Thread] DEBUG AssetLoader          - Loading from file system: /assets/levels/Map/unbenannt.tmx
03:07:33.138 [JavaFX Application Thread] WARN  TMXLevelLoader       - TiledMap generated from 1.3.4. Supported version: 1.2.3. Some features may not be parsed fully.
03:07:33.142 [JavaFX Application Thread] DEBUG TMXLevelLoader       - Parsed raw map: TiledMap(width=45, height=30, tilewidth=30, tileheight=30, orientation=orthogonal, layers=[Layer(width=45, height=30, name=Kachelebene 1, type=tilelayer, visible=false, x=0, y=0, data=[0, 0, 0, 0, 0, 0, 0, 0, 0, 0, 0, 0, 0, 0, 0, 0, 0, 0, 0, 0, 0, 0, 0, 0, 0, 0, 0, 0, 0, 0, 0, 0, 0, 0, 0, 0, 0, 0, 0, 0, 0, 0, 0, 0, 0, 0, 0, 0, 0, 0, 0, 0, 0, 0, 0, 0, 0, 0, 0, 0, 0, 0, 0, 0, 0, 0, 0, 0, 0, 0, 0, 0, 0, 0, 0, 0, 0, 0, 0, 0, 0, 0, 0, 0, 0, 0, 0, 0, 0, 0, 0, 0, 0, 0, 0, 0, 0, 0, 0, 0, 0, 0, 0, 0, 0, 0, 0, 0, 0, 0, 0, 0, 0, 0, 0, 0, 0, 0, 0, 0, 0, 0, 0, 0, 0, 0, 0, 0, 0, 0, 0, 0, 0, 0, 0, 0, 0, 0, 0, 0, 0, 0, 0, 0, 0, 0, 0, 0, 0, 0, 0, 0, 0, 0, 0, 0, 0, 0, 0, 0, 0, 0, 0, 0, 0, 0, 0, 0, 0, 0, 0, 0, 0, 0, 0, 0, 0, 0, 0, 0, 0, 0, 0, 0, 0, 0, 0, 0, 0, 0, 0, 0, 0, 0, 0, 0, 0, 0, 0, 0, 0, 0, 0, 0, 0, 0, 0, 0, 0, 0, 0, 0, 0, 0, 0, 0, 0, 0, 0, 0, 0, 0, 0, 0, 0, 0, 0, 0, 0, 0, 0, 0, 0, 0, 0, 0, 0, 0, 0, 0, 0, 0, 0, 0, 0, 0, 0, 0, 0, 0, 0, 0, 0, 0, 0, 0, 0, 0, 0, 0, 0, 0, 0, 0, 0, 0, 0, 0, 0, 0, 0, 0, 0, 0, 0, 0, 0, 0, 0, 0, 0, 0, 0, 0, 0, 0, 0, 0, 0, 0, 0, 0, 0, 0, 0, 0, 0, 0, 0, 0, 0, 0, 0, 0, 0, 0, 0, 0, 0, 0, 0, 0, 0, 0, 0, 0, 0, 0, 0, 0, 0, 0, 0, 0, 0, 0, 0, 0, 0, 0, 0, 0, 0, 0, 0, 0, 0, 0, 0, 0, 0, 0, 0, 0, 0, 0, 0, 0, 0, 0, 0, 0, 0, 0, 0, 0, 0, 0, 0, 0, 0, 0, 0, 0, 0, 0, 0, 0, 0, 0, 0, 0, 0, 0, 0, 0, 0, 0, 0, 0, 0, 0, 0, 0, 0, 0, 0, 0, 0, 0, 0, 0, 0, 0, 0, 0, 0, 0, 0, 0, 0, 0, 0, 0, 0, 0, 0, 0, 0, 0, 0, 0, 0, 0, 0, 0, 0, 0, 0, 0, 0, 0, 0, 0, 0, 0, 0, 0, 0, 0, 0, 0, 0, 0, 0, 0, 0, 0, 0, 0, 0, 0, 0, 0, 0, 0, 0, 0, 0, 0, 0, 0, 0, 0, 0, 0, 0, 0, 0, 0, 0, 0, 0, 0, 0, 0, 0, 0, 0, 0, 0, 0, 0, 0, 0, 0, 0, 0, 0, 0, 0, 0, 0, 0, 0, 0, 0, 0, 0, 0, 0, 0, 0, 0, 0, 0, 0, 0, 0, 0, 0, 0, 0, 0, 0, 0, 0, 0, 0, 0, 0, 0, 0, 0, 0, 0, 0, 0, 0, 0, 0, 0, 0, 0, 0, 0, 0, 0, 0, 0, 0, 0, 0, 0, 0, 0, 0, 0, 0, 0, 0, 0, 0, 0, 0, 0, 0, 0, 0, 0, 0, 0, 0, 0, 0, 0, 0, 0, 0, 0, 0, 0, 0, 0, 0, 0, 0, 0, 0, 0, 0, 0, 0, 0, 0, 0, 0, 0, 0, 0, 0, 0, 0, 0, 0, 0, 0, 0, 0, 0, 0, 0, 0, 0, 0, 0, 0, 0, 0, 0, 0, 0, 0, 0, 0, 0, 0, 0, 0, 0, 0, 0, 0, 0, 0, 0, 0, 0, 0, 0, 0, 0, 0, 0, 0, 0, 0, 0, 0, 0, 0, 0, 0, 0, 0, 0, 0, 0, 0, 0, 0, 0, 0, 0, 0, 0, 0, 0, 0, 0, 0, 0, 0, 0, 0, 0, 0, 0, 0, 0, 0, 0, 0, 0, 0, 0, 0, 0, 0, 0, 0, 0, 0, 0, 0, 0, 0, 0, 0, 0, 0, 0, 0, 0, 0, 0, 0, 0, 0, 0, 0, 0, 0, 0, 0, 0, 0, 0, 0, 0, 0, 0, 0, 0, 0, 0, 0, 0, 0, 0, 0, 0, 0, 0, 0, 0, 0, 0, 0, 0, 0, 0, 0, 0, 0, 0, 0, 0, 0, 0, 0, 0, 0, 0, 0, 0, 0, 0, 0, 0, 0, 0, 0, 0, 0, 0, 0, 0, 0, 0, 0, 0, 0, 0, 0, 0, 0, 0, 0, 0, 0, 0, 0, 0, 0, 0, 0, 0, 0, 0, 0, 0, 0, 0, 0, 0, 0, 0, 0, 0, 0, 0, 0, 0, 0, 0, 0, 0, 0, 0, 0, 0, 0, 0, 0, 0, 0, 0, 0, 0, 0, 0, 0, 0, 0, 0, 0, 0, 0, 0, 0, 0, 0, 0, 0, 0, 0, 0, 0, 0, 0, 0, 0, 0, 0, 0, 0, 0, 0, 0, 0, 0, 0, 0, 0, 0, 0, 0, 0, 0, 0, 0, 0, 0, 0, 0, 0, 0, 0, 0, 0, 0, 0, 0, 0, 0, 0, 0, 0, 0, 0, 0, 0, 0, 0, 0, 0, 0, 0, 0, 0, 0, 0, 0, 0, 0, 0, 0, 0, 0, 0, 0, 0, 0, 0, 0, 0, 0, 0, 0, 0, 0, 0, 0, 0, 0, 0, 0, 0, 0, 0, 0, 0, 0, 0, 0, 0, 0, 0, 0, 0, 0, 0, 0, 0, 0, 0, 0, 0, 0, 0, 0, 0, 0, 0, 0, 0, 0, 0, 0, 0, 0, 0, 0, 0, 0, 0, 0, 0, 0, 0, 0, 0, 0, 0, 0, 0, 0, 0, 0, 0, 0, 0, 0, 0, 0, 0, 0, 0, 0, 0, 0, 0, 0, 0, 0, 0, 0, 0, 0, 0, 0, 0, 0, 0, 0, 0, 0, 0, 0, 0, 0, 0, 0, 0, 0, 0, 0, 0, 0, 0, 0, 0, 0, 0, 0, 0, 0, 0, 0, 0, 0, 0, 0, 0, 0, 0, 0, 0, 0, 0, 0, 0, 0, 0, 0, 0, 0, 0, 0, 0, 0, 0, 0, 0, 0, 0, 0, 0, 0, 0, 0, 0, 0, 0, 0, 0, 0, 0, 0, 0, 0, 0, 0, 0, 0, 0, 0, 0, 0, 0, 0, 0, 0, 0, 0, 0, 0, 0, 0, 0, 0, 0, 0, 0, 0, 0, 0, 0, 0, 0, 0, 0, 0, 0, 0, 0, 0, 0, 0, 0, 0, 0, 0, 0, 0, 0, 0, 0, 0, 0, 0, 0, 0, 0, 0, 0, 0, 0, 0, 0, 0, 0, 0, 0, 0, 0, 0, 0, 0, 0, 0, 0, 0, 0, 0, 0, 0, 0, 0, 0, 0, 0, 0, 0, 0, 0, 0, 0, 0, 0, 0, 0, 0, 0, 0, 0, 0, 0, 0, 0, 0, 0, 0, 0, 0, 0, 0, 0, 0, 0, 0, 0, 0, 0, 0, 0, 0, 0, 0, 0, 0, 0, 0, 0, 0, 0, 0, 0, 0, 0, 0, 0, 0, 0, 0, 0, 0, 0, 0, 0, 0, 0, 0, 0, 0, 0, 0, 0, 0, 0, 0, 0, 0, 0, 0, 0, 0, 0, 0, 0, 0, 0, 0, 0, 0, 0, 0, 0, 0, 0, 0, 0, 0, 0, 0, 0, 0, 0, 0, 0, 0, 0, 0, 0, 0, 0, 0, 0, 0, 0, 0, 0, 0, 0, 0, 0, 0, 0, 0, 0, 0, 0, 0, 0, 0, 0, 0, 0, 0, 0, 0, 0, 0, 0, 0, 0, 0, 0, 0, 0, 0, 0, 0, 0, 0, 0, 0, 0, 0, 0, 0, 0, 0, 0, 0, 0, 0, 0, 0, 0, 0, 0, 0, 0, 0, 0, 0, 0, 0, 0, 0, 0, 0, 0, 0, 0, 0, 0, 0, 0, 0, 0, 0, 0, 0, 0, 0, 0, 0, 0, 0, 0, 0, 0, 0, 0, 0, 0, 0, 0, 0, 0, 0, 0, 0, 0, 0, 0, 0, 0, 0, 0, 0, 0, 0, 0, 0, 0, 0, 0, 0, 0, 0, 0, 0, 0, 0, 0, 0], objects=[], opacity=0.0, draworder=), Layer(width=0, height=0, name=, type=objectgroup, visible=false, x=0, y=0, data=[], objects=[com.almasb.fxgl.entity.level.tiled.TiledObject@2adb7d5b, com.almasb.fxgl.entity.level.tiled.TiledObject@31c0f70a, com.almasb.fxgl.entity.level.tiled.TiledObject@729ba69b, com.almasb.fxgl.entity.level.tiled.TiledObject@2a5ccf91, com.almasb.fxgl.entity.level.tiled.TiledObject@5b9c5e24, com.almasb.fxgl.entity.level.tiled.TiledObject@6d529afa, com.almasb.fxgl.entity.level.tiled.TiledObject@42d246b5, com.almasb.fxgl.entity.level.tiled.TiledObject@e3e2939, com.almasb.fxgl.entity.level.tiled.TiledObject@376a2ba4, com.almasb.fxgl.entity.level.tiled.TiledObject@4e16f2f9, com.almasb.fxgl.entity.level.tiled.TiledObject@1e21f260, com.almasb.fxgl.entity.level.tiled.TiledObject@6129777c, com.almasb.fxgl.entity.level.tiled.TiledObject@7f857f6, com.almasb.fxgl.entity.level.tiled.TiledObject@7e80ecca, com.almasb.fxgl.entity.level.tiled.TiledObject@6fa3b388, com.almasb.fxgl.entity.level.tiled.TiledObject@459bbb97, com.almasb.fxgl.entity.level.tiled.TiledObject@190335, com.almasb.fxgl.entity.level.tiled.TiledObject@79065940, com.almasb.fxgl.entity.level.tiled.TiledObject@b4b8a1b, com.almasb.fxgl.entity.level.tiled.TiledObject@1314dfe6, com.almasb.fxgl.entity.level.tiled.TiledObject@5bdc661a, com.almasb.fxgl.entity.level.tiled.TiledObject@10dbf878, com.almasb.fxgl.entity.level.tiled.TiledObject@4717a32a, com.almasb.fxgl.entity.level.tiled.TiledObject@72c9afc1, com.almasb.fxgl.entity.level.tiled.TiledObject@4a9dfb34, com.almasb.fxgl.entity.level.tiled.TiledObject@5cac227, com.almasb.fxgl.entity.level.tiled.TiledObject@7f3e2f47, com.almasb.fxgl.entity.level.tiled.TiledObject@40b630c6, com.almasb.fxgl.entity.level.tiled.TiledObject@65d727bf, com.almasb.fxgl.entity.level.tiled.TiledObject@36df0ad8], opacity=0.0, draworder=)], tilesets=[], backgroundcolor=, renderorder=right-down, nextobjectid=46, version=1, tiledversion=1.3.4, type=map, infinite=false, properties={}, propertytypes={})
03:07:33.142 [JavaFX Application Thread] DEBUG TMXLevelLoader       - Creating tile layer entities
03:07:33.143 [JavaFX Application Thread] DEBUG TilesetLoader        - Loading view for layer Kachelebene 1
03:07:33.145 [JavaFX Application Thread] DEBUG TilesetLoader        - Created buffer with size 1350.0x900.0
03:07:33.145 [JavaFX Application Thread] DEBUG TMXLevelLoader       - Creating object layer entities
03:07:33.152 [JavaFX Application Thread] DEBUG GameWorld            - Clearing removable entities
03:07:33.152 [JavaFX Application Thread] DEBUG GameWorld            - Setting level: com.almasb.fxgl.entity.level.Level@5c5524da
03:07:41.264 [JavaFX Application Thread] DEBUG MainWindow           - Pop state: DialogSubState
03:07:41.264 [JavaFX Application Thread] DEBUG Input                - Clearing active input actions
03:07:41.265 [JavaFX Application Thread] DEBUG Engine               - Removing overlay from DialogSubState and adding to GameScene
03:07:41.265 [JavaFX Application Thread] DEBUG MainWindow           - GameScene <- DialogSubState
03:07:45.324 [JavaFX Application Thread] DEBUG AssetLoader          - Loading from cache: /assets/sounds/smw_coin.wav
03:07:45.675 [JavaFX Application Thread] DEBUG AssetLoader          - Loading from cache: /assets/sounds/smw_coin.wav
03:07:45.868 [JavaFX Application Thread] DEBUG AssetLoader          - Loading from cache: /assets/sounds/smw_coin.wav
03:07:47.676 [JavaFX Application Thread] DEBUG AssetLoader          - Loading from cache: /assets/sounds/smw_coin.wav
03:07:48.524 [JavaFX Application Thread] DEBUG AssetLoader          - Loading from cache: /assets/sounds/smw_coin.wav
03:07:49.900 [JavaFX Application Thread] DEBUG AssetLoader          - Loading from cache: /assets/sounds/smw_coin.wav
03:07:50.476 [JavaFX Application Thread] DEBUG AssetLoader          - Loading from cache: /assets/sounds/smw_coin.wav
03:07:50.859 [JavaFX Application Thread] DEBUG AssetLoader          - Loading from cache: /assets/sounds/smw_coin.wav
03:07:51.308 [JavaFX Application Thread] DEBUG AssetLoader          - Loading from cache: /assets/sounds/smw_coin.wav
03:07:51.755 [JavaFX Application Thread] DEBUG AssetLoader          - Loading from cache: /assets/sounds/smw_coin.wav
03:07:52.060 [JavaFX Application Thread] DEBUG AssetLoader          - Loading from cache: /assets/sounds/smw_coin.wav
03:07:52.555 [JavaFX Application Thread] DEBUG AssetLoader          - Loading from cache: /assets/sounds/smw_coin.wav
03:07:54.652 [JavaFX Application Thread] DEBUG AssetLoader          - Loading from cache: /assets/sounds/smw_coin.wav
03:07:55.083 [JavaFX Application Thread] DEBUG AssetLoader          - Loading from cache: /assets/sounds/smw_coin.wav
03:07:56.123 [JavaFX Application Thread] DEBUG AssetLoader          - Loading from cache: /assets/sounds/smw_coin.wav
03:07:57.372 [JavaFX Application Thread] DEBUG AssetLoader          - Loading from cache: /assets/sounds/smw_coin.wav
03:07:57.852 [JavaFX Application Thread] DEBUG AssetLoader          - Loading from cache: /assets/sounds/smw_coin.wav
03:07:57.980 [JavaFX Application Thread] DEBUG AssetLoader          - Loading from cache: /assets/sounds/smw_coin.wav
03:07:58.492 [JavaFX Application Thread] DEBUG AssetLoader          - Loading from cache: /assets/sounds/smw_coin.wav
03:07:58.731 [JavaFX Application Thread] DEBUG AssetLoader          - Loading from cache: /assets/sounds/smw_coin.wav
03:07:58.731 [JavaFX Application Thread] DEBUG MainWindow           - Push state: DialogSubState
03:07:58.732 [JavaFX Application Thread] DEBUG Input                - Clearing active input actions
03:07:58.732 [JavaFX Application Thread] DEBUG Engine               - Removing overlay from GameScene and adding to DialogSubState
03:07:58.732 [JavaFX Application Thread] DEBUG MainWindow           - GameScene -> DialogSubState
03:07:59.681 [JavaFX Application Thread] DEBUG MainWindow           - Pop state: DialogSubState
03:07:59.682 [JavaFX Application Thread] DEBUG Input                - Clearing active input actions
03:07:59.682 [JavaFX Application Thread] DEBUG Engine               - Removing overlay from DialogSubState and adding to GameScene
03:07:59.682 [JavaFX Application Thread] DEBUG MainWindow           - GameScene <- DialogSubState
03:08:01.516 [JavaFX Application Thread] DEBUG MainWindow           - Push state: DialogSubState
03:08:01.516 [JavaFX Application Thread] DEBUG Input                - Clearing active input actions
03:08:01.517 [JavaFX Application Thread] DEBUG Engine               - Removing overlay from GameScene and adding to DialogSubState
03:08:01.517 [JavaFX Application Thread] DEBUG MainWindow           - GameScene -> DialogSubState
03:08:03.111 [JavaFX Application Thread] DEBUG MainWindow           - Pop state: DialogSubState
03:08:03.111 [JavaFX Application Thread] DEBUG Input                - Clearing active input actions
03:08:03.112 [JavaFX Application Thread] DEBUG Engine               - Removing overlay from DialogSubState and adding to GameScene
03:08:03.112 [JavaFX Application Thread] DEBUG MainWindow           - GameScene <- DialogSubState
03:08:03.113 [JavaFX Application Thread] DEBUG MainWindow           - Push state: DialogSubState
03:08:03.113 [JavaFX Application Thread] DEBUG Input                - Clearing active input actions
03:08:03.113 [JavaFX Application Thread] DEBUG Engine               - Removing overlay from GameScene and adding to DialogSubState
03:08:03.114 [JavaFX Application Thread] DEBUG MainWindow           - GameScene -> DialogSubState
03:08:03.114 [JavaFX Application Thread] DEBUG GameWorld            - Clearing game world
03:08:03.115 [JavaFX Application Thread] DEBUG AssetLoader          - Loading from file system: /assets/levels/Map/unbenannt.tmx
03:08:03.117 [JavaFX Application Thread] WARN  TMXLevelLoader       - TiledMap generated from 1.3.4. Supported version: 1.2.3. Some features may not be parsed fully.
03:08:03.121 [JavaFX Application Thread] DEBUG TMXLevelLoader       - Parsed raw map: TiledMap(width=45, height=30, tilewidth=30, tileheight=30, orientation=orthogonal, layers=[Layer(width=45, height=30, name=Kachelebene 1, type=tilelayer, visible=false, x=0, y=0, data=[0, 0, 0, 0, 0, 0, 0, 0, 0, 0, 0, 0, 0, 0, 0, 0, 0, 0, 0, 0, 0, 0, 0, 0, 0, 0, 0, 0, 0, 0, 0, 0, 0, 0, 0, 0, 0, 0, 0, 0, 0, 0, 0, 0, 0, 0, 0, 0, 0, 0, 0, 0, 0, 0, 0, 0, 0, 0, 0, 0, 0, 0, 0, 0, 0, 0, 0, 0, 0, 0, 0, 0, 0, 0, 0, 0, 0, 0, 0, 0, 0, 0, 0, 0, 0, 0, 0, 0, 0, 0, 0, 0, 0, 0, 0, 0, 0, 0, 0, 0, 0, 0, 0, 0, 0, 0, 0, 0, 0, 0, 0, 0, 0, 0, 0, 0, 0, 0, 0, 0, 0, 0, 0, 0, 0, 0, 0, 0, 0, 0, 0, 0, 0, 0, 0, 0, 0, 0, 0, 0, 0, 0, 0, 0, 0, 0, 0, 0, 0, 0, 0, 0, 0, 0, 0, 0, 0, 0, 0, 0, 0, 0, 0, 0, 0, 0, 0, 0, 0, 0, 0, 0, 0, 0, 0, 0, 0, 0, 0, 0, 0, 0, 0, 0, 0, 0, 0, 0, 0, 0, 0, 0, 0, 0, 0, 0, 0, 0, 0, 0, 0, 0, 0, 0, 0, 0, 0, 0, 0, 0, 0, 0, 0, 0, 0, 0, 0, 0, 0, 0, 0, 0, 0, 0, 0, 0, 0, 0, 0, 0, 0, 0, 0, 0, 0, 0, 0, 0, 0, 0, 0, 0, 0, 0, 0, 0, 0, 0, 0, 0, 0, 0, 0, 0, 0, 0, 0, 0, 0, 0, 0, 0, 0, 0, 0, 0, 0, 0, 0, 0, 0, 0, 0, 0, 0, 0, 0, 0, 0, 0, 0, 0, 0, 0, 0, 0, 0, 0, 0, 0, 0, 0, 0, 0, 0, 0, 0, 0, 0, 0, 0, 0, 0, 0, 0, 0, 0, 0, 0, 0, 0, 0, 0, 0, 0, 0, 0, 0, 0, 0, 0, 0, 0, 0, 0, 0, 0, 0, 0, 0, 0, 0, 0, 0, 0, 0, 0, 0, 0, 0, 0, 0, 0, 0, 0, 0, 0, 0, 0, 0, 0, 0, 0, 0, 0, 0, 0, 0, 0, 0, 0, 0, 0, 0, 0, 0, 0, 0, 0, 0, 0, 0, 0, 0, 0, 0, 0, 0, 0, 0, 0, 0, 0, 0, 0, 0, 0, 0, 0, 0, 0, 0, 0, 0, 0, 0, 0, 0, 0, 0, 0, 0, 0, 0, 0, 0, 0, 0, 0, 0, 0, 0, 0, 0, 0, 0, 0, 0, 0, 0, 0, 0, 0, 0, 0, 0, 0, 0, 0, 0, 0, 0, 0, 0, 0, 0, 0, 0, 0, 0, 0, 0, 0, 0, 0, 0, 0, 0, 0, 0, 0, 0, 0, 0, 0, 0, 0, 0, 0, 0, 0, 0, 0, 0, 0, 0, 0, 0, 0, 0, 0, 0, 0, 0, 0, 0, 0, 0, 0, 0, 0, 0, 0, 0, 0, 0, 0, 0, 0, 0, 0, 0, 0, 0, 0, 0, 0, 0, 0, 0, 0, 0, 0, 0, 0, 0, 0, 0, 0, 0, 0, 0, 0, 0, 0, 0, 0, 0, 0, 0, 0, 0, 0, 0, 0, 0, 0, 0, 0, 0, 0, 0, 0, 0, 0, 0, 0, 0, 0, 0, 0, 0, 0, 0, 0, 0, 0, 0, 0, 0, 0, 0, 0, 0, 0, 0, 0, 0, 0, 0, 0, 0, 0, 0, 0, 0, 0, 0, 0, 0, 0, 0, 0, 0, 0, 0, 0, 0, 0, 0, 0, 0, 0, 0, 0, 0, 0, 0, 0, 0, 0, 0, 0, 0, 0, 0, 0, 0, 0, 0, 0, 0, 0, 0, 0, 0, 0, 0, 0, 0, 0, 0, 0, 0, 0, 0, 0, 0, 0, 0, 0, 0, 0, 0, 0, 0, 0, 0, 0, 0, 0, 0, 0, 0, 0, 0, 0, 0, 0, 0, 0, 0, 0, 0, 0, 0, 0, 0, 0, 0, 0, 0, 0, 0, 0, 0, 0, 0, 0, 0, 0, 0, 0, 0, 0, 0, 0, 0, 0, 0, 0, 0, 0, 0, 0, 0, 0, 0, 0, 0, 0, 0, 0, 0, 0, 0, 0, 0, 0, 0, 0, 0, 0, 0, 0, 0, 0, 0, 0, 0, 0, 0, 0, 0, 0, 0, 0, 0, 0, 0, 0, 0, 0, 0, 0, 0, 0, 0, 0, 0, 0, 0, 0, 0, 0, 0, 0, 0, 0, 0, 0, 0, 0, 0, 0, 0, 0, 0, 0, 0, 0, 0, 0, 0, 0, 0, 0, 0, 0, 0, 0, 0, 0, 0, 0, 0, 0, 0, 0, 0, 0, 0, 0, 0, 0, 0, 0, 0, 0, 0, 0, 0, 0, 0, 0, 0, 0, 0, 0, 0, 0, 0, 0, 0, 0, 0, 0, 0, 0, 0, 0, 0, 0, 0, 0, 0, 0, 0, 0, 0, 0, 0, 0, 0, 0, 0, 0, 0, 0, 0, 0, 0, 0, 0, 0, 0, 0, 0, 0, 0, 0, 0, 0, 0, 0, 0, 0, 0, 0, 0, 0, 0, 0, 0, 0, 0, 0, 0, 0, 0, 0, 0, 0, 0, 0, 0, 0, 0, 0, 0, 0, 0, 0, 0, 0, 0, 0, 0, 0, 0, 0, 0, 0, 0, 0, 0, 0, 0, 0, 0, 0, 0, 0, 0, 0, 0, 0, 0, 0, 0, 0, 0, 0, 0, 0, 0, 0, 0, 0, 0, 0, 0, 0, 0, 0, 0, 0, 0, 0, 0, 0, 0, 0, 0, 0, 0, 0, 0, 0, 0, 0, 0, 0, 0, 0, 0, 0, 0, 0, 0, 0, 0, 0, 0, 0, 0, 0, 0, 0, 0, 0, 0, 0, 0, 0, 0, 0, 0, 0, 0, 0, 0, 0, 0, 0, 0, 0, 0, 0, 0, 0, 0, 0, 0, 0, 0, 0, 0, 0, 0, 0, 0, 0, 0, 0, 0, 0, 0, 0, 0, 0, 0, 0, 0, 0, 0, 0, 0, 0, 0, 0, 0, 0, 0, 0, 0, 0, 0, 0, 0, 0, 0, 0, 0, 0, 0, 0, 0, 0, 0, 0, 0, 0, 0, 0, 0, 0, 0, 0, 0, 0, 0, 0, 0, 0, 0, 0, 0, 0, 0, 0, 0, 0, 0, 0, 0, 0, 0, 0, 0, 0, 0, 0, 0, 0, 0, 0, 0, 0, 0, 0, 0, 0, 0, 0, 0, 0, 0, 0, 0, 0, 0, 0, 0, 0, 0, 0, 0, 0, 0, 0, 0, 0, 0, 0, 0, 0, 0, 0, 0, 0, 0, 0, 0, 0, 0, 0, 0, 0, 0, 0, 0, 0, 0, 0, 0, 0, 0, 0, 0, 0, 0, 0, 0, 0, 0, 0, 0, 0, 0, 0, 0, 0, 0, 0, 0, 0, 0, 0, 0, 0, 0, 0, 0, 0, 0, 0, 0, 0, 0, 0, 0, 0, 0, 0, 0, 0, 0, 0, 0, 0, 0, 0, 0, 0, 0, 0, 0, 0, 0, 0, 0, 0, 0, 0, 0, 0, 0, 0, 0, 0, 0, 0, 0, 0, 0, 0, 0, 0, 0, 0, 0, 0, 0, 0, 0, 0, 0, 0, 0, 0, 0, 0, 0, 0, 0, 0, 0, 0, 0, 0, 0, 0, 0, 0, 0, 0, 0, 0, 0, 0, 0, 0, 0, 0, 0, 0, 0, 0, 0, 0, 0, 0, 0, 0, 0, 0, 0, 0, 0, 0, 0, 0, 0, 0, 0, 0, 0, 0, 0, 0, 0, 0, 0, 0, 0, 0, 0, 0, 0, 0, 0, 0, 0, 0, 0, 0, 0, 0, 0, 0, 0, 0, 0, 0, 0, 0, 0, 0, 0, 0, 0, 0, 0, 0, 0, 0, 0, 0, 0, 0, 0, 0, 0, 0, 0, 0, 0, 0, 0, 0, 0, 0, 0, 0, 0, 0, 0, 0, 0, 0, 0, 0, 0, 0, 0, 0, 0, 0, 0, 0, 0, 0, 0, 0, 0, 0, 0, 0, 0, 0, 0, 0, 0, 0, 0, 0, 0, 0, 0, 0, 0, 0, 0, 0, 0, 0, 0, 0, 0, 0, 0, 0, 0, 0, 0, 0, 0, 0, 0, 0, 0, 0, 0, 0, 0, 0, 0, 0, 0, 0, 0, 0, 0, 0, 0, 0, 0, 0, 0], objects=[], opacity=0.0, draworder=), Layer(width=0, height=0, name=, type=objectgroup, visible=false, x=0, y=0, data=[], objects=[com.almasb.fxgl.entity.level.tiled.TiledObject@2356410c, com.almasb.fxgl.entity.level.tiled.TiledObject@1fa359b2, com.almasb.fxgl.entity.level.tiled.TiledObject@a91decb, com.almasb.fxgl.entity.level.tiled.TiledObject@25663d26, com.almasb.fxgl.entity.level.tiled.TiledObject@342946a7, com.almasb.fxgl.entity.level.tiled.TiledObject@31c2e759, com.almasb.fxgl.entity.level.tiled.TiledObject@3521102c, com.almasb.fxgl.entity.level.tiled.TiledObject@21ba94a3, com.almasb.fxgl.entity.level.tiled.TiledObject@5fd8f24d, com.almasb.fxgl.entity.level.tiled.TiledObject@79862ec0, com.almasb.fxgl.entity.level.tiled.TiledObject@441be1ac, com.almasb.fxgl.entity.level.tiled.TiledObject@31f16a00, com.almasb.fxgl.entity.level.tiled.TiledObject@2923bce9, com.almasb.fxgl.entity.level.tiled.TiledObject@611b7723, com.almasb.fxgl.entity.level.tiled.TiledObject@7a16ec2d, com.almasb.fxgl.entity.level.tiled.TiledObject@400d2805, com.almasb.fxgl.entity.level.tiled.TiledObject@747d0019, com.almasb.fxgl.entity.level.tiled.TiledObject@4e65c3da, com.almasb.fxgl.entity.level.tiled.TiledObject@3df29bf, com.almasb.fxgl.entity.level.tiled.TiledObject@2a3b64c1, com.almasb.fxgl.entity.level.tiled.TiledObject@36dac457, com.almasb.fxgl.entity.level.tiled.TiledObject@5641aa45, com.almasb.fxgl.entity.level.tiled.TiledObject@2c29f3e3, com.almasb.fxgl.entity.level.tiled.TiledObject@5d4587cb, com.almasb.fxgl.entity.level.tiled.TiledObject@3d5d0848, com.almasb.fxgl.entity.level.tiled.TiledObject@66958e24, com.almasb.fxgl.entity.level.tiled.TiledObject@540dffe, com.almasb.fxgl.entity.level.tiled.TiledObject@744a7b42, com.almasb.fxgl.entity.level.tiled.TiledObject@210022cb, com.almasb.fxgl.entity.level.tiled.TiledObject@6b2e6c61], opacity=0.0, draworder=)], tilesets=[], backgroundcolor=, renderorder=right-down, nextobjectid=46, version=1, tiledversion=1.3.4, type=map, infinite=false, properties={}, propertytypes={})
03:08:03.121 [JavaFX Application Thread] DEBUG TMXLevelLoader       - Creating tile layer entities
03:08:03.121 [JavaFX Application Thread] DEBUG TilesetLoader        - Loading view for layer Kachelebene 1
03:08:03.122 [JavaFX Application Thread] DEBUG TilesetLoader        - Created buffer with size 1350.0x900.0
03:08:03.122 [JavaFX Application Thread] DEBUG TMXLevelLoader       - Creating object layer entities
03:08:03.130 [JavaFX Application Thread] DEBUG GameWorld            - Clearing removable entities
03:08:03.130 [JavaFX Application Thread] DEBUG GameWorld            - Setting level: com.almasb.fxgl.entity.level.Level@40fa15f
03:08:11.536 [JavaFX Application Thread] DEBUG MainWindow           - Pop state: DialogSubState
03:08:11.536 [JavaFX Application Thread] DEBUG Input                - Clearing active input actions
03:08:11.536 [JavaFX Application Thread] DEBUG Engine               - Removing overlay from DialogSubState and adding to GameScene
03:08:11.536 [JavaFX Application Thread] DEBUG MainWindow           - GameScene <- DialogSubState
03:08:12.633 [JavaFX Application Thread] DEBUG Engine               - Exiting FXGL
03:08:12.633 [JavaFX Application Thread] DEBUG Engine               - Shutting down background threads
03:08:12.634 [JavaFX Application Thread] DEBUG Engine               - Saving FXGL system data
03:08:12.636 [JavaFX Application Thread] DEBUG FSServiceImpl        - Writing to: G:\Desk\Projects\FXGLPlatformer\system\fxgl.bundle
03:08:12.637 [JavaFX Application Thread] DEBUG Engine               - Closing logger and exiting JavaFX
