16:23:53.293 [main                     ] DEBUG GameApplication      - Logger initialized
16:23:53.315 [main                     ] DEBUG GameApplication      - Logging settings
Title: JumpToBeat-Demo
Version: 0.1
Width: 1050
Height: 700
Fullscreen: false
Intro: false
Menus: false
Profiling: false
Single step:false
App Mode: DEVELOPER
Menu Key: ESCAPE
Stage Style: DECORATED
Scene Factory: class com.almasb.fxgl.app.SceneFactory
Dialog Factory: class com.almasb.fxgl.ui.FXGLDialogFactory
UI Factory: class com.almasb.fxgl.ui.FXGLUIFactory

16:23:53.820 [JavaFX Application Thread] DEBUG Engine               - Initializing FXGL
16:23:53.821 [JavaFX Application Thread] INFO  Engine               - FXGL-11.7 (05.01.2020 09.37) on WINDOWS (J:11.0.5 FX:12.0.1)
16:23:53.821 [JavaFX Application Thread] INFO  Engine               - Source code and latest versions at: https://github.com/AlmasB/FXGL
16:23:53.821 [JavaFX Application Thread] INFO  Engine               -              Join the FXGL chat at: https://gitter.im/AlmasB/FXGL
16:23:53.822 [JavaFX Application Thread] DEBUG Engine               - Initializing environment variables
16:23:53.824 [JavaFX Application Thread] DEBUG Engine               - Logging environment variables
16:23:53.824 [JavaFX Application Thread] DEBUG Engine               - achievements: []
16:23:53.825 [JavaFX Application Thread] DEBUG Engine               - sceneStack: com.almasb.fxgl.app.Engine@52452e44
16:23:53.825 [JavaFX Application Thread] DEBUG Engine               - language: ObjectProperty [value: ENGLISH]
16:23:53.825 [JavaFX Application Thread] DEBUG Engine               - isCloseConfirmation: false
16:23:53.825 [JavaFX Application Thread] DEBUG Engine               - isProfilingEnabled: false
16:23:53.825 [JavaFX Application Thread] DEBUG Engine               - soundNotification: core/notification.wav
16:23:53.825 [JavaFX Application Thread] DEBUG Engine               - devShowBBoxProperty: BooleanProperty [value: false]
16:23:53.826 [JavaFX Application Thread] DEBUG Engine               - pixelsPerMeter: 50.0
16:23:53.826 [JavaFX Application Thread] DEBUG Engine               - overlayRoot: Group@4278fac2
16:23:53.827 [JavaFX Application Thread] DEBUG Engine               - appIcon: fxgl_icon.png
16:23:53.827 [JavaFX Application Thread] DEBUG Engine               - soundMenuBack: menu/back.wav
16:23:53.827 [JavaFX Application Thread] DEBUG Engine               - isFullScreenAllowed: false
16:23:53.827 [JavaFX Application Thread] DEBUG Engine               - isIntroEnabled: false
16:23:53.827 [JavaFX Application Thread] DEBUG Engine               - eventBus: com.almasb.fxgl.event.EventBus@631d443e
16:23:53.827 [JavaFX Application Thread] DEBUG Engine               - fontMono: lucida_console.ttf
16:23:53.827 [JavaFX Application Thread] DEBUG Engine               - soundMenuSelect: menu/select.wav
16:23:53.827 [JavaFX Application Thread] DEBUG Engine               - isWindows: true
16:23:53.827 [JavaFX Application Thread] DEBUG Engine               - isMobile: false
16:23:53.828 [JavaFX Application Thread] DEBUG Engine               - height: 700
16:23:53.828 [JavaFX Application Thread] DEBUG Engine               - isExperimentalNative: false
16:23:53.828 [JavaFX Application Thread] DEBUG Engine               - isSingleStep: false
16:23:53.828 [JavaFX Application Thread] DEBUG Engine               - cSSList: [fxgl_dark.css]
16:23:53.828 [JavaFX Application Thread] DEBUG Engine               - fontGame: Abel-Regular.ttf
16:23:53.828 [JavaFX Application Thread] DEBUG Engine               - menuKey: ESCAPE
16:23:53.828 [JavaFX Application Thread] DEBUG Engine               - devShowPositionProperty: BooleanProperty [value: false]
16:23:53.828 [JavaFX Application Thread] DEBUG Engine               - versionCheckDays: 7
16:23:53.828 [JavaFX Application Thread] DEBUG Engine               - masterTimer: com.almasb.fxgl.time.Timer@18517117
16:23:53.829 [JavaFX Application Thread] DEBUG Engine               - configClass: Optional.empty
16:23:53.829 [JavaFX Application Thread] DEBUG Engine               - isFullScreenFromStart: false
16:23:53.829 [JavaFX Application Thread] DEBUG Engine               - version: 0.1
16:23:53.829 [JavaFX Application Thread] DEBUG Engine               - fullScreen: BooleanProperty [value: false]
16:23:53.829 [JavaFX Application Thread] DEBUG Engine               - randomSeed: -1
16:23:53.829 [JavaFX Application Thread] DEBUG Engine               - dialogFactory: com.almasb.fxgl.ui.FXGLDialogFactory@4beb24d6
16:23:53.829 [JavaFX Application Thread] DEBUG Engine               - applicationMode: DEVELOPER
16:23:53.829 [JavaFX Application Thread] DEBUG Engine               - isMac: false
16:23:53.829 [JavaFX Application Thread] DEBUG Engine               - urlGoogleForms: https://goo.gl/forms/6wrMnOBxTE1fEpOy2
16:23:53.829 [JavaFX Application Thread] DEBUG Engine               - isMenuEnabled: false
16:23:53.830 [JavaFX Application Thread] DEBUG Engine               - urlPOM: https://raw.githubusercontent.com/AlmasB/FXGL/master/pom.xml
16:23:53.830 [JavaFX Application Thread] DEBUG Engine               - profileName: user.profile
16:23:53.830 [JavaFX Application Thread] DEBUG Engine               - notificationViewClass: class com.almasb.fxgl.notification.view.XboxNotificationView
16:23:53.830 [JavaFX Application Thread] DEBUG Engine               - devSensorColorProperty: ObjectProperty [value: 0xffff00ff]
16:23:53.830 [JavaFX Application Thread] DEBUG Engine               - sceneFactory: com.almasb.fxgl.app.SceneFactory@4ec07983
16:23:53.830 [JavaFX Application Thread] DEBUG Engine               - dataFileExt: .dat
16:23:53.830 [JavaFX Application Thread] DEBUG Engine               - stageStyle: DECORATED
16:23:53.830 [JavaFX Application Thread] DEBUG Engine               - isManualResizeEnabled: false
16:23:53.830 [JavaFX Application Thread] DEBUG Engine               - title: JumpToBeat-Demo
16:23:53.830 [JavaFX Application Thread] DEBUG Engine               - platform: WINDOWS
16:23:53.830 [JavaFX Application Thread] DEBUG Engine               - devBBoxColorProperty: ObjectProperty [value: 0xff0000ff]
16:23:53.831 [JavaFX Application Thread] DEBUG Engine               - isDesktop: true
16:23:53.831 [JavaFX Application Thread] DEBUG Engine               - credits: []
16:23:53.831 [JavaFX Application Thread] DEBUG Engine               - globalMusicVolumeProperty: DoubleProperty [value: 0.5]
16:23:53.831 [JavaFX Application Thread] DEBUG Engine               - uIFactory: com.almasb.fxgl.ui.FXGLUIFactory@4775f8d1
16:23:53.831 [JavaFX Application Thread] DEBUG Engine               - isPreserveResizeRatio: false
16:23:53.831 [JavaFX Application Thread] DEBUG Engine               - fontText: Courier-Prime.ttf
16:23:53.831 [JavaFX Application Thread] DEBUG Engine               - isExperimentalTiledLargeMap: false
16:23:53.831 [JavaFX Application Thread] DEBUG Engine               - secondsIn24h: 60
16:23:53.831 [JavaFX Application Thread] DEBUG Engine               - runtimeInfo: RuntimeInfo(platform=WINDOWS, version=11.7, build=05.01.2020 09.37)
16:23:53.831 [JavaFX Application Thread] DEBUG Engine               - isLinux: false
16:23:53.832 [JavaFX Application Thread] DEBUG Engine               - soundMenuPress: menu/press.wav
16:23:53.832 [JavaFX Application Thread] DEBUG Engine               - urlGithub: https://github.com/AlmasB/FXGL
16:23:53.832 [JavaFX Application Thread] DEBUG Engine               - profileDir: profiles/
16:23:53.832 [JavaFX Application Thread] DEBUG Engine               - isDeveloperMenuEnabled: false
16:23:53.832 [JavaFX Application Thread] DEBUG Engine               - globalSoundVolumeProperty: DoubleProperty [value: 0.5]
16:23:53.832 [JavaFX Application Thread] DEBUG Engine               - isBrowser: false
16:23:53.832 [JavaFX Application Thread] DEBUG Engine               - globalSoundVolume: 0.5
16:23:53.832 [JavaFX Application Thread] DEBUG Engine               - urlLeaderboard: http://fxgl-top.herokuapp.com/
16:23:53.832 [JavaFX Application Thread] DEBUG Engine               - saveDir: saves/
16:23:53.832 [JavaFX Application Thread] DEBUG Engine               - engineServices: [class com.almasb.fxgl.audio.AudioPlayer, class com.almasb.fxgl.notification.impl.NotificationServiceProvider, class com.almasb.fxgl.achievement.AchievementManager, class com.almasb.fxgl.cutscene.CutsceneService, class com.almasb.fxgl.minigames.MiniGameService]
16:23:53.832 [JavaFX Application Thread] DEBUG Engine               - globalMusicVolume: 0.5
16:23:53.832 [JavaFX Application Thread] DEBUG Engine               - width: 1050
16:23:53.832 [JavaFX Application Thread] DEBUG Engine               - saveFileExt: .sav
16:23:53.832 [JavaFX Application Thread] DEBUG Engine               - isAndroid: false
16:23:53.833 [JavaFX Application Thread] DEBUG Engine               - fontUI: VarelaRound-Regular.ttf
16:23:53.833 [JavaFX Application Thread] DEBUG Engine               - enabledMenuItems: []
16:23:53.833 [JavaFX Application Thread] DEBUG Engine               - isIOS: false
16:23:53.835 [JavaFX Application Thread] DEBUG Engine               - Adding new engine service: class com.almasb.fxgl.audio.AudioPlayer
16:23:53.836 [JavaFX Application Thread] DEBUG Engine               - Adding new engine service: class com.almasb.fxgl.notification.impl.NotificationServiceProvider
16:23:53.836 [JavaFX Application Thread] DEBUG Engine               - Adding new engine service: class com.almasb.fxgl.achievement.AchievementManager
16:23:53.837 [JavaFX Application Thread] DEBUG Engine               - Adding new engine service: class com.almasb.fxgl.cutscene.CutsceneService
16:23:53.837 [JavaFX Application Thread] DEBUG Engine               - Adding new engine service: class com.almasb.fxgl.minigames.MiniGameService
16:23:53.841 [JavaFX Application Thread] DEBUG Engine               - Loading localizations
16:23:53.843 [JavaFX Application Thread] DEBUG AssetLoader          - Loading from file system: /assets/properties/languages/english.properties
16:23:53.845 [JavaFX Application Thread] DEBUG AssetLoader          - Loading from file system: /assets/properties/languages/french.properties
16:23:53.847 [JavaFX Application Thread] DEBUG AssetLoader          - Loading from file system: /assets/properties/languages/german.properties
16:23:53.848 [JavaFX Application Thread] DEBUG AssetLoader          - Loading from file system: /assets/properties/languages/russian.properties
16:23:53.849 [JavaFX Application Thread] DEBUG AssetLoader          - Loading from file system: /assets/properties/languages/hungarian.properties
16:23:53.851 [JavaFX Application Thread] DEBUG Engine               - Registering font factories
16:23:53.851 [JavaFX Application Thread] DEBUG AssetLoader          - Loading from file system: /assets/ui/fonts/VarelaRound-Regular.ttf
16:23:54.013 [JavaFX Application Thread] DEBUG AssetLoader          - Loading from file system: /assets/ui/fonts/Abel-Regular.ttf
16:23:54.016 [JavaFX Application Thread] DEBUG AssetLoader          - Loading from file system: /assets/ui/fonts/lucida_console.ttf
16:23:54.021 [JavaFX Application Thread] DEBUG AssetLoader          - Loading from file system: /assets/ui/fonts/Courier-Prime.ttf
16:23:54.025 [JavaFX Application Thread] DEBUG Engine               - Setting UI factory
16:23:54.115 [JavaFX Application Thread] DEBUG AssetLoader          - Loading from file system: /assets/textures/fxgl_logo.png
16:23:54.172 [JavaFX Application Thread] DEBUG MainWindow           - Creating a JavaFX scene
16:23:54.215 [JavaFX Application Thread] DEBUG MainWindow           - Target settings size: 1050.0 x 700.0
16:23:54.216 [JavaFX Application Thread] DEBUG MainWindow           - Scaled scene size:    1050.0 x 700.0
16:23:54.216 [JavaFX Application Thread] DEBUG MainWindow           - Scaled ratio: (1.0, 1.0)
16:23:54.217 [JavaFX Application Thread] DEBUG MainWindow           - Set initial scene to FXGLStartupScene
16:23:54.224 [JavaFX Application Thread] DEBUG AssetLoader          - Loading from file system: /assets/textures/fxgl_icon.png
16:23:54.236 [JavaFX Application Thread] DEBUG Engine               - Applying CSS: fxgl_dark.css
16:23:54.237 [JavaFX Application Thread] DEBUG AssetLoader          - Loading from file system: /assets/ui/css/fxgl_dark.css
16:23:54.240 [JavaFX Application Thread] DEBUG AssetLoader          - Loading from file system: /assets/ui/cursors/fxgl_default.png
16:23:54.242 [JavaFX Application Thread] DEBUG MainWindow           - Opening main window
16:23:54.383 [JavaFX Application Thread] DEBUG MainWindow           - Window border size: (16.0, 39.0)
16:23:54.383 [JavaFX Application Thread] DEBUG MainWindow           - Scaled size: 1050.0 x 700.0
16:23:54.383 [JavaFX Application Thread] DEBUG MainWindow           - Scaled ratio: (1.0, 1.0)
16:23:54.384 [JavaFX Application Thread] DEBUG MainWindow           - Scene size: 1050.0 x 700.0
16:23:54.384 [JavaFX Application Thread] DEBUG MainWindow           - Stage size: 1066.0 x 739.0
16:23:54.432 [FXGL Background Thread 1 ] DEBUG FS                   - Loaded FSServiceImpl
16:23:54.432 [FXGL Background Thread 1 ] DEBUG Engine               - Loading FXGL system data
16:23:54.437 [FXGL Background Thread 1 ] DEBUG FSServiceImpl        - Reading from: G:\Desk\Projects\FXGLPlatformer\system\fxgl.bundle
16:23:54.456 [FXGL Background Thread 1 ] DEBUG Engine               - Bundle FXGL: {}
16:23:54.456 [FXGL Background Thread 1 ] DEBUG Engine               - Initializing application scenes
16:23:54.482 [FXGL Background Thread 1 ] DEBUG GameWorld            - Game world initialized
16:23:54.532 [FXGL Background Thread 1 ] DEBUG PhysicsWorld         - Physics world initialized: appHeight=700, physics.ppm=50.0
16:23:54.536 [FXGL Background Thread 1 ] DEBUG GameScene            - Game scene initialized: 1050x700
16:23:54.569 [FXGL Background Thread 1 ] DEBUG Input                - Registered new binding: Resume - Esc
16:23:54.569 [FXGL Background Thread 1 ] DEBUG AssetLoader          - Loading from file system: /assets/textures/pause_menu_bg.png
16:23:54.598 [FXGL Background Thread 1 ] DEBUG Input                - Registered new binding: Pause - Esc
16:23:54.598 [FXGL Background Thread 1 ] DEBUG Engine               - Application scenes initialized
16:23:54.601 [JavaFX Application Thread] DEBUG Engine               - Running preInit()
16:23:54.601 [JavaFX Application Thread] DEBUG Input                - Registered new binding: Right - D
16:23:54.601 [JavaFX Application Thread] DEBUG Input                - Registered new binding: Left - A
16:23:54.601 [JavaFX Application Thread] DEBUG Input                - Registered new binding: Jump - Space
16:23:54.601 [JavaFX Application Thread] DEBUG Input                - Registered new binding: Play Sound - F
16:23:54.602 [JavaFX Application Thread] DEBUG Input                - Registered new binding: Screenshot - P
16:23:54.602 [JavaFX Application Thread] DEBUG Input                - Registered new binding: System info dump - CTRL+9
16:23:54.602 [JavaFX Application Thread] DEBUG Input                - Registered new binding: Restart - CTRL+R
16:23:54.603 [JavaFX Application Thread] DEBUG Engine               - generateDefaultProfile()
16:23:54.603 [JavaFX Application Thread] DEBUG Engine               - Creating default profile
16:23:54.603 [JavaFX Application Thread] DEBUG EventBus             - Firing event: SaveEvent
16:23:54.613 [JavaFX Application Thread] INFO  Engine               - FXGL initialization took: 0.773 sec
16:23:54.613 [JavaFX Application Thread] DEBUG LoopRunner           - Starting loop
16:23:54.635 [JavaFX Application Thread] DEBUG FXGLStartupScene     - STARTUP
16:23:54.635 [JavaFX Application Thread] DEBUG Engine               - Starting new game
16:23:54.642 [JavaFX Application Thread] DEBUG Input                - Clearing active input actions
16:23:54.642 [FXGL Background Thread 1 ] DEBUG InitAppTask          - Clearing previous game
16:23:54.642 [FXGL Background Thread 1 ] DEBUG GameWorld            - Clearing game world
16:23:54.642 [FXGL Background Thread 1 ] DEBUG PhysicsWorld         - Clearing physics world
16:23:54.642 [FXGL Background Thread 1 ] DEBUG GameScene            - Clearing game scene
16:23:54.642 [FXGL Background Thread 1 ] DEBUG InitAppTask          - Initializing Game
16:23:54.652 [JavaFX Application Thread] DEBUG Engine               - Removing overlay from FXGLStartupScene and adding to LoadingScene
16:23:54.652 [JavaFX Application Thread] DEBUG MainWindow           - FXGLStartupScene -> LoadingScene
16:23:54.656 [FXGL Background Thread 1 ] DEBUG AssetLoader          - Loading from file system: /assets/levels/TestLevel.tmx
16:23:54.682 [FXGL Background Thread 1 ] WARN  TMXLevelLoader       - TiledMap generated from 1.3.4. Supported version: 1.2.3. Some features may not be parsed fully.
16:23:54.707 [FXGL Background Thread 1 ] DEBUG TMXLevelLoader       - Parsed raw map: TiledMap(width=15, height=10, tilewidth=64, tileheight=64, orientation=orthogonal, layers=[Layer(width=15, height=10, name=Kachelebene 1, type=tilelayer, visible=false, x=0, y=0, data=[4, 25, 25, 25, 25, 25, 25, 25, 25, 25, 25, 25, 25, 25, 5, 27, 0, 0, 0, 0, 0, 0, 0, 0, 0, 0, 0, 0, 0, 26, 27, 0, 0, 0, 0, 0, 0, 0, 0, 0, 0, 0, 0, 0, 26, 27, 0, 0, 0, 0, 0, 0, 0, 0, 0, 0, 0, 0, 0, 26, 27, 0, 0, 0, 0, 0, 0, 0, 0, 0, 0, 0, 0, 0, 26, 27, 0, 0, 0, 0, 0, 0, 0, 0, 0, 37, 38, 38, 39, 26, 27, 0, 0, 0, 0, 0, 0, 37, 38, 39, 0, 0, 0, 0, 26, 27, 0, 0, 37, 38, 39, 0, 0, 0, 0, 0, 0, 0, 0, 26, 27, 0, 0, 0, 0, 0, 0, 0, 0, 0, 0, 0, 0, 0, 26, 16, 1, 1, 1, 1, 1, 1, 1, 1, 1, 1, 1, 1, 1, 17], objects=[], opacity=0.0, draworder=), Layer(width=0, height=0, name=Objektebene 1, type=objectgroup, visible=false, x=0, y=0, data=[], objects=[com.almasb.fxgl.entity.level.tiled.TiledObject@32c38571, com.almasb.fxgl.entity.level.tiled.TiledObject@4a9a70aa, com.almasb.fxgl.entity.level.tiled.TiledObject@b8d7ec5, com.almasb.fxgl.entity.level.tiled.TiledObject@34792abe, com.almasb.fxgl.entity.level.tiled.TiledObject@1abfd94d, com.almasb.fxgl.entity.level.tiled.TiledObject@339f590, com.almasb.fxgl.entity.level.tiled.TiledObject@6322d864, com.almasb.fxgl.entity.level.tiled.TiledObject@1e732264, com.almasb.fxgl.entity.level.tiled.TiledObject@7a62e556, com.almasb.fxgl.entity.level.tiled.TiledObject@363b0aff, com.almasb.fxgl.entity.level.tiled.TiledObject@43af05a4, com.almasb.fxgl.entity.level.tiled.TiledObject@44487fb7], opacity=0.0, draworder=)], tilesets=[Tileset(firstgid=1, image=C:/Users/Jordan/Desktop/forest.png, name=Forrest, tilewidth=64, tileheight=64, imagewidth=768, imageheight=256, margin=0, spacing=0, columns=12, tilecount=48, transparentcolor=)], backgroundcolor=, renderorder=right-down, nextobjectid=31, version=1, tiledversion=1.3.4, type=map, infinite=false, properties={}, propertytypes={})
16:23:54.710 [FXGL Background Thread 1 ] DEBUG TMXLevelLoader       - Creating tile layer entities
16:23:54.711 [FXGL Background Thread 1 ] DEBUG TilesetLoader        - Loading view for layer Kachelebene 1
16:23:54.721 [FXGL Background Thread 1 ] DEBUG TilesetLoader        - Created buffer with size 960.0x640.0
16:23:54.725 [FXGL Background Thread 1 ] DEBUG TilesetLoader        - Writing to buffer: dst=0,0, w=64,h=64, src=192,0
16:23:54.726 [FXGL Background Thread 1 ] DEBUG TilesetLoader        - Writing to buffer: dst=64,0, w=64,h=64, src=0,128
16:23:54.727 [FXGL Background Thread 1 ] DEBUG TilesetLoader        - Writing to buffer: dst=128,0, w=64,h=64, src=0,128
16:23:54.727 [FXGL Background Thread 1 ] DEBUG TilesetLoader        - Writing to buffer: dst=192,0, w=64,h=64, src=0,128
16:23:54.727 [FXGL Background Thread 1 ] DEBUG TilesetLoader        - Writing to buffer: dst=256,0, w=64,h=64, src=0,128
16:23:54.727 [FXGL Background Thread 1 ] DEBUG TilesetLoader        - Writing to buffer: dst=320,0, w=64,h=64, src=0,128
16:23:54.727 [FXGL Background Thread 1 ] DEBUG TilesetLoader        - Writing to buffer: dst=384,0, w=64,h=64, src=0,128
16:23:54.727 [FXGL Background Thread 1 ] DEBUG TilesetLoader        - Writing to buffer: dst=448,0, w=64,h=64, src=0,128
16:23:54.727 [FXGL Background Thread 1 ] DEBUG TilesetLoader        - Writing to buffer: dst=512,0, w=64,h=64, src=0,128
16:23:54.727 [FXGL Background Thread 1 ] DEBUG TilesetLoader        - Writing to buffer: dst=576,0, w=64,h=64, src=0,128
16:23:54.727 [FXGL Background Thread 1 ] DEBUG TilesetLoader        - Writing to buffer: dst=640,0, w=64,h=64, src=0,128
16:23:54.727 [FXGL Background Thread 1 ] DEBUG TilesetLoader        - Writing to buffer: dst=704,0, w=64,h=64, src=0,128
16:23:54.727 [FXGL Background Thread 1 ] DEBUG TilesetLoader        - Writing to buffer: dst=768,0, w=64,h=64, src=0,128
16:23:54.727 [FXGL Background Thread 1 ] DEBUG TilesetLoader        - Writing to buffer: dst=832,0, w=64,h=64, src=0,128
16:23:54.728 [FXGL Background Thread 1 ] DEBUG TilesetLoader        - Writing to buffer: dst=896,0, w=64,h=64, src=256,0
16:23:54.728 [FXGL Background Thread 1 ] DEBUG TilesetLoader        - Writing to buffer: dst=0,64, w=64,h=64, src=128,128
16:23:54.728 [FXGL Background Thread 1 ] DEBUG TilesetLoader        - Writing to buffer: dst=896,64, w=64,h=64, src=64,128
16:23:54.728 [FXGL Background Thread 1 ] DEBUG TilesetLoader        - Writing to buffer: dst=0,128, w=64,h=64, src=128,128
16:23:54.729 [FXGL Background Thread 1 ] DEBUG TilesetLoader        - Writing to buffer: dst=896,128, w=64,h=64, src=64,128
16:23:54.729 [FXGL Background Thread 1 ] DEBUG TilesetLoader        - Writing to buffer: dst=0,192, w=64,h=64, src=128,128
16:23:54.729 [FXGL Background Thread 1 ] DEBUG TilesetLoader        - Writing to buffer: dst=896,192, w=64,h=64, src=64,128
16:23:54.729 [FXGL Background Thread 1 ] DEBUG TilesetLoader        - Writing to buffer: dst=0,256, w=64,h=64, src=128,128
16:23:54.729 [FXGL Background Thread 1 ] DEBUG TilesetLoader        - Writing to buffer: dst=896,256, w=64,h=64, src=64,128
16:23:54.729 [FXGL Background Thread 1 ] DEBUG TilesetLoader        - Writing to buffer: dst=0,320, w=64,h=64, src=128,128
16:23:54.729 [FXGL Background Thread 1 ] DEBUG TilesetLoader        - Writing to buffer: dst=640,320, w=64,h=64, src=0,192
16:23:54.729 [FXGL Background Thread 1 ] DEBUG TilesetLoader        - Writing to buffer: dst=704,320, w=64,h=64, src=64,192
16:23:54.729 [FXGL Background Thread 1 ] DEBUG TilesetLoader        - Writing to buffer: dst=768,320, w=64,h=64, src=64,192
16:23:54.729 [FXGL Background Thread 1 ] DEBUG TilesetLoader        - Writing to buffer: dst=832,320, w=64,h=64, src=128,192
16:23:54.729 [FXGL Background Thread 1 ] DEBUG TilesetLoader        - Writing to buffer: dst=896,320, w=64,h=64, src=64,128
16:23:54.730 [FXGL Background Thread 1 ] DEBUG TilesetLoader        - Writing to buffer: dst=0,384, w=64,h=64, src=128,128
16:23:54.730 [FXGL Background Thread 1 ] DEBUG TilesetLoader        - Writing to buffer: dst=448,384, w=64,h=64, src=0,192
16:23:54.730 [FXGL Background Thread 1 ] DEBUG TilesetLoader        - Writing to buffer: dst=512,384, w=64,h=64, src=64,192
16:23:54.730 [FXGL Background Thread 1 ] DEBUG TilesetLoader        - Writing to buffer: dst=576,384, w=64,h=64, src=128,192
16:23:54.730 [FXGL Background Thread 1 ] DEBUG TilesetLoader        - Writing to buffer: dst=896,384, w=64,h=64, src=64,128
16:23:54.730 [FXGL Background Thread 1 ] DEBUG TilesetLoader        - Writing to buffer: dst=0,448, w=64,h=64, src=128,128
16:23:54.731 [FXGL Background Thread 1 ] DEBUG TilesetLoader        - Writing to buffer: dst=192,448, w=64,h=64, src=0,192
16:23:54.731 [FXGL Background Thread 1 ] DEBUG TilesetLoader        - Writing to buffer: dst=256,448, w=64,h=64, src=64,192
16:23:54.731 [FXGL Background Thread 1 ] DEBUG TilesetLoader        - Writing to buffer: dst=320,448, w=64,h=64, src=128,192
16:23:54.731 [FXGL Background Thread 1 ] DEBUG TilesetLoader        - Writing to buffer: dst=896,448, w=64,h=64, src=64,128
16:23:54.731 [FXGL Background Thread 1 ] DEBUG TilesetLoader        - Writing to buffer: dst=0,512, w=64,h=64, src=128,128
16:23:54.731 [FXGL Background Thread 1 ] DEBUG TilesetLoader        - Writing to buffer: dst=896,512, w=64,h=64, src=64,128
16:23:54.731 [FXGL Background Thread 1 ] DEBUG TilesetLoader        - Writing to buffer: dst=0,576, w=64,h=64, src=192,64
16:23:54.732 [FXGL Background Thread 1 ] DEBUG TilesetLoader        - Writing to buffer: dst=64,576, w=64,h=64, src=0,0
16:23:54.732 [FXGL Background Thread 1 ] DEBUG TilesetLoader        - Writing to buffer: dst=128,576, w=64,h=64, src=0,0
16:23:54.732 [FXGL Background Thread 1 ] DEBUG TilesetLoader        - Writing to buffer: dst=192,576, w=64,h=64, src=0,0
16:23:54.732 [FXGL Background Thread 1 ] DEBUG TilesetLoader        - Writing to buffer: dst=256,576, w=64,h=64, src=0,0
16:23:54.732 [FXGL Background Thread 1 ] DEBUG TilesetLoader        - Writing to buffer: dst=320,576, w=64,h=64, src=0,0
16:23:54.732 [FXGL Background Thread 1 ] DEBUG TilesetLoader        - Writing to buffer: dst=384,576, w=64,h=64, src=0,0
16:23:54.732 [FXGL Background Thread 1 ] DEBUG TilesetLoader        - Writing to buffer: dst=448,576, w=64,h=64, src=0,0
16:23:54.732 [FXGL Background Thread 1 ] DEBUG TilesetLoader        - Writing to buffer: dst=512,576, w=64,h=64, src=0,0
16:23:54.732 [FXGL Background Thread 1 ] DEBUG TilesetLoader        - Writing to buffer: dst=576,576, w=64,h=64, src=0,0
16:23:54.732 [FXGL Background Thread 1 ] DEBUG TilesetLoader        - Writing to buffer: dst=640,576, w=64,h=64, src=0,0
16:23:54.732 [FXGL Background Thread 1 ] DEBUG TilesetLoader        - Writing to buffer: dst=704,576, w=64,h=64, src=0,0
16:23:54.732 [FXGL Background Thread 1 ] DEBUG TilesetLoader        - Writing to buffer: dst=768,576, w=64,h=64, src=0,0
16:23:54.732 [FXGL Background Thread 1 ] DEBUG TilesetLoader        - Writing to buffer: dst=832,576, w=64,h=64, src=0,0
16:23:54.732 [FXGL Background Thread 1 ] DEBUG TilesetLoader        - Writing to buffer: dst=896,576, w=64,h=64, src=256,64
16:23:54.733 [FXGL Background Thread 1 ] DEBUG TMXLevelLoader       - Creating object layer entities
16:23:54.770 [FXGL Background Thread 1 ] DEBUG GameWorld            - Clearing removable entities
16:23:54.770 [FXGL Background Thread 1 ] DEBUG GameWorld            - Setting level: com.almasb.fxgl.entity.level.Level@53331823
16:23:54.795 [FXGL Background Thread 1 ] DEBUG AssetLoader          - Loading from file system: /assets/textures/adventurer-Sheet.png
16:23:54.804 [FXGL Background Thread 1 ] DEBUG AssetLoader          - Loading from cache: /assets/textures/adventurer-Sheet.png
16:23:54.804 [FXGL Background Thread 1 ] DEBUG AssetLoader          - Loading from cache: /assets/textures/adventurer-Sheet.png
16:23:54.806 [FXGL Background Thread 1 ] DEBUG InitAppTask          - Initializing Physics
16:23:54.807 [FXGL Background Thread 1 ] DEBUG InitAppTask          - Initializing UI
16:23:54.808 [FXGL Background Thread 1 ] DEBUG InitAppTask          - Initialization Complete
16:23:54.809 [FXGL Background Thread 1 ] INFO  InitAppTask          - Game initialization took: 0.166 sec
16:23:54.820 [JavaFX Application Thread] DEBUG Input                - Clearing active input actions
16:23:54.832 [JavaFX Application Thread] DEBUG Engine               - Removing overlay from LoadingScene and adding to GameScene
16:23:54.832 [JavaFX Application Thread] DEBUG MainWindow           - LoadingScene -> GameScene
16:23:55.271 [JavaFX Application Thread] DEBUG AssetLoader          - Loading from file system: /assets/sounds/smw_1-up.wav
16:24:00.455 [JavaFX Application Thread] DEBUG AssetLoader          - Loading from cache: /assets/sounds/smw_1-up.wav
16:24:02.599 [JavaFX Application Thread] DEBUG AssetLoader          - Loading from cache: /assets/sounds/smw_1-up.wav
16:24:02.918 [JavaFX Application Thread] DEBUG AssetLoader          - Loading from cache: /assets/sounds/smw_1-up.wav
16:24:08.694 [JavaFX Application Thread] DEBUG AssetLoader          - Loading from cache: /assets/sounds/smw_1-up.wav
16:24:10.534 [JavaFX Application Thread] DEBUG Engine               - Exiting FXGL
16:24:10.534 [JavaFX Application Thread] DEBUG Engine               - Shutting down background threads
16:24:10.534 [JavaFX Application Thread] DEBUG Engine               - Saving FXGL system data
16:24:10.536 [JavaFX Application Thread] DEBUG FSServiceImpl        - Writing to: G:\Desk\Projects\FXGLPlatformer\system\fxgl.bundle
16:24:10.538 [JavaFX Application Thread] DEBUG Engine               - Closing logger and exiting JavaFX
