00:58:05.755 [main                     ] DEBUG GameApplication      - Logger initialized
00:58:05.773 [main                     ] DEBUG GameApplication      - Logging settings
Title: JumpToBeat-Demo
Version: 0.1
Width: 1050
Height: 700
Fullscreen: false
Intro: false
Menus: false
Profiling: false
Single step:false
App Mode: DEVELOPER
Menu Key: ESCAPE
Stage Style: DECORATED
Scene Factory: class com.almasb.fxgl.app.SceneFactory
Dialog Factory: class com.almasb.fxgl.ui.FXGLDialogFactory
UI Factory: class com.almasb.fxgl.ui.FXGLUIFactory

00:58:06.315 [JavaFX Application Thread] DEBUG Engine               - Initializing FXGL
00:58:06.315 [JavaFX Application Thread] INFO  Engine               - FXGL-11.7 (05.01.2020 09.37) on WINDOWS (J:11.0.5 FX:12.0.1)
00:58:06.315 [JavaFX Application Thread] INFO  Engine               - Source code and latest versions at: https://github.com/AlmasB/FXGL
00:58:06.316 [JavaFX Application Thread] INFO  Engine               -              Join the FXGL chat at: https://gitter.im/AlmasB/FXGL
00:58:06.316 [JavaFX Application Thread] DEBUG Engine               - Initializing environment variables
00:58:06.318 [JavaFX Application Thread] DEBUG Engine               - Logging environment variables
00:58:06.319 [JavaFX Application Thread] DEBUG Engine               - achievements: []
00:58:06.319 [JavaFX Application Thread] DEBUG Engine               - sceneStack: com.almasb.fxgl.app.Engine@3be80271
00:58:06.319 [JavaFX Application Thread] DEBUG Engine               - language: ObjectProperty [value: ENGLISH]
00:58:06.319 [JavaFX Application Thread] DEBUG Engine               - isCloseConfirmation: false
00:58:06.319 [JavaFX Application Thread] DEBUG Engine               - isProfilingEnabled: false
00:58:06.319 [JavaFX Application Thread] DEBUG Engine               - soundNotification: core/notification.wav
00:58:06.319 [JavaFX Application Thread] DEBUG Engine               - devShowBBoxProperty: BooleanProperty [value: false]
00:58:06.320 [JavaFX Application Thread] DEBUG Engine               - pixelsPerMeter: 50.0
00:58:06.321 [JavaFX Application Thread] DEBUG Engine               - overlayRoot: Group@58da4075
00:58:06.321 [JavaFX Application Thread] DEBUG Engine               - appIcon: fxgl_icon.png
00:58:06.321 [JavaFX Application Thread] DEBUG Engine               - soundMenuBack: menu/back.wav
00:58:06.321 [JavaFX Application Thread] DEBUG Engine               - isFullScreenAllowed: false
00:58:06.321 [JavaFX Application Thread] DEBUG Engine               - isIntroEnabled: false
00:58:06.321 [JavaFX Application Thread] DEBUG Engine               - eventBus: com.almasb.fxgl.event.EventBus@187d9c7b
00:58:06.321 [JavaFX Application Thread] DEBUG Engine               - fontMono: lucida_console.ttf
00:58:06.322 [JavaFX Application Thread] DEBUG Engine               - soundMenuSelect: menu/select.wav
00:58:06.322 [JavaFX Application Thread] DEBUG Engine               - isWindows: true
00:58:06.322 [JavaFX Application Thread] DEBUG Engine               - isMobile: false
00:58:06.322 [JavaFX Application Thread] DEBUG Engine               - height: 700
00:58:06.322 [JavaFX Application Thread] DEBUG Engine               - isExperimentalNative: false
00:58:06.322 [JavaFX Application Thread] DEBUG Engine               - isSingleStep: false
00:58:06.322 [JavaFX Application Thread] DEBUG Engine               - cSSList: [fxgl_dark.css]
00:58:06.322 [JavaFX Application Thread] DEBUG Engine               - fontGame: Abel-Regular.ttf
00:58:06.322 [JavaFX Application Thread] DEBUG Engine               - menuKey: ESCAPE
00:58:06.322 [JavaFX Application Thread] DEBUG Engine               - devShowPositionProperty: BooleanProperty [value: false]
00:58:06.322 [JavaFX Application Thread] DEBUG Engine               - versionCheckDays: 7
00:58:06.323 [JavaFX Application Thread] DEBUG Engine               - masterTimer: com.almasb.fxgl.time.Timer@63fdfe8f
00:58:06.323 [JavaFX Application Thread] DEBUG Engine               - configClass: Optional.empty
00:58:06.323 [JavaFX Application Thread] DEBUG Engine               - isFullScreenFromStart: false
00:58:06.323 [JavaFX Application Thread] DEBUG Engine               - version: 0.1
00:58:06.323 [JavaFX Application Thread] DEBUG Engine               - fullScreen: BooleanProperty [value: false]
00:58:06.323 [JavaFX Application Thread] DEBUG Engine               - randomSeed: -1
00:58:06.323 [JavaFX Application Thread] DEBUG Engine               - dialogFactory: com.almasb.fxgl.ui.FXGLDialogFactory@3a43ca0b
00:58:06.323 [JavaFX Application Thread] DEBUG Engine               - applicationMode: DEVELOPER
00:58:06.323 [JavaFX Application Thread] DEBUG Engine               - isMac: false
00:58:06.323 [JavaFX Application Thread] DEBUG Engine               - urlGoogleForms: https://goo.gl/forms/6wrMnOBxTE1fEpOy2
00:58:06.323 [JavaFX Application Thread] DEBUG Engine               - isMenuEnabled: false
00:58:06.323 [JavaFX Application Thread] DEBUG Engine               - urlPOM: https://raw.githubusercontent.com/AlmasB/FXGL/master/pom.xml
00:58:06.324 [JavaFX Application Thread] DEBUG Engine               - profileName: user.profile
00:58:06.324 [JavaFX Application Thread] DEBUG Engine               - notificationViewClass: class com.almasb.fxgl.notification.view.XboxNotificationView
00:58:06.324 [JavaFX Application Thread] DEBUG Engine               - devSensorColorProperty: ObjectProperty [value: 0xffff00ff]
00:58:06.324 [JavaFX Application Thread] DEBUG Engine               - sceneFactory: com.almasb.fxgl.app.SceneFactory@3010ecde
00:58:06.324 [JavaFX Application Thread] DEBUG Engine               - dataFileExt: .dat
00:58:06.324 [JavaFX Application Thread] DEBUG Engine               - stageStyle: DECORATED
00:58:06.324 [JavaFX Application Thread] DEBUG Engine               - isManualResizeEnabled: false
00:58:06.324 [JavaFX Application Thread] DEBUG Engine               - title: JumpToBeat-Demo
00:58:06.324 [JavaFX Application Thread] DEBUG Engine               - platform: WINDOWS
00:58:06.324 [JavaFX Application Thread] DEBUG Engine               - devBBoxColorProperty: ObjectProperty [value: 0xff0000ff]
00:58:06.324 [JavaFX Application Thread] DEBUG Engine               - isDesktop: true
00:58:06.325 [JavaFX Application Thread] DEBUG Engine               - credits: []
00:58:06.325 [JavaFX Application Thread] DEBUG Engine               - globalMusicVolumeProperty: DoubleProperty [value: 0.5]
00:58:06.325 [JavaFX Application Thread] DEBUG Engine               - uIFactory: com.almasb.fxgl.ui.FXGLUIFactory@44fa30e3
00:58:06.325 [JavaFX Application Thread] DEBUG Engine               - isPreserveResizeRatio: false
00:58:06.325 [JavaFX Application Thread] DEBUG Engine               - fontText: Courier-Prime.ttf
00:58:06.325 [JavaFX Application Thread] DEBUG Engine               - isExperimentalTiledLargeMap: false
00:58:06.325 [JavaFX Application Thread] DEBUG Engine               - secondsIn24h: 60
00:58:06.325 [JavaFX Application Thread] DEBUG Engine               - runtimeInfo: RuntimeInfo(platform=WINDOWS, version=11.7, build=05.01.2020 09.37)
00:58:06.325 [JavaFX Application Thread] DEBUG Engine               - isLinux: false
00:58:06.325 [JavaFX Application Thread] DEBUG Engine               - soundMenuPress: menu/press.wav
00:58:06.325 [JavaFX Application Thread] DEBUG Engine               - urlGithub: https://github.com/AlmasB/FXGL
00:58:06.325 [JavaFX Application Thread] DEBUG Engine               - profileDir: profiles/
00:58:06.325 [JavaFX Application Thread] DEBUG Engine               - isDeveloperMenuEnabled: false
00:58:06.326 [JavaFX Application Thread] DEBUG Engine               - globalSoundVolumeProperty: DoubleProperty [value: 0.5]
00:58:06.326 [JavaFX Application Thread] DEBUG Engine               - isBrowser: false
00:58:06.326 [JavaFX Application Thread] DEBUG Engine               - urlLeaderboard: http://fxgl-top.herokuapp.com/
00:58:06.326 [JavaFX Application Thread] DEBUG Engine               - globalSoundVolume: 0.5
00:58:06.326 [JavaFX Application Thread] DEBUG Engine               - saveDir: saves/
00:58:06.326 [JavaFX Application Thread] DEBUG Engine               - engineServices: [class com.almasb.fxgl.audio.AudioPlayer, class com.almasb.fxgl.notification.impl.NotificationServiceProvider, class com.almasb.fxgl.achievement.AchievementManager, class com.almasb.fxgl.cutscene.CutsceneService, class com.almasb.fxgl.minigames.MiniGameService]
00:58:06.326 [JavaFX Application Thread] DEBUG Engine               - globalMusicVolume: 0.5
00:58:06.326 [JavaFX Application Thread] DEBUG Engine               - width: 1050
00:58:06.326 [JavaFX Application Thread] DEBUG Engine               - saveFileExt: .sav
00:58:06.326 [JavaFX Application Thread] DEBUG Engine               - isAndroid: false
00:58:06.326 [JavaFX Application Thread] DEBUG Engine               - fontUI: VarelaRound-Regular.ttf
00:58:06.326 [JavaFX Application Thread] DEBUG Engine               - enabledMenuItems: []
00:58:06.326 [JavaFX Application Thread] DEBUG Engine               - isIOS: false
00:58:06.329 [JavaFX Application Thread] DEBUG Engine               - Adding new engine service: class com.almasb.fxgl.audio.AudioPlayer
00:58:06.330 [JavaFX Application Thread] DEBUG Engine               - Adding new engine service: class com.almasb.fxgl.notification.impl.NotificationServiceProvider
00:58:06.330 [JavaFX Application Thread] DEBUG Engine               - Adding new engine service: class com.almasb.fxgl.achievement.AchievementManager
00:58:06.331 [JavaFX Application Thread] DEBUG Engine               - Adding new engine service: class com.almasb.fxgl.cutscene.CutsceneService
00:58:06.331 [JavaFX Application Thread] DEBUG Engine               - Adding new engine service: class com.almasb.fxgl.minigames.MiniGameService
00:58:06.334 [JavaFX Application Thread] DEBUG Engine               - Loading localizations
00:58:06.336 [JavaFX Application Thread] DEBUG AssetLoader          - Loading from file system: /assets/properties/languages/english.properties
00:58:06.338 [JavaFX Application Thread] DEBUG AssetLoader          - Loading from file system: /assets/properties/languages/french.properties
00:58:06.340 [JavaFX Application Thread] DEBUG AssetLoader          - Loading from file system: /assets/properties/languages/german.properties
00:58:06.341 [JavaFX Application Thread] DEBUG AssetLoader          - Loading from file system: /assets/properties/languages/russian.properties
00:58:06.342 [JavaFX Application Thread] DEBUG AssetLoader          - Loading from file system: /assets/properties/languages/hungarian.properties
00:58:06.343 [JavaFX Application Thread] DEBUG Engine               - Registering font factories
00:58:06.344 [JavaFX Application Thread] DEBUG AssetLoader          - Loading from file system: /assets/ui/fonts/VarelaRound-Regular.ttf
00:58:06.501 [JavaFX Application Thread] DEBUG AssetLoader          - Loading from file system: /assets/ui/fonts/Abel-Regular.ttf
00:58:06.505 [JavaFX Application Thread] DEBUG AssetLoader          - Loading from file system: /assets/ui/fonts/lucida_console.ttf
00:58:06.510 [JavaFX Application Thread] DEBUG AssetLoader          - Loading from file system: /assets/ui/fonts/Courier-Prime.ttf
00:58:06.513 [JavaFX Application Thread] DEBUG Engine               - Setting UI factory
00:58:06.609 [JavaFX Application Thread] DEBUG AssetLoader          - Loading from file system: /assets/textures/fxgl_logo.png
00:58:06.665 [JavaFX Application Thread] DEBUG MainWindow           - Creating a JavaFX scene
00:58:06.711 [JavaFX Application Thread] DEBUG MainWindow           - Target settings size: 1050.0 x 700.0
00:58:06.711 [JavaFX Application Thread] DEBUG MainWindow           - Scaled scene size:    1050.0 x 700.0
00:58:06.711 [JavaFX Application Thread] DEBUG MainWindow           - Scaled ratio: (1.0, 1.0)
00:58:06.713 [JavaFX Application Thread] DEBUG MainWindow           - Set initial scene to FXGLStartupScene
00:58:06.721 [JavaFX Application Thread] DEBUG AssetLoader          - Loading from file system: /assets/textures/fxgl_icon.png
00:58:06.732 [JavaFX Application Thread] DEBUG Engine               - Applying CSS: fxgl_dark.css
00:58:06.733 [JavaFX Application Thread] DEBUG AssetLoader          - Loading from file system: /assets/ui/css/fxgl_dark.css
00:58:06.736 [JavaFX Application Thread] DEBUG AssetLoader          - Loading from file system: /assets/ui/cursors/fxgl_default.png
00:58:06.737 [JavaFX Application Thread] DEBUG MainWindow           - Opening main window
00:58:06.889 [JavaFX Application Thread] DEBUG MainWindow           - Window border size: (16.0, 39.0)
00:58:06.889 [JavaFX Application Thread] DEBUG MainWindow           - Scaled size: 1050.0 x 700.0
00:58:06.889 [JavaFX Application Thread] DEBUG MainWindow           - Scaled ratio: (1.0, 1.0)
00:58:06.889 [JavaFX Application Thread] DEBUG MainWindow           - Scene size: 1050.0 x 700.0
00:58:06.889 [JavaFX Application Thread] DEBUG MainWindow           - Stage size: 1066.0 x 739.0
00:58:06.914 [FXGL Background Thread 1 ] DEBUG FS                   - Loaded FSServiceImpl
00:58:06.915 [FXGL Background Thread 1 ] DEBUG Engine               - Loading FXGL system data
00:58:06.919 [FXGL Background Thread 1 ] DEBUG FSServiceImpl        - Reading from: G:\Desk\Projects\FXGLPlatformer\system\fxgl.bundle
00:58:06.926 [FXGL Background Thread 1 ] DEBUG Engine               - Bundle FXGL: {}
00:58:06.926 [FXGL Background Thread 1 ] DEBUG Engine               - Initializing application scenes
00:58:06.980 [FXGL Background Thread 1 ] DEBUG GameWorld            - Game world initialized
00:58:07.021 [FXGL Background Thread 1 ] DEBUG PhysicsWorld         - Physics world initialized: appHeight=700, physics.ppm=50.0
00:58:07.023 [FXGL Background Thread 1 ] DEBUG GameScene            - Game scene initialized: 1050x700
00:58:07.056 [FXGL Background Thread 1 ] DEBUG Input                - Registered new binding: Resume - Esc
00:58:07.057 [FXGL Background Thread 1 ] DEBUG AssetLoader          - Loading from file system: /assets/textures/pause_menu_bg.png
00:58:07.080 [FXGL Background Thread 1 ] DEBUG Input                - Registered new binding: Pause - Esc
00:58:07.081 [FXGL Background Thread 1 ] DEBUG Engine               - Application scenes initialized
00:58:07.084 [JavaFX Application Thread] DEBUG Engine               - Running preInit()
00:58:07.084 [JavaFX Application Thread] DEBUG Input                - Registered new binding: Right - D
00:58:07.084 [JavaFX Application Thread] DEBUG Input                - Registered new binding: Left - A
00:58:07.084 [JavaFX Application Thread] DEBUG Input                - Registered new binding: Jump - Space
00:58:07.085 [JavaFX Application Thread] DEBUG Input                - Registered new binding: Screenshot - P
00:58:07.085 [JavaFX Application Thread] DEBUG Input                - Registered new binding: System info dump - CTRL+9
00:58:07.085 [JavaFX Application Thread] DEBUG Input                - Registered new binding: Restart - CTRL+R
00:58:07.085 [JavaFX Application Thread] DEBUG Engine               - generateDefaultProfile()
00:58:07.085 [JavaFX Application Thread] DEBUG Engine               - Creating default profile
00:58:07.086 [JavaFX Application Thread] DEBUG EventBus             - Firing event: SaveEvent
00:58:07.098 [JavaFX Application Thread] INFO  Engine               - FXGL initialization took: 0.765 sec
00:58:07.098 [JavaFX Application Thread] DEBUG LoopRunner           - Starting loop
00:58:07.105 [JavaFX Application Thread] DEBUG FXGLStartupScene     - STARTUP
00:58:07.105 [JavaFX Application Thread] DEBUG Engine               - Starting new game
00:58:07.112 [JavaFX Application Thread] DEBUG Input                - Clearing active input actions
00:58:07.112 [FXGL Background Thread 1 ] DEBUG InitAppTask          - Clearing previous game
00:58:07.112 [FXGL Background Thread 1 ] DEBUG GameWorld            - Clearing game world
00:58:07.112 [FXGL Background Thread 1 ] DEBUG PhysicsWorld         - Clearing physics world
00:58:07.113 [FXGL Background Thread 1 ] DEBUG GameScene            - Clearing game scene
00:58:07.113 [FXGL Background Thread 1 ] DEBUG InitAppTask          - Initializing Game
00:58:07.122 [JavaFX Application Thread] DEBUG Engine               - Removing overlay from FXGLStartupScene and adding to LoadingScene
00:58:07.122 [JavaFX Application Thread] DEBUG MainWindow           - FXGLStartupScene -> LoadingScene
00:58:07.125 [FXGL Background Thread 1 ] DEBUG AssetLoader          - Loading from file system: /assets/levels/TestLevel.tmx
00:58:07.147 [FXGL Background Thread 1 ] WARN  TMXLevelLoader       - TiledMap generated from 1.3.4. Supported version: 1.2.3. Some features may not be parsed fully.
00:58:07.169 [FXGL Background Thread 1 ] DEBUG TMXLevelLoader       - Parsed raw map: TiledMap(width=15, height=10, tilewidth=64, tileheight=64, orientation=orthogonal, layers=[Layer(width=15, height=10, name=Kachelebene 1, type=tilelayer, visible=false, x=0, y=0, data=[4, 25, 25, 25, 25, 25, 25, 25, 25, 25, 25, 25, 25, 25, 5, 27, 0, 0, 0, 0, 0, 0, 0, 0, 0, 0, 0, 0, 0, 26, 27, 0, 0, 0, 0, 0, 0, 0, 0, 0, 0, 0, 0, 0, 26, 27, 0, 0, 0, 0, 0, 0, 0, 0, 0, 0, 0, 0, 0, 26, 27, 0, 0, 0, 0, 0, 0, 0, 0, 0, 0, 0, 0, 0, 26, 27, 0, 0, 0, 0, 0, 0, 0, 0, 0, 37, 38, 38, 39, 26, 27, 0, 0, 0, 0, 0, 0, 37, 38, 39, 0, 0, 0, 0, 26, 27, 0, 0, 37, 38, 39, 0, 0, 0, 0, 0, 0, 0, 0, 26, 27, 0, 0, 0, 0, 0, 0, 0, 0, 0, 0, 0, 0, 0, 26, 16, 1, 1, 1, 1, 1, 1, 1, 1, 1, 1, 1, 1, 1, 17], objects=[], opacity=0.0, draworder=), Layer(width=0, height=0, name=Objektebene 1, type=objectgroup, visible=false, x=0, y=0, data=[], objects=[com.almasb.fxgl.entity.level.tiled.TiledObject@2b7e81ae, com.almasb.fxgl.entity.level.tiled.TiledObject@2bda7ed4, com.almasb.fxgl.entity.level.tiled.TiledObject@1b1f1451, com.almasb.fxgl.entity.level.tiled.TiledObject@68cf8559, com.almasb.fxgl.entity.level.tiled.TiledObject@37e30a1f, com.almasb.fxgl.entity.level.tiled.TiledObject@4fb7fee9, com.almasb.fxgl.entity.level.tiled.TiledObject@2ce9d6d2, com.almasb.fxgl.entity.level.tiled.TiledObject@38186b5b, com.almasb.fxgl.entity.level.tiled.TiledObject@17843db5, com.almasb.fxgl.entity.level.tiled.TiledObject@6734d91a, com.almasb.fxgl.entity.level.tiled.TiledObject@589cc68, com.almasb.fxgl.entity.level.tiled.TiledObject@7eb02d31], opacity=0.0, draworder=)], tilesets=[Tileset(firstgid=1, image=C:/Users/Jordan/Desktop/forest.png, name=Forrest, tilewidth=64, tileheight=64, imagewidth=768, imageheight=256, margin=0, spacing=0, columns=12, tilecount=48, transparentcolor=)], backgroundcolor=, renderorder=right-down, nextobjectid=31, version=1, tiledversion=1.3.4, type=map, infinite=false, properties={}, propertytypes={})
00:58:07.169 [FXGL Background Thread 1 ] DEBUG TMXLevelLoader       - Creating tile layer entities
00:58:07.171 [FXGL Background Thread 1 ] DEBUG TilesetLoader        - Loading view for layer Kachelebene 1
00:58:07.175 [FXGL Background Thread 1 ] DEBUG TilesetLoader        - Created buffer with size 960.0x640.0
00:58:07.179 [FXGL Background Thread 1 ] DEBUG TilesetLoader        - Writing to buffer: dst=0,0, w=64,h=64, src=192,0
00:58:07.189 [FXGL Background Thread 1 ] DEBUG TilesetLoader        - Writing to buffer: dst=64,0, w=64,h=64, src=0,128
00:58:07.189 [FXGL Background Thread 1 ] DEBUG TilesetLoader        - Writing to buffer: dst=128,0, w=64,h=64, src=0,128
00:58:07.189 [FXGL Background Thread 1 ] DEBUG TilesetLoader        - Writing to buffer: dst=192,0, w=64,h=64, src=0,128
00:58:07.191 [FXGL Background Thread 1 ] DEBUG TilesetLoader        - Writing to buffer: dst=256,0, w=64,h=64, src=0,128
00:58:07.192 [FXGL Background Thread 1 ] DEBUG TilesetLoader        - Writing to buffer: dst=320,0, w=64,h=64, src=0,128
00:58:07.192 [FXGL Background Thread 1 ] DEBUG TilesetLoader        - Writing to buffer: dst=384,0, w=64,h=64, src=0,128
00:58:07.192 [FXGL Background Thread 1 ] DEBUG TilesetLoader        - Writing to buffer: dst=448,0, w=64,h=64, src=0,128
00:58:07.192 [FXGL Background Thread 1 ] DEBUG TilesetLoader        - Writing to buffer: dst=512,0, w=64,h=64, src=0,128
00:58:07.192 [FXGL Background Thread 1 ] DEBUG TilesetLoader        - Writing to buffer: dst=576,0, w=64,h=64, src=0,128
00:58:07.192 [FXGL Background Thread 1 ] DEBUG TilesetLoader        - Writing to buffer: dst=640,0, w=64,h=64, src=0,128
00:58:07.192 [FXGL Background Thread 1 ] DEBUG TilesetLoader        - Writing to buffer: dst=704,0, w=64,h=64, src=0,128
00:58:07.193 [FXGL Background Thread 1 ] DEBUG TilesetLoader        - Writing to buffer: dst=768,0, w=64,h=64, src=0,128
00:58:07.193 [FXGL Background Thread 1 ] DEBUG TilesetLoader        - Writing to buffer: dst=832,0, w=64,h=64, src=0,128
00:58:07.193 [FXGL Background Thread 1 ] DEBUG TilesetLoader        - Writing to buffer: dst=896,0, w=64,h=64, src=256,0
00:58:07.193 [FXGL Background Thread 1 ] DEBUG TilesetLoader        - Writing to buffer: dst=0,64, w=64,h=64, src=128,128
00:58:07.193 [FXGL Background Thread 1 ] DEBUG TilesetLoader        - Writing to buffer: dst=896,64, w=64,h=64, src=64,128
00:58:07.193 [FXGL Background Thread 1 ] DEBUG TilesetLoader        - Writing to buffer: dst=0,128, w=64,h=64, src=128,128
00:58:07.193 [FXGL Background Thread 1 ] DEBUG TilesetLoader        - Writing to buffer: dst=896,128, w=64,h=64, src=64,128
00:58:07.193 [FXGL Background Thread 1 ] DEBUG TilesetLoader        - Writing to buffer: dst=0,192, w=64,h=64, src=128,128
00:58:07.193 [FXGL Background Thread 1 ] DEBUG TilesetLoader        - Writing to buffer: dst=896,192, w=64,h=64, src=64,128
00:58:07.193 [FXGL Background Thread 1 ] DEBUG TilesetLoader        - Writing to buffer: dst=0,256, w=64,h=64, src=128,128
00:58:07.193 [FXGL Background Thread 1 ] DEBUG TilesetLoader        - Writing to buffer: dst=896,256, w=64,h=64, src=64,128
00:58:07.193 [FXGL Background Thread 1 ] DEBUG TilesetLoader        - Writing to buffer: dst=0,320, w=64,h=64, src=128,128
00:58:07.193 [FXGL Background Thread 1 ] DEBUG TilesetLoader        - Writing to buffer: dst=640,320, w=64,h=64, src=0,192
00:58:07.193 [FXGL Background Thread 1 ] DEBUG TilesetLoader        - Writing to buffer: dst=704,320, w=64,h=64, src=64,192
00:58:07.193 [FXGL Background Thread 1 ] DEBUG TilesetLoader        - Writing to buffer: dst=768,320, w=64,h=64, src=64,192
00:58:07.194 [FXGL Background Thread 1 ] DEBUG TilesetLoader        - Writing to buffer: dst=832,320, w=64,h=64, src=128,192
00:58:07.194 [FXGL Background Thread 1 ] DEBUG TilesetLoader        - Writing to buffer: dst=896,320, w=64,h=64, src=64,128
00:58:07.194 [FXGL Background Thread 1 ] DEBUG TilesetLoader        - Writing to buffer: dst=0,384, w=64,h=64, src=128,128
00:58:07.194 [FXGL Background Thread 1 ] DEBUG TilesetLoader        - Writing to buffer: dst=448,384, w=64,h=64, src=0,192
00:58:07.194 [FXGL Background Thread 1 ] DEBUG TilesetLoader        - Writing to buffer: dst=512,384, w=64,h=64, src=64,192
00:58:07.194 [FXGL Background Thread 1 ] DEBUG TilesetLoader        - Writing to buffer: dst=576,384, w=64,h=64, src=128,192
00:58:07.194 [FXGL Background Thread 1 ] DEBUG TilesetLoader        - Writing to buffer: dst=896,384, w=64,h=64, src=64,128
00:58:07.194 [FXGL Background Thread 1 ] DEBUG TilesetLoader        - Writing to buffer: dst=0,448, w=64,h=64, src=128,128
00:58:07.194 [FXGL Background Thread 1 ] DEBUG TilesetLoader        - Writing to buffer: dst=192,448, w=64,h=64, src=0,192
00:58:07.195 [FXGL Background Thread 1 ] DEBUG TilesetLoader        - Writing to buffer: dst=256,448, w=64,h=64, src=64,192
00:58:07.197 [FXGL Background Thread 1 ] DEBUG TilesetLoader        - Writing to buffer: dst=320,448, w=64,h=64, src=128,192
00:58:07.197 [FXGL Background Thread 1 ] DEBUG TilesetLoader        - Writing to buffer: dst=896,448, w=64,h=64, src=64,128
00:58:07.197 [FXGL Background Thread 1 ] DEBUG TilesetLoader        - Writing to buffer: dst=0,512, w=64,h=64, src=128,128
00:58:07.197 [FXGL Background Thread 1 ] DEBUG TilesetLoader        - Writing to buffer: dst=896,512, w=64,h=64, src=64,128
00:58:07.197 [FXGL Background Thread 1 ] DEBUG TilesetLoader        - Writing to buffer: dst=0,576, w=64,h=64, src=192,64
00:58:07.197 [FXGL Background Thread 1 ] DEBUG TilesetLoader        - Writing to buffer: dst=64,576, w=64,h=64, src=0,0
00:58:07.197 [FXGL Background Thread 1 ] DEBUG TilesetLoader        - Writing to buffer: dst=128,576, w=64,h=64, src=0,0
00:58:07.197 [FXGL Background Thread 1 ] DEBUG TilesetLoader        - Writing to buffer: dst=192,576, w=64,h=64, src=0,0
00:58:07.198 [FXGL Background Thread 1 ] DEBUG TilesetLoader        - Writing to buffer: dst=256,576, w=64,h=64, src=0,0
00:58:07.198 [FXGL Background Thread 1 ] DEBUG TilesetLoader        - Writing to buffer: dst=320,576, w=64,h=64, src=0,0
00:58:07.198 [FXGL Background Thread 1 ] DEBUG TilesetLoader        - Writing to buffer: dst=384,576, w=64,h=64, src=0,0
00:58:07.198 [FXGL Background Thread 1 ] DEBUG TilesetLoader        - Writing to buffer: dst=448,576, w=64,h=64, src=0,0
00:58:07.198 [FXGL Background Thread 1 ] DEBUG TilesetLoader        - Writing to buffer: dst=512,576, w=64,h=64, src=0,0
00:58:07.198 [FXGL Background Thread 1 ] DEBUG TilesetLoader        - Writing to buffer: dst=576,576, w=64,h=64, src=0,0
00:58:07.198 [FXGL Background Thread 1 ] DEBUG TilesetLoader        - Writing to buffer: dst=640,576, w=64,h=64, src=0,0
00:58:07.198 [FXGL Background Thread 1 ] DEBUG TilesetLoader        - Writing to buffer: dst=704,576, w=64,h=64, src=0,0
00:58:07.198 [FXGL Background Thread 1 ] DEBUG TilesetLoader        - Writing to buffer: dst=768,576, w=64,h=64, src=0,0
00:58:07.198 [FXGL Background Thread 1 ] DEBUG TilesetLoader        - Writing to buffer: dst=832,576, w=64,h=64, src=0,0
00:58:07.198 [FXGL Background Thread 1 ] DEBUG TilesetLoader        - Writing to buffer: dst=896,576, w=64,h=64, src=256,64
00:58:07.198 [FXGL Background Thread 1 ] DEBUG TMXLevelLoader       - Creating object layer entities
00:58:07.226 [FXGL Background Thread 1 ] DEBUG GameWorld            - Clearing removable entities
00:58:07.227 [FXGL Background Thread 1 ] DEBUG GameWorld            - Setting level: com.almasb.fxgl.entity.level.Level@5b394cd2
00:58:07.252 [FXGL Background Thread 1 ] DEBUG InitAppTask          - Initializing Physics
00:58:07.253 [FXGL Background Thread 1 ] DEBUG InitAppTask          - Initializing UI
00:58:07.255 [FXGL Background Thread 1 ] DEBUG InitAppTask          - Initialization Complete
00:58:07.255 [FXGL Background Thread 1 ] INFO  InitAppTask          - Game initialization took: 0.143 sec
00:58:07.261 [JavaFX Application Thread] DEBUG Input                - Clearing active input actions
00:58:07.279 [JavaFX Application Thread] DEBUG Engine               - Removing overlay from LoadingScene and adding to GameScene
00:58:07.280 [JavaFX Application Thread] DEBUG MainWindow           - LoadingScene -> GameScene
00:59:15.354 [JavaFX Application Thread] DEBUG Engine               - Exiting FXGL
00:59:15.354 [JavaFX Application Thread] DEBUG Engine               - Shutting down background threads
00:59:15.354 [JavaFX Application Thread] DEBUG Engine               - Saving FXGL system data
00:59:15.356 [JavaFX Application Thread] DEBUG FSServiceImpl        - Writing to: G:\Desk\Projects\FXGLPlatformer\system\fxgl.bundle
00:59:15.358 [JavaFX Application Thread] DEBUG Engine               - Closing logger and exiting JavaFX
