09:38:30.824 [main                     ] DEBUG GameApplication      - Logger initialized
09:38:30.843 [main                     ] DEBUG GameApplication      - Logging settings
Title: Jump-Demo
Version: 0.1
Width: 600
Height: 600
Fullscreen: false
Intro: false
Menus: true
Profiling: false
Single step:false
App Mode: DEVELOPER
Menu Key: ESCAPE
Stage Style: DECORATED
Scene Factory: class com.almasb.fxgl.app.SceneFactory
Dialog Factory: class com.almasb.fxgl.ui.FXGLDialogFactory
UI Factory: class com.almasb.fxgl.ui.FXGLUIFactory

09:38:31.332 [JavaFX Application Thread] DEBUG Engine               - Initializing FXGL
09:38:31.332 [JavaFX Application Thread] INFO  Engine               - FXGL-11.7 (05.01.2020 09.37) on WINDOWS (J:11.0.5 FX:12.0.1)
09:38:31.332 [JavaFX Application Thread] INFO  Engine               - Source code and latest versions at: https://github.com/AlmasB/FXGL
09:38:31.332 [JavaFX Application Thread] INFO  Engine               -              Join the FXGL chat at: https://gitter.im/AlmasB/FXGL
09:38:31.333 [JavaFX Application Thread] DEBUG Engine               - Initializing environment variables
09:38:31.335 [JavaFX Application Thread] DEBUG Engine               - Logging environment variables
09:38:31.335 [JavaFX Application Thread] DEBUG Engine               - achievements: []
09:38:31.335 [JavaFX Application Thread] DEBUG Engine               - sceneStack: com.almasb.fxgl.app.Engine@1ddade74
09:38:31.335 [JavaFX Application Thread] DEBUG Engine               - language: ObjectProperty [value: ENGLISH]
09:38:31.335 [JavaFX Application Thread] DEBUG Engine               - isCloseConfirmation: false
09:38:31.335 [JavaFX Application Thread] DEBUG Engine               - isProfilingEnabled: false
09:38:31.336 [JavaFX Application Thread] DEBUG Engine               - soundNotification: core/notification.wav
09:38:31.336 [JavaFX Application Thread] DEBUG Engine               - devShowBBoxProperty: BooleanProperty [value: false]
09:38:31.337 [JavaFX Application Thread] DEBUG Engine               - pixelsPerMeter: 50.0
09:38:31.337 [JavaFX Application Thread] DEBUG Engine               - overlayRoot: Group@52cb7efe
09:38:31.337 [JavaFX Application Thread] DEBUG Engine               - appIcon: fxgl_icon.png
09:38:31.337 [JavaFX Application Thread] DEBUG Engine               - soundMenuBack: menu/back.wav
09:38:31.338 [JavaFX Application Thread] DEBUG Engine               - isFullScreenAllowed: false
09:38:31.338 [JavaFX Application Thread] DEBUG Engine               - isIntroEnabled: false
09:38:31.338 [JavaFX Application Thread] DEBUG Engine               - eventBus: com.almasb.fxgl.event.EventBus@1245e23b
09:38:31.338 [JavaFX Application Thread] DEBUG Engine               - fontMono: lucida_console.ttf
09:38:31.338 [JavaFX Application Thread] DEBUG Engine               - soundMenuSelect: menu/select.wav
09:38:31.338 [JavaFX Application Thread] DEBUG Engine               - isWindows: true
09:38:31.338 [JavaFX Application Thread] DEBUG Engine               - isMobile: false
09:38:31.338 [JavaFX Application Thread] DEBUG Engine               - height: 600
09:38:31.338 [JavaFX Application Thread] DEBUG Engine               - isExperimentalNative: false
09:38:31.339 [JavaFX Application Thread] DEBUG Engine               - isSingleStep: false
09:38:31.339 [JavaFX Application Thread] DEBUG Engine               - cSSList: [fxgl_dark.css]
09:38:31.339 [JavaFX Application Thread] DEBUG Engine               - fontGame: Abel-Regular.ttf
09:38:31.339 [JavaFX Application Thread] DEBUG Engine               - menuKey: ESCAPE
09:38:31.339 [JavaFX Application Thread] DEBUG Engine               - devShowPositionProperty: BooleanProperty [value: false]
09:38:31.339 [JavaFX Application Thread] DEBUG Engine               - versionCheckDays: 7
09:38:31.339 [JavaFX Application Thread] DEBUG Engine               - masterTimer: com.almasb.fxgl.time.Timer@59a7b779
09:38:31.339 [JavaFX Application Thread] DEBUG Engine               - configClass: Optional.empty
09:38:31.339 [JavaFX Application Thread] DEBUG Engine               - isFullScreenFromStart: false
09:38:31.339 [JavaFX Application Thread] DEBUG Engine               - version: 0.1
09:38:31.339 [JavaFX Application Thread] DEBUG Engine               - fullScreen: BooleanProperty [value: false]
09:38:31.340 [JavaFX Application Thread] DEBUG Engine               - randomSeed: -1
09:38:31.340 [JavaFX Application Thread] DEBUG Engine               - dialogFactory: com.almasb.fxgl.ui.FXGLDialogFactory@688163e9
09:38:31.340 [JavaFX Application Thread] DEBUG Engine               - applicationMode: DEVELOPER
09:38:31.340 [JavaFX Application Thread] DEBUG Engine               - isMac: false
09:38:31.340 [JavaFX Application Thread] DEBUG Engine               - urlGoogleForms: https://goo.gl/forms/6wrMnOBxTE1fEpOy2
09:38:31.340 [JavaFX Application Thread] DEBUG Engine               - isMenuEnabled: true
09:38:31.340 [JavaFX Application Thread] DEBUG Engine               - urlPOM: https://raw.githubusercontent.com/AlmasB/FXGL/master/pom.xml
09:38:31.340 [JavaFX Application Thread] DEBUG Engine               - profileName: user.profile
09:38:31.340 [JavaFX Application Thread] DEBUG Engine               - notificationViewClass: class com.almasb.fxgl.notification.view.XboxNotificationView
09:38:31.340 [JavaFX Application Thread] DEBUG Engine               - devSensorColorProperty: ObjectProperty [value: 0xffff00ff]
09:38:31.340 [JavaFX Application Thread] DEBUG Engine               - sceneFactory: com.almasb.fxgl.app.SceneFactory@61b4cc89
09:38:31.341 [JavaFX Application Thread] DEBUG Engine               - dataFileExt: .dat
09:38:31.341 [JavaFX Application Thread] DEBUG Engine               - stageStyle: DECORATED
09:38:31.341 [JavaFX Application Thread] DEBUG Engine               - isManualResizeEnabled: false
09:38:31.341 [JavaFX Application Thread] DEBUG Engine               - title: Jump-Demo
09:38:31.341 [JavaFX Application Thread] DEBUG Engine               - platform: WINDOWS
09:38:31.341 [JavaFX Application Thread] DEBUG Engine               - devBBoxColorProperty: ObjectProperty [value: 0xff0000ff]
09:38:31.341 [JavaFX Application Thread] DEBUG Engine               - isDesktop: true
09:38:31.341 [JavaFX Application Thread] DEBUG Engine               - credits: []
09:38:31.341 [JavaFX Application Thread] DEBUG Engine               - globalMusicVolumeProperty: DoubleProperty [value: 0.5]
09:38:31.341 [JavaFX Application Thread] DEBUG Engine               - uIFactory: com.almasb.fxgl.ui.FXGLUIFactory@5cddbebe
09:38:31.341 [JavaFX Application Thread] DEBUG Engine               - isPreserveResizeRatio: false
09:38:31.341 [JavaFX Application Thread] DEBUG Engine               - fontText: Courier-Prime.ttf
09:38:31.341 [JavaFX Application Thread] DEBUG Engine               - isExperimentalTiledLargeMap: false
09:38:31.342 [JavaFX Application Thread] DEBUG Engine               - secondsIn24h: 60
09:38:31.342 [JavaFX Application Thread] DEBUG Engine               - runtimeInfo: RuntimeInfo(platform=WINDOWS, version=11.7, build=05.01.2020 09.37)
09:38:31.342 [JavaFX Application Thread] DEBUG Engine               - isLinux: false
09:38:31.342 [JavaFX Application Thread] DEBUG Engine               - soundMenuPress: menu/press.wav
09:38:31.342 [JavaFX Application Thread] DEBUG Engine               - urlGithub: https://github.com/AlmasB/FXGL
09:38:31.342 [JavaFX Application Thread] DEBUG Engine               - profileDir: profiles/
09:38:31.342 [JavaFX Application Thread] DEBUG Engine               - isDeveloperMenuEnabled: false
09:38:31.342 [JavaFX Application Thread] DEBUG Engine               - globalSoundVolumeProperty: DoubleProperty [value: 0.5]
09:38:31.342 [JavaFX Application Thread] DEBUG Engine               - isBrowser: false
09:38:31.342 [JavaFX Application Thread] DEBUG Engine               - urlLeaderboard: http://fxgl-top.herokuapp.com/
09:38:31.342 [JavaFX Application Thread] DEBUG Engine               - globalSoundVolume: 0.5
09:38:31.342 [JavaFX Application Thread] DEBUG Engine               - saveDir: saves/
09:38:31.342 [JavaFX Application Thread] DEBUG Engine               - engineServices: [class com.almasb.fxgl.audio.AudioPlayer, class com.almasb.fxgl.notification.impl.NotificationServiceProvider, class com.almasb.fxgl.achievement.AchievementManager, class com.almasb.fxgl.cutscene.CutsceneService, class com.almasb.fxgl.minigames.MiniGameService]
09:38:31.342 [JavaFX Application Thread] DEBUG Engine               - globalMusicVolume: 0.5
09:38:31.343 [JavaFX Application Thread] DEBUG Engine               - width: 600
09:38:31.343 [JavaFX Application Thread] DEBUG Engine               - saveFileExt: .sav
09:38:31.343 [JavaFX Application Thread] DEBUG Engine               - isAndroid: false
09:38:31.343 [JavaFX Application Thread] DEBUG Engine               - fontUI: VarelaRound-Regular.ttf
09:38:31.343 [JavaFX Application Thread] DEBUG Engine               - enabledMenuItems: []
09:38:31.343 [JavaFX Application Thread] DEBUG Engine               - isIOS: false
09:38:31.345 [JavaFX Application Thread] DEBUG Engine               - Adding new engine service: class com.almasb.fxgl.audio.AudioPlayer
09:38:31.346 [JavaFX Application Thread] DEBUG Engine               - Adding new engine service: class com.almasb.fxgl.notification.impl.NotificationServiceProvider
09:38:31.346 [JavaFX Application Thread] DEBUG Engine               - Adding new engine service: class com.almasb.fxgl.achievement.AchievementManager
09:38:31.347 [JavaFX Application Thread] DEBUG Engine               - Adding new engine service: class com.almasb.fxgl.cutscene.CutsceneService
09:38:31.347 [JavaFX Application Thread] DEBUG Engine               - Adding new engine service: class com.almasb.fxgl.minigames.MiniGameService
09:38:31.350 [JavaFX Application Thread] DEBUG Engine               - Loading localizations
09:38:31.352 [JavaFX Application Thread] DEBUG AssetLoader          - Loading from file system: /assets/properties/languages/english.properties
09:38:31.354 [JavaFX Application Thread] DEBUG AssetLoader          - Loading from file system: /assets/properties/languages/french.properties
09:38:31.355 [JavaFX Application Thread] DEBUG AssetLoader          - Loading from file system: /assets/properties/languages/german.properties
09:38:31.357 [JavaFX Application Thread] DEBUG AssetLoader          - Loading from file system: /assets/properties/languages/russian.properties
09:38:31.358 [JavaFX Application Thread] DEBUG AssetLoader          - Loading from file system: /assets/properties/languages/hungarian.properties
09:38:31.360 [JavaFX Application Thread] DEBUG Engine               - Registering font factories
09:38:31.360 [JavaFX Application Thread] DEBUG AssetLoader          - Loading from file system: /assets/ui/fonts/VarelaRound-Regular.ttf
09:38:31.506 [JavaFX Application Thread] DEBUG AssetLoader          - Loading from file system: /assets/ui/fonts/Abel-Regular.ttf
09:38:31.509 [JavaFX Application Thread] DEBUG AssetLoader          - Loading from file system: /assets/ui/fonts/lucida_console.ttf
09:38:31.514 [JavaFX Application Thread] DEBUG AssetLoader          - Loading from file system: /assets/ui/fonts/Courier-Prime.ttf
09:38:31.518 [JavaFX Application Thread] DEBUG Engine               - Setting UI factory
09:38:31.608 [JavaFX Application Thread] DEBUG AssetLoader          - Loading from file system: /assets/textures/fxgl_logo.png
09:38:31.661 [JavaFX Application Thread] DEBUG MainWindow           - Creating a JavaFX scene
09:38:31.706 [JavaFX Application Thread] DEBUG MainWindow           - Target settings size: 600.0 x 600.0
09:38:31.707 [JavaFX Application Thread] DEBUG MainWindow           - Scaled scene size:    600.0 x 600.0
09:38:31.707 [JavaFX Application Thread] DEBUG MainWindow           - Scaled ratio: (1.0, 1.0)
09:38:31.708 [JavaFX Application Thread] DEBUG MainWindow           - Set initial scene to FXGLStartupScene
09:38:31.716 [JavaFX Application Thread] DEBUG AssetLoader          - Loading from file system: /assets/textures/fxgl_icon.png
09:38:31.727 [JavaFX Application Thread] DEBUG Engine               - Applying CSS: fxgl_dark.css
09:38:31.728 [JavaFX Application Thread] DEBUG AssetLoader          - Loading from file system: /assets/ui/css/fxgl_dark.css
09:38:31.730 [JavaFX Application Thread] DEBUG AssetLoader          - Loading from file system: /assets/ui/cursors/fxgl_default.png
09:38:31.732 [JavaFX Application Thread] DEBUG MainWindow           - Opening main window
09:38:31.871 [JavaFX Application Thread] DEBUG MainWindow           - Window border size: (16.0, 39.0)
09:38:31.871 [JavaFX Application Thread] DEBUG MainWindow           - Scaled size: 600.0 x 600.0
09:38:31.871 [JavaFX Application Thread] DEBUG MainWindow           - Scaled ratio: (1.0, 1.0)
09:38:31.871 [JavaFX Application Thread] DEBUG MainWindow           - Scene size: 600.0 x 600.0
09:38:31.871 [JavaFX Application Thread] DEBUG MainWindow           - Stage size: 616.0 x 639.0
09:38:31.908 [FXGL Background Thread 1 ] DEBUG FS                   - Loaded FSServiceImpl
09:38:31.908 [FXGL Background Thread 1 ] DEBUG Engine               - Loading FXGL system data
09:38:31.916 [FXGL Background Thread 1 ] DEBUG FSServiceImpl        - Reading from: G:\Desk\Projects\FXGLPlatformer\system\fxgl.bundle
09:38:31.939 [FXGL Background Thread 1 ] DEBUG Engine               - Bundle FXGL: {}
09:38:31.939 [FXGL Background Thread 1 ] DEBUG Engine               - Initializing application scenes
09:38:31.968 [FXGL Background Thread 1 ] DEBUG GameWorld            - Game world initialized
09:38:32.010 [FXGL Background Thread 1 ] DEBUG PhysicsWorld         - Physics world initialized: appHeight=600, physics.ppm=50.0
09:38:32.012 [FXGL Background Thread 1 ] DEBUG GameScene            - Game scene initialized: 600x600
09:38:32.052 [FXGL Background Thread 1 ] DEBUG AssetLoader          - Loading from file system: /assets/textures/particles/trace_horizontal.png
09:38:32.062 [FXGL Background Thread 1 ] DEBUG FXGL.DefaultMenu     - createMenuBodyMainMenu()
09:38:32.074 [FXGL Background Thread 1 ] DEBUG FXGL.DefaultMenu     - createOptionsMenu()
09:38:32.078 [FXGL Background Thread 1 ] DEBUG AssetLoader          - Loading from file system: /assets/textures/particles/smoke.png
09:38:32.120 [FXGL Background Thread 1 ] DEBUG AssetLoader          - Loading from cache: /assets/textures/particles/trace_horizontal.png@64.0x64.0
09:38:32.120 [FXGL Background Thread 1 ] DEBUG FXGL.DefaultMenu     - createMenuBodyGameMenu()
09:38:32.121 [FXGL Background Thread 1 ] DEBUG FXGL.DefaultMenu     - createOptionsMenu()
09:38:32.123 [FXGL Background Thread 1 ] DEBUG AssetLoader          - Loading from cache: /assets/textures/particles/smoke.png@128.0x128.0
09:38:32.138 [FXGL Background Thread 1 ] DEBUG Engine               - Application scenes initialized
09:38:32.140 [JavaFX Application Thread] DEBUG Engine               - Running preInit()
09:38:32.148 [JavaFX Application Thread] DEBUG Input                - Registered new binding: Move Right - D
09:38:32.148 [JavaFX Application Thread] DEBUG Input                - Registered new binding: Move Left - A
09:38:32.148 [JavaFX Application Thread] DEBUG Input                - Registered new binding: Move Down - S
09:38:32.148 [JavaFX Application Thread] DEBUG Input                - Registered new binding: Move Up - W
09:38:32.149 [JavaFX Application Thread] DEBUG Input                - Registered new binding: Screenshot - P
09:38:32.149 [JavaFX Application Thread] DEBUG Input                - Registered new binding: System info dump - CTRL+9
09:38:32.149 [JavaFX Application Thread] DEBUG Input                - Registered new binding: Restart - CTRL+R
09:38:32.150 [JavaFX Application Thread] DEBUG Engine               - generateDefaultProfile()
09:38:32.150 [JavaFX Application Thread] DEBUG Engine               - Creating default profile
09:38:32.150 [JavaFX Application Thread] DEBUG EventBus             - Firing event: SaveEvent
09:38:32.159 [JavaFX Application Thread] INFO  Engine               - FXGL initialization took: 0.810 sec
09:38:32.159 [JavaFX Application Thread] DEBUG LoopRunner           - Starting loop
09:38:32.176 [JavaFX Application Thread] DEBUG FXGLStartupScene     - STARTUP
09:38:32.180 [JavaFX Application Thread] DEBUG Input                - Clearing active input actions
09:38:32.197 [JavaFX Application Thread] DEBUG Engine               - Removing overlay from FXGLStartupScene and adding to FXGLDefaultMenu
09:38:32.197 [JavaFX Application Thread] DEBUG MainWindow           - FXGLStartupScene -> FXGLDefaultMenu
09:38:33.578 [JavaFX Application Thread] DEBUG Menu                 - fireNewGame()
09:38:33.578 [JavaFX Application Thread] DEBUG Engine               - Starting new game
09:38:33.583 [JavaFX Application Thread] DEBUG Input                - Clearing active input actions
09:38:33.584 [FXGL Background Thread 1 ] DEBUG InitAppTask          - Clearing previous game
09:38:33.584 [FXGL Background Thread 1 ] DEBUG GameWorld            - Clearing game world
09:38:33.584 [FXGL Background Thread 1 ] DEBUG PhysicsWorld         - Clearing physics world
09:38:33.584 [FXGL Background Thread 1 ] DEBUG GameScene            - Clearing game scene
09:38:33.584 [FXGL Background Thread 1 ] DEBUG InitAppTask          - Initializing Game
09:38:33.587 [FXGL Background Thread 1 ] DEBUG InitAppTask          - Initializing Physics
09:38:33.587 [FXGL Background Thread 1 ] DEBUG InitAppTask          - Initializing UI
09:38:33.588 [FXGL Background Thread 1 ] DEBUG InitAppTask          - Initialization Complete
09:38:33.588 [FXGL Background Thread 1 ] INFO  InitAppTask          - Game initialization took: 0.004 sec
09:38:33.592 [JavaFX Application Thread] DEBUG Engine               - Removing overlay from FXGLDefaultMenu and adding to LoadingScene
09:38:33.592 [JavaFX Application Thread] DEBUG MainWindow           - FXGLDefaultMenu -> LoadingScene
09:38:33.615 [JavaFX Application Thread] DEBUG Input                - Clearing active input actions
09:38:33.620 [JavaFX Application Thread] DEBUG Engine               - Removing overlay from LoadingScene and adding to GameScene
09:38:33.620 [JavaFX Application Thread] DEBUG MainWindow           - LoadingScene -> GameScene
09:38:42.121 [JavaFX Application Thread] DEBUG Engine               - Exiting FXGL
09:38:42.121 [JavaFX Application Thread] DEBUG Engine               - Shutting down background threads
09:38:42.121 [JavaFX Application Thread] DEBUG Engine               - Saving FXGL system data
09:38:42.123 [JavaFX Application Thread] DEBUG FSServiceImpl        - Writing to: G:\Desk\Projects\FXGLPlatformer\system\fxgl.bundle
09:38:42.124 [JavaFX Application Thread] DEBUG Engine               - Closing logger and exiting JavaFX
