17:12:59.159 [main                     ] DEBUG GameApplication      - Logger initialized
17:12:59.179 [main                     ] DEBUG GameApplication      - Logging settings
Title: JumpToBeat-Demo
Version: 0.1
Width: 600
Height: 600
Fullscreen: false
Intro: false
Menus: false
Profiling: false
Single step:false
App Mode: DEVELOPER
Menu Key: ESCAPE
Stage Style: DECORATED
Scene Factory: class com.almasb.fxgl.app.SceneFactory
Dialog Factory: class com.almasb.fxgl.ui.FXGLDialogFactory
UI Factory: class com.almasb.fxgl.ui.FXGLUIFactory

17:12:59.813 [JavaFX Application Thread] DEBUG Engine               - Initializing FXGL
17:12:59.813 [JavaFX Application Thread] INFO  Engine               - FXGL-11.7 (05.01.2020 09.37) on WINDOWS (J:11.0.5 FX:12.0.1)
17:12:59.813 [JavaFX Application Thread] INFO  Engine               - Source code and latest versions at: https://github.com/AlmasB/FXGL
17:12:59.814 [JavaFX Application Thread] INFO  Engine               -              Join the FXGL chat at: https://gitter.im/AlmasB/FXGL
17:12:59.814 [JavaFX Application Thread] DEBUG Engine               - Initializing environment variables
17:12:59.817 [JavaFX Application Thread] DEBUG Engine               - Logging environment variables
17:12:59.817 [JavaFX Application Thread] DEBUG Engine               - achievements: []
17:12:59.817 [JavaFX Application Thread] DEBUG Engine               - sceneStack: com.almasb.fxgl.app.Engine@8414e04
17:12:59.817 [JavaFX Application Thread] DEBUG Engine               - language: ObjectProperty [value: ENGLISH]
17:12:59.817 [JavaFX Application Thread] DEBUG Engine               - isCloseConfirmation: false
17:12:59.817 [JavaFX Application Thread] DEBUG Engine               - isProfilingEnabled: false
17:12:59.818 [JavaFX Application Thread] DEBUG Engine               - soundNotification: core/notification.wav
17:12:59.818 [JavaFX Application Thread] DEBUG Engine               - devShowBBoxProperty: BooleanProperty [value: false]
17:12:59.819 [JavaFX Application Thread] DEBUG Engine               - pixelsPerMeter: 50.0
17:12:59.819 [JavaFX Application Thread] DEBUG Engine               - overlayRoot: Group@28c4650f
17:12:59.819 [JavaFX Application Thread] DEBUG Engine               - soundMenuBack: menu/back.wav
17:12:59.819 [JavaFX Application Thread] DEBUG Engine               - appIcon: fxgl_icon.png
17:12:59.819 [JavaFX Application Thread] DEBUG Engine               - isFullScreenAllowed: false
17:12:59.819 [JavaFX Application Thread] DEBUG Engine               - isIntroEnabled: false
17:12:59.820 [JavaFX Application Thread] DEBUG Engine               - eventBus: com.almasb.fxgl.event.EventBus@5373a88b
17:12:59.820 [JavaFX Application Thread] DEBUG Engine               - fontMono: lucida_console.ttf
17:12:59.820 [JavaFX Application Thread] DEBUG Engine               - soundMenuSelect: menu/select.wav
17:12:59.820 [JavaFX Application Thread] DEBUG Engine               - isWindows: true
17:12:59.820 [JavaFX Application Thread] DEBUG Engine               - isMobile: false
17:12:59.820 [JavaFX Application Thread] DEBUG Engine               - height: 600
17:12:59.820 [JavaFX Application Thread] DEBUG Engine               - isExperimentalNative: false
17:12:59.820 [JavaFX Application Thread] DEBUG Engine               - isSingleStep: false
17:12:59.820 [JavaFX Application Thread] DEBUG Engine               - cSSList: [fxgl_dark.css]
17:12:59.820 [JavaFX Application Thread] DEBUG Engine               - fontGame: Abel-Regular.ttf
17:12:59.820 [JavaFX Application Thread] DEBUG Engine               - menuKey: ESCAPE
17:12:59.821 [JavaFX Application Thread] DEBUG Engine               - devShowPositionProperty: BooleanProperty [value: false]
17:12:59.821 [JavaFX Application Thread] DEBUG Engine               - versionCheckDays: 7
17:12:59.821 [JavaFX Application Thread] DEBUG Engine               - masterTimer: com.almasb.fxgl.time.Timer@51c0fd8f
17:12:59.821 [JavaFX Application Thread] DEBUG Engine               - configClass: Optional.empty
17:12:59.821 [JavaFX Application Thread] DEBUG Engine               - isFullScreenFromStart: false
17:12:59.821 [JavaFX Application Thread] DEBUG Engine               - version: 0.1
17:12:59.821 [JavaFX Application Thread] DEBUG Engine               - fullScreen: BooleanProperty [value: false]
17:12:59.821 [JavaFX Application Thread] DEBUG Engine               - randomSeed: -1
17:12:59.821 [JavaFX Application Thread] DEBUG Engine               - dialogFactory: com.almasb.fxgl.ui.FXGLDialogFactory@59af0775
17:12:59.821 [JavaFX Application Thread] DEBUG Engine               - applicationMode: DEVELOPER
17:12:59.821 [JavaFX Application Thread] DEBUG Engine               - isMac: false
17:12:59.822 [JavaFX Application Thread] DEBUG Engine               - urlGoogleForms: https://goo.gl/forms/6wrMnOBxTE1fEpOy2
17:12:59.822 [JavaFX Application Thread] DEBUG Engine               - isMenuEnabled: false
17:12:59.822 [JavaFX Application Thread] DEBUG Engine               - profileName: user.profile
17:12:59.822 [JavaFX Application Thread] DEBUG Engine               - urlPOM: https://raw.githubusercontent.com/AlmasB/FXGL/master/pom.xml
17:12:59.822 [JavaFX Application Thread] DEBUG Engine               - notificationViewClass: class com.almasb.fxgl.notification.view.XboxNotificationView
17:12:59.822 [JavaFX Application Thread] DEBUG Engine               - devSensorColorProperty: ObjectProperty [value: 0xffff00ff]
17:12:59.822 [JavaFX Application Thread] DEBUG Engine               - sceneFactory: com.almasb.fxgl.app.SceneFactory@5248fd52
17:12:59.822 [JavaFX Application Thread] DEBUG Engine               - dataFileExt: .dat
17:12:59.822 [JavaFX Application Thread] DEBUG Engine               - stageStyle: DECORATED
17:12:59.822 [JavaFX Application Thread] DEBUG Engine               - isManualResizeEnabled: false
17:12:59.822 [JavaFX Application Thread] DEBUG Engine               - title: JumpToBeat-Demo
17:12:59.822 [JavaFX Application Thread] DEBUG Engine               - platform: WINDOWS
17:12:59.823 [JavaFX Application Thread] DEBUG Engine               - devBBoxColorProperty: ObjectProperty [value: 0xff0000ff]
17:12:59.823 [JavaFX Application Thread] DEBUG Engine               - isDesktop: true
17:12:59.823 [JavaFX Application Thread] DEBUG Engine               - credits: []
17:12:59.823 [JavaFX Application Thread] DEBUG Engine               - globalMusicVolumeProperty: DoubleProperty [value: 0.5]
17:12:59.823 [JavaFX Application Thread] DEBUG Engine               - isPreserveResizeRatio: false
17:12:59.823 [JavaFX Application Thread] DEBUG Engine               - uIFactory: com.almasb.fxgl.ui.FXGLUIFactory@1cb13060
17:12:59.823 [JavaFX Application Thread] DEBUG Engine               - fontText: Courier-Prime.ttf
17:12:59.823 [JavaFX Application Thread] DEBUG Engine               - isExperimentalTiledLargeMap: false
17:12:59.823 [JavaFX Application Thread] DEBUG Engine               - secondsIn24h: 60
17:12:59.823 [JavaFX Application Thread] DEBUG Engine               - runtimeInfo: RuntimeInfo(platform=WINDOWS, version=11.7, build=05.01.2020 09.37)
17:12:59.823 [JavaFX Application Thread] DEBUG Engine               - isLinux: false
17:12:59.824 [JavaFX Application Thread] DEBUG Engine               - soundMenuPress: menu/press.wav
17:12:59.824 [JavaFX Application Thread] DEBUG Engine               - urlGithub: https://github.com/AlmasB/FXGL
17:12:59.824 [JavaFX Application Thread] DEBUG Engine               - profileDir: profiles/
17:12:59.824 [JavaFX Application Thread] DEBUG Engine               - isDeveloperMenuEnabled: false
17:12:59.824 [JavaFX Application Thread] DEBUG Engine               - globalSoundVolumeProperty: DoubleProperty [value: 0.5]
17:12:59.824 [JavaFX Application Thread] DEBUG Engine               - isBrowser: false
17:12:59.824 [JavaFX Application Thread] DEBUG Engine               - urlLeaderboard: http://fxgl-top.herokuapp.com/
17:12:59.824 [JavaFX Application Thread] DEBUG Engine               - globalSoundVolume: 0.5
17:12:59.824 [JavaFX Application Thread] DEBUG Engine               - saveDir: saves/
17:12:59.824 [JavaFX Application Thread] DEBUG Engine               - engineServices: [class com.almasb.fxgl.audio.AudioPlayer, class com.almasb.fxgl.notification.impl.NotificationServiceProvider, class com.almasb.fxgl.achievement.AchievementManager, class com.almasb.fxgl.cutscene.CutsceneService, class com.almasb.fxgl.minigames.MiniGameService]
17:12:59.824 [JavaFX Application Thread] DEBUG Engine               - globalMusicVolume: 0.5
17:12:59.824 [JavaFX Application Thread] DEBUG Engine               - width: 600
17:12:59.824 [JavaFX Application Thread] DEBUG Engine               - saveFileExt: .sav
17:12:59.824 [JavaFX Application Thread] DEBUG Engine               - isAndroid: false
17:12:59.825 [JavaFX Application Thread] DEBUG Engine               - fontUI: VarelaRound-Regular.ttf
17:12:59.825 [JavaFX Application Thread] DEBUG Engine               - enabledMenuItems: []
17:12:59.825 [JavaFX Application Thread] DEBUG Engine               - isIOS: false
17:12:59.827 [JavaFX Application Thread] DEBUG Engine               - Adding new engine service: class com.almasb.fxgl.audio.AudioPlayer
17:12:59.828 [JavaFX Application Thread] DEBUG Engine               - Adding new engine service: class com.almasb.fxgl.notification.impl.NotificationServiceProvider
17:12:59.828 [JavaFX Application Thread] DEBUG Engine               - Adding new engine service: class com.almasb.fxgl.achievement.AchievementManager
17:12:59.830 [JavaFX Application Thread] DEBUG Engine               - Adding new engine service: class com.almasb.fxgl.cutscene.CutsceneService
17:12:59.830 [JavaFX Application Thread] DEBUG Engine               - Adding new engine service: class com.almasb.fxgl.minigames.MiniGameService
17:12:59.833 [JavaFX Application Thread] DEBUG Engine               - Loading localizations
17:12:59.836 [JavaFX Application Thread] DEBUG AssetLoader          - Loading from file system: /assets/properties/languages/english.properties
17:12:59.838 [JavaFX Application Thread] DEBUG AssetLoader          - Loading from file system: /assets/properties/languages/french.properties
17:12:59.841 [JavaFX Application Thread] DEBUG AssetLoader          - Loading from file system: /assets/properties/languages/german.properties
17:12:59.842 [JavaFX Application Thread] DEBUG AssetLoader          - Loading from file system: /assets/properties/languages/russian.properties
17:12:59.846 [JavaFX Application Thread] DEBUG AssetLoader          - Loading from file system: /assets/properties/languages/hungarian.properties
17:12:59.851 [JavaFX Application Thread] DEBUG Engine               - Registering font factories
17:12:59.852 [JavaFX Application Thread] DEBUG AssetLoader          - Loading from file system: /assets/ui/fonts/VarelaRound-Regular.ttf
17:13:00.035 [JavaFX Application Thread] DEBUG AssetLoader          - Loading from file system: /assets/ui/fonts/Abel-Regular.ttf
17:13:00.038 [JavaFX Application Thread] DEBUG AssetLoader          - Loading from file system: /assets/ui/fonts/lucida_console.ttf
17:13:00.043 [JavaFX Application Thread] DEBUG AssetLoader          - Loading from file system: /assets/ui/fonts/Courier-Prime.ttf
17:13:00.046 [JavaFX Application Thread] DEBUG Engine               - Setting UI factory
17:13:00.135 [JavaFX Application Thread] DEBUG AssetLoader          - Loading from file system: /assets/textures/fxgl_logo.png
17:13:00.189 [JavaFX Application Thread] DEBUG MainWindow           - Creating a JavaFX scene
17:13:00.235 [JavaFX Application Thread] DEBUG MainWindow           - Target settings size: 600.0 x 600.0
17:13:00.235 [JavaFX Application Thread] DEBUG MainWindow           - Scaled scene size:    600.0 x 600.0
17:13:00.235 [JavaFX Application Thread] DEBUG MainWindow           - Scaled ratio: (1.0, 1.0)
17:13:00.237 [JavaFX Application Thread] DEBUG MainWindow           - Set initial scene to FXGLStartupScene
17:13:00.245 [JavaFX Application Thread] DEBUG AssetLoader          - Loading from file system: /assets/textures/fxgl_icon.png
17:13:00.257 [JavaFX Application Thread] DEBUG Engine               - Applying CSS: fxgl_dark.css
17:13:00.257 [JavaFX Application Thread] DEBUG AssetLoader          - Loading from file system: /assets/ui/css/fxgl_dark.css
17:13:00.261 [JavaFX Application Thread] DEBUG AssetLoader          - Loading from file system: /assets/ui/cursors/fxgl_default.png
17:13:00.262 [JavaFX Application Thread] DEBUG MainWindow           - Opening main window
17:13:00.427 [JavaFX Application Thread] DEBUG MainWindow           - Window border size: (16.0, 39.0)
17:13:00.427 [JavaFX Application Thread] DEBUG MainWindow           - Scaled size: 600.0 x 600.0
17:13:00.427 [JavaFX Application Thread] DEBUG MainWindow           - Scaled ratio: (1.0, 1.0)
17:13:00.428 [JavaFX Application Thread] DEBUG MainWindow           - Scene size: 600.0 x 600.0
17:13:00.428 [JavaFX Application Thread] DEBUG MainWindow           - Stage size: 616.0 x 639.0
17:13:00.456 [FXGL Background Thread 1 ] DEBUG FS                   - Loaded FSServiceImpl
17:13:00.457 [FXGL Background Thread 1 ] DEBUG Engine               - Loading FXGL system data
17:13:00.460 [FXGL Background Thread 1 ] DEBUG FSServiceImpl        - Reading from: G:\Desk\Projects\FXGLPlatformer\system\fxgl.bundle
17:13:00.478 [FXGL Background Thread 1 ] DEBUG Engine               - Bundle FXGL: {}
17:13:00.478 [FXGL Background Thread 1 ] DEBUG Engine               - Initializing application scenes
17:13:00.517 [FXGL Background Thread 1 ] DEBUG GameWorld            - Game world initialized
17:13:00.559 [FXGL Background Thread 1 ] DEBUG PhysicsWorld         - Physics world initialized: appHeight=600, physics.ppm=50.0
17:13:00.560 [FXGL Background Thread 1 ] DEBUG GameScene            - Game scene initialized: 600x600
17:13:00.592 [FXGL Background Thread 1 ] DEBUG Input                - Registered new binding: Resume - Esc
17:13:00.597 [FXGL Background Thread 1 ] DEBUG AssetLoader          - Loading from file system: /assets/textures/pause_menu_bg.png
17:13:00.620 [FXGL Background Thread 1 ] DEBUG Input                - Registered new binding: Pause - Esc
17:13:00.620 [FXGL Background Thread 1 ] DEBUG Engine               - Application scenes initialized
17:13:00.624 [JavaFX Application Thread] DEBUG Engine               - Running preInit()
17:13:00.624 [JavaFX Application Thread] DEBUG Input                - Registered new binding: Move Right - D
17:13:00.624 [JavaFX Application Thread] DEBUG Input                - Registered new binding: Move Left - A
17:13:00.624 [JavaFX Application Thread] DEBUG Input                - Registered new binding: Move Down - S
17:13:00.624 [JavaFX Application Thread] DEBUG Input                - Registered new binding: Move Up - W
17:13:00.624 [JavaFX Application Thread] DEBUG Input                - Registered new binding: Play Sound - F
17:13:00.625 [JavaFX Application Thread] DEBUG Input                - Registered new binding: Screenshot - P
17:13:00.625 [JavaFX Application Thread] DEBUG Input                - Registered new binding: System info dump - CTRL+9
17:13:00.625 [JavaFX Application Thread] DEBUG Input                - Registered new binding: Restart - CTRL+R
17:13:00.625 [JavaFX Application Thread] DEBUG Engine               - generateDefaultProfile()
17:13:00.625 [JavaFX Application Thread] DEBUG Engine               - Creating default profile
17:13:00.625 [JavaFX Application Thread] DEBUG EventBus             - Firing event: SaveEvent
17:13:00.636 [JavaFX Application Thread] INFO  Engine               - FXGL initialization took: 0.803 sec
17:13:00.636 [JavaFX Application Thread] DEBUG LoopRunner           - Starting loop
17:13:00.643 [JavaFX Application Thread] DEBUG FXGLStartupScene     - STARTUP
17:13:00.643 [JavaFX Application Thread] DEBUG Engine               - Starting new game
17:13:00.651 [JavaFX Application Thread] DEBUG Input                - Clearing active input actions
17:13:00.652 [FXGL Background Thread 1 ] DEBUG InitAppTask          - Clearing previous game
17:13:00.652 [FXGL Background Thread 1 ] DEBUG GameWorld            - Clearing game world
17:13:00.652 [FXGL Background Thread 1 ] DEBUG PhysicsWorld         - Clearing physics world
17:13:00.652 [FXGL Background Thread 1 ] DEBUG GameScene            - Clearing game scene
17:13:00.652 [FXGL Background Thread 1 ] DEBUG InitAppTask          - Initializing Game
17:13:00.660 [JavaFX Application Thread] DEBUG Engine               - Removing overlay from FXGLStartupScene and adding to LoadingScene
17:13:00.660 [JavaFX Application Thread] DEBUG MainWindow           - FXGLStartupScene -> LoadingScene
17:13:00.665 [FXGL Background Thread 1 ] DEBUG InitAppTask          - Initializing Physics
17:13:00.666 [FXGL Background Thread 1 ] DEBUG InitAppTask          - Initializing UI
17:13:00.667 [FXGL Background Thread 1 ] DEBUG InitAppTask          - Initialization Complete
17:13:00.667 [FXGL Background Thread 1 ] INFO  InitAppTask          - Game initialization took: 0.015 sec
17:13:00.706 [JavaFX Application Thread] DEBUG Input                - Clearing active input actions
17:13:00.714 [JavaFX Application Thread] DEBUG Engine               - Removing overlay from LoadingScene and adding to GameScene
17:13:00.714 [JavaFX Application Thread] DEBUG MainWindow           - LoadingScene -> GameScene
17:13:24.972 [JavaFX Application Thread] DEBUG LoopRunner           - Pausing loop
17:16:09.776 [JavaFX Application Thread] DEBUG LoopRunner           - Resuming loop
17:16:10.911 [JavaFX Application Thread] DEBUG Engine               - Exiting FXGL
17:16:10.911 [JavaFX Application Thread] DEBUG Engine               - Shutting down background threads
17:16:10.911 [JavaFX Application Thread] DEBUG Engine               - Saving FXGL system data
17:16:10.913 [JavaFX Application Thread] DEBUG FSServiceImpl        - Writing to: G:\Desk\Projects\FXGLPlatformer\system\fxgl.bundle
17:16:10.914 [JavaFX Application Thread] DEBUG Engine               - Closing logger and exiting JavaFX
