09:37:20.681 [main                     ] DEBUG GameApplication      - Logger initialized
09:37:20.699 [main                     ] DEBUG GameApplication      - Logging settings
Title: Jump-Demo
Version: 0.1
Width: 600
Height: 600
Fullscreen: false
Intro: false
Menus: true
Profiling: false
Single step:false
App Mode: DEVELOPER
Menu Key: ESCAPE
Stage Style: DECORATED
Scene Factory: class com.almasb.fxgl.app.SceneFactory
Dialog Factory: class com.almasb.fxgl.ui.FXGLDialogFactory
UI Factory: class com.almasb.fxgl.ui.FXGLUIFactory

09:37:21.228 [JavaFX Application Thread] DEBUG Engine               - Initializing FXGL
09:37:21.228 [JavaFX Application Thread] INFO  Engine               - FXGL-11.7 (05.01.2020 09.37) on WINDOWS (J:11.0.5 FX:12.0.1)
09:37:21.228 [JavaFX Application Thread] INFO  Engine               - Source code and latest versions at: https://github.com/AlmasB/FXGL
09:37:21.229 [JavaFX Application Thread] INFO  Engine               -              Join the FXGL chat at: https://gitter.im/AlmasB/FXGL
09:37:21.229 [JavaFX Application Thread] DEBUG Engine               - Initializing environment variables
09:37:21.231 [JavaFX Application Thread] DEBUG Engine               - Logging environment variables
09:37:21.231 [JavaFX Application Thread] DEBUG Engine               - achievements: []
09:37:21.231 [JavaFX Application Thread] DEBUG Engine               - sceneStack: com.almasb.fxgl.app.Engine@7ae870d0
09:37:21.231 [JavaFX Application Thread] DEBUG Engine               - language: ObjectProperty [value: ENGLISH]
09:37:21.231 [JavaFX Application Thread] DEBUG Engine               - isCloseConfirmation: false
09:37:21.231 [JavaFX Application Thread] DEBUG Engine               - isProfilingEnabled: false
09:37:21.231 [JavaFX Application Thread] DEBUG Engine               - soundNotification: core/notification.wav
09:37:21.232 [JavaFX Application Thread] DEBUG Engine               - devShowBBoxProperty: BooleanProperty [value: false]
09:37:21.232 [JavaFX Application Thread] DEBUG Engine               - pixelsPerMeter: 50.0
09:37:21.233 [JavaFX Application Thread] DEBUG Engine               - overlayRoot: Group@1b67eac7
09:37:21.233 [JavaFX Application Thread] DEBUG Engine               - appIcon: fxgl_icon.png
09:37:21.233 [JavaFX Application Thread] DEBUG Engine               - soundMenuBack: menu/back.wav
09:37:21.233 [JavaFX Application Thread] DEBUG Engine               - isFullScreenAllowed: false
09:37:21.233 [JavaFX Application Thread] DEBUG Engine               - isIntroEnabled: false
09:37:21.233 [JavaFX Application Thread] DEBUG Engine               - eventBus: com.almasb.fxgl.event.EventBus@2ffd63bd
09:37:21.233 [JavaFX Application Thread] DEBUG Engine               - fontMono: lucida_console.ttf
09:37:21.233 [JavaFX Application Thread] DEBUG Engine               - soundMenuSelect: menu/select.wav
09:37:21.233 [JavaFX Application Thread] DEBUG Engine               - isWindows: true
09:37:21.233 [JavaFX Application Thread] DEBUG Engine               - isMobile: false
09:37:21.234 [JavaFX Application Thread] DEBUG Engine               - height: 600
09:37:21.234 [JavaFX Application Thread] DEBUG Engine               - isExperimentalNative: false
09:37:21.234 [JavaFX Application Thread] DEBUG Engine               - isSingleStep: false
09:37:21.234 [JavaFX Application Thread] DEBUG Engine               - cSSList: [fxgl_dark.css]
09:37:21.234 [JavaFX Application Thread] DEBUG Engine               - fontGame: Abel-Regular.ttf
09:37:21.234 [JavaFX Application Thread] DEBUG Engine               - menuKey: ESCAPE
09:37:21.234 [JavaFX Application Thread] DEBUG Engine               - devShowPositionProperty: BooleanProperty [value: false]
09:37:21.234 [JavaFX Application Thread] DEBUG Engine               - versionCheckDays: 7
09:37:21.235 [JavaFX Application Thread] DEBUG Engine               - masterTimer: com.almasb.fxgl.time.Timer@16aaf862
09:37:21.235 [JavaFX Application Thread] DEBUG Engine               - configClass: Optional.empty
09:37:21.235 [JavaFX Application Thread] DEBUG Engine               - isFullScreenFromStart: false
09:37:21.235 [JavaFX Application Thread] DEBUG Engine               - version: 0.1
09:37:21.235 [JavaFX Application Thread] DEBUG Engine               - fullScreen: BooleanProperty [value: false]
09:37:21.235 [JavaFX Application Thread] DEBUG Engine               - randomSeed: -1
09:37:21.235 [JavaFX Application Thread] DEBUG Engine               - dialogFactory: com.almasb.fxgl.ui.FXGLDialogFactory@1fe0d012
09:37:21.236 [JavaFX Application Thread] DEBUG Engine               - applicationMode: DEVELOPER
09:37:21.236 [JavaFX Application Thread] DEBUG Engine               - isMac: false
09:37:21.236 [JavaFX Application Thread] DEBUG Engine               - urlGoogleForms: https://goo.gl/forms/6wrMnOBxTE1fEpOy2
09:37:21.236 [JavaFX Application Thread] DEBUG Engine               - isMenuEnabled: true
09:37:21.236 [JavaFX Application Thread] DEBUG Engine               - urlPOM: https://raw.githubusercontent.com/AlmasB/FXGL/master/pom.xml
09:37:21.236 [JavaFX Application Thread] DEBUG Engine               - profileName: user.profile
09:37:21.236 [JavaFX Application Thread] DEBUG Engine               - notificationViewClass: class com.almasb.fxgl.notification.view.XboxNotificationView
09:37:21.236 [JavaFX Application Thread] DEBUG Engine               - devSensorColorProperty: ObjectProperty [value: 0xffff00ff]
09:37:21.236 [JavaFX Application Thread] DEBUG Engine               - sceneFactory: com.almasb.fxgl.app.SceneFactory@3b7530fb
09:37:21.236 [JavaFX Application Thread] DEBUG Engine               - dataFileExt: .dat
09:37:21.237 [JavaFX Application Thread] DEBUG Engine               - stageStyle: DECORATED
09:37:21.237 [JavaFX Application Thread] DEBUG Engine               - isManualResizeEnabled: false
09:37:21.237 [JavaFX Application Thread] DEBUG Engine               - title: Jump-Demo
09:37:21.237 [JavaFX Application Thread] DEBUG Engine               - platform: WINDOWS
09:37:21.237 [JavaFX Application Thread] DEBUG Engine               - devBBoxColorProperty: ObjectProperty [value: 0xff0000ff]
09:37:21.237 [JavaFX Application Thread] DEBUG Engine               - isDesktop: true
09:37:21.237 [JavaFX Application Thread] DEBUG Engine               - globalMusicVolumeProperty: DoubleProperty [value: 0.5]
09:37:21.237 [JavaFX Application Thread] DEBUG Engine               - credits: []
09:37:21.237 [JavaFX Application Thread] DEBUG Engine               - isPreserveResizeRatio: false
09:37:21.237 [JavaFX Application Thread] DEBUG Engine               - uIFactory: com.almasb.fxgl.ui.FXGLUIFactory@7f514ca3
09:37:21.238 [JavaFX Application Thread] DEBUG Engine               - fontText: Courier-Prime.ttf
09:37:21.238 [JavaFX Application Thread] DEBUG Engine               - isExperimentalTiledLargeMap: false
09:37:21.238 [JavaFX Application Thread] DEBUG Engine               - secondsIn24h: 60
09:37:21.238 [JavaFX Application Thread] DEBUG Engine               - runtimeInfo: RuntimeInfo(platform=WINDOWS, version=11.7, build=05.01.2020 09.37)
09:37:21.238 [JavaFX Application Thread] DEBUG Engine               - isLinux: false
09:37:21.238 [JavaFX Application Thread] DEBUG Engine               - soundMenuPress: menu/press.wav
09:37:21.238 [JavaFX Application Thread] DEBUG Engine               - urlGithub: https://github.com/AlmasB/FXGL
09:37:21.238 [JavaFX Application Thread] DEBUG Engine               - profileDir: profiles/
09:37:21.238 [JavaFX Application Thread] DEBUG Engine               - isDeveloperMenuEnabled: false
09:37:21.238 [JavaFX Application Thread] DEBUG Engine               - globalSoundVolumeProperty: DoubleProperty [value: 0.5]
09:37:21.238 [JavaFX Application Thread] DEBUG Engine               - isBrowser: false
09:37:21.238 [JavaFX Application Thread] DEBUG Engine               - globalSoundVolume: 0.5
09:37:21.238 [JavaFX Application Thread] DEBUG Engine               - urlLeaderboard: http://fxgl-top.herokuapp.com/
09:37:21.238 [JavaFX Application Thread] DEBUG Engine               - saveDir: saves/
09:37:21.238 [JavaFX Application Thread] DEBUG Engine               - engineServices: [class com.almasb.fxgl.audio.AudioPlayer, class com.almasb.fxgl.notification.impl.NotificationServiceProvider, class com.almasb.fxgl.achievement.AchievementManager, class com.almasb.fxgl.cutscene.CutsceneService, class com.almasb.fxgl.minigames.MiniGameService]
09:37:21.239 [JavaFX Application Thread] DEBUG Engine               - globalMusicVolume: 0.5
09:37:21.239 [JavaFX Application Thread] DEBUG Engine               - width: 600
09:37:21.239 [JavaFX Application Thread] DEBUG Engine               - saveFileExt: .sav
09:37:21.239 [JavaFX Application Thread] DEBUG Engine               - isAndroid: false
09:37:21.239 [JavaFX Application Thread] DEBUG Engine               - fontUI: VarelaRound-Regular.ttf
09:37:21.239 [JavaFX Application Thread] DEBUG Engine               - enabledMenuItems: []
09:37:21.239 [JavaFX Application Thread] DEBUG Engine               - isIOS: false
09:37:21.241 [JavaFX Application Thread] DEBUG Engine               - Adding new engine service: class com.almasb.fxgl.audio.AudioPlayer
09:37:21.242 [JavaFX Application Thread] DEBUG Engine               - Adding new engine service: class com.almasb.fxgl.notification.impl.NotificationServiceProvider
09:37:21.243 [JavaFX Application Thread] DEBUG Engine               - Adding new engine service: class com.almasb.fxgl.achievement.AchievementManager
09:37:21.243 [JavaFX Application Thread] DEBUG Engine               - Adding new engine service: class com.almasb.fxgl.cutscene.CutsceneService
09:37:21.244 [JavaFX Application Thread] DEBUG Engine               - Adding new engine service: class com.almasb.fxgl.minigames.MiniGameService
09:37:21.246 [JavaFX Application Thread] DEBUG Engine               - Loading localizations
09:37:21.249 [JavaFX Application Thread] DEBUG AssetLoader          - Loading from file system: /assets/properties/languages/english.properties
09:37:21.251 [JavaFX Application Thread] DEBUG AssetLoader          - Loading from file system: /assets/properties/languages/french.properties
09:37:21.252 [JavaFX Application Thread] DEBUG AssetLoader          - Loading from file system: /assets/properties/languages/german.properties
09:37:21.253 [JavaFX Application Thread] DEBUG AssetLoader          - Loading from file system: /assets/properties/languages/russian.properties
09:37:21.254 [JavaFX Application Thread] DEBUG AssetLoader          - Loading from file system: /assets/properties/languages/hungarian.properties
09:37:21.257 [JavaFX Application Thread] DEBUG Engine               - Registering font factories
09:37:21.257 [JavaFX Application Thread] DEBUG AssetLoader          - Loading from file system: /assets/ui/fonts/VarelaRound-Regular.ttf
09:37:21.407 [JavaFX Application Thread] DEBUG AssetLoader          - Loading from file system: /assets/ui/fonts/Abel-Regular.ttf
09:37:21.410 [JavaFX Application Thread] DEBUG AssetLoader          - Loading from file system: /assets/ui/fonts/lucida_console.ttf
09:37:21.415 [JavaFX Application Thread] DEBUG AssetLoader          - Loading from file system: /assets/ui/fonts/Courier-Prime.ttf
09:37:21.418 [JavaFX Application Thread] DEBUG Engine               - Setting UI factory
09:37:21.505 [JavaFX Application Thread] DEBUG AssetLoader          - Loading from file system: /assets/textures/fxgl_logo.png
09:37:21.560 [JavaFX Application Thread] DEBUG MainWindow           - Creating a JavaFX scene
09:37:21.606 [JavaFX Application Thread] DEBUG MainWindow           - Target settings size: 600.0 x 600.0
09:37:21.607 [JavaFX Application Thread] DEBUG MainWindow           - Scaled scene size:    600.0 x 600.0
09:37:21.607 [JavaFX Application Thread] DEBUG MainWindow           - Scaled ratio: (1.0, 1.0)
09:37:21.608 [JavaFX Application Thread] DEBUG MainWindow           - Set initial scene to FXGLStartupScene
09:37:21.615 [JavaFX Application Thread] DEBUG AssetLoader          - Loading from file system: /assets/textures/fxgl_icon.png
09:37:21.626 [JavaFX Application Thread] DEBUG Engine               - Applying CSS: fxgl_dark.css
09:37:21.626 [JavaFX Application Thread] DEBUG AssetLoader          - Loading from file system: /assets/ui/css/fxgl_dark.css
09:37:21.629 [JavaFX Application Thread] DEBUG AssetLoader          - Loading from file system: /assets/ui/cursors/fxgl_default.png
09:37:21.630 [JavaFX Application Thread] DEBUG MainWindow           - Opening main window
09:37:21.769 [JavaFX Application Thread] DEBUG MainWindow           - Window border size: (16.0, 39.0)
09:37:21.769 [JavaFX Application Thread] DEBUG MainWindow           - Scaled size: 600.0 x 600.0
09:37:21.770 [JavaFX Application Thread] DEBUG MainWindow           - Scaled ratio: (1.0, 1.0)
09:37:21.770 [JavaFX Application Thread] DEBUG MainWindow           - Scene size: 600.0 x 600.0
09:37:21.770 [JavaFX Application Thread] DEBUG MainWindow           - Stage size: 616.0 x 639.0
09:37:21.820 [FXGL Background Thread 1 ] DEBUG FS                   - Loaded FSServiceImpl
09:37:21.821 [FXGL Background Thread 1 ] DEBUG Engine               - Loading FXGL system data
09:37:21.826 [FXGL Background Thread 1 ] DEBUG FSServiceImpl        - Reading from: G:\Desk\Projects\FXGLPlatformer\system\fxgl.bundle
09:37:21.844 [FXGL Background Thread 1 ] DEBUG Engine               - Bundle FXGL: {}
09:37:21.845 [FXGL Background Thread 1 ] DEBUG Engine               - Initializing application scenes
09:37:21.880 [FXGL Background Thread 1 ] DEBUG GameWorld            - Game world initialized
09:37:21.930 [FXGL Background Thread 1 ] DEBUG PhysicsWorld         - Physics world initialized: appHeight=600, physics.ppm=50.0
09:37:21.931 [FXGL Background Thread 1 ] DEBUG GameScene            - Game scene initialized: 600x600
09:37:21.972 [FXGL Background Thread 1 ] DEBUG AssetLoader          - Loading from file system: /assets/textures/particles/trace_horizontal.png
09:37:21.991 [FXGL Background Thread 1 ] DEBUG FXGL.DefaultMenu     - createMenuBodyMainMenu()
09:37:22.005 [FXGL Background Thread 1 ] DEBUG FXGL.DefaultMenu     - createOptionsMenu()
09:37:22.008 [FXGL Background Thread 1 ] DEBUG AssetLoader          - Loading from file system: /assets/textures/particles/smoke.png
09:37:22.052 [FXGL Background Thread 1 ] DEBUG AssetLoader          - Loading from cache: /assets/textures/particles/trace_horizontal.png@64.0x64.0
09:37:22.052 [FXGL Background Thread 1 ] DEBUG FXGL.DefaultMenu     - createMenuBodyGameMenu()
09:37:22.053 [FXGL Background Thread 1 ] DEBUG FXGL.DefaultMenu     - createOptionsMenu()
09:37:22.055 [FXGL Background Thread 1 ] DEBUG AssetLoader          - Loading from cache: /assets/textures/particles/smoke.png@128.0x128.0
09:37:22.069 [FXGL Background Thread 1 ] DEBUG Engine               - Application scenes initialized
09:37:22.071 [JavaFX Application Thread] DEBUG Engine               - Running preInit()
09:37:22.079 [JavaFX Application Thread] DEBUG Input                - Registered new binding: Move Right - D
09:37:22.079 [JavaFX Application Thread] DEBUG Input                - Registered new binding: Move Left - A
09:37:22.079 [JavaFX Application Thread] DEBUG Input                - Registered new binding: Move Down - S
09:37:22.079 [JavaFX Application Thread] DEBUG Input                - Registered new binding: Move Up - W
09:37:22.080 [JavaFX Application Thread] DEBUG Input                - Registered new binding: Screenshot - P
09:37:22.080 [JavaFX Application Thread] DEBUG Input                - Registered new binding: System info dump - CTRL+9
09:37:22.080 [JavaFX Application Thread] DEBUG Input                - Registered new binding: Restart - CTRL+R
09:37:22.080 [JavaFX Application Thread] DEBUG Engine               - generateDefaultProfile()
09:37:22.080 [JavaFX Application Thread] DEBUG Engine               - Creating default profile
09:37:22.080 [JavaFX Application Thread] DEBUG EventBus             - Firing event: SaveEvent
09:37:22.089 [JavaFX Application Thread] INFO  Engine               - FXGL initialization took: 0.843 sec
09:37:22.090 [JavaFX Application Thread] DEBUG LoopRunner           - Starting loop
09:37:22.104 [JavaFX Application Thread] DEBUG FXGLStartupScene     - STARTUP
09:37:22.107 [JavaFX Application Thread] DEBUG Input                - Clearing active input actions
09:37:22.125 [JavaFX Application Thread] DEBUG Engine               - Removing overlay from FXGLStartupScene and adding to FXGLDefaultMenu
09:37:22.125 [JavaFX Application Thread] DEBUG MainWindow           - FXGLStartupScene -> FXGLDefaultMenu
09:37:23.176 [JavaFX Application Thread] DEBUG Menu                 - fireNewGame()
09:37:23.176 [JavaFX Application Thread] DEBUG Engine               - Starting new game
09:37:23.180 [JavaFX Application Thread] DEBUG Input                - Clearing active input actions
09:37:23.181 [FXGL Background Thread 1 ] DEBUG InitAppTask          - Clearing previous game
09:37:23.181 [FXGL Background Thread 1 ] DEBUG GameWorld            - Clearing game world
09:37:23.181 [FXGL Background Thread 1 ] DEBUG PhysicsWorld         - Clearing physics world
09:37:23.181 [FXGL Background Thread 1 ] DEBUG GameScene            - Clearing game scene
09:37:23.181 [FXGL Background Thread 1 ] DEBUG InitAppTask          - Initializing Game
09:37:23.184 [FXGL Background Thread 1 ] DEBUG InitAppTask          - Initializing Physics
09:37:23.184 [FXGL Background Thread 1 ] DEBUG InitAppTask          - Initializing UI
09:37:23.185 [FXGL Background Thread 1 ] DEBUG InitAppTask          - Initialization Complete
09:37:23.185 [FXGL Background Thread 1 ] INFO  InitAppTask          - Game initialization took: 0.004 sec
09:37:23.188 [JavaFX Application Thread] DEBUG Engine               - Removing overlay from FXGLDefaultMenu and adding to LoadingScene
09:37:23.188 [JavaFX Application Thread] DEBUG MainWindow           - FXGLDefaultMenu -> LoadingScene
09:37:23.190 [JavaFX Application Thread] DEBUG Input                - Clearing active input actions
09:37:23.196 [JavaFX Application Thread] DEBUG Engine               - Removing overlay from LoadingScene and adding to GameScene
09:37:23.196 [JavaFX Application Thread] DEBUG MainWindow           - LoadingScene -> GameScene
09:37:24.068 [JavaFX Application Thread] FATAL Engine               - Uncaught Exception:

Fatal exception occurred: java.lang.IllegalArgumentException : Property pixelsMoved does not exist
E: com.almasb.fxgl.core.collection.PropertyMap.get(PropertyMap.kt:154)
E: com.almasb.fxgl.core.collection.PropertyMap.intProperty(PropertyMap.kt:106)
E: com.almasb.fxgl.core.collection.PropertyMap.increment(PropertyMap.kt:87)
E: com.almasb.fxgl.gameplay.GameState.increment(GameState.kt:46)
E: Application$4.onAction(Application.java:70)
E: com.almasb.fxgl.input.UserAction.action$fxgl_input(UserAction.kt:38)
E: com.almasb.fxgl.input.Input.update(Input.kt:164)
E: com.almasb.fxgl.scene.Scene.update(Scene.kt:78)
E: com.almasb.fxgl.app.MainWindow$onUpdate$1.invoke(MainWindow.kt:203)
E: com.almasb.fxgl.app.MainWindow$onUpdate$1.invoke(MainWindow.kt:35)
E: com.almasb.fxgl.core.fsm.StateMachine.runOnActiveStates(StateMachine.kt:60)
E: com.almasb.fxgl.app.MainWindow.onUpdate(MainWindow.kt:203)
E: com.almasb.fxgl.app.Engine.loop(Engine.kt:489)
E: com.almasb.fxgl.app.Engine.access$loop(Engine.kt:53)
E: com.almasb.fxgl.app.Engine$loop$1.invoke(Engine.kt:81)
E: com.almasb.fxgl.app.Engine$loop$1.invoke(Engine.kt:53)
E: com.almasb.fxgl.app.LoopRunner.frame(LoopRunner.kt:86)
E: com.almasb.fxgl.app.LoopRunner.access$frame(LoopRunner.kt:17)
E: com.almasb.fxgl.app.LoopRunner$impl$2$1.handle(LoopRunner.kt:37)
E: javafx.animation.AnimationTimer$AnimationTimerReceiver.lambda$handle$0(AnimationTimer.java:57)
E: java.base/java.security.AccessController.doPrivileged(Native Method)
E: javafx.animation.AnimationTimer$AnimationTimerReceiver.handle(AnimationTimer.java:56)
E: com.sun.scenario.animation.AbstractMasterTimer.timePulseImpl(AbstractMasterTimer.java:357)
E: com.sun.scenario.animation.AbstractMasterTimer$MainLoop.run(AbstractMasterTimer.java:267)
E: com.sun.javafx.tk.quantum.QuantumToolkit.pulse(QuantumToolkit.java:558)
E: com.sun.javafx.tk.quantum.QuantumToolkit.pulse(QuantumToolkit.java:542)
E: com.sun.javafx.tk.quantum.QuantumToolkit.pulseFromQueue(QuantumToolkit.java:535)
E: com.sun.javafx.tk.quantum.QuantumToolkit.lambda$runToolkit$11(QuantumToolkit.java:341)
E: com.sun.glass.ui.InvokeLaterDispatcher$Future.run(InvokeLaterDispatcher.java:96)
E: com.sun.glass.ui.win.WinApplication._runLoop(Native Method)
E: com.sun.glass.ui.win.WinApplication.lambda$runLoop$3(WinApplication.java:174)
E: java.base/java.lang.Thread.run(Thread.java:834)

09:37:24.068 [JavaFX Application Thread] FATAL Engine               - Application will now exit
09:37:24.068 [JavaFX Application Thread] DEBUG LoopRunner           - Stopping loop
09:37:30.360 [JavaFX Application Thread] DEBUG Engine               - Exiting FXGL
09:37:30.360 [JavaFX Application Thread] DEBUG Engine               - Shutting down background threads
09:37:30.361 [JavaFX Application Thread] DEBUG Engine               - Saving FXGL system data
09:37:30.362 [JavaFX Application Thread] DEBUG FSServiceImpl        - Writing to: G:\Desk\Projects\FXGLPlatformer\system\fxgl.bundle
09:37:30.364 [JavaFX Application Thread] DEBUG Engine               - Closing logger and exiting JavaFX
