20:40:27.593 [main                     ] DEBUG GameApplication      - Logger initialized
20:40:27.610 [main                     ] DEBUG GameApplication      - Logging settings
Title: JumpToBeat-Demo
Version: 0.1
Width: 1050
Height: 700
Fullscreen: false
Intro: false
Menus: false
Profiling: false
Single step:false
App Mode: DEVELOPER
Menu Key: ESCAPE
Stage Style: DECORATED
Scene Factory: class com.almasb.fxgl.app.SceneFactory
Dialog Factory: class com.almasb.fxgl.ui.FXGLDialogFactory
UI Factory: class com.almasb.fxgl.ui.FXGLUIFactory

20:40:28.148 [JavaFX Application Thread] DEBUG Engine               - Initializing FXGL
20:40:28.148 [JavaFX Application Thread] INFO  Engine               - FXGL-11.7 (05.01.2020 09.37) on WINDOWS (J:11.0.5 FX:12.0.1)
20:40:28.149 [JavaFX Application Thread] INFO  Engine               - Source code and latest versions at: https://github.com/AlmasB/FXGL
20:40:28.149 [JavaFX Application Thread] INFO  Engine               -              Join the FXGL chat at: https://gitter.im/AlmasB/FXGL
20:40:28.149 [JavaFX Application Thread] DEBUG Engine               - Initializing environment variables
20:40:28.152 [JavaFX Application Thread] DEBUG Engine               - Logging environment variables
20:40:28.152 [JavaFX Application Thread] DEBUG Engine               - achievements: []
20:40:28.152 [JavaFX Application Thread] DEBUG Engine               - sceneStack: com.almasb.fxgl.app.Engine@4c38ea5e
20:40:28.152 [JavaFX Application Thread] DEBUG Engine               - language: ObjectProperty [value: ENGLISH]
20:40:28.152 [JavaFX Application Thread] DEBUG Engine               - isCloseConfirmation: false
20:40:28.152 [JavaFX Application Thread] DEBUG Engine               - isProfilingEnabled: false
20:40:28.152 [JavaFX Application Thread] DEBUG Engine               - soundNotification: core/notification.wav
20:40:28.153 [JavaFX Application Thread] DEBUG Engine               - devShowBBoxProperty: BooleanProperty [value: false]
20:40:28.154 [JavaFX Application Thread] DEBUG Engine               - pixelsPerMeter: 50.0
20:40:28.154 [JavaFX Application Thread] DEBUG Engine               - overlayRoot: Group@a827c06
20:40:28.154 [JavaFX Application Thread] DEBUG Engine               - appIcon: fxgl_icon.png
20:40:28.154 [JavaFX Application Thread] DEBUG Engine               - soundMenuBack: menu/back.wav
20:40:28.154 [JavaFX Application Thread] DEBUG Engine               - isFullScreenAllowed: false
20:40:28.154 [JavaFX Application Thread] DEBUG Engine               - isIntroEnabled: false
20:40:28.154 [JavaFX Application Thread] DEBUG Engine               - eventBus: com.almasb.fxgl.event.EventBus@277789e1
20:40:28.155 [JavaFX Application Thread] DEBUG Engine               - fontMono: lucida_console.ttf
20:40:28.155 [JavaFX Application Thread] DEBUG Engine               - soundMenuSelect: menu/select.wav
20:40:28.155 [JavaFX Application Thread] DEBUG Engine               - isWindows: true
20:40:28.155 [JavaFX Application Thread] DEBUG Engine               - isMobile: false
20:40:28.155 [JavaFX Application Thread] DEBUG Engine               - height: 700
20:40:28.155 [JavaFX Application Thread] DEBUG Engine               - isExperimentalNative: false
20:40:28.155 [JavaFX Application Thread] DEBUG Engine               - isSingleStep: false
20:40:28.155 [JavaFX Application Thread] DEBUG Engine               - cSSList: [fxgl_dark.css]
20:40:28.155 [JavaFX Application Thread] DEBUG Engine               - fontGame: Abel-Regular.ttf
20:40:28.155 [JavaFX Application Thread] DEBUG Engine               - menuKey: ESCAPE
20:40:28.156 [JavaFX Application Thread] DEBUG Engine               - devShowPositionProperty: BooleanProperty [value: false]
20:40:28.156 [JavaFX Application Thread] DEBUG Engine               - versionCheckDays: 7
20:40:28.156 [JavaFX Application Thread] DEBUG Engine               - masterTimer: com.almasb.fxgl.time.Timer@2c16ed4b
20:40:28.156 [JavaFX Application Thread] DEBUG Engine               - configClass: Optional.empty
20:40:28.156 [JavaFX Application Thread] DEBUG Engine               - isFullScreenFromStart: false
20:40:28.156 [JavaFX Application Thread] DEBUG Engine               - version: 0.1
20:40:28.156 [JavaFX Application Thread] DEBUG Engine               - fullScreen: BooleanProperty [value: false]
20:40:28.156 [JavaFX Application Thread] DEBUG Engine               - randomSeed: -1
20:40:28.156 [JavaFX Application Thread] DEBUG Engine               - dialogFactory: com.almasb.fxgl.ui.FXGLDialogFactory@6d4073ee
20:40:28.156 [JavaFX Application Thread] DEBUG Engine               - applicationMode: DEVELOPER
20:40:28.156 [JavaFX Application Thread] DEBUG Engine               - isMac: false
20:40:28.157 [JavaFX Application Thread] DEBUG Engine               - urlGoogleForms: https://goo.gl/forms/6wrMnOBxTE1fEpOy2
20:40:28.157 [JavaFX Application Thread] DEBUG Engine               - isMenuEnabled: false
20:40:28.157 [JavaFX Application Thread] DEBUG Engine               - urlPOM: https://raw.githubusercontent.com/AlmasB/FXGL/master/pom.xml
20:40:28.157 [JavaFX Application Thread] DEBUG Engine               - profileName: user.profile
20:40:28.157 [JavaFX Application Thread] DEBUG Engine               - devSensorColorProperty: ObjectProperty [value: 0xffff00ff]
20:40:28.157 [JavaFX Application Thread] DEBUG Engine               - notificationViewClass: class com.almasb.fxgl.notification.view.XboxNotificationView
20:40:28.157 [JavaFX Application Thread] DEBUG Engine               - sceneFactory: com.almasb.fxgl.app.SceneFactory@74bb500c
20:40:28.157 [JavaFX Application Thread] DEBUG Engine               - dataFileExt: .dat
20:40:28.157 [JavaFX Application Thread] DEBUG Engine               - stageStyle: DECORATED
20:40:28.158 [JavaFX Application Thread] DEBUG Engine               - isManualResizeEnabled: false
20:40:28.158 [JavaFX Application Thread] DEBUG Engine               - title: JumpToBeat-Demo
20:40:28.158 [JavaFX Application Thread] DEBUG Engine               - platform: WINDOWS
20:40:28.158 [JavaFX Application Thread] DEBUG Engine               - devBBoxColorProperty: ObjectProperty [value: 0xff0000ff]
20:40:28.158 [JavaFX Application Thread] DEBUG Engine               - isDesktop: true
20:40:28.158 [JavaFX Application Thread] DEBUG Engine               - credits: []
20:40:28.158 [JavaFX Application Thread] DEBUG Engine               - globalMusicVolumeProperty: DoubleProperty [value: 0.5]
20:40:28.158 [JavaFX Application Thread] DEBUG Engine               - uIFactory: com.almasb.fxgl.ui.FXGLUIFactory@6f98f7fb
20:40:28.158 [JavaFX Application Thread] DEBUG Engine               - isPreserveResizeRatio: false
20:40:28.158 [JavaFX Application Thread] DEBUG Engine               - fontText: Courier-Prime.ttf
20:40:28.158 [JavaFX Application Thread] DEBUG Engine               - isExperimentalTiledLargeMap: false
20:40:28.158 [JavaFX Application Thread] DEBUG Engine               - secondsIn24h: 60
20:40:28.159 [JavaFX Application Thread] DEBUG Engine               - runtimeInfo: RuntimeInfo(platform=WINDOWS, version=11.7, build=05.01.2020 09.37)
20:40:28.159 [JavaFX Application Thread] DEBUG Engine               - isLinux: false
20:40:28.159 [JavaFX Application Thread] DEBUG Engine               - soundMenuPress: menu/press.wav
20:40:28.159 [JavaFX Application Thread] DEBUG Engine               - urlGithub: https://github.com/AlmasB/FXGL
20:40:28.159 [JavaFX Application Thread] DEBUG Engine               - profileDir: profiles/
20:40:28.159 [JavaFX Application Thread] DEBUG Engine               - isDeveloperMenuEnabled: false
20:40:28.159 [JavaFX Application Thread] DEBUG Engine               - globalSoundVolumeProperty: DoubleProperty [value: 0.5]
20:40:28.159 [JavaFX Application Thread] DEBUG Engine               - isBrowser: false
20:40:28.159 [JavaFX Application Thread] DEBUG Engine               - globalSoundVolume: 0.5
20:40:28.159 [JavaFX Application Thread] DEBUG Engine               - urlLeaderboard: http://fxgl-top.herokuapp.com/
20:40:28.159 [JavaFX Application Thread] DEBUG Engine               - saveDir: saves/
20:40:28.159 [JavaFX Application Thread] DEBUG Engine               - engineServices: [class com.almasb.fxgl.audio.AudioPlayer, class com.almasb.fxgl.notification.impl.NotificationServiceProvider, class com.almasb.fxgl.achievement.AchievementManager, class com.almasb.fxgl.cutscene.CutsceneService, class com.almasb.fxgl.minigames.MiniGameService]
20:40:28.159 [JavaFX Application Thread] DEBUG Engine               - globalMusicVolume: 0.5
20:40:28.160 [JavaFX Application Thread] DEBUG Engine               - width: 1050
20:40:28.160 [JavaFX Application Thread] DEBUG Engine               - saveFileExt: .sav
20:40:28.160 [JavaFX Application Thread] DEBUG Engine               - isAndroid: false
20:40:28.160 [JavaFX Application Thread] DEBUG Engine               - fontUI: VarelaRound-Regular.ttf
20:40:28.160 [JavaFX Application Thread] DEBUG Engine               - enabledMenuItems: []
20:40:28.160 [JavaFX Application Thread] DEBUG Engine               - isIOS: false
20:40:28.162 [JavaFX Application Thread] DEBUG Engine               - Adding new engine service: class com.almasb.fxgl.audio.AudioPlayer
20:40:28.163 [JavaFX Application Thread] DEBUG Engine               - Adding new engine service: class com.almasb.fxgl.notification.impl.NotificationServiceProvider
20:40:28.163 [JavaFX Application Thread] DEBUG Engine               - Adding new engine service: class com.almasb.fxgl.achievement.AchievementManager
20:40:28.164 [JavaFX Application Thread] DEBUG Engine               - Adding new engine service: class com.almasb.fxgl.cutscene.CutsceneService
20:40:28.164 [JavaFX Application Thread] DEBUG Engine               - Adding new engine service: class com.almasb.fxgl.minigames.MiniGameService
20:40:28.167 [JavaFX Application Thread] DEBUG Engine               - Loading localizations
20:40:28.169 [JavaFX Application Thread] DEBUG AssetLoader          - Loading from file system: /assets/properties/languages/english.properties
20:40:28.171 [JavaFX Application Thread] DEBUG AssetLoader          - Loading from file system: /assets/properties/languages/french.properties
20:40:28.172 [JavaFX Application Thread] DEBUG AssetLoader          - Loading from file system: /assets/properties/languages/german.properties
20:40:28.173 [JavaFX Application Thread] DEBUG AssetLoader          - Loading from file system: /assets/properties/languages/russian.properties
20:40:28.175 [JavaFX Application Thread] DEBUG AssetLoader          - Loading from file system: /assets/properties/languages/hungarian.properties
20:40:28.176 [JavaFX Application Thread] DEBUG Engine               - Registering font factories
20:40:28.177 [JavaFX Application Thread] DEBUG AssetLoader          - Loading from file system: /assets/ui/fonts/VarelaRound-Regular.ttf
20:40:28.333 [JavaFX Application Thread] DEBUG AssetLoader          - Loading from file system: /assets/ui/fonts/Abel-Regular.ttf
20:40:28.336 [JavaFX Application Thread] DEBUG AssetLoader          - Loading from file system: /assets/ui/fonts/lucida_console.ttf
20:40:28.340 [JavaFX Application Thread] DEBUG AssetLoader          - Loading from file system: /assets/ui/fonts/Courier-Prime.ttf
20:40:28.344 [JavaFX Application Thread] DEBUG Engine               - Setting UI factory
20:40:28.437 [JavaFX Application Thread] DEBUG AssetLoader          - Loading from file system: /assets/textures/fxgl_logo.png
20:40:28.497 [JavaFX Application Thread] DEBUG MainWindow           - Creating a JavaFX scene
20:40:28.542 [JavaFX Application Thread] DEBUG MainWindow           - Target settings size: 1050.0 x 700.0
20:40:28.542 [JavaFX Application Thread] DEBUG MainWindow           - Scaled scene size:    1050.0 x 700.0
20:40:28.542 [JavaFX Application Thread] DEBUG MainWindow           - Scaled ratio: (1.0, 1.0)
20:40:28.543 [JavaFX Application Thread] DEBUG MainWindow           - Set initial scene to FXGLStartupScene
20:40:28.550 [JavaFX Application Thread] DEBUG AssetLoader          - Loading from file system: /assets/textures/fxgl_icon.png
20:40:28.563 [JavaFX Application Thread] DEBUG Engine               - Applying CSS: fxgl_dark.css
20:40:28.563 [JavaFX Application Thread] DEBUG AssetLoader          - Loading from file system: /assets/ui/css/fxgl_dark.css
20:40:28.566 [JavaFX Application Thread] DEBUG AssetLoader          - Loading from file system: /assets/ui/cursors/fxgl_default.png
20:40:28.568 [JavaFX Application Thread] DEBUG MainWindow           - Opening main window
20:40:28.715 [JavaFX Application Thread] DEBUG MainWindow           - Window border size: (16.0, 39.0)
20:40:28.715 [JavaFX Application Thread] DEBUG MainWindow           - Scaled size: 1050.0 x 700.0
20:40:28.715 [JavaFX Application Thread] DEBUG MainWindow           - Scaled ratio: (1.0, 1.0)
20:40:28.716 [JavaFX Application Thread] DEBUG MainWindow           - Scene size: 1050.0 x 700.0
20:40:28.716 [JavaFX Application Thread] DEBUG MainWindow           - Stage size: 1066.0 x 739.0
20:40:28.743 [FXGL Background Thread 1 ] DEBUG FS                   - Loaded FSServiceImpl
20:40:28.743 [FXGL Background Thread 1 ] DEBUG Engine               - Loading FXGL system data
20:40:28.747 [FXGL Background Thread 1 ] DEBUG FSServiceImpl        - Reading from: G:\Desk\Projects\FXGLPlatformer\system\fxgl.bundle
20:40:28.754 [FXGL Background Thread 1 ] DEBUG Engine               - Bundle FXGL: {}
20:40:28.754 [FXGL Background Thread 1 ] DEBUG Engine               - Initializing application scenes
20:40:28.820 [FXGL Background Thread 1 ] DEBUG GameWorld            - Game world initialized
20:40:28.861 [FXGL Background Thread 1 ] DEBUG PhysicsWorld         - Physics world initialized: appHeight=700, physics.ppm=50.0
20:40:28.863 [FXGL Background Thread 1 ] DEBUG GameScene            - Game scene initialized: 1050x700
20:40:28.888 [FXGL Background Thread 1 ] DEBUG Input                - Registered new binding: Resume - Esc
20:40:28.888 [FXGL Background Thread 1 ] DEBUG AssetLoader          - Loading from file system: /assets/textures/pause_menu_bg.png
20:40:28.911 [FXGL Background Thread 1 ] DEBUG Input                - Registered new binding: Pause - Esc
20:40:28.911 [FXGL Background Thread 1 ] DEBUG Engine               - Application scenes initialized
20:40:28.914 [JavaFX Application Thread] DEBUG Engine               - Running preInit()
20:40:28.914 [JavaFX Application Thread] DEBUG Input                - Registered new binding: Right - D
20:40:28.914 [JavaFX Application Thread] DEBUG Input                - Registered new binding: Left - A
20:40:28.914 [JavaFX Application Thread] DEBUG Input                - Registered new binding: Move Down - S
20:40:28.914 [JavaFX Application Thread] DEBUG Input                - Registered new binding: Move Up - W
20:40:28.914 [JavaFX Application Thread] DEBUG Input                - Registered new binding: Play Sound - F
20:40:28.915 [JavaFX Application Thread] DEBUG Input                - Registered new binding: Screenshot - P
20:40:28.915 [JavaFX Application Thread] DEBUG Input                - Registered new binding: System info dump - CTRL+9
20:40:28.915 [JavaFX Application Thread] DEBUG Input                - Registered new binding: Restart - CTRL+R
20:40:28.915 [JavaFX Application Thread] DEBUG Engine               - generateDefaultProfile()
20:40:28.916 [JavaFX Application Thread] DEBUG Engine               - Creating default profile
20:40:28.916 [JavaFX Application Thread] DEBUG EventBus             - Firing event: SaveEvent
20:40:28.926 [JavaFX Application Thread] INFO  Engine               - FXGL initialization took: 0.759 sec
20:40:28.926 [JavaFX Application Thread] DEBUG LoopRunner           - Starting loop
20:40:28.946 [JavaFX Application Thread] DEBUG FXGLStartupScene     - STARTUP
20:40:28.946 [JavaFX Application Thread] DEBUG Engine               - Starting new game
20:40:28.953 [JavaFX Application Thread] DEBUG Input                - Clearing active input actions
20:40:28.953 [FXGL Background Thread 1 ] DEBUG InitAppTask          - Clearing previous game
20:40:28.953 [FXGL Background Thread 1 ] DEBUG GameWorld            - Clearing game world
20:40:28.953 [FXGL Background Thread 1 ] DEBUG PhysicsWorld         - Clearing physics world
20:40:28.953 [FXGL Background Thread 1 ] DEBUG GameScene            - Clearing game scene
20:40:28.954 [FXGL Background Thread 1 ] DEBUG InitAppTask          - Initializing Game
20:40:28.963 [JavaFX Application Thread] DEBUG Engine               - Removing overlay from FXGLStartupScene and adding to LoadingScene
20:40:28.964 [JavaFX Application Thread] DEBUG MainWindow           - FXGLStartupScene -> LoadingScene
20:40:28.984 [FXGL Background Thread 1 ] DEBUG AssetLoader          - Loading from file system: /assets/textures/adventurer-Sheet.png
20:40:29.139 [FXGL Background Thread 1 ] DEBUG AssetLoader          - Loading from cache: /assets/textures/adventurer-Sheet.png
20:40:29.139 [FXGL Background Thread 1 ] DEBUG AssetLoader          - Loading from cache: /assets/textures/adventurer-Sheet.png
20:40:29.146 [FXGL Background Thread 1 ] DEBUG AssetLoader          - Loading from file system: /assets/levels/TestLevel.tmx
20:40:29.165 [FXGL Background Thread 1 ] WARN  TMXLevelLoader       - TiledMap generated from 1.3.4. Supported version: 1.2.3. Some features may not be parsed fully.
20:40:29.177 [FXGL Background Thread 1 ] DEBUG TMXLevelLoader       - Parsed raw map: TiledMap(width=15, height=10, tilewidth=64, tileheight=64, orientation=orthogonal, layers=[Layer(width=15, height=10, name=Kachelebene 1, type=tilelayer, visible=false, x=0, y=0, data=[4, 25, 25, 25, 25, 25, 25, 25, 25, 25, 25, 25, 25, 25, 5, 27, 0, 0, 0, 0, 0, 0, 0, 0, 0, 0, 0, 0, 0, 26, 27, 0, 0, 0, 0, 0, 0, 0, 0, 0, 0, 0, 0, 0, 26, 27, 0, 0, 0, 0, 0, 0, 0, 0, 0, 0, 0, 0, 0, 26, 27, 0, 0, 0, 0, 0, 0, 0, 0, 0, 0, 0, 0, 0, 26, 27, 0, 0, 0, 0, 0, 0, 0, 0, 0, 37, 38, 38, 39, 26, 27, 0, 0, 0, 0, 0, 0, 37, 38, 39, 0, 0, 0, 0, 26, 27, 0, 0, 37, 38, 39, 0, 0, 0, 0, 0, 0, 0, 0, 26, 27, 0, 0, 0, 0, 0, 0, 0, 0, 0, 0, 0, 0, 0, 26, 16, 1, 1, 1, 1, 1, 1, 1, 1, 1, 1, 1, 1, 1, 17], objects=[], opacity=0.0, draworder=), Layer(width=0, height=0, name=Objektebene 1, type=objectgroup, visible=false, x=0, y=0, data=[], objects=[com.almasb.fxgl.entity.level.tiled.TiledObject@519e610d, com.almasb.fxgl.entity.level.tiled.TiledObject@163fa552, com.almasb.fxgl.entity.level.tiled.TiledObject@3ae0900d, com.almasb.fxgl.entity.level.tiled.TiledObject@6c577a6a, com.almasb.fxgl.entity.level.tiled.TiledObject@4ee3e8e4, com.almasb.fxgl.entity.level.tiled.TiledObject@251dc15f, com.almasb.fxgl.entity.level.tiled.TiledObject@1bc34d09, com.almasb.fxgl.entity.level.tiled.TiledObject@4c90e031, com.almasb.fxgl.entity.level.tiled.TiledObject@1d65958f, com.almasb.fxgl.entity.level.tiled.TiledObject@5639a845, com.almasb.fxgl.entity.level.tiled.TiledObject@57931c8e, com.almasb.fxgl.entity.level.tiled.TiledObject@1c49ff25], opacity=0.0, draworder=)], tilesets=[Tileset(firstgid=1, image=C:/Users/Jordan/Desktop/forest.png, name=Forrest, tilewidth=64, tileheight=64, imagewidth=768, imageheight=256, margin=0, spacing=0, columns=12, tilecount=48, transparentcolor=)], backgroundcolor=, renderorder=right-down, nextobjectid=31, version=1, tiledversion=1.3.4, type=map, infinite=false, properties={}, propertytypes={})
20:40:29.178 [FXGL Background Thread 1 ] DEBUG TMXLevelLoader       - Creating tile layer entities
20:40:29.179 [FXGL Background Thread 1 ] DEBUG TilesetLoader        - Loading view for layer Kachelebene 1
20:40:29.182 [FXGL Background Thread 1 ] DEBUG TilesetLoader        - Created buffer with size 960.0x640.0
20:40:29.185 [FXGL Background Thread 1 ] DEBUG TilesetLoader        - Writing to buffer: dst=0,0, w=64,h=64, src=192,0
20:40:29.187 [FXGL Background Thread 1 ] DEBUG TilesetLoader        - Writing to buffer: dst=64,0, w=64,h=64, src=0,128
20:40:29.187 [FXGL Background Thread 1 ] DEBUG TilesetLoader        - Writing to buffer: dst=128,0, w=64,h=64, src=0,128
20:40:29.187 [FXGL Background Thread 1 ] DEBUG TilesetLoader        - Writing to buffer: dst=192,0, w=64,h=64, src=0,128
20:40:29.187 [FXGL Background Thread 1 ] DEBUG TilesetLoader        - Writing to buffer: dst=256,0, w=64,h=64, src=0,128
20:40:29.188 [FXGL Background Thread 1 ] DEBUG TilesetLoader        - Writing to buffer: dst=320,0, w=64,h=64, src=0,128
20:40:29.188 [FXGL Background Thread 1 ] DEBUG TilesetLoader        - Writing to buffer: dst=384,0, w=64,h=64, src=0,128
20:40:29.188 [FXGL Background Thread 1 ] DEBUG TilesetLoader        - Writing to buffer: dst=448,0, w=64,h=64, src=0,128
20:40:29.188 [FXGL Background Thread 1 ] DEBUG TilesetLoader        - Writing to buffer: dst=512,0, w=64,h=64, src=0,128
20:40:29.188 [FXGL Background Thread 1 ] DEBUG TilesetLoader        - Writing to buffer: dst=576,0, w=64,h=64, src=0,128
20:40:29.188 [FXGL Background Thread 1 ] DEBUG TilesetLoader        - Writing to buffer: dst=640,0, w=64,h=64, src=0,128
20:40:29.188 [FXGL Background Thread 1 ] DEBUG TilesetLoader        - Writing to buffer: dst=704,0, w=64,h=64, src=0,128
20:40:29.189 [FXGL Background Thread 1 ] DEBUG TilesetLoader        - Writing to buffer: dst=768,0, w=64,h=64, src=0,128
20:40:29.189 [FXGL Background Thread 1 ] DEBUG TilesetLoader        - Writing to buffer: dst=832,0, w=64,h=64, src=0,128
20:40:29.189 [FXGL Background Thread 1 ] DEBUG TilesetLoader        - Writing to buffer: dst=896,0, w=64,h=64, src=256,0
20:40:29.190 [FXGL Background Thread 1 ] DEBUG TilesetLoader        - Writing to buffer: dst=0,64, w=64,h=64, src=128,128
20:40:29.190 [FXGL Background Thread 1 ] DEBUG TilesetLoader        - Writing to buffer: dst=896,64, w=64,h=64, src=64,128
20:40:29.190 [FXGL Background Thread 1 ] DEBUG TilesetLoader        - Writing to buffer: dst=0,128, w=64,h=64, src=128,128
20:40:29.190 [FXGL Background Thread 1 ] DEBUG TilesetLoader        - Writing to buffer: dst=896,128, w=64,h=64, src=64,128
20:40:29.190 [FXGL Background Thread 1 ] DEBUG TilesetLoader        - Writing to buffer: dst=0,192, w=64,h=64, src=128,128
20:40:29.190 [FXGL Background Thread 1 ] DEBUG TilesetLoader        - Writing to buffer: dst=896,192, w=64,h=64, src=64,128
20:40:29.190 [FXGL Background Thread 1 ] DEBUG TilesetLoader        - Writing to buffer: dst=0,256, w=64,h=64, src=128,128
20:40:29.190 [FXGL Background Thread 1 ] DEBUG TilesetLoader        - Writing to buffer: dst=896,256, w=64,h=64, src=64,128
20:40:29.190 [FXGL Background Thread 1 ] DEBUG TilesetLoader        - Writing to buffer: dst=0,320, w=64,h=64, src=128,128
20:40:29.190 [FXGL Background Thread 1 ] DEBUG TilesetLoader        - Writing to buffer: dst=640,320, w=64,h=64, src=0,192
20:40:29.190 [FXGL Background Thread 1 ] DEBUG TilesetLoader        - Writing to buffer: dst=704,320, w=64,h=64, src=64,192
20:40:29.190 [FXGL Background Thread 1 ] DEBUG TilesetLoader        - Writing to buffer: dst=768,320, w=64,h=64, src=64,192
20:40:29.190 [FXGL Background Thread 1 ] DEBUG TilesetLoader        - Writing to buffer: dst=832,320, w=64,h=64, src=128,192
20:40:29.190 [FXGL Background Thread 1 ] DEBUG TilesetLoader        - Writing to buffer: dst=896,320, w=64,h=64, src=64,128
20:40:29.190 [FXGL Background Thread 1 ] DEBUG TilesetLoader        - Writing to buffer: dst=0,384, w=64,h=64, src=128,128
20:40:29.190 [FXGL Background Thread 1 ] DEBUG TilesetLoader        - Writing to buffer: dst=448,384, w=64,h=64, src=0,192
20:40:29.191 [FXGL Background Thread 1 ] DEBUG TilesetLoader        - Writing to buffer: dst=512,384, w=64,h=64, src=64,192
20:40:29.191 [FXGL Background Thread 1 ] DEBUG TilesetLoader        - Writing to buffer: dst=576,384, w=64,h=64, src=128,192
20:40:29.191 [FXGL Background Thread 1 ] DEBUG TilesetLoader        - Writing to buffer: dst=896,384, w=64,h=64, src=64,128
20:40:29.191 [FXGL Background Thread 1 ] DEBUG TilesetLoader        - Writing to buffer: dst=0,448, w=64,h=64, src=128,128
20:40:29.191 [FXGL Background Thread 1 ] DEBUG TilesetLoader        - Writing to buffer: dst=192,448, w=64,h=64, src=0,192
20:40:29.191 [FXGL Background Thread 1 ] DEBUG TilesetLoader        - Writing to buffer: dst=256,448, w=64,h=64, src=64,192
20:40:29.191 [FXGL Background Thread 1 ] DEBUG TilesetLoader        - Writing to buffer: dst=320,448, w=64,h=64, src=128,192
20:40:29.191 [FXGL Background Thread 1 ] DEBUG TilesetLoader        - Writing to buffer: dst=896,448, w=64,h=64, src=64,128
20:40:29.191 [FXGL Background Thread 1 ] DEBUG TilesetLoader        - Writing to buffer: dst=0,512, w=64,h=64, src=128,128
20:40:29.191 [FXGL Background Thread 1 ] DEBUG TilesetLoader        - Writing to buffer: dst=896,512, w=64,h=64, src=64,128
20:40:29.191 [FXGL Background Thread 1 ] DEBUG TilesetLoader        - Writing to buffer: dst=0,576, w=64,h=64, src=192,64
20:40:29.191 [FXGL Background Thread 1 ] DEBUG TilesetLoader        - Writing to buffer: dst=64,576, w=64,h=64, src=0,0
20:40:29.191 [FXGL Background Thread 1 ] DEBUG TilesetLoader        - Writing to buffer: dst=128,576, w=64,h=64, src=0,0
20:40:29.191 [FXGL Background Thread 1 ] DEBUG TilesetLoader        - Writing to buffer: dst=192,576, w=64,h=64, src=0,0
20:40:29.191 [FXGL Background Thread 1 ] DEBUG TilesetLoader        - Writing to buffer: dst=256,576, w=64,h=64, src=0,0
20:40:29.191 [FXGL Background Thread 1 ] DEBUG TilesetLoader        - Writing to buffer: dst=320,576, w=64,h=64, src=0,0
20:40:29.191 [FXGL Background Thread 1 ] DEBUG TilesetLoader        - Writing to buffer: dst=384,576, w=64,h=64, src=0,0
20:40:29.192 [FXGL Background Thread 1 ] DEBUG TilesetLoader        - Writing to buffer: dst=448,576, w=64,h=64, src=0,0
20:40:29.192 [FXGL Background Thread 1 ] DEBUG TilesetLoader        - Writing to buffer: dst=512,576, w=64,h=64, src=0,0
20:40:29.192 [FXGL Background Thread 1 ] DEBUG TilesetLoader        - Writing to buffer: dst=576,576, w=64,h=64, src=0,0
20:40:29.192 [FXGL Background Thread 1 ] DEBUG TilesetLoader        - Writing to buffer: dst=640,576, w=64,h=64, src=0,0
20:40:29.192 [FXGL Background Thread 1 ] DEBUG TilesetLoader        - Writing to buffer: dst=704,576, w=64,h=64, src=0,0
20:40:29.192 [FXGL Background Thread 1 ] DEBUG TilesetLoader        - Writing to buffer: dst=768,576, w=64,h=64, src=0,0
20:40:29.192 [FXGL Background Thread 1 ] DEBUG TilesetLoader        - Writing to buffer: dst=832,576, w=64,h=64, src=0,0
20:40:29.192 [FXGL Background Thread 1 ] DEBUG TilesetLoader        - Writing to buffer: dst=896,576, w=64,h=64, src=256,64
20:40:29.192 [FXGL Background Thread 1 ] DEBUG TMXLevelLoader       - Creating object layer entities
20:40:29.204 [FXGL Background Thread 1 ] DEBUG GameWorld            - Clearing removable entities
20:40:29.206 [FXGL Background Thread 1 ] DEBUG GameWorld            - Setting level: com.almasb.fxgl.entity.level.Level@183cbd4a
20:40:29.227 [FXGL Background Thread 1 ] DEBUG InitAppTask          - Initializing Physics
20:40:29.228 [FXGL Background Thread 1 ] DEBUG InitAppTask          - Initializing UI
20:40:29.229 [FXGL Background Thread 1 ] DEBUG InitAppTask          - Initialization Complete
20:40:29.230 [FXGL Background Thread 1 ] INFO  InitAppTask          - Game initialization took: 0.277 sec
20:40:29.234 [JavaFX Application Thread] DEBUG Input                - Clearing active input actions
20:40:29.247 [JavaFX Application Thread] DEBUG Engine               - Removing overlay from LoadingScene and adding to GameScene
20:40:29.247 [JavaFX Application Thread] DEBUG MainWindow           - LoadingScene -> GameScene
20:40:31.164 [JavaFX Application Thread] FATAL Engine               - Uncaught Exception:

Fatal exception occurred: java.lang.NullPointerException : null
E: Game.Application$2.onAction(Application.java:74)
E: com.almasb.fxgl.input.UserAction.action$fxgl_input(UserAction.kt:38)
E: com.almasb.fxgl.input.Input.update(Input.kt:164)
E: com.almasb.fxgl.scene.Scene.update(Scene.kt:78)
E: com.almasb.fxgl.app.MainWindow$onUpdate$1.invoke(MainWindow.kt:203)
E: com.almasb.fxgl.app.MainWindow$onUpdate$1.invoke(MainWindow.kt:35)
E: com.almasb.fxgl.core.fsm.StateMachine.runOnActiveStates(StateMachine.kt:60)
E: com.almasb.fxgl.app.MainWindow.onUpdate(MainWindow.kt:203)
E: com.almasb.fxgl.app.Engine.loop(Engine.kt:489)
E: com.almasb.fxgl.app.Engine.access$loop(Engine.kt:53)
E: com.almasb.fxgl.app.Engine$loop$1.invoke(Engine.kt:81)
E: com.almasb.fxgl.app.Engine$loop$1.invoke(Engine.kt:53)
E: com.almasb.fxgl.app.LoopRunner.frame(LoopRunner.kt:86)
E: com.almasb.fxgl.app.LoopRunner.access$frame(LoopRunner.kt:17)
E: com.almasb.fxgl.app.LoopRunner$impl$2$1.handle(LoopRunner.kt:37)
E: javafx.animation.AnimationTimer$AnimationTimerReceiver.lambda$handle$0(AnimationTimer.java:57)
E: java.base/java.security.AccessController.doPrivileged(Native Method)
E: javafx.animation.AnimationTimer$AnimationTimerReceiver.handle(AnimationTimer.java:56)
E: com.sun.scenario.animation.AbstractMasterTimer.timePulseImpl(AbstractMasterTimer.java:357)
E: com.sun.scenario.animation.AbstractMasterTimer$MainLoop.run(AbstractMasterTimer.java:267)
E: com.sun.javafx.tk.quantum.QuantumToolkit.pulse(QuantumToolkit.java:558)
E: com.sun.javafx.tk.quantum.QuantumToolkit.pulse(QuantumToolkit.java:542)
E: com.sun.javafx.tk.quantum.QuantumToolkit.pulseFromQueue(QuantumToolkit.java:535)
E: com.sun.javafx.tk.quantum.QuantumToolkit.lambda$runToolkit$11(QuantumToolkit.java:341)
E: com.sun.glass.ui.InvokeLaterDispatcher$Future.run(InvokeLaterDispatcher.java:96)
E: com.sun.glass.ui.win.WinApplication._runLoop(Native Method)
E: com.sun.glass.ui.win.WinApplication.lambda$runLoop$3(WinApplication.java:174)
E: java.base/java.lang.Thread.run(Thread.java:834)

20:40:31.164 [JavaFX Application Thread] FATAL Engine               - Application will now exit
20:40:31.164 [JavaFX Application Thread] DEBUG LoopRunner           - Stopping loop
20:40:48.836 [JavaFX Application Thread] DEBUG Engine               - Exiting FXGL
20:40:48.836 [JavaFX Application Thread] DEBUG Engine               - Shutting down background threads
20:40:48.836 [JavaFX Application Thread] DEBUG Engine               - Saving FXGL system data
20:40:48.838 [JavaFX Application Thread] DEBUG FSServiceImpl        - Writing to: G:\Desk\Projects\FXGLPlatformer\system\fxgl.bundle
20:40:48.840 [JavaFX Application Thread] DEBUG Engine               - Closing logger and exiting JavaFX
