13:55:20.060 [main                     ] DEBUG GameApplication      - Logger initialized
13:55:20.078 [main                     ] DEBUG GameApplication      - Logging settings
Title: JumpToBeat-Demo
Version: 0.1
Width: 1050
Height: 700
Fullscreen: false
Intro: false
Menus: false
Profiling: false
Single step:false
App Mode: DEVELOPER
Menu Key: ESCAPE
Stage Style: DECORATED
Scene Factory: class com.almasb.fxgl.app.SceneFactory
Dialog Factory: class com.almasb.fxgl.ui.FXGLDialogFactory
UI Factory: class com.almasb.fxgl.ui.FXGLUIFactory

13:55:20.574 [JavaFX Application Thread] DEBUG Engine               - Initializing FXGL
13:55:20.574 [JavaFX Application Thread] INFO  Engine               - FXGL-11.7 (05.01.2020 09.37) on WINDOWS (J:11.0.5 FX:12.0.1)
13:55:20.574 [JavaFX Application Thread] INFO  Engine               - Source code and latest versions at: https://github.com/AlmasB/FXGL
13:55:20.575 [JavaFX Application Thread] INFO  Engine               -              Join the FXGL chat at: https://gitter.im/AlmasB/FXGL
13:55:20.575 [JavaFX Application Thread] DEBUG Engine               - Initializing environment variables
13:55:20.577 [JavaFX Application Thread] DEBUG Engine               - Logging environment variables
13:55:20.577 [JavaFX Application Thread] DEBUG Engine               - achievements: []
13:55:20.577 [JavaFX Application Thread] DEBUG Engine               - sceneStack: com.almasb.fxgl.app.Engine@6cc98ab1
13:55:20.577 [JavaFX Application Thread] DEBUG Engine               - language: ObjectProperty [value: ENGLISH]
13:55:20.578 [JavaFX Application Thread] DEBUG Engine               - isCloseConfirmation: false
13:55:20.578 [JavaFX Application Thread] DEBUG Engine               - isProfilingEnabled: false
13:55:20.578 [JavaFX Application Thread] DEBUG Engine               - soundNotification: core/notification.wav
13:55:20.578 [JavaFX Application Thread] DEBUG Engine               - devShowBBoxProperty: BooleanProperty [value: false]
13:55:20.579 [JavaFX Application Thread] DEBUG Engine               - pixelsPerMeter: 50.0
13:55:20.579 [JavaFX Application Thread] DEBUG Engine               - overlayRoot: Group@262053cd
13:55:20.579 [JavaFX Application Thread] DEBUG Engine               - appIcon: fxgl_icon.png
13:55:20.579 [JavaFX Application Thread] DEBUG Engine               - soundMenuBack: menu/back.wav
13:55:20.579 [JavaFX Application Thread] DEBUG Engine               - isFullScreenAllowed: false
13:55:20.580 [JavaFX Application Thread] DEBUG Engine               - isIntroEnabled: false
13:55:20.580 [JavaFX Application Thread] DEBUG Engine               - eventBus: com.almasb.fxgl.event.EventBus@6ed31b3f
13:55:20.580 [JavaFX Application Thread] DEBUG Engine               - fontMono: lucida_console.ttf
13:55:20.580 [JavaFX Application Thread] DEBUG Engine               - soundMenuSelect: menu/select.wav
13:55:20.580 [JavaFX Application Thread] DEBUG Engine               - isWindows: true
13:55:20.580 [JavaFX Application Thread] DEBUG Engine               - isMobile: false
13:55:20.580 [JavaFX Application Thread] DEBUG Engine               - height: 700
13:55:20.580 [JavaFX Application Thread] DEBUG Engine               - isExperimentalNative: false
13:55:20.580 [JavaFX Application Thread] DEBUG Engine               - cSSList: [fxgl_dark.css]
13:55:20.580 [JavaFX Application Thread] DEBUG Engine               - isSingleStep: false
13:55:20.580 [JavaFX Application Thread] DEBUG Engine               - fontGame: Abel-Regular.ttf
13:55:20.581 [JavaFX Application Thread] DEBUG Engine               - menuKey: ESCAPE
13:55:20.581 [JavaFX Application Thread] DEBUG Engine               - devShowPositionProperty: BooleanProperty [value: false]
13:55:20.581 [JavaFX Application Thread] DEBUG Engine               - versionCheckDays: 7
13:55:20.581 [JavaFX Application Thread] DEBUG Engine               - masterTimer: com.almasb.fxgl.time.Timer@4eef9856
13:55:20.581 [JavaFX Application Thread] DEBUG Engine               - configClass: Optional.empty
13:55:20.581 [JavaFX Application Thread] DEBUG Engine               - isFullScreenFromStart: false
13:55:20.581 [JavaFX Application Thread] DEBUG Engine               - version: 0.1
13:55:20.581 [JavaFX Application Thread] DEBUG Engine               - fullScreen: BooleanProperty [value: false]
13:55:20.581 [JavaFX Application Thread] DEBUG Engine               - randomSeed: -1
13:55:20.581 [JavaFX Application Thread] DEBUG Engine               - dialogFactory: com.almasb.fxgl.ui.FXGLDialogFactory@15991af6
13:55:20.582 [JavaFX Application Thread] DEBUG Engine               - applicationMode: DEVELOPER
13:55:20.582 [JavaFX Application Thread] DEBUG Engine               - isMac: false
13:55:20.582 [JavaFX Application Thread] DEBUG Engine               - urlGoogleForms: https://goo.gl/forms/6wrMnOBxTE1fEpOy2
13:55:20.582 [JavaFX Application Thread] DEBUG Engine               - isMenuEnabled: false
13:55:20.582 [JavaFX Application Thread] DEBUG Engine               - urlPOM: https://raw.githubusercontent.com/AlmasB/FXGL/master/pom.xml
13:55:20.582 [JavaFX Application Thread] DEBUG Engine               - profileName: user.profile
13:55:20.582 [JavaFX Application Thread] DEBUG Engine               - notificationViewClass: class com.almasb.fxgl.notification.view.XboxNotificationView
13:55:20.582 [JavaFX Application Thread] DEBUG Engine               - devSensorColorProperty: ObjectProperty [value: 0xffff00ff]
13:55:20.582 [JavaFX Application Thread] DEBUG Engine               - sceneFactory: com.almasb.fxgl.app.SceneFactory@31038db3
13:55:20.582 [JavaFX Application Thread] DEBUG Engine               - dataFileExt: .dat
13:55:20.582 [JavaFX Application Thread] DEBUG Engine               - stageStyle: DECORATED
13:55:20.582 [JavaFX Application Thread] DEBUG Engine               - isManualResizeEnabled: false
13:55:20.583 [JavaFX Application Thread] DEBUG Engine               - title: JumpToBeat-Demo
13:55:20.583 [JavaFX Application Thread] DEBUG Engine               - platform: WINDOWS
13:55:20.583 [JavaFX Application Thread] DEBUG Engine               - devBBoxColorProperty: ObjectProperty [value: 0xff0000ff]
13:55:20.583 [JavaFX Application Thread] DEBUG Engine               - isDesktop: true
13:55:20.583 [JavaFX Application Thread] DEBUG Engine               - credits: []
13:55:20.583 [JavaFX Application Thread] DEBUG Engine               - globalMusicVolumeProperty: DoubleProperty [value: 0.5]
13:55:20.583 [JavaFX Application Thread] DEBUG Engine               - uIFactory: com.almasb.fxgl.ui.FXGLUIFactory@477f724f
13:55:20.583 [JavaFX Application Thread] DEBUG Engine               - isPreserveResizeRatio: false
13:55:20.583 [JavaFX Application Thread] DEBUG Engine               - fontText: Courier-Prime.ttf
13:55:20.583 [JavaFX Application Thread] DEBUG Engine               - isExperimentalTiledLargeMap: false
13:55:20.583 [JavaFX Application Thread] DEBUG Engine               - secondsIn24h: 60
13:55:20.583 [JavaFX Application Thread] DEBUG Engine               - runtimeInfo: RuntimeInfo(platform=WINDOWS, version=11.7, build=05.01.2020 09.37)
13:55:20.583 [JavaFX Application Thread] DEBUG Engine               - isLinux: false
13:55:20.584 [JavaFX Application Thread] DEBUG Engine               - soundMenuPress: menu/press.wav
13:55:20.584 [JavaFX Application Thread] DEBUG Engine               - urlGithub: https://github.com/AlmasB/FXGL
13:55:20.584 [JavaFX Application Thread] DEBUG Engine               - profileDir: profiles/
13:55:20.584 [JavaFX Application Thread] DEBUG Engine               - isDeveloperMenuEnabled: false
13:55:20.584 [JavaFX Application Thread] DEBUG Engine               - globalSoundVolumeProperty: DoubleProperty [value: 0.5]
13:55:20.584 [JavaFX Application Thread] DEBUG Engine               - isBrowser: false
13:55:20.584 [JavaFX Application Thread] DEBUG Engine               - urlLeaderboard: http://fxgl-top.herokuapp.com/
13:55:20.584 [JavaFX Application Thread] DEBUG Engine               - globalSoundVolume: 0.5
13:55:20.584 [JavaFX Application Thread] DEBUG Engine               - saveDir: saves/
13:55:20.584 [JavaFX Application Thread] DEBUG Engine               - engineServices: [class com.almasb.fxgl.audio.AudioPlayer, class com.almasb.fxgl.notification.impl.NotificationServiceProvider, class com.almasb.fxgl.achievement.AchievementManager, class com.almasb.fxgl.cutscene.CutsceneService, class com.almasb.fxgl.minigames.MiniGameService]
13:55:20.584 [JavaFX Application Thread] DEBUG Engine               - globalMusicVolume: 0.5
13:55:20.584 [JavaFX Application Thread] DEBUG Engine               - width: 1050
13:55:20.585 [JavaFX Application Thread] DEBUG Engine               - saveFileExt: .sav
13:55:20.585 [JavaFX Application Thread] DEBUG Engine               - isAndroid: false
13:55:20.585 [JavaFX Application Thread] DEBUG Engine               - fontUI: VarelaRound-Regular.ttf
13:55:20.585 [JavaFX Application Thread] DEBUG Engine               - enabledMenuItems: []
13:55:20.585 [JavaFX Application Thread] DEBUG Engine               - isIOS: false
13:55:20.587 [JavaFX Application Thread] DEBUG Engine               - Adding new engine service: class com.almasb.fxgl.audio.AudioPlayer
13:55:20.588 [JavaFX Application Thread] DEBUG Engine               - Adding new engine service: class com.almasb.fxgl.notification.impl.NotificationServiceProvider
13:55:20.588 [JavaFX Application Thread] DEBUG Engine               - Adding new engine service: class com.almasb.fxgl.achievement.AchievementManager
13:55:20.589 [JavaFX Application Thread] DEBUG Engine               - Adding new engine service: class com.almasb.fxgl.cutscene.CutsceneService
13:55:20.590 [JavaFX Application Thread] DEBUG Engine               - Adding new engine service: class com.almasb.fxgl.minigames.MiniGameService
13:55:20.592 [JavaFX Application Thread] DEBUG Engine               - Loading localizations
13:55:20.594 [JavaFX Application Thread] DEBUG AssetLoader          - Loading from file system: /assets/properties/languages/english.properties
13:55:20.596 [JavaFX Application Thread] DEBUG AssetLoader          - Loading from file system: /assets/properties/languages/french.properties
13:55:20.598 [JavaFX Application Thread] DEBUG AssetLoader          - Loading from file system: /assets/properties/languages/german.properties
13:55:20.599 [JavaFX Application Thread] DEBUG AssetLoader          - Loading from file system: /assets/properties/languages/russian.properties
13:55:20.600 [JavaFX Application Thread] DEBUG AssetLoader          - Loading from file system: /assets/properties/languages/hungarian.properties
13:55:20.602 [JavaFX Application Thread] DEBUG Engine               - Registering font factories
13:55:20.602 [JavaFX Application Thread] DEBUG AssetLoader          - Loading from file system: /assets/ui/fonts/VarelaRound-Regular.ttf
13:55:20.758 [JavaFX Application Thread] DEBUG AssetLoader          - Loading from file system: /assets/ui/fonts/Abel-Regular.ttf
13:55:20.761 [JavaFX Application Thread] DEBUG AssetLoader          - Loading from file system: /assets/ui/fonts/lucida_console.ttf
13:55:20.765 [JavaFX Application Thread] DEBUG AssetLoader          - Loading from file system: /assets/ui/fonts/Courier-Prime.ttf
13:55:20.769 [JavaFX Application Thread] DEBUG Engine               - Setting UI factory
13:55:20.857 [JavaFX Application Thread] DEBUG AssetLoader          - Loading from file system: /assets/textures/fxgl_logo.png
13:55:20.912 [JavaFX Application Thread] DEBUG MainWindow           - Creating a JavaFX scene
13:55:20.957 [JavaFX Application Thread] DEBUG MainWindow           - Target settings size: 1050.0 x 700.0
13:55:20.957 [JavaFX Application Thread] DEBUG MainWindow           - Scaled scene size:    1050.0 x 700.0
13:55:20.957 [JavaFX Application Thread] DEBUG MainWindow           - Scaled ratio: (1.0, 1.0)
13:55:20.958 [JavaFX Application Thread] DEBUG MainWindow           - Set initial scene to FXGLStartupScene
13:55:20.965 [JavaFX Application Thread] DEBUG AssetLoader          - Loading from file system: /assets/textures/fxgl_icon.png
13:55:20.976 [JavaFX Application Thread] DEBUG Engine               - Applying CSS: fxgl_dark.css
13:55:20.977 [JavaFX Application Thread] DEBUG AssetLoader          - Loading from file system: /assets/ui/css/fxgl_dark.css
13:55:20.980 [JavaFX Application Thread] DEBUG AssetLoader          - Loading from file system: /assets/ui/cursors/fxgl_default.png
13:55:20.981 [JavaFX Application Thread] DEBUG MainWindow           - Opening main window
13:55:21.124 [JavaFX Application Thread] DEBUG MainWindow           - Window border size: (16.0, 39.0)
13:55:21.125 [JavaFX Application Thread] DEBUG MainWindow           - Scaled size: 1050.0 x 700.0
13:55:21.125 [JavaFX Application Thread] DEBUG MainWindow           - Scaled ratio: (1.0, 1.0)
13:55:21.125 [JavaFX Application Thread] DEBUG MainWindow           - Scene size: 1050.0 x 700.0
13:55:21.125 [JavaFX Application Thread] DEBUG MainWindow           - Stage size: 1066.0 x 739.0
13:55:21.172 [FXGL Background Thread 1 ] DEBUG FS                   - Loaded FSServiceImpl
13:55:21.172 [FXGL Background Thread 1 ] DEBUG Engine               - Loading FXGL system data
13:55:21.178 [FXGL Background Thread 1 ] DEBUG FSServiceImpl        - Reading from: G:\Desk\Projects\FXGLPlatformer\system\fxgl.bundle
13:55:21.193 [FXGL Background Thread 1 ] DEBUG Engine               - Bundle FXGL: {}
13:55:21.193 [FXGL Background Thread 1 ] DEBUG Engine               - Initializing application scenes
13:55:21.226 [FXGL Background Thread 1 ] DEBUG GameWorld            - Game world initialized
13:55:21.272 [FXGL Background Thread 1 ] DEBUG PhysicsWorld         - Physics world initialized: appHeight=700, physics.ppm=50.0
13:55:21.274 [FXGL Background Thread 1 ] DEBUG GameScene            - Game scene initialized: 1050x700
13:55:21.306 [FXGL Background Thread 1 ] DEBUG Input                - Registered new binding: Resume - Esc
13:55:21.308 [FXGL Background Thread 1 ] DEBUG AssetLoader          - Loading from file system: /assets/textures/pause_menu_bg.png
13:55:21.330 [FXGL Background Thread 1 ] DEBUG Input                - Registered new binding: Pause - Esc
13:55:21.331 [FXGL Background Thread 1 ] DEBUG Engine               - Application scenes initialized
13:55:21.333 [JavaFX Application Thread] DEBUG Engine               - Running preInit()
13:55:21.333 [JavaFX Application Thread] DEBUG Input                - Registered new binding: Right - D
13:55:21.333 [JavaFX Application Thread] DEBUG Input                - Registered new binding: Left - A
13:55:21.334 [JavaFX Application Thread] DEBUG Input                - Registered new binding: Jump - Space
13:55:21.334 [JavaFX Application Thread] DEBUG Input                - Registered new binding: Play Sound - F
13:55:21.334 [JavaFX Application Thread] DEBUG Input                - Registered new binding: Screenshot - P
13:55:21.335 [JavaFX Application Thread] DEBUG Input                - Registered new binding: System info dump - CTRL+9
13:55:21.335 [JavaFX Application Thread] DEBUG Input                - Registered new binding: Restart - CTRL+R
13:55:21.335 [JavaFX Application Thread] DEBUG Engine               - generateDefaultProfile()
13:55:21.335 [JavaFX Application Thread] DEBUG Engine               - Creating default profile
13:55:21.335 [JavaFX Application Thread] DEBUG EventBus             - Firing event: SaveEvent
13:55:21.345 [JavaFX Application Thread] INFO  Engine               - FXGL initialization took: 0.754 sec
13:55:21.345 [JavaFX Application Thread] DEBUG LoopRunner           - Starting loop
13:55:21.357 [JavaFX Application Thread] DEBUG FXGLStartupScene     - STARTUP
13:55:21.357 [JavaFX Application Thread] DEBUG Engine               - Starting new game
13:55:21.363 [JavaFX Application Thread] DEBUG Input                - Clearing active input actions
13:55:21.364 [FXGL Background Thread 1 ] DEBUG InitAppTask          - Clearing previous game
13:55:21.364 [FXGL Background Thread 1 ] DEBUG GameWorld            - Clearing game world
13:55:21.364 [FXGL Background Thread 1 ] DEBUG PhysicsWorld         - Clearing physics world
13:55:21.364 [FXGL Background Thread 1 ] DEBUG GameScene            - Clearing game scene
13:55:21.364 [FXGL Background Thread 1 ] DEBUG InitAppTask          - Initializing Game
13:55:21.374 [JavaFX Application Thread] DEBUG Engine               - Removing overlay from FXGLStartupScene and adding to LoadingScene
13:55:21.374 [JavaFX Application Thread] DEBUG MainWindow           - FXGLStartupScene -> LoadingScene
13:55:21.377 [FXGL Background Thread 1 ] DEBUG AssetLoader          - Loading from file system: /assets/levels/TestLevel.tmx
13:55:21.398 [FXGL Background Thread 1 ] WARN  TMXLevelLoader       - TiledMap generated from 1.3.4. Supported version: 1.2.3. Some features may not be parsed fully.
13:55:21.416 [FXGL Background Thread 1 ] DEBUG TMXLevelLoader       - Parsed raw map: TiledMap(width=15, height=10, tilewidth=64, tileheight=64, orientation=orthogonal, layers=[Layer(width=15, height=10, name=Kachelebene 1, type=tilelayer, visible=false, x=0, y=0, data=[4, 25, 25, 25, 25, 25, 25, 25, 25, 25, 25, 25, 25, 25, 5, 27, 0, 0, 0, 0, 0, 0, 0, 0, 0, 0, 0, 0, 0, 26, 27, 0, 0, 0, 0, 0, 0, 0, 0, 0, 0, 0, 0, 0, 26, 27, 0, 0, 0, 0, 0, 0, 0, 0, 0, 0, 0, 0, 0, 26, 27, 0, 0, 0, 0, 0, 0, 0, 0, 0, 0, 0, 0, 0, 26, 27, 0, 0, 0, 0, 0, 0, 0, 0, 0, 37, 38, 38, 39, 26, 27, 0, 0, 0, 0, 0, 0, 37, 38, 39, 0, 0, 0, 0, 26, 27, 0, 0, 37, 38, 39, 0, 0, 0, 0, 0, 0, 0, 0, 26, 27, 0, 0, 0, 0, 0, 0, 0, 0, 0, 0, 0, 0, 0, 26, 16, 1, 1, 1, 1, 1, 1, 1, 1, 1, 1, 1, 1, 1, 17], objects=[], opacity=0.0, draworder=), Layer(width=0, height=0, name=Objektebene 1, type=objectgroup, visible=false, x=0, y=0, data=[], objects=[com.almasb.fxgl.entity.level.tiled.TiledObject@50ab85b2, com.almasb.fxgl.entity.level.tiled.TiledObject@77f75448, com.almasb.fxgl.entity.level.tiled.TiledObject@f0ac2b, com.almasb.fxgl.entity.level.tiled.TiledObject@3de2740e, com.almasb.fxgl.entity.level.tiled.TiledObject@3168f015, com.almasb.fxgl.entity.level.tiled.TiledObject@7c70a764, com.almasb.fxgl.entity.level.tiled.TiledObject@7964dd35, com.almasb.fxgl.entity.level.tiled.TiledObject@57889413, com.almasb.fxgl.entity.level.tiled.TiledObject@21963eaf, com.almasb.fxgl.entity.level.tiled.TiledObject@58a4f67e, com.almasb.fxgl.entity.level.tiled.TiledObject@776052a, com.almasb.fxgl.entity.level.tiled.TiledObject@14cd21db], opacity=0.0, draworder=)], tilesets=[Tileset(firstgid=1, image=C:/Users/Jordan/Desktop/forest.png, name=Forrest, tilewidth=64, tileheight=64, imagewidth=768, imageheight=256, margin=0, spacing=0, columns=12, tilecount=48, transparentcolor=)], backgroundcolor=, renderorder=right-down, nextobjectid=31, version=1, tiledversion=1.3.4, type=map, infinite=false, properties={}, propertytypes={})
13:55:21.417 [FXGL Background Thread 1 ] DEBUG TMXLevelLoader       - Creating tile layer entities
13:55:21.419 [FXGL Background Thread 1 ] DEBUG TilesetLoader        - Loading view for layer Kachelebene 1
13:55:21.423 [FXGL Background Thread 1 ] DEBUG TilesetLoader        - Created buffer with size 960.0x640.0
13:55:21.427 [FXGL Background Thread 1 ] DEBUG TilesetLoader        - Writing to buffer: dst=0,0, w=64,h=64, src=192,0
13:55:21.429 [FXGL Background Thread 1 ] DEBUG TilesetLoader        - Writing to buffer: dst=64,0, w=64,h=64, src=0,128
13:55:21.429 [FXGL Background Thread 1 ] DEBUG TilesetLoader        - Writing to buffer: dst=128,0, w=64,h=64, src=0,128
13:55:21.429 [FXGL Background Thread 1 ] DEBUG TilesetLoader        - Writing to buffer: dst=192,0, w=64,h=64, src=0,128
13:55:21.429 [FXGL Background Thread 1 ] DEBUG TilesetLoader        - Writing to buffer: dst=256,0, w=64,h=64, src=0,128
13:55:21.429 [FXGL Background Thread 1 ] DEBUG TilesetLoader        - Writing to buffer: dst=320,0, w=64,h=64, src=0,128
13:55:21.429 [FXGL Background Thread 1 ] DEBUG TilesetLoader        - Writing to buffer: dst=384,0, w=64,h=64, src=0,128
13:55:21.429 [FXGL Background Thread 1 ] DEBUG TilesetLoader        - Writing to buffer: dst=448,0, w=64,h=64, src=0,128
13:55:21.429 [FXGL Background Thread 1 ] DEBUG TilesetLoader        - Writing to buffer: dst=512,0, w=64,h=64, src=0,128
13:55:21.429 [FXGL Background Thread 1 ] DEBUG TilesetLoader        - Writing to buffer: dst=576,0, w=64,h=64, src=0,128
13:55:21.429 [FXGL Background Thread 1 ] DEBUG TilesetLoader        - Writing to buffer: dst=640,0, w=64,h=64, src=0,128
13:55:21.429 [FXGL Background Thread 1 ] DEBUG TilesetLoader        - Writing to buffer: dst=704,0, w=64,h=64, src=0,128
13:55:21.430 [FXGL Background Thread 1 ] DEBUG TilesetLoader        - Writing to buffer: dst=768,0, w=64,h=64, src=0,128
13:55:21.430 [FXGL Background Thread 1 ] DEBUG TilesetLoader        - Writing to buffer: dst=832,0, w=64,h=64, src=0,128
13:55:21.430 [FXGL Background Thread 1 ] DEBUG TilesetLoader        - Writing to buffer: dst=896,0, w=64,h=64, src=256,0
13:55:21.430 [FXGL Background Thread 1 ] DEBUG TilesetLoader        - Writing to buffer: dst=0,64, w=64,h=64, src=128,128
13:55:21.430 [FXGL Background Thread 1 ] DEBUG TilesetLoader        - Writing to buffer: dst=896,64, w=64,h=64, src=64,128
13:55:21.430 [FXGL Background Thread 1 ] DEBUG TilesetLoader        - Writing to buffer: dst=0,128, w=64,h=64, src=128,128
13:55:21.430 [FXGL Background Thread 1 ] DEBUG TilesetLoader        - Writing to buffer: dst=896,128, w=64,h=64, src=64,128
13:55:21.430 [FXGL Background Thread 1 ] DEBUG TilesetLoader        - Writing to buffer: dst=0,192, w=64,h=64, src=128,128
13:55:21.430 [FXGL Background Thread 1 ] DEBUG TilesetLoader        - Writing to buffer: dst=896,192, w=64,h=64, src=64,128
13:55:21.430 [FXGL Background Thread 1 ] DEBUG TilesetLoader        - Writing to buffer: dst=0,256, w=64,h=64, src=128,128
13:55:21.430 [FXGL Background Thread 1 ] DEBUG TilesetLoader        - Writing to buffer: dst=896,256, w=64,h=64, src=64,128
13:55:21.430 [FXGL Background Thread 1 ] DEBUG TilesetLoader        - Writing to buffer: dst=0,320, w=64,h=64, src=128,128
13:55:21.430 [FXGL Background Thread 1 ] DEBUG TilesetLoader        - Writing to buffer: dst=640,320, w=64,h=64, src=0,192
13:55:21.430 [FXGL Background Thread 1 ] DEBUG TilesetLoader        - Writing to buffer: dst=704,320, w=64,h=64, src=64,192
13:55:21.430 [FXGL Background Thread 1 ] DEBUG TilesetLoader        - Writing to buffer: dst=768,320, w=64,h=64, src=64,192
13:55:21.430 [FXGL Background Thread 1 ] DEBUG TilesetLoader        - Writing to buffer: dst=832,320, w=64,h=64, src=128,192
13:55:21.431 [FXGL Background Thread 1 ] DEBUG TilesetLoader        - Writing to buffer: dst=896,320, w=64,h=64, src=64,128
13:55:21.431 [FXGL Background Thread 1 ] DEBUG TilesetLoader        - Writing to buffer: dst=0,384, w=64,h=64, src=128,128
13:55:21.431 [FXGL Background Thread 1 ] DEBUG TilesetLoader        - Writing to buffer: dst=448,384, w=64,h=64, src=0,192
13:55:21.431 [FXGL Background Thread 1 ] DEBUG TilesetLoader        - Writing to buffer: dst=512,384, w=64,h=64, src=64,192
13:55:21.431 [FXGL Background Thread 1 ] DEBUG TilesetLoader        - Writing to buffer: dst=576,384, w=64,h=64, src=128,192
13:55:21.431 [FXGL Background Thread 1 ] DEBUG TilesetLoader        - Writing to buffer: dst=896,384, w=64,h=64, src=64,128
13:55:21.431 [FXGL Background Thread 1 ] DEBUG TilesetLoader        - Writing to buffer: dst=0,448, w=64,h=64, src=128,128
13:55:21.431 [FXGL Background Thread 1 ] DEBUG TilesetLoader        - Writing to buffer: dst=192,448, w=64,h=64, src=0,192
13:55:21.431 [FXGL Background Thread 1 ] DEBUG TilesetLoader        - Writing to buffer: dst=256,448, w=64,h=64, src=64,192
13:55:21.431 [FXGL Background Thread 1 ] DEBUG TilesetLoader        - Writing to buffer: dst=320,448, w=64,h=64, src=128,192
13:55:21.431 [FXGL Background Thread 1 ] DEBUG TilesetLoader        - Writing to buffer: dst=896,448, w=64,h=64, src=64,128
13:55:21.431 [FXGL Background Thread 1 ] DEBUG TilesetLoader        - Writing to buffer: dst=0,512, w=64,h=64, src=128,128
13:55:21.431 [FXGL Background Thread 1 ] DEBUG TilesetLoader        - Writing to buffer: dst=896,512, w=64,h=64, src=64,128
13:55:21.431 [FXGL Background Thread 1 ] DEBUG TilesetLoader        - Writing to buffer: dst=0,576, w=64,h=64, src=192,64
13:55:21.431 [FXGL Background Thread 1 ] DEBUG TilesetLoader        - Writing to buffer: dst=64,576, w=64,h=64, src=0,0
13:55:21.431 [FXGL Background Thread 1 ] DEBUG TilesetLoader        - Writing to buffer: dst=128,576, w=64,h=64, src=0,0
13:55:21.431 [FXGL Background Thread 1 ] DEBUG TilesetLoader        - Writing to buffer: dst=192,576, w=64,h=64, src=0,0
13:55:21.432 [FXGL Background Thread 1 ] DEBUG TilesetLoader        - Writing to buffer: dst=256,576, w=64,h=64, src=0,0
13:55:21.432 [FXGL Background Thread 1 ] DEBUG TilesetLoader        - Writing to buffer: dst=320,576, w=64,h=64, src=0,0
13:55:21.432 [FXGL Background Thread 1 ] DEBUG TilesetLoader        - Writing to buffer: dst=384,576, w=64,h=64, src=0,0
13:55:21.432 [FXGL Background Thread 1 ] DEBUG TilesetLoader        - Writing to buffer: dst=448,576, w=64,h=64, src=0,0
13:55:21.432 [FXGL Background Thread 1 ] DEBUG TilesetLoader        - Writing to buffer: dst=512,576, w=64,h=64, src=0,0
13:55:21.432 [FXGL Background Thread 1 ] DEBUG TilesetLoader        - Writing to buffer: dst=576,576, w=64,h=64, src=0,0
13:55:21.432 [FXGL Background Thread 1 ] DEBUG TilesetLoader        - Writing to buffer: dst=640,576, w=64,h=64, src=0,0
13:55:21.432 [FXGL Background Thread 1 ] DEBUG TilesetLoader        - Writing to buffer: dst=704,576, w=64,h=64, src=0,0
13:55:21.432 [FXGL Background Thread 1 ] DEBUG TilesetLoader        - Writing to buffer: dst=768,576, w=64,h=64, src=0,0
13:55:21.432 [FXGL Background Thread 1 ] DEBUG TilesetLoader        - Writing to buffer: dst=832,576, w=64,h=64, src=0,0
13:55:21.432 [FXGL Background Thread 1 ] DEBUG TilesetLoader        - Writing to buffer: dst=896,576, w=64,h=64, src=256,64
13:55:21.432 [FXGL Background Thread 1 ] DEBUG TMXLevelLoader       - Creating object layer entities
13:55:21.476 [FXGL Background Thread 1 ] DEBUG GameWorld            - Clearing removable entities
13:55:21.477 [FXGL Background Thread 1 ] DEBUG GameWorld            - Setting level: com.almasb.fxgl.entity.level.Level@845b9f1
13:55:21.499 [FXGL Background Thread 1 ] DEBUG AssetLoader          - Loading from file system: /assets/textures/Tests/PlayerDemoIcon.png
13:55:21.501 [FXGL Background Thread 1 ] DEBUG InitAppTask          - Initializing Physics
13:55:21.501 [FXGL Background Thread 1 ] DEBUG InitAppTask          - Initializing UI
13:55:21.503 [FXGL Background Thread 1 ] DEBUG InitAppTask          - Initialization Complete
13:55:21.503 [FXGL Background Thread 1 ] INFO  InitAppTask          - Game initialization took: 0.139 sec
13:55:21.512 [JavaFX Application Thread] DEBUG Input                - Clearing active input actions
13:55:21.523 [JavaFX Application Thread] DEBUG Engine               - Removing overlay from LoadingScene and adding to GameScene
13:55:21.524 [JavaFX Application Thread] DEBUG MainWindow           - LoadingScene -> GameScene
13:55:21.946 [JavaFX Application Thread] DEBUG AssetLoader          - Loading from file system: /assets/sounds/smw_1-up.wav
13:55:22.046 [JavaFX Application Thread] DEBUG AssetLoader          - Loading from cache: /assets/sounds/smw_1-up.wav
13:55:22.051 [JavaFX Application Thread] DEBUG AssetLoader          - Loading from cache: /assets/sounds/smw_1-up.wav
13:55:22.056 [JavaFX Application Thread] DEBUG AssetLoader          - Loading from cache: /assets/sounds/smw_1-up.wav
13:55:22.077 [JavaFX Application Thread] DEBUG AssetLoader          - Loading from cache: /assets/sounds/smw_1-up.wav
13:55:22.088 [JavaFX Application Thread] DEBUG AssetLoader          - Loading from cache: /assets/sounds/smw_1-up.wav
13:55:22.104 [JavaFX Application Thread] DEBUG AssetLoader          - Loading from cache: /assets/sounds/smw_1-up.wav
13:55:22.120 [JavaFX Application Thread] DEBUG AssetLoader          - Loading from cache: /assets/sounds/smw_1-up.wav
13:55:22.137 [JavaFX Application Thread] DEBUG AssetLoader          - Loading from cache: /assets/sounds/smw_1-up.wav
13:55:22.153 [JavaFX Application Thread] DEBUG AssetLoader          - Loading from cache: /assets/sounds/smw_1-up.wav
13:55:22.169 [JavaFX Application Thread] DEBUG AssetLoader          - Loading from cache: /assets/sounds/smw_1-up.wav
13:55:22.201 [JavaFX Application Thread] DEBUG AssetLoader          - Loading from cache: /assets/sounds/smw_1-up.wav
13:55:22.217 [JavaFX Application Thread] DEBUG AssetLoader          - Loading from cache: /assets/sounds/smw_1-up.wav
13:55:22.233 [JavaFX Application Thread] DEBUG AssetLoader          - Loading from cache: /assets/sounds/smw_1-up.wav
13:55:22.249 [JavaFX Application Thread] DEBUG AssetLoader          - Loading from cache: /assets/sounds/smw_1-up.wav
13:55:22.265 [JavaFX Application Thread] DEBUG AssetLoader          - Loading from cache: /assets/sounds/smw_1-up.wav
13:55:22.268 [JavaFX Application Thread] DEBUG AssetLoader          - Loading from cache: /assets/sounds/smw_1-up.wav
13:55:22.281 [JavaFX Application Thread] DEBUG AssetLoader          - Loading from cache: /assets/sounds/smw_1-up.wav
13:55:22.297 [JavaFX Application Thread] DEBUG AssetLoader          - Loading from cache: /assets/sounds/smw_1-up.wav
13:55:22.313 [JavaFX Application Thread] DEBUG AssetLoader          - Loading from cache: /assets/sounds/smw_1-up.wav
13:55:22.329 [JavaFX Application Thread] DEBUG AssetLoader          - Loading from cache: /assets/sounds/smw_1-up.wav
13:55:22.345 [JavaFX Application Thread] DEBUG AssetLoader          - Loading from cache: /assets/sounds/smw_1-up.wav
13:55:22.361 [JavaFX Application Thread] DEBUG AssetLoader          - Loading from cache: /assets/sounds/smw_1-up.wav
13:55:22.377 [JavaFX Application Thread] DEBUG AssetLoader          - Loading from cache: /assets/sounds/smw_1-up.wav
13:55:22.393 [JavaFX Application Thread] DEBUG AssetLoader          - Loading from cache: /assets/sounds/smw_1-up.wav
13:55:22.409 [JavaFX Application Thread] DEBUG AssetLoader          - Loading from cache: /assets/sounds/smw_1-up.wav
13:55:22.425 [JavaFX Application Thread] DEBUG AssetLoader          - Loading from cache: /assets/sounds/smw_1-up.wav
13:55:22.440 [JavaFX Application Thread] DEBUG AssetLoader          - Loading from cache: /assets/sounds/smw_1-up.wav
13:55:22.456 [JavaFX Application Thread] DEBUG AssetLoader          - Loading from cache: /assets/sounds/smw_1-up.wav
13:55:22.472 [JavaFX Application Thread] DEBUG AssetLoader          - Loading from cache: /assets/sounds/smw_1-up.wav
13:55:22.488 [JavaFX Application Thread] DEBUG AssetLoader          - Loading from cache: /assets/sounds/smw_1-up.wav
13:55:22.504 [JavaFX Application Thread] DEBUG AssetLoader          - Loading from cache: /assets/sounds/smw_1-up.wav
13:55:22.520 [JavaFX Application Thread] DEBUG AssetLoader          - Loading from cache: /assets/sounds/smw_1-up.wav
13:55:22.536 [JavaFX Application Thread] DEBUG AssetLoader          - Loading from cache: /assets/sounds/smw_1-up.wav
13:55:22.553 [JavaFX Application Thread] DEBUG AssetLoader          - Loading from cache: /assets/sounds/smw_1-up.wav
13:55:22.569 [JavaFX Application Thread] DEBUG AssetLoader          - Loading from cache: /assets/sounds/smw_1-up.wav
13:55:22.585 [JavaFX Application Thread] DEBUG AssetLoader          - Loading from cache: /assets/sounds/smw_1-up.wav
13:55:22.601 [JavaFX Application Thread] DEBUG AssetLoader          - Loading from cache: /assets/sounds/smw_1-up.wav
13:55:22.617 [JavaFX Application Thread] DEBUG AssetLoader          - Loading from cache: /assets/sounds/smw_1-up.wav
13:55:22.633 [JavaFX Application Thread] DEBUG AssetLoader          - Loading from cache: /assets/sounds/smw_1-up.wav
13:55:22.649 [JavaFX Application Thread] DEBUG AssetLoader          - Loading from cache: /assets/sounds/smw_1-up.wav
13:55:22.665 [JavaFX Application Thread] DEBUG AssetLoader          - Loading from cache: /assets/sounds/smw_1-up.wav
13:55:22.681 [JavaFX Application Thread] DEBUG AssetLoader          - Loading from cache: /assets/sounds/smw_1-up.wav
13:55:22.697 [JavaFX Application Thread] DEBUG AssetLoader          - Loading from cache: /assets/sounds/smw_1-up.wav
13:55:22.713 [JavaFX Application Thread] DEBUG AssetLoader          - Loading from cache: /assets/sounds/smw_1-up.wav
13:55:22.728 [JavaFX Application Thread] DEBUG AssetLoader          - Loading from cache: /assets/sounds/smw_1-up.wav
13:55:22.745 [JavaFX Application Thread] DEBUG AssetLoader          - Loading from cache: /assets/sounds/smw_1-up.wav
13:55:22.760 [JavaFX Application Thread] DEBUG AssetLoader          - Loading from cache: /assets/sounds/smw_1-up.wav
13:55:22.776 [JavaFX Application Thread] DEBUG AssetLoader          - Loading from cache: /assets/sounds/smw_1-up.wav
13:55:22.792 [JavaFX Application Thread] DEBUG AssetLoader          - Loading from cache: /assets/sounds/smw_1-up.wav
13:55:22.808 [JavaFX Application Thread] DEBUG AssetLoader          - Loading from cache: /assets/sounds/smw_1-up.wav
13:55:22.824 [JavaFX Application Thread] DEBUG AssetLoader          - Loading from cache: /assets/sounds/smw_1-up.wav
13:55:22.840 [JavaFX Application Thread] DEBUG AssetLoader          - Loading from cache: /assets/sounds/smw_1-up.wav
13:55:22.856 [JavaFX Application Thread] DEBUG AssetLoader          - Loading from cache: /assets/sounds/smw_1-up.wav
13:55:22.872 [JavaFX Application Thread] DEBUG AssetLoader          - Loading from cache: /assets/sounds/smw_1-up.wav
13:55:22.888 [JavaFX Application Thread] DEBUG AssetLoader          - Loading from cache: /assets/sounds/smw_1-up.wav
13:55:22.904 [JavaFX Application Thread] DEBUG AssetLoader          - Loading from cache: /assets/sounds/smw_1-up.wav
13:55:22.920 [JavaFX Application Thread] DEBUG AssetLoader          - Loading from cache: /assets/sounds/smw_1-up.wav
13:55:22.936 [JavaFX Application Thread] DEBUG AssetLoader          - Loading from cache: /assets/sounds/smw_1-up.wav
13:55:22.952 [JavaFX Application Thread] DEBUG AssetLoader          - Loading from cache: /assets/sounds/smw_1-up.wav
13:55:25.176 [JavaFX Application Thread] DEBUG Engine               - Exiting FXGL
13:55:25.176 [JavaFX Application Thread] DEBUG Engine               - Shutting down background threads
13:55:25.176 [JavaFX Application Thread] DEBUG Engine               - Saving FXGL system data
13:55:25.178 [JavaFX Application Thread] DEBUG FSServiceImpl        - Writing to: G:\Desk\Projects\FXGLPlatformer\system\fxgl.bundle
13:55:25.180 [JavaFX Application Thread] DEBUG Engine               - Closing logger and exiting JavaFX
