02:44:45.253 [main                     ] DEBUG GameApplication      - Logger initialized
02:44:45.269 [main                     ] DEBUG GameApplication      - Logging settings
Title: JumpToBeat-Demo
Version: 0.1
Width: 1050
Height: 700
Fullscreen: false
Intro: false
Menus: true
Profiling: false
Single step:false
App Mode: DEVELOPER
Menu Key: ESCAPE
Stage Style: DECORATED
Scene Factory: class com.almasb.fxgl.app.SceneFactory
Dialog Factory: class com.almasb.fxgl.ui.FXGLDialogFactory
UI Factory: class com.almasb.fxgl.ui.FXGLUIFactory

02:44:45.779 [JavaFX Application Thread] DEBUG Engine               - Initializing FXGL
02:44:45.780 [JavaFX Application Thread] INFO  Engine               - FXGL-11.7 (05.01.2020 09.37) on WINDOWS (J:11.0.5 FX:12.0.1)
02:44:45.780 [JavaFX Application Thread] INFO  Engine               - Source code and latest versions at: https://github.com/AlmasB/FXGL
02:44:45.780 [JavaFX Application Thread] INFO  Engine               -              Join the FXGL chat at: https://gitter.im/AlmasB/FXGL
02:44:45.780 [JavaFX Application Thread] DEBUG Engine               - Initializing environment variables
02:44:45.782 [JavaFX Application Thread] DEBUG Engine               - Logging environment variables
02:44:45.783 [JavaFX Application Thread] DEBUG Engine               - achievements: []
02:44:45.783 [JavaFX Application Thread] DEBUG Engine               - sceneStack: com.almasb.fxgl.app.Engine@4d12232a
02:44:45.783 [JavaFX Application Thread] DEBUG Engine               - language: ObjectProperty [value: ENGLISH]
02:44:45.783 [JavaFX Application Thread] DEBUG Engine               - isCloseConfirmation: false
02:44:45.783 [JavaFX Application Thread] DEBUG Engine               - isProfilingEnabled: false
02:44:45.784 [JavaFX Application Thread] DEBUG Engine               - soundNotification: core/notification.wav
02:44:45.784 [JavaFX Application Thread] DEBUG Engine               - devShowBBoxProperty: BooleanProperty [value: false]
02:44:45.785 [JavaFX Application Thread] DEBUG Engine               - pixelsPerMeter: 50.0
02:44:45.785 [JavaFX Application Thread] DEBUG Engine               - overlayRoot: Group@2b325d62
02:44:45.785 [JavaFX Application Thread] DEBUG Engine               - appIcon: fxgl_icon.png
02:44:45.785 [JavaFX Application Thread] DEBUG Engine               - soundMenuBack: menu/back.wav
02:44:45.785 [JavaFX Application Thread] DEBUG Engine               - isFullScreenAllowed: false
02:44:45.785 [JavaFX Application Thread] DEBUG Engine               - isIntroEnabled: false
02:44:45.785 [JavaFX Application Thread] DEBUG Engine               - eventBus: com.almasb.fxgl.event.EventBus@676a21af
02:44:45.785 [JavaFX Application Thread] DEBUG Engine               - fontMono: lucida_console.ttf
02:44:45.785 [JavaFX Application Thread] DEBUG Engine               - soundMenuSelect: menu/select.wav
02:44:45.786 [JavaFX Application Thread] DEBUG Engine               - isWindows: true
02:44:45.786 [JavaFX Application Thread] DEBUG Engine               - isMobile: false
02:44:45.786 [JavaFX Application Thread] DEBUG Engine               - height: 700
02:44:45.786 [JavaFX Application Thread] DEBUG Engine               - isExperimentalNative: false
02:44:45.786 [JavaFX Application Thread] DEBUG Engine               - isSingleStep: false
02:44:45.786 [JavaFX Application Thread] DEBUG Engine               - cSSList: [fxgl_dark.css]
02:44:45.786 [JavaFX Application Thread] DEBUG Engine               - fontGame: Abel-Regular.ttf
02:44:45.786 [JavaFX Application Thread] DEBUG Engine               - menuKey: ESCAPE
02:44:45.786 [JavaFX Application Thread] DEBUG Engine               - devShowPositionProperty: BooleanProperty [value: false]
02:44:45.786 [JavaFX Application Thread] DEBUG Engine               - versionCheckDays: 7
02:44:45.786 [JavaFX Application Thread] DEBUG Engine               - masterTimer: com.almasb.fxgl.time.Timer@3b3d451b
02:44:45.787 [JavaFX Application Thread] DEBUG Engine               - configClass: Optional.empty
02:44:45.787 [JavaFX Application Thread] DEBUG Engine               - isFullScreenFromStart: false
02:44:45.787 [JavaFX Application Thread] DEBUG Engine               - version: 0.1
02:44:45.787 [JavaFX Application Thread] DEBUG Engine               - fullScreen: BooleanProperty [value: false]
02:44:45.787 [JavaFX Application Thread] DEBUG Engine               - randomSeed: -1
02:44:45.787 [JavaFX Application Thread] DEBUG Engine               - dialogFactory: com.almasb.fxgl.ui.FXGLDialogFactory@e191534
02:44:45.787 [JavaFX Application Thread] DEBUG Engine               - applicationMode: DEVELOPER
02:44:45.787 [JavaFX Application Thread] DEBUG Engine               - isMac: false
02:44:45.787 [JavaFX Application Thread] DEBUG Engine               - urlGoogleForms: https://goo.gl/forms/6wrMnOBxTE1fEpOy2
02:44:45.787 [JavaFX Application Thread] DEBUG Engine               - isMenuEnabled: true
02:44:45.787 [JavaFX Application Thread] DEBUG Engine               - urlPOM: https://raw.githubusercontent.com/AlmasB/FXGL/master/pom.xml
02:44:45.787 [JavaFX Application Thread] DEBUG Engine               - profileName: user.profile
02:44:45.788 [JavaFX Application Thread] DEBUG Engine               - notificationViewClass: class com.almasb.fxgl.notification.view.XboxNotificationView
02:44:45.788 [JavaFX Application Thread] DEBUG Engine               - devSensorColorProperty: ObjectProperty [value: 0xffff00ff]
02:44:45.788 [JavaFX Application Thread] DEBUG Engine               - sceneFactory: com.almasb.fxgl.app.SceneFactory@377990d8
02:44:45.788 [JavaFX Application Thread] DEBUG Engine               - dataFileExt: .dat
02:44:45.788 [JavaFX Application Thread] DEBUG Engine               - stageStyle: DECORATED
02:44:45.788 [JavaFX Application Thread] DEBUG Engine               - isManualResizeEnabled: false
02:44:45.788 [JavaFX Application Thread] DEBUG Engine               - title: JumpToBeat-Demo
02:44:45.788 [JavaFX Application Thread] DEBUG Engine               - platform: WINDOWS
02:44:45.788 [JavaFX Application Thread] DEBUG Engine               - devBBoxColorProperty: ObjectProperty [value: 0xff0000ff]
02:44:45.788 [JavaFX Application Thread] DEBUG Engine               - isDesktop: true
02:44:45.788 [JavaFX Application Thread] DEBUG Engine               - credits: []
02:44:45.789 [JavaFX Application Thread] DEBUG Engine               - globalMusicVolumeProperty: DoubleProperty [value: 0.5]
02:44:45.789 [JavaFX Application Thread] DEBUG Engine               - isPreserveResizeRatio: false
02:44:45.789 [JavaFX Application Thread] DEBUG Engine               - uIFactory: com.almasb.fxgl.ui.FXGLUIFactory@1a8a8c1
02:44:45.789 [JavaFX Application Thread] DEBUG Engine               - fontText: Courier-Prime.ttf
02:44:45.789 [JavaFX Application Thread] DEBUG Engine               - isExperimentalTiledLargeMap: false
02:44:45.789 [JavaFX Application Thread] DEBUG Engine               - secondsIn24h: 60
02:44:45.789 [JavaFX Application Thread] DEBUG Engine               - runtimeInfo: RuntimeInfo(platform=WINDOWS, version=11.7, build=05.01.2020 09.37)
02:44:45.789 [JavaFX Application Thread] DEBUG Engine               - isLinux: false
02:44:45.789 [JavaFX Application Thread] DEBUG Engine               - soundMenuPress: menu/press.wav
02:44:45.789 [JavaFX Application Thread] DEBUG Engine               - urlGithub: https://github.com/AlmasB/FXGL
02:44:45.789 [JavaFX Application Thread] DEBUG Engine               - profileDir: profiles/
02:44:45.789 [JavaFX Application Thread] DEBUG Engine               - isDeveloperMenuEnabled: false
02:44:45.789 [JavaFX Application Thread] DEBUG Engine               - globalSoundVolumeProperty: DoubleProperty [value: 0.5]
02:44:45.789 [JavaFX Application Thread] DEBUG Engine               - isBrowser: false
02:44:45.790 [JavaFX Application Thread] DEBUG Engine               - globalSoundVolume: 0.5
02:44:45.790 [JavaFX Application Thread] DEBUG Engine               - urlLeaderboard: http://fxgl-top.herokuapp.com/
02:44:45.790 [JavaFX Application Thread] DEBUG Engine               - saveDir: saves/
02:44:45.790 [JavaFX Application Thread] DEBUG Engine               - engineServices: [class com.almasb.fxgl.audio.AudioPlayer, class com.almasb.fxgl.notification.impl.NotificationServiceProvider, class com.almasb.fxgl.achievement.AchievementManager, class com.almasb.fxgl.cutscene.CutsceneService, class com.almasb.fxgl.minigames.MiniGameService]
02:44:45.790 [JavaFX Application Thread] DEBUG Engine               - globalMusicVolume: 0.5
02:44:45.790 [JavaFX Application Thread] DEBUG Engine               - width: 1050
02:44:45.790 [JavaFX Application Thread] DEBUG Engine               - saveFileExt: .sav
02:44:45.790 [JavaFX Application Thread] DEBUG Engine               - isAndroid: false
02:44:45.790 [JavaFX Application Thread] DEBUG Engine               - fontUI: VarelaRound-Regular.ttf
02:44:45.790 [JavaFX Application Thread] DEBUG Engine               - enabledMenuItems: []
02:44:45.790 [JavaFX Application Thread] DEBUG Engine               - isIOS: false
02:44:45.792 [JavaFX Application Thread] DEBUG Engine               - Adding new engine service: class com.almasb.fxgl.audio.AudioPlayer
02:44:45.794 [JavaFX Application Thread] DEBUG Engine               - Adding new engine service: class com.almasb.fxgl.notification.impl.NotificationServiceProvider
02:44:45.794 [JavaFX Application Thread] DEBUG Engine               - Adding new engine service: class com.almasb.fxgl.achievement.AchievementManager
02:44:45.795 [JavaFX Application Thread] DEBUG Engine               - Adding new engine service: class com.almasb.fxgl.cutscene.CutsceneService
02:44:45.795 [JavaFX Application Thread] DEBUG Engine               - Adding new engine service: class com.almasb.fxgl.minigames.MiniGameService
02:44:45.797 [JavaFX Application Thread] DEBUG Engine               - Loading localizations
02:44:45.800 [JavaFX Application Thread] DEBUG AssetLoader          - Loading from file system: /assets/properties/languages/english.properties
02:44:45.802 [JavaFX Application Thread] DEBUG AssetLoader          - Loading from file system: /assets/properties/languages/french.properties
02:44:45.803 [JavaFX Application Thread] DEBUG AssetLoader          - Loading from file system: /assets/properties/languages/german.properties
02:44:45.804 [JavaFX Application Thread] DEBUG AssetLoader          - Loading from file system: /assets/properties/languages/russian.properties
02:44:45.805 [JavaFX Application Thread] DEBUG AssetLoader          - Loading from file system: /assets/properties/languages/hungarian.properties
02:44:45.806 [JavaFX Application Thread] DEBUG Engine               - Registering font factories
02:44:45.807 [JavaFX Application Thread] DEBUG AssetLoader          - Loading from file system: /assets/ui/fonts/VarelaRound-Regular.ttf
02:44:45.946 [JavaFX Application Thread] DEBUG AssetLoader          - Loading from file system: /assets/ui/fonts/Abel-Regular.ttf
02:44:45.949 [JavaFX Application Thread] DEBUG AssetLoader          - Loading from file system: /assets/ui/fonts/lucida_console.ttf
02:44:45.953 [JavaFX Application Thread] DEBUG AssetLoader          - Loading from file system: /assets/ui/fonts/Courier-Prime.ttf
02:44:45.957 [JavaFX Application Thread] DEBUG Engine               - Setting UI factory
02:44:46.046 [JavaFX Application Thread] DEBUG AssetLoader          - Loading from file system: /assets/textures/fxgl_logo.png
02:44:46.103 [JavaFX Application Thread] DEBUG MainWindow           - Creating a JavaFX scene
02:44:46.145 [JavaFX Application Thread] DEBUG MainWindow           - Target settings size: 1050.0 x 700.0
02:44:46.145 [JavaFX Application Thread] DEBUG MainWindow           - Scaled scene size:    1050.0 x 700.0
02:44:46.145 [JavaFX Application Thread] DEBUG MainWindow           - Scaled ratio: (1.0, 1.0)
02:44:46.147 [JavaFX Application Thread] DEBUG MainWindow           - Set initial scene to FXGLStartupScene
02:44:46.154 [JavaFX Application Thread] DEBUG AssetLoader          - Loading from file system: /assets/textures/fxgl_icon.png
02:44:46.165 [JavaFX Application Thread] DEBUG Engine               - Applying CSS: fxgl_dark.css
02:44:46.165 [JavaFX Application Thread] DEBUG AssetLoader          - Loading from file system: /assets/ui/css/fxgl_dark.css
02:44:46.169 [JavaFX Application Thread] DEBUG AssetLoader          - Loading from file system: /assets/ui/cursors/fxgl_default.png
02:44:46.170 [JavaFX Application Thread] DEBUG MainWindow           - Opening main window
02:44:46.347 [JavaFX Application Thread] DEBUG MainWindow           - Window border size: (16.0, 39.0)
02:44:46.347 [JavaFX Application Thread] DEBUG MainWindow           - Scaled size: 1050.0 x 700.0
02:44:46.347 [JavaFX Application Thread] DEBUG MainWindow           - Scaled ratio: (1.0, 1.0)
02:44:46.347 [JavaFX Application Thread] DEBUG MainWindow           - Scene size: 1050.0 x 700.0
02:44:46.347 [JavaFX Application Thread] DEBUG MainWindow           - Stage size: 1066.0 x 739.0
02:44:46.362 [FXGL Background Thread 1 ] DEBUG FS                   - Loaded FSServiceImpl
02:44:46.362 [FXGL Background Thread 1 ] DEBUG Engine               - Loading FXGL system data
02:44:46.371 [FXGL Background Thread 1 ] DEBUG FSServiceImpl        - Reading from: G:\Desk\Projects\FXGLPlatformer\system\fxgl.bundle
02:44:46.390 [FXGL Background Thread 1 ] DEBUG Engine               - Bundle FXGL: {}
02:44:46.390 [FXGL Background Thread 1 ] DEBUG Engine               - Initializing application scenes
02:44:46.416 [FXGL Background Thread 1 ] DEBUG GameWorld            - Game world initialized
02:44:46.452 [FXGL Background Thread 1 ] DEBUG PhysicsWorld         - Physics world initialized: appHeight=700, physics.ppm=50.0
02:44:46.453 [FXGL Background Thread 1 ] DEBUG GameScene            - Game scene initialized: 1050x700
02:44:46.505 [FXGL Background Thread 1 ] DEBUG AssetLoader          - Loading from file system: /assets/textures/particles/trace_horizontal.png
02:44:46.523 [FXGL Background Thread 1 ] DEBUG FXGL.DefaultMenu     - createMenuBodyMainMenu()
02:44:46.539 [FXGL Background Thread 1 ] DEBUG FXGL.DefaultMenu     - createOptionsMenu()
02:44:46.543 [FXGL Background Thread 1 ] DEBUG AssetLoader          - Loading from file system: /assets/textures/particles/smoke.png
02:44:46.597 [FXGL Background Thread 1 ] DEBUG AssetLoader          - Loading from cache: /assets/textures/particles/trace_horizontal.png@64.0x64.0
02:44:46.597 [FXGL Background Thread 1 ] DEBUG FXGL.DefaultMenu     - createMenuBodyGameMenu()
02:44:46.598 [FXGL Background Thread 1 ] DEBUG FXGL.DefaultMenu     - createOptionsMenu()
02:44:46.601 [FXGL Background Thread 1 ] DEBUG AssetLoader          - Loading from cache: /assets/textures/particles/smoke.png@128.0x128.0
02:44:46.615 [FXGL Background Thread 1 ] DEBUG Engine               - Application scenes initialized
02:44:46.618 [JavaFX Application Thread] DEBUG Engine               - Running preInit()
02:44:46.626 [JavaFX Application Thread] DEBUG Input                - Registered new binding: Right - D
02:44:46.626 [JavaFX Application Thread] DEBUG Input                - Registered new binding: Left - A
02:44:46.626 [JavaFX Application Thread] DEBUG Input                - Registered new binding: Jump - Space
02:44:46.626 [JavaFX Application Thread] DEBUG Input                - Registered new binding: Play Sound - F
02:44:46.627 [JavaFX Application Thread] DEBUG Input                - Registered new binding: Screenshot - P
02:44:46.627 [JavaFX Application Thread] DEBUG Input                - Registered new binding: System info dump - CTRL+9
02:44:46.628 [JavaFX Application Thread] DEBUG Input                - Registered new binding: Restart - CTRL+R
02:44:46.628 [JavaFX Application Thread] DEBUG Engine               - generateDefaultProfile()
02:44:46.628 [JavaFX Application Thread] DEBUG Engine               - Creating default profile
02:44:46.628 [JavaFX Application Thread] DEBUG EventBus             - Firing event: SaveEvent
02:44:46.639 [JavaFX Application Thread] INFO  Engine               - FXGL initialization took: 0.841 sec
02:44:46.639 [JavaFX Application Thread] DEBUG LoopRunner           - Starting loop
02:44:46.660 [JavaFX Application Thread] DEBUG FXGLStartupScene     - STARTUP
02:44:46.670 [JavaFX Application Thread] DEBUG Input                - Clearing active input actions
02:44:46.689 [JavaFX Application Thread] DEBUG Engine               - Removing overlay from FXGLStartupScene and adding to FXGLDefaultMenu
02:44:46.689 [JavaFX Application Thread] DEBUG MainWindow           - FXGLStartupScene -> FXGLDefaultMenu
02:44:47.451 [JavaFX Application Thread] DEBUG Menu                 - fireNewGame()
02:44:47.452 [JavaFX Application Thread] DEBUG Engine               - Starting new game
02:44:47.456 [JavaFX Application Thread] DEBUG Input                - Clearing active input actions
02:44:47.457 [FXGL Background Thread 1 ] DEBUG InitAppTask          - Clearing previous game
02:44:47.457 [FXGL Background Thread 1 ] DEBUG GameWorld            - Clearing game world
02:44:47.457 [FXGL Background Thread 1 ] DEBUG PhysicsWorld         - Clearing physics world
02:44:47.457 [FXGL Background Thread 1 ] DEBUG GameScene            - Clearing game scene
02:44:47.457 [FXGL Background Thread 1 ] DEBUG InitAppTask          - Initializing Game
02:44:47.464 [JavaFX Application Thread] DEBUG Engine               - Removing overlay from FXGLDefaultMenu and adding to LoadingScene
02:44:47.464 [JavaFX Application Thread] DEBUG MainWindow           - FXGLDefaultMenu -> LoadingScene
02:44:47.489 [JavaFX Application Thread] FATAL Engine               - Uncaught Exception:

Fatal exception occurred: java.lang.NumberFormatException : For input string: "52.390000000000015"
E: java.base/java.lang.NumberFormatException.forInputString(NumberFormatException.java:65)
E: java.base/java.lang.Integer.parseInt(Integer.java:652)
E: java.base/java.lang.Integer.parseInt(Integer.java:770)
E: JumpToBeat.DataHandler.HeapSort.convToIntArray(HeapSort.java:58)
E: JumpToBeat.DataHandler.DataHandler.updateHighscore(DataHandler.java:66)
E: JumpToBeat.DataHandler.DataHandler.<init>(DataHandler.java:40)
E: JumpToBeat.Application.initGame(Application.java:45)
E: com.almasb.fxgl.app.LoadingScene$InitAppTask.initGame(LoadingScene.kt:137)
E: com.almasb.fxgl.app.LoadingScene$InitAppTask.call(LoadingScene.kt:106)
E: com.almasb.fxgl.app.LoadingScene$InitAppTask.call(LoadingScene.kt:94)
E: javafx.concurrent.Task$TaskCallable.call(Task.java:1425)
E: java.base/java.util.concurrent.FutureTask.run(FutureTask.java:264)
E: java.base/java.util.concurrent.Executors$RunnableAdapter.call(Executors.java:515)
E: java.base/java.util.concurrent.FutureTask.run(FutureTask.java:264)
E: java.base/java.util.concurrent.ThreadPoolExecutor.runWorker(ThreadPoolExecutor.java:1128)
E: java.base/java.util.concurrent.ThreadPoolExecutor$Worker.run(ThreadPoolExecutor.java:628)
E: java.base/java.lang.Thread.run(Thread.java:834)

02:44:47.489 [JavaFX Application Thread] FATAL Engine               - Application will now exit
02:44:47.489 [JavaFX Application Thread] DEBUG LoopRunner           - Stopping loop
02:44:58.717 [JavaFX Application Thread] DEBUG Engine               - Exiting FXGL
02:44:58.717 [JavaFX Application Thread] DEBUG Engine               - Shutting down background threads
02:44:58.717 [JavaFX Application Thread] DEBUG Engine               - Saving FXGL system data
02:44:58.719 [JavaFX Application Thread] DEBUG FSServiceImpl        - Writing to: G:\Desk\Projects\FXGLPlatformer\system\fxgl.bundle
02:44:58.721 [JavaFX Application Thread] DEBUG Engine               - Closing logger and exiting JavaFX
