22:56:16.302 [main                     ] DEBUG GameApplication      - Logger initialized
22:56:16.320 [main                     ] DEBUG GameApplication      - Logging settings
Title: JumpToBeat-Demo
Version: 0.1
Width: 1050
Height: 700
Fullscreen: false
Intro: false
Menus: false
Profiling: false
Single step:false
App Mode: DEVELOPER
Menu Key: ESCAPE
Stage Style: DECORATED
Scene Factory: class com.almasb.fxgl.app.SceneFactory
Dialog Factory: class com.almasb.fxgl.ui.FXGLDialogFactory
UI Factory: class com.almasb.fxgl.ui.FXGLUIFactory

22:56:16.819 [JavaFX Application Thread] DEBUG Engine               - Initializing FXGL
22:56:16.819 [JavaFX Application Thread] INFO  Engine               - FXGL-11.7 (05.01.2020 09.37) on WINDOWS (J:11.0.5 FX:12.0.1)
22:56:16.819 [JavaFX Application Thread] INFO  Engine               - Source code and latest versions at: https://github.com/AlmasB/FXGL
22:56:16.819 [JavaFX Application Thread] INFO  Engine               -              Join the FXGL chat at: https://gitter.im/AlmasB/FXGL
22:56:16.819 [JavaFX Application Thread] DEBUG Engine               - Initializing environment variables
22:56:16.822 [JavaFX Application Thread] DEBUG Engine               - Logging environment variables
22:56:16.822 [JavaFX Application Thread] DEBUG Engine               - achievements: []
22:56:16.822 [JavaFX Application Thread] DEBUG Engine               - sceneStack: com.almasb.fxgl.app.Engine@2d8c0fd0
22:56:16.822 [JavaFX Application Thread] DEBUG Engine               - language: ObjectProperty [value: ENGLISH]
22:56:16.822 [JavaFX Application Thread] DEBUG Engine               - isCloseConfirmation: false
22:56:16.822 [JavaFX Application Thread] DEBUG Engine               - isProfilingEnabled: false
22:56:16.823 [JavaFX Application Thread] DEBUG Engine               - soundNotification: core/notification.wav
22:56:16.823 [JavaFX Application Thread] DEBUG Engine               - devShowBBoxProperty: BooleanProperty [value: false]
22:56:16.824 [JavaFX Application Thread] DEBUG Engine               - pixelsPerMeter: 50.0
22:56:16.824 [JavaFX Application Thread] DEBUG Engine               - overlayRoot: Group@2f51b4e9
22:56:16.824 [JavaFX Application Thread] DEBUG Engine               - appIcon: fxgl_icon.png
22:56:16.824 [JavaFX Application Thread] DEBUG Engine               - soundMenuBack: menu/back.wav
22:56:16.824 [JavaFX Application Thread] DEBUG Engine               - isFullScreenAllowed: false
22:56:16.824 [JavaFX Application Thread] DEBUG Engine               - isIntroEnabled: false
22:56:16.825 [JavaFX Application Thread] DEBUG Engine               - eventBus: com.almasb.fxgl.event.EventBus@2824c5c3
22:56:16.825 [JavaFX Application Thread] DEBUG Engine               - fontMono: lucida_console.ttf
22:56:16.825 [JavaFX Application Thread] DEBUG Engine               - soundMenuSelect: menu/select.wav
22:56:16.825 [JavaFX Application Thread] DEBUG Engine               - isWindows: true
22:56:16.825 [JavaFX Application Thread] DEBUG Engine               - isMobile: false
22:56:16.825 [JavaFX Application Thread] DEBUG Engine               - height: 700
22:56:16.825 [JavaFX Application Thread] DEBUG Engine               - isExperimentalNative: false
22:56:16.825 [JavaFX Application Thread] DEBUG Engine               - cSSList: [fxgl_dark.css]
22:56:16.825 [JavaFX Application Thread] DEBUG Engine               - isSingleStep: false
22:56:16.826 [JavaFX Application Thread] DEBUG Engine               - fontGame: Abel-Regular.ttf
22:56:16.826 [JavaFX Application Thread] DEBUG Engine               - menuKey: ESCAPE
22:56:16.826 [JavaFX Application Thread] DEBUG Engine               - devShowPositionProperty: BooleanProperty [value: false]
22:56:16.826 [JavaFX Application Thread] DEBUG Engine               - versionCheckDays: 7
22:56:16.826 [JavaFX Application Thread] DEBUG Engine               - masterTimer: com.almasb.fxgl.time.Timer@659bbd98
22:56:16.826 [JavaFX Application Thread] DEBUG Engine               - configClass: Optional.empty
22:56:16.826 [JavaFX Application Thread] DEBUG Engine               - isFullScreenFromStart: false
22:56:16.826 [JavaFX Application Thread] DEBUG Engine               - version: 0.1
22:56:16.826 [JavaFX Application Thread] DEBUG Engine               - fullScreen: BooleanProperty [value: false]
22:56:16.826 [JavaFX Application Thread] DEBUG Engine               - randomSeed: -1
22:56:16.826 [JavaFX Application Thread] DEBUG Engine               - dialogFactory: com.almasb.fxgl.ui.FXGLDialogFactory@13191e8d
22:56:16.827 [JavaFX Application Thread] DEBUG Engine               - applicationMode: DEVELOPER
22:56:16.827 [JavaFX Application Thread] DEBUG Engine               - isMac: false
22:56:16.827 [JavaFX Application Thread] DEBUG Engine               - urlGoogleForms: https://goo.gl/forms/6wrMnOBxTE1fEpOy2
22:56:16.827 [JavaFX Application Thread] DEBUG Engine               - isMenuEnabled: false
22:56:16.827 [JavaFX Application Thread] DEBUG Engine               - profileName: user.profile
22:56:16.827 [JavaFX Application Thread] DEBUG Engine               - urlPOM: https://raw.githubusercontent.com/AlmasB/FXGL/master/pom.xml
22:56:16.827 [JavaFX Application Thread] DEBUG Engine               - devSensorColorProperty: ObjectProperty [value: 0xffff00ff]
22:56:16.827 [JavaFX Application Thread] DEBUG Engine               - notificationViewClass: class com.almasb.fxgl.notification.view.XboxNotificationView
22:56:16.827 [JavaFX Application Thread] DEBUG Engine               - dataFileExt: .dat
22:56:16.827 [JavaFX Application Thread] DEBUG Engine               - sceneFactory: com.almasb.fxgl.app.SceneFactory@31cd06fb
22:56:16.828 [JavaFX Application Thread] DEBUG Engine               - stageStyle: DECORATED
22:56:16.828 [JavaFX Application Thread] DEBUG Engine               - isManualResizeEnabled: false
22:56:16.828 [JavaFX Application Thread] DEBUG Engine               - title: JumpToBeat-Demo
22:56:16.828 [JavaFX Application Thread] DEBUG Engine               - platform: WINDOWS
22:56:16.828 [JavaFX Application Thread] DEBUG Engine               - devBBoxColorProperty: ObjectProperty [value: 0xff0000ff]
22:56:16.828 [JavaFX Application Thread] DEBUG Engine               - isDesktop: true
22:56:16.828 [JavaFX Application Thread] DEBUG Engine               - credits: []
22:56:16.828 [JavaFX Application Thread] DEBUG Engine               - globalMusicVolumeProperty: DoubleProperty [value: 0.5]
22:56:16.828 [JavaFX Application Thread] DEBUG Engine               - uIFactory: com.almasb.fxgl.ui.FXGLUIFactory@3fc9c7dc
22:56:16.828 [JavaFX Application Thread] DEBUG Engine               - isPreserveResizeRatio: false
22:56:16.828 [JavaFX Application Thread] DEBUG Engine               - fontText: Courier-Prime.ttf
22:56:16.828 [JavaFX Application Thread] DEBUG Engine               - isExperimentalTiledLargeMap: false
22:56:16.829 [JavaFX Application Thread] DEBUG Engine               - secondsIn24h: 60
22:56:16.829 [JavaFX Application Thread] DEBUG Engine               - runtimeInfo: RuntimeInfo(platform=WINDOWS, version=11.7, build=05.01.2020 09.37)
22:56:16.829 [JavaFX Application Thread] DEBUG Engine               - urlGithub: https://github.com/AlmasB/FXGL
22:56:16.829 [JavaFX Application Thread] DEBUG Engine               - isLinux: false
22:56:16.829 [JavaFX Application Thread] DEBUG Engine               - soundMenuPress: menu/press.wav
22:56:16.829 [JavaFX Application Thread] DEBUG Engine               - profileDir: profiles/
22:56:16.829 [JavaFX Application Thread] DEBUG Engine               - isDeveloperMenuEnabled: false
22:56:16.829 [JavaFX Application Thread] DEBUG Engine               - globalSoundVolumeProperty: DoubleProperty [value: 0.5]
22:56:16.829 [JavaFX Application Thread] DEBUG Engine               - globalSoundVolume: 0.5
22:56:16.829 [JavaFX Application Thread] DEBUG Engine               - urlLeaderboard: http://fxgl-top.herokuapp.com/
22:56:16.829 [JavaFX Application Thread] DEBUG Engine               - isBrowser: false
22:56:16.829 [JavaFX Application Thread] DEBUG Engine               - saveDir: saves/
22:56:16.829 [JavaFX Application Thread] DEBUG Engine               - engineServices: [class com.almasb.fxgl.audio.AudioPlayer, class com.almasb.fxgl.notification.impl.NotificationServiceProvider, class com.almasb.fxgl.achievement.AchievementManager, class com.almasb.fxgl.cutscene.CutsceneService, class com.almasb.fxgl.minigames.MiniGameService]
22:56:16.829 [JavaFX Application Thread] DEBUG Engine               - globalMusicVolume: 0.5
22:56:16.830 [JavaFX Application Thread] DEBUG Engine               - width: 1050
22:56:16.830 [JavaFX Application Thread] DEBUG Engine               - saveFileExt: .sav
22:56:16.830 [JavaFX Application Thread] DEBUG Engine               - isAndroid: false
22:56:16.830 [JavaFX Application Thread] DEBUG Engine               - fontUI: VarelaRound-Regular.ttf
22:56:16.830 [JavaFX Application Thread] DEBUG Engine               - isIOS: false
22:56:16.830 [JavaFX Application Thread] DEBUG Engine               - enabledMenuItems: []
22:56:16.832 [JavaFX Application Thread] DEBUG Engine               - Adding new engine service: class com.almasb.fxgl.audio.AudioPlayer
22:56:16.833 [JavaFX Application Thread] DEBUG Engine               - Adding new engine service: class com.almasb.fxgl.notification.impl.NotificationServiceProvider
22:56:16.834 [JavaFX Application Thread] DEBUG Engine               - Adding new engine service: class com.almasb.fxgl.achievement.AchievementManager
22:56:16.835 [JavaFX Application Thread] DEBUG Engine               - Adding new engine service: class com.almasb.fxgl.cutscene.CutsceneService
22:56:16.835 [JavaFX Application Thread] DEBUG Engine               - Adding new engine service: class com.almasb.fxgl.minigames.MiniGameService
22:56:16.837 [JavaFX Application Thread] DEBUG Engine               - Loading localizations
22:56:16.839 [JavaFX Application Thread] DEBUG AssetLoader          - Loading from file system: /assets/properties/languages/english.properties
22:56:16.842 [JavaFX Application Thread] DEBUG AssetLoader          - Loading from file system: /assets/properties/languages/french.properties
22:56:16.843 [JavaFX Application Thread] DEBUG AssetLoader          - Loading from file system: /assets/properties/languages/german.properties
22:56:16.844 [JavaFX Application Thread] DEBUG AssetLoader          - Loading from file system: /assets/properties/languages/russian.properties
22:56:16.845 [JavaFX Application Thread] DEBUG AssetLoader          - Loading from file system: /assets/properties/languages/hungarian.properties
22:56:16.847 [JavaFX Application Thread] DEBUG Engine               - Registering font factories
22:56:16.847 [JavaFX Application Thread] DEBUG AssetLoader          - Loading from file system: /assets/ui/fonts/VarelaRound-Regular.ttf
22:56:17.001 [JavaFX Application Thread] DEBUG AssetLoader          - Loading from file system: /assets/ui/fonts/Abel-Regular.ttf
22:56:17.004 [JavaFX Application Thread] DEBUG AssetLoader          - Loading from file system: /assets/ui/fonts/lucida_console.ttf
22:56:17.009 [JavaFX Application Thread] DEBUG AssetLoader          - Loading from file system: /assets/ui/fonts/Courier-Prime.ttf
22:56:17.013 [JavaFX Application Thread] DEBUG Engine               - Setting UI factory
22:56:17.102 [JavaFX Application Thread] DEBUG AssetLoader          - Loading from file system: /assets/textures/fxgl_logo.png
22:56:17.162 [JavaFX Application Thread] DEBUG MainWindow           - Creating a JavaFX scene
22:56:17.208 [JavaFX Application Thread] DEBUG MainWindow           - Target settings size: 1050.0 x 700.0
22:56:17.209 [JavaFX Application Thread] DEBUG MainWindow           - Scaled scene size:    1050.0 x 700.0
22:56:17.209 [JavaFX Application Thread] DEBUG MainWindow           - Scaled ratio: (1.0, 1.0)
22:56:17.212 [JavaFX Application Thread] DEBUG MainWindow           - Set initial scene to FXGLStartupScene
22:56:17.220 [JavaFX Application Thread] DEBUG AssetLoader          - Loading from file system: /assets/textures/fxgl_icon.png
22:56:17.231 [JavaFX Application Thread] DEBUG Engine               - Applying CSS: fxgl_dark.css
22:56:17.232 [JavaFX Application Thread] DEBUG AssetLoader          - Loading from file system: /assets/ui/css/fxgl_dark.css
22:56:17.235 [JavaFX Application Thread] DEBUG AssetLoader          - Loading from file system: /assets/ui/cursors/fxgl_default.png
22:56:17.236 [JavaFX Application Thread] DEBUG MainWindow           - Opening main window
22:56:17.391 [JavaFX Application Thread] DEBUG MainWindow           - Window border size: (16.0, 39.0)
22:56:17.391 [JavaFX Application Thread] DEBUG MainWindow           - Scaled size: 1050.0 x 700.0
22:56:17.391 [JavaFX Application Thread] DEBUG MainWindow           - Scaled ratio: (1.0, 1.0)
22:56:17.392 [JavaFX Application Thread] DEBUG MainWindow           - Scene size: 1050.0 x 700.0
22:56:17.392 [JavaFX Application Thread] DEBUG MainWindow           - Stage size: 1066.0 x 739.0
22:56:17.414 [FXGL Background Thread 1 ] DEBUG FS                   - Loaded FSServiceImpl
22:56:17.415 [FXGL Background Thread 1 ] DEBUG Engine               - Loading FXGL system data
22:56:17.418 [FXGL Background Thread 1 ] DEBUG FSServiceImpl        - Reading from: G:\Desk\Projects\FXGLPlatformer\system\fxgl.bundle
22:56:17.426 [FXGL Background Thread 1 ] DEBUG Engine               - Bundle FXGL: {}
22:56:17.426 [FXGL Background Thread 1 ] DEBUG Engine               - Initializing application scenes
22:56:17.486 [FXGL Background Thread 1 ] DEBUG GameWorld            - Game world initialized
22:56:17.522 [FXGL Background Thread 1 ] DEBUG PhysicsWorld         - Physics world initialized: appHeight=700, physics.ppm=50.0
22:56:17.524 [FXGL Background Thread 1 ] DEBUG GameScene            - Game scene initialized: 1050x700
22:56:17.559 [FXGL Background Thread 1 ] DEBUG Input                - Registered new binding: Resume - Esc
22:56:17.560 [FXGL Background Thread 1 ] DEBUG AssetLoader          - Loading from file system: /assets/textures/pause_menu_bg.png
22:56:17.581 [FXGL Background Thread 1 ] DEBUG Input                - Registered new binding: Pause - Esc
22:56:17.582 [FXGL Background Thread 1 ] DEBUG Engine               - Application scenes initialized
22:56:17.584 [JavaFX Application Thread] DEBUG Engine               - Running preInit()
22:56:17.584 [JavaFX Application Thread] DEBUG Input                - Registered new binding: Right - D
22:56:17.584 [JavaFX Application Thread] DEBUG Input                - Registered new binding: Left - A
22:56:17.585 [JavaFX Application Thread] DEBUG Input                - Registered new binding: Play Sound - F
22:56:17.585 [JavaFX Application Thread] DEBUG Input                - Registered new binding: Screenshot - P
22:56:17.586 [JavaFX Application Thread] DEBUG Input                - Registered new binding: System info dump - CTRL+9
22:56:17.586 [JavaFX Application Thread] DEBUG Input                - Registered new binding: Restart - CTRL+R
22:56:17.586 [JavaFX Application Thread] DEBUG Engine               - generateDefaultProfile()
22:56:17.586 [JavaFX Application Thread] DEBUG Engine               - Creating default profile
22:56:17.586 [JavaFX Application Thread] DEBUG EventBus             - Firing event: SaveEvent
22:56:17.597 [JavaFX Application Thread] INFO  Engine               - FXGL initialization took: 0.759 sec
22:56:17.597 [JavaFX Application Thread] DEBUG LoopRunner           - Starting loop
22:56:17.619 [JavaFX Application Thread] DEBUG FXGLStartupScene     - STARTUP
22:56:17.619 [JavaFX Application Thread] DEBUG Engine               - Starting new game
22:56:17.626 [JavaFX Application Thread] DEBUG Input                - Clearing active input actions
22:56:17.627 [FXGL Background Thread 1 ] DEBUG InitAppTask          - Clearing previous game
22:56:17.627 [FXGL Background Thread 1 ] DEBUG GameWorld            - Clearing game world
22:56:17.627 [FXGL Background Thread 1 ] DEBUG PhysicsWorld         - Clearing physics world
22:56:17.627 [FXGL Background Thread 1 ] DEBUG GameScene            - Clearing game scene
22:56:17.631 [FXGL Background Thread 1 ] DEBUG InitAppTask          - Initializing Game
22:56:17.636 [JavaFX Application Thread] DEBUG Engine               - Removing overlay from FXGLStartupScene and adding to LoadingScene
22:56:17.636 [JavaFX Application Thread] DEBUG MainWindow           - FXGLStartupScene -> LoadingScene
22:56:17.668 [FXGL Background Thread 1 ] DEBUG AssetLoader          - Loading from file system: /assets/levels/TestLevel.tmx
22:56:17.702 [FXGL Background Thread 1 ] WARN  TMXLevelLoader       - TiledMap generated from 1.3.4. Supported version: 1.2.3. Some features may not be parsed fully.
22:56:17.717 [FXGL Background Thread 1 ] DEBUG TMXLevelLoader       - Parsed raw map: TiledMap(width=15, height=10, tilewidth=64, tileheight=64, orientation=orthogonal, layers=[Layer(width=15, height=10, name=Kachelebene 1, type=tilelayer, visible=false, x=0, y=0, data=[4, 25, 25, 25, 25, 25, 25, 25, 25, 25, 25, 25, 25, 25, 5, 27, 0, 0, 0, 0, 0, 0, 0, 0, 0, 0, 0, 0, 0, 26, 27, 0, 0, 0, 0, 0, 0, 0, 0, 0, 0, 0, 0, 0, 26, 27, 0, 0, 0, 0, 0, 0, 0, 0, 0, 0, 0, 0, 0, 26, 27, 0, 0, 0, 0, 0, 0, 0, 0, 0, 0, 0, 0, 0, 26, 27, 0, 0, 0, 0, 0, 0, 0, 0, 0, 37, 38, 38, 39, 26, 27, 0, 0, 0, 0, 0, 0, 37, 38, 39, 0, 0, 0, 0, 26, 27, 0, 0, 37, 38, 39, 0, 0, 0, 0, 0, 0, 0, 0, 26, 27, 0, 0, 0, 0, 0, 0, 0, 0, 0, 0, 0, 0, 0, 26, 16, 1, 1, 1, 1, 1, 1, 1, 1, 1, 1, 1, 1, 1, 17], objects=[], opacity=0.0, draworder=), Layer(width=0, height=0, name=Objektebene 1, type=objectgroup, visible=false, x=0, y=0, data=[], objects=[com.almasb.fxgl.entity.level.tiled.TiledObject@3953470a, com.almasb.fxgl.entity.level.tiled.TiledObject@2e5094e7, com.almasb.fxgl.entity.level.tiled.TiledObject@1fdaccdb, com.almasb.fxgl.entity.level.tiled.TiledObject@24bfcbcc, com.almasb.fxgl.entity.level.tiled.TiledObject@7f7b346, com.almasb.fxgl.entity.level.tiled.TiledObject@2d2ae8f3, com.almasb.fxgl.entity.level.tiled.TiledObject@64df4599, com.almasb.fxgl.entity.level.tiled.TiledObject@3ee40365, com.almasb.fxgl.entity.level.tiled.TiledObject@433fa7c, com.almasb.fxgl.entity.level.tiled.TiledObject@7e24e779, com.almasb.fxgl.entity.level.tiled.TiledObject@604996a9, com.almasb.fxgl.entity.level.tiled.TiledObject@7e285eee], opacity=0.0, draworder=)], tilesets=[Tileset(firstgid=1, image=C:/Users/Jordan/Desktop/forest.png, name=Forrest, tilewidth=64, tileheight=64, imagewidth=768, imageheight=256, margin=0, spacing=0, columns=12, tilecount=48, transparentcolor=)], backgroundcolor=, renderorder=right-down, nextobjectid=31, version=1, tiledversion=1.3.4, type=map, infinite=false, properties={}, propertytypes={})
22:56:17.718 [FXGL Background Thread 1 ] DEBUG TMXLevelLoader       - Creating tile layer entities
22:56:17.718 [FXGL Background Thread 1 ] DEBUG TilesetLoader        - Loading view for layer Kachelebene 1
22:56:17.721 [FXGL Background Thread 1 ] DEBUG TilesetLoader        - Created buffer with size 960.0x640.0
22:56:17.725 [FXGL Background Thread 1 ] DEBUG TilesetLoader        - Writing to buffer: dst=0,0, w=64,h=64, src=192,0
22:56:17.727 [FXGL Background Thread 1 ] DEBUG TilesetLoader        - Writing to buffer: dst=64,0, w=64,h=64, src=0,128
22:56:17.727 [FXGL Background Thread 1 ] DEBUG TilesetLoader        - Writing to buffer: dst=128,0, w=64,h=64, src=0,128
22:56:17.727 [FXGL Background Thread 1 ] DEBUG TilesetLoader        - Writing to buffer: dst=192,0, w=64,h=64, src=0,128
22:56:17.727 [FXGL Background Thread 1 ] DEBUG TilesetLoader        - Writing to buffer: dst=256,0, w=64,h=64, src=0,128
22:56:17.727 [FXGL Background Thread 1 ] DEBUG TilesetLoader        - Writing to buffer: dst=320,0, w=64,h=64, src=0,128
22:56:17.727 [FXGL Background Thread 1 ] DEBUG TilesetLoader        - Writing to buffer: dst=384,0, w=64,h=64, src=0,128
22:56:17.727 [FXGL Background Thread 1 ] DEBUG TilesetLoader        - Writing to buffer: dst=448,0, w=64,h=64, src=0,128
22:56:17.728 [FXGL Background Thread 1 ] DEBUG TilesetLoader        - Writing to buffer: dst=512,0, w=64,h=64, src=0,128
22:56:17.728 [FXGL Background Thread 1 ] DEBUG TilesetLoader        - Writing to buffer: dst=576,0, w=64,h=64, src=0,128
22:56:17.728 [FXGL Background Thread 1 ] DEBUG TilesetLoader        - Writing to buffer: dst=640,0, w=64,h=64, src=0,128
22:56:17.728 [FXGL Background Thread 1 ] DEBUG TilesetLoader        - Writing to buffer: dst=704,0, w=64,h=64, src=0,128
22:56:17.728 [FXGL Background Thread 1 ] DEBUG TilesetLoader        - Writing to buffer: dst=768,0, w=64,h=64, src=0,128
22:56:17.728 [FXGL Background Thread 1 ] DEBUG TilesetLoader        - Writing to buffer: dst=832,0, w=64,h=64, src=0,128
22:56:17.728 [FXGL Background Thread 1 ] DEBUG TilesetLoader        - Writing to buffer: dst=896,0, w=64,h=64, src=256,0
22:56:17.728 [FXGL Background Thread 1 ] DEBUG TilesetLoader        - Writing to buffer: dst=0,64, w=64,h=64, src=128,128
22:56:17.728 [FXGL Background Thread 1 ] DEBUG TilesetLoader        - Writing to buffer: dst=896,64, w=64,h=64, src=64,128
22:56:17.728 [FXGL Background Thread 1 ] DEBUG TilesetLoader        - Writing to buffer: dst=0,128, w=64,h=64, src=128,128
22:56:17.729 [FXGL Background Thread 1 ] DEBUG TilesetLoader        - Writing to buffer: dst=896,128, w=64,h=64, src=64,128
22:56:17.729 [FXGL Background Thread 1 ] DEBUG TilesetLoader        - Writing to buffer: dst=0,192, w=64,h=64, src=128,128
22:56:17.729 [FXGL Background Thread 1 ] DEBUG TilesetLoader        - Writing to buffer: dst=896,192, w=64,h=64, src=64,128
22:56:17.729 [FXGL Background Thread 1 ] DEBUG TilesetLoader        - Writing to buffer: dst=0,256, w=64,h=64, src=128,128
22:56:17.729 [FXGL Background Thread 1 ] DEBUG TilesetLoader        - Writing to buffer: dst=896,256, w=64,h=64, src=64,128
22:56:17.729 [FXGL Background Thread 1 ] DEBUG TilesetLoader        - Writing to buffer: dst=0,320, w=64,h=64, src=128,128
22:56:17.729 [FXGL Background Thread 1 ] DEBUG TilesetLoader        - Writing to buffer: dst=640,320, w=64,h=64, src=0,192
22:56:17.729 [FXGL Background Thread 1 ] DEBUG TilesetLoader        - Writing to buffer: dst=704,320, w=64,h=64, src=64,192
22:56:17.729 [FXGL Background Thread 1 ] DEBUG TilesetLoader        - Writing to buffer: dst=768,320, w=64,h=64, src=64,192
22:56:17.729 [FXGL Background Thread 1 ] DEBUG TilesetLoader        - Writing to buffer: dst=832,320, w=64,h=64, src=128,192
22:56:17.729 [FXGL Background Thread 1 ] DEBUG TilesetLoader        - Writing to buffer: dst=896,320, w=64,h=64, src=64,128
22:56:17.729 [FXGL Background Thread 1 ] DEBUG TilesetLoader        - Writing to buffer: dst=0,384, w=64,h=64, src=128,128
22:56:17.729 [FXGL Background Thread 1 ] DEBUG TilesetLoader        - Writing to buffer: dst=448,384, w=64,h=64, src=0,192
22:56:17.729 [FXGL Background Thread 1 ] DEBUG TilesetLoader        - Writing to buffer: dst=512,384, w=64,h=64, src=64,192
22:56:17.729 [FXGL Background Thread 1 ] DEBUG TilesetLoader        - Writing to buffer: dst=576,384, w=64,h=64, src=128,192
22:56:17.729 [FXGL Background Thread 1 ] DEBUG TilesetLoader        - Writing to buffer: dst=896,384, w=64,h=64, src=64,128
22:56:17.729 [FXGL Background Thread 1 ] DEBUG TilesetLoader        - Writing to buffer: dst=0,448, w=64,h=64, src=128,128
22:56:17.730 [FXGL Background Thread 1 ] DEBUG TilesetLoader        - Writing to buffer: dst=192,448, w=64,h=64, src=0,192
22:56:17.730 [FXGL Background Thread 1 ] DEBUG TilesetLoader        - Writing to buffer: dst=256,448, w=64,h=64, src=64,192
22:56:17.730 [FXGL Background Thread 1 ] DEBUG TilesetLoader        - Writing to buffer: dst=320,448, w=64,h=64, src=128,192
22:56:17.730 [FXGL Background Thread 1 ] DEBUG TilesetLoader        - Writing to buffer: dst=896,448, w=64,h=64, src=64,128
22:56:17.730 [FXGL Background Thread 1 ] DEBUG TilesetLoader        - Writing to buffer: dst=0,512, w=64,h=64, src=128,128
22:56:17.730 [FXGL Background Thread 1 ] DEBUG TilesetLoader        - Writing to buffer: dst=896,512, w=64,h=64, src=64,128
22:56:17.730 [FXGL Background Thread 1 ] DEBUG TilesetLoader        - Writing to buffer: dst=0,576, w=64,h=64, src=192,64
22:56:17.730 [FXGL Background Thread 1 ] DEBUG TilesetLoader        - Writing to buffer: dst=64,576, w=64,h=64, src=0,0
22:56:17.730 [FXGL Background Thread 1 ] DEBUG TilesetLoader        - Writing to buffer: dst=128,576, w=64,h=64, src=0,0
22:56:17.730 [FXGL Background Thread 1 ] DEBUG TilesetLoader        - Writing to buffer: dst=192,576, w=64,h=64, src=0,0
22:56:17.730 [FXGL Background Thread 1 ] DEBUG TilesetLoader        - Writing to buffer: dst=256,576, w=64,h=64, src=0,0
22:56:17.730 [FXGL Background Thread 1 ] DEBUG TilesetLoader        - Writing to buffer: dst=320,576, w=64,h=64, src=0,0
22:56:17.730 [FXGL Background Thread 1 ] DEBUG TilesetLoader        - Writing to buffer: dst=384,576, w=64,h=64, src=0,0
22:56:17.730 [FXGL Background Thread 1 ] DEBUG TilesetLoader        - Writing to buffer: dst=448,576, w=64,h=64, src=0,0
22:56:17.730 [FXGL Background Thread 1 ] DEBUG TilesetLoader        - Writing to buffer: dst=512,576, w=64,h=64, src=0,0
22:56:17.730 [FXGL Background Thread 1 ] DEBUG TilesetLoader        - Writing to buffer: dst=576,576, w=64,h=64, src=0,0
22:56:17.730 [FXGL Background Thread 1 ] DEBUG TilesetLoader        - Writing to buffer: dst=640,576, w=64,h=64, src=0,0
22:56:17.731 [FXGL Background Thread 1 ] DEBUG TilesetLoader        - Writing to buffer: dst=704,576, w=64,h=64, src=0,0
22:56:17.731 [FXGL Background Thread 1 ] DEBUG TilesetLoader        - Writing to buffer: dst=768,576, w=64,h=64, src=0,0
22:56:17.731 [FXGL Background Thread 1 ] DEBUG TilesetLoader        - Writing to buffer: dst=832,576, w=64,h=64, src=0,0
22:56:17.731 [FXGL Background Thread 1 ] DEBUG TilesetLoader        - Writing to buffer: dst=896,576, w=64,h=64, src=256,64
22:56:17.733 [FXGL Background Thread 1 ] DEBUG TMXLevelLoader       - Creating object layer entities
22:56:17.772 [FXGL Background Thread 1 ] DEBUG GameWorld            - Clearing removable entities
22:56:17.773 [FXGL Background Thread 1 ] DEBUG GameWorld            - Setting level: com.almasb.fxgl.entity.level.Level@160a06a
22:56:17.795 [FXGL Background Thread 1 ] DEBUG AssetLoader          - Loading from file system: /assets/textures/Tests/PlayerDemoIcon.png
22:56:17.796 [FXGL Background Thread 1 ] DEBUG InitAppTask          - Initializing Physics
22:56:17.797 [FXGL Background Thread 1 ] DEBUG InitAppTask          - Initializing UI
22:56:17.799 [FXGL Background Thread 1 ] DEBUG InitAppTask          - Initialization Complete
22:56:17.799 [FXGL Background Thread 1 ] INFO  InitAppTask          - Game initialization took: 0.172 sec
22:56:17.805 [JavaFX Application Thread] DEBUG Input                - Clearing active input actions
22:56:17.822 [JavaFX Application Thread] DEBUG Engine               - Removing overlay from LoadingScene and adding to GameScene
22:56:17.822 [JavaFX Application Thread] DEBUG MainWindow           - LoadingScene -> GameScene
22:56:19.998 [JavaFX Application Thread] FATAL Engine               - Uncaught Exception:

Fatal exception occurred: java.lang.NullPointerException : null
E: Game.Application$2.onAction(Application.java:78)
E: com.almasb.fxgl.input.UserAction.action$fxgl_input(UserAction.kt:38)
E: com.almasb.fxgl.input.Input.update(Input.kt:164)
E: com.almasb.fxgl.scene.Scene.update(Scene.kt:78)
E: com.almasb.fxgl.app.MainWindow$onUpdate$1.invoke(MainWindow.kt:203)
E: com.almasb.fxgl.app.MainWindow$onUpdate$1.invoke(MainWindow.kt:35)
E: com.almasb.fxgl.core.fsm.StateMachine.runOnActiveStates(StateMachine.kt:60)
E: com.almasb.fxgl.app.MainWindow.onUpdate(MainWindow.kt:203)
E: com.almasb.fxgl.app.Engine.loop(Engine.kt:489)
E: com.almasb.fxgl.app.Engine.access$loop(Engine.kt:53)
E: com.almasb.fxgl.app.Engine$loop$1.invoke(Engine.kt:81)
E: com.almasb.fxgl.app.Engine$loop$1.invoke(Engine.kt:53)
E: com.almasb.fxgl.app.LoopRunner.frame(LoopRunner.kt:86)
E: com.almasb.fxgl.app.LoopRunner.access$frame(LoopRunner.kt:17)
E: com.almasb.fxgl.app.LoopRunner$impl$2$1.handle(LoopRunner.kt:37)
E: javafx.animation.AnimationTimer$AnimationTimerReceiver.lambda$handle$0(AnimationTimer.java:57)
E: java.base/java.security.AccessController.doPrivileged(Native Method)
E: javafx.animation.AnimationTimer$AnimationTimerReceiver.handle(AnimationTimer.java:56)
E: com.sun.scenario.animation.AbstractMasterTimer.timePulseImpl(AbstractMasterTimer.java:357)
E: com.sun.scenario.animation.AbstractMasterTimer$MainLoop.run(AbstractMasterTimer.java:267)
E: com.sun.javafx.tk.quantum.QuantumToolkit.pulse(QuantumToolkit.java:558)
E: com.sun.javafx.tk.quantum.QuantumToolkit.pulse(QuantumToolkit.java:542)
E: com.sun.javafx.tk.quantum.QuantumToolkit.pulseFromQueue(QuantumToolkit.java:535)
E: com.sun.javafx.tk.quantum.QuantumToolkit.lambda$runToolkit$11(QuantumToolkit.java:341)
E: com.sun.glass.ui.InvokeLaterDispatcher$Future.run(InvokeLaterDispatcher.java:96)
E: com.sun.glass.ui.win.WinApplication._runLoop(Native Method)
E: com.sun.glass.ui.win.WinApplication.lambda$runLoop$3(WinApplication.java:174)
E: java.base/java.lang.Thread.run(Thread.java:834)

22:56:19.999 [JavaFX Application Thread] FATAL Engine               - Application will now exit
22:56:19.999 [JavaFX Application Thread] DEBUG LoopRunner           - Stopping loop
22:56:25.984 [JavaFX Application Thread] DEBUG Engine               - Exiting FXGL
22:56:25.984 [JavaFX Application Thread] DEBUG Engine               - Shutting down background threads
22:56:25.985 [JavaFX Application Thread] DEBUG Engine               - Saving FXGL system data
22:56:25.987 [JavaFX Application Thread] DEBUG FSServiceImpl        - Writing to: G:\Desk\Projects\FXGLPlatformer\system\fxgl.bundle
22:56:25.988 [JavaFX Application Thread] DEBUG Engine               - Closing logger and exiting JavaFX
