09:11:30.371 [main                     ] DEBUG GameApplication      - Logger initialized
09:11:30.388 [main                     ] DEBUG GameApplication      - Logging settings
Title: Jump-Demo
Version: 0.1
Width: 600
Height: 600
Fullscreen: false
Intro: false
Menus: true
Profiling: false
Single step:false
App Mode: DEVELOPER
Menu Key: ESCAPE
Stage Style: DECORATED
Scene Factory: class com.almasb.fxgl.app.SceneFactory
Dialog Factory: class com.almasb.fxgl.ui.FXGLDialogFactory
UI Factory: class com.almasb.fxgl.ui.FXGLUIFactory

09:11:30.882 [JavaFX Application Thread] DEBUG Engine               - Initializing FXGL
09:11:30.882 [JavaFX Application Thread] INFO  Engine               - FXGL-11.7 (05.01.2020 09.37) on WINDOWS (J:11.0.5 FX:12.0.1)
09:11:30.883 [JavaFX Application Thread] INFO  Engine               - Source code and latest versions at: https://github.com/AlmasB/FXGL
09:11:30.883 [JavaFX Application Thread] INFO  Engine               -              Join the FXGL chat at: https://gitter.im/AlmasB/FXGL
09:11:30.883 [JavaFX Application Thread] DEBUG Engine               - Initializing environment variables
09:11:30.885 [JavaFX Application Thread] DEBUG Engine               - Logging environment variables
09:11:30.885 [JavaFX Application Thread] DEBUG Engine               - achievements: []
09:11:30.886 [JavaFX Application Thread] DEBUG Engine               - sceneStack: com.almasb.fxgl.app.Engine@1ee417a8
09:11:30.886 [JavaFX Application Thread] DEBUG Engine               - language: ObjectProperty [value: ENGLISH]
09:11:30.886 [JavaFX Application Thread] DEBUG Engine               - isCloseConfirmation: false
09:11:30.886 [JavaFX Application Thread] DEBUG Engine               - isProfilingEnabled: false
09:11:30.886 [JavaFX Application Thread] DEBUG Engine               - soundNotification: core/notification.wav
09:11:30.886 [JavaFX Application Thread] DEBUG Engine               - devShowBBoxProperty: BooleanProperty [value: false]
09:11:30.887 [JavaFX Application Thread] DEBUG Engine               - pixelsPerMeter: 50.0
09:11:30.887 [JavaFX Application Thread] DEBUG Engine               - overlayRoot: Group@18fb69d5
09:11:30.887 [JavaFX Application Thread] DEBUG Engine               - soundMenuBack: menu/back.wav
09:11:30.887 [JavaFX Application Thread] DEBUG Engine               - appIcon: fxgl_icon.png
09:11:30.888 [JavaFX Application Thread] DEBUG Engine               - isFullScreenAllowed: false
09:11:30.888 [JavaFX Application Thread] DEBUG Engine               - isIntroEnabled: false
09:11:30.888 [JavaFX Application Thread] DEBUG Engine               - eventBus: com.almasb.fxgl.event.EventBus@10bf940f
09:11:30.888 [JavaFX Application Thread] DEBUG Engine               - fontMono: lucida_console.ttf
09:11:30.888 [JavaFX Application Thread] DEBUG Engine               - soundMenuSelect: menu/select.wav
09:11:30.888 [JavaFX Application Thread] DEBUG Engine               - isWindows: true
09:11:30.888 [JavaFX Application Thread] DEBUG Engine               - isMobile: false
09:11:30.888 [JavaFX Application Thread] DEBUG Engine               - height: 600
09:11:30.888 [JavaFX Application Thread] DEBUG Engine               - isExperimentalNative: false
09:11:30.889 [JavaFX Application Thread] DEBUG Engine               - cSSList: [fxgl_dark.css]
09:11:30.889 [JavaFX Application Thread] DEBUG Engine               - isSingleStep: false
09:11:30.889 [JavaFX Application Thread] DEBUG Engine               - fontGame: Abel-Regular.ttf
09:11:30.889 [JavaFX Application Thread] DEBUG Engine               - menuKey: ESCAPE
09:11:30.889 [JavaFX Application Thread] DEBUG Engine               - devShowPositionProperty: BooleanProperty [value: false]
09:11:30.889 [JavaFX Application Thread] DEBUG Engine               - versionCheckDays: 7
09:11:30.889 [JavaFX Application Thread] DEBUG Engine               - masterTimer: com.almasb.fxgl.time.Timer@2ed898e7
09:11:30.889 [JavaFX Application Thread] DEBUG Engine               - configClass: Optional.empty
09:11:30.889 [JavaFX Application Thread] DEBUG Engine               - isFullScreenFromStart: false
09:11:30.889 [JavaFX Application Thread] DEBUG Engine               - version: 0.1
09:11:30.889 [JavaFX Application Thread] DEBUG Engine               - fullScreen: BooleanProperty [value: false]
09:11:30.890 [JavaFX Application Thread] DEBUG Engine               - randomSeed: -1
09:11:30.890 [JavaFX Application Thread] DEBUG Engine               - dialogFactory: com.almasb.fxgl.ui.FXGLDialogFactory@15f7cbf4
09:11:30.890 [JavaFX Application Thread] DEBUG Engine               - applicationMode: DEVELOPER
09:11:30.890 [JavaFX Application Thread] DEBUG Engine               - isMac: false
09:11:30.890 [JavaFX Application Thread] DEBUG Engine               - urlGoogleForms: https://goo.gl/forms/6wrMnOBxTE1fEpOy2
09:11:30.890 [JavaFX Application Thread] DEBUG Engine               - isMenuEnabled: true
09:11:30.890 [JavaFX Application Thread] DEBUG Engine               - urlPOM: https://raw.githubusercontent.com/AlmasB/FXGL/master/pom.xml
09:11:30.890 [JavaFX Application Thread] DEBUG Engine               - profileName: user.profile
09:11:30.890 [JavaFX Application Thread] DEBUG Engine               - notificationViewClass: class com.almasb.fxgl.notification.view.XboxNotificationView
09:11:30.891 [JavaFX Application Thread] DEBUG Engine               - devSensorColorProperty: ObjectProperty [value: 0xffff00ff]
09:11:30.891 [JavaFX Application Thread] DEBUG Engine               - sceneFactory: com.almasb.fxgl.app.SceneFactory@5601bd5e
09:11:30.891 [JavaFX Application Thread] DEBUG Engine               - dataFileExt: .dat
09:11:30.891 [JavaFX Application Thread] DEBUG Engine               - stageStyle: DECORATED
09:11:30.891 [JavaFX Application Thread] DEBUG Engine               - isManualResizeEnabled: false
09:11:30.891 [JavaFX Application Thread] DEBUG Engine               - title: Jump-Demo
09:11:30.891 [JavaFX Application Thread] DEBUG Engine               - platform: WINDOWS
09:11:30.892 [JavaFX Application Thread] DEBUG Engine               - devBBoxColorProperty: ObjectProperty [value: 0xff0000ff]
09:11:30.892 [JavaFX Application Thread] DEBUG Engine               - isDesktop: true
09:11:30.892 [JavaFX Application Thread] DEBUG Engine               - globalMusicVolumeProperty: DoubleProperty [value: 0.5]
09:11:30.892 [JavaFX Application Thread] DEBUG Engine               - credits: []
09:11:30.892 [JavaFX Application Thread] DEBUG Engine               - uIFactory: com.almasb.fxgl.ui.FXGLUIFactory@3af2447d
09:11:30.892 [JavaFX Application Thread] DEBUG Engine               - isPreserveResizeRatio: false
09:11:30.892 [JavaFX Application Thread] DEBUG Engine               - fontText: Courier-Prime.ttf
09:11:30.892 [JavaFX Application Thread] DEBUG Engine               - isExperimentalTiledLargeMap: false
09:11:30.892 [JavaFX Application Thread] DEBUG Engine               - secondsIn24h: 60
09:11:30.892 [JavaFX Application Thread] DEBUG Engine               - runtimeInfo: RuntimeInfo(platform=WINDOWS, version=11.7, build=05.01.2020 09.37)
09:11:30.892 [JavaFX Application Thread] DEBUG Engine               - isLinux: false
09:11:30.892 [JavaFX Application Thread] DEBUG Engine               - soundMenuPress: menu/press.wav
09:11:30.892 [JavaFX Application Thread] DEBUG Engine               - urlGithub: https://github.com/AlmasB/FXGL
09:11:30.893 [JavaFX Application Thread] DEBUG Engine               - profileDir: profiles/
09:11:30.893 [JavaFX Application Thread] DEBUG Engine               - isDeveloperMenuEnabled: false
09:11:30.893 [JavaFX Application Thread] DEBUG Engine               - globalSoundVolumeProperty: DoubleProperty [value: 0.5]
09:11:30.893 [JavaFX Application Thread] DEBUG Engine               - isBrowser: false
09:11:30.893 [JavaFX Application Thread] DEBUG Engine               - globalSoundVolume: 0.5
09:11:30.893 [JavaFX Application Thread] DEBUG Engine               - urlLeaderboard: http://fxgl-top.herokuapp.com/
09:11:30.893 [JavaFX Application Thread] DEBUG Engine               - saveDir: saves/
09:11:30.893 [JavaFX Application Thread] DEBUG Engine               - engineServices: [class com.almasb.fxgl.audio.AudioPlayer, class com.almasb.fxgl.notification.impl.NotificationServiceProvider, class com.almasb.fxgl.achievement.AchievementManager, class com.almasb.fxgl.cutscene.CutsceneService, class com.almasb.fxgl.minigames.MiniGameService]
09:11:30.893 [JavaFX Application Thread] DEBUG Engine               - globalMusicVolume: 0.5
09:11:30.893 [JavaFX Application Thread] DEBUG Engine               - width: 600
09:11:30.894 [JavaFX Application Thread] DEBUG Engine               - saveFileExt: .sav
09:11:30.894 [JavaFX Application Thread] DEBUG Engine               - isAndroid: false
09:11:30.894 [JavaFX Application Thread] DEBUG Engine               - fontUI: VarelaRound-Regular.ttf
09:11:30.894 [JavaFX Application Thread] DEBUG Engine               - enabledMenuItems: []
09:11:30.894 [JavaFX Application Thread] DEBUG Engine               - isIOS: false
09:11:30.896 [JavaFX Application Thread] DEBUG Engine               - Adding new engine service: class com.almasb.fxgl.audio.AudioPlayer
09:11:30.897 [JavaFX Application Thread] DEBUG Engine               - Adding new engine service: class com.almasb.fxgl.notification.impl.NotificationServiceProvider
09:11:30.897 [JavaFX Application Thread] DEBUG Engine               - Adding new engine service: class com.almasb.fxgl.achievement.AchievementManager
09:11:30.898 [JavaFX Application Thread] DEBUG Engine               - Adding new engine service: class com.almasb.fxgl.cutscene.CutsceneService
09:11:30.898 [JavaFX Application Thread] DEBUG Engine               - Adding new engine service: class com.almasb.fxgl.minigames.MiniGameService
09:11:30.901 [JavaFX Application Thread] DEBUG Engine               - Loading localizations
09:11:30.903 [JavaFX Application Thread] DEBUG AssetLoader          - Loading from file system: /assets/properties/languages/english.properties
09:11:30.905 [JavaFX Application Thread] DEBUG AssetLoader          - Loading from file system: /assets/properties/languages/french.properties
09:11:30.906 [JavaFX Application Thread] DEBUG AssetLoader          - Loading from file system: /assets/properties/languages/german.properties
09:11:30.907 [JavaFX Application Thread] DEBUG AssetLoader          - Loading from file system: /assets/properties/languages/russian.properties
09:11:30.908 [JavaFX Application Thread] DEBUG AssetLoader          - Loading from file system: /assets/properties/languages/hungarian.properties
09:11:30.910 [JavaFX Application Thread] DEBUG Engine               - Registering font factories
09:11:30.910 [JavaFX Application Thread] DEBUG AssetLoader          - Loading from file system: /assets/ui/fonts/VarelaRound-Regular.ttf
09:11:31.065 [JavaFX Application Thread] DEBUG AssetLoader          - Loading from file system: /assets/ui/fonts/Abel-Regular.ttf
09:11:31.068 [JavaFX Application Thread] DEBUG AssetLoader          - Loading from file system: /assets/ui/fonts/lucida_console.ttf
09:11:31.074 [JavaFX Application Thread] DEBUG AssetLoader          - Loading from file system: /assets/ui/fonts/Courier-Prime.ttf
09:11:31.077 [JavaFX Application Thread] DEBUG Engine               - Setting UI factory
09:11:31.185 [JavaFX Application Thread] DEBUG AssetLoader          - Loading from file system: /assets/textures/fxgl_logo.png
09:11:31.265 [JavaFX Application Thread] DEBUG MainWindow           - Creating a JavaFX scene
09:11:31.320 [JavaFX Application Thread] DEBUG MainWindow           - Target settings size: 600.0 x 600.0
09:11:31.320 [JavaFX Application Thread] DEBUG MainWindow           - Scaled scene size:    600.0 x 600.0
09:11:31.320 [JavaFX Application Thread] DEBUG MainWindow           - Scaled ratio: (1.0, 1.0)
09:11:31.321 [JavaFX Application Thread] DEBUG MainWindow           - Set initial scene to FXGLStartupScene
09:11:31.330 [JavaFX Application Thread] DEBUG AssetLoader          - Loading from file system: /assets/textures/fxgl_icon.png
09:11:31.343 [JavaFX Application Thread] DEBUG Engine               - Applying CSS: fxgl_dark.css
09:11:31.344 [JavaFX Application Thread] DEBUG AssetLoader          - Loading from file system: /assets/ui/css/fxgl_dark.css
09:11:31.347 [JavaFX Application Thread] DEBUG AssetLoader          - Loading from file system: /assets/ui/cursors/fxgl_default.png
09:11:31.349 [JavaFX Application Thread] DEBUG MainWindow           - Opening main window
09:11:31.521 [JavaFX Application Thread] DEBUG MainWindow           - Window border size: (16.0, 39.0)
09:11:31.521 [JavaFX Application Thread] DEBUG MainWindow           - Scaled size: 600.0 x 600.0
09:11:31.521 [JavaFX Application Thread] DEBUG MainWindow           - Scaled ratio: (1.0, 1.0)
09:11:31.521 [JavaFX Application Thread] DEBUG MainWindow           - Scene size: 600.0 x 600.0
09:11:31.521 [JavaFX Application Thread] DEBUG MainWindow           - Stage size: 616.0 x 639.0
09:11:31.560 [FXGL Background Thread 1 ] DEBUG FS                   - Loaded FSServiceImpl
09:11:31.561 [FXGL Background Thread 1 ] DEBUG Engine               - Loading FXGL system data
09:11:31.567 [FXGL Background Thread 1 ] DEBUG FSServiceImpl        - Reading from: G:\Desk\Projects\FXGLPlatformer\system\fxgl.bundle
09:11:31.587 [FXGL Background Thread 1 ] DEBUG Engine               - Bundle FXGL: {}
09:11:31.587 [FXGL Background Thread 1 ] DEBUG Engine               - Initializing application scenes
09:11:31.619 [FXGL Background Thread 1 ] DEBUG GameWorld            - Game world initialized
09:11:31.661 [FXGL Background Thread 1 ] DEBUG PhysicsWorld         - Physics world initialized: appHeight=600, physics.ppm=50.0
09:11:31.664 [FXGL Background Thread 1 ] DEBUG GameScene            - Game scene initialized: 600x600
09:11:31.724 [FXGL Background Thread 1 ] DEBUG AssetLoader          - Loading from file system: /assets/textures/particles/trace_horizontal.png
09:11:31.744 [FXGL Background Thread 1 ] DEBUG FXGL.DefaultMenu     - createMenuBodyMainMenu()
09:11:31.760 [FXGL Background Thread 1 ] DEBUG FXGL.DefaultMenu     - createOptionsMenu()
09:11:31.764 [FXGL Background Thread 1 ] DEBUG AssetLoader          - Loading from file system: /assets/textures/particles/smoke.png
09:11:31.814 [FXGL Background Thread 1 ] DEBUG AssetLoader          - Loading from cache: /assets/textures/particles/trace_horizontal.png@64.0x64.0
09:11:31.814 [FXGL Background Thread 1 ] DEBUG FXGL.DefaultMenu     - createMenuBodyGameMenu()
09:11:31.815 [FXGL Background Thread 1 ] DEBUG FXGL.DefaultMenu     - createOptionsMenu()
09:11:31.817 [FXGL Background Thread 1 ] DEBUG AssetLoader          - Loading from cache: /assets/textures/particles/smoke.png@128.0x128.0
09:11:31.833 [FXGL Background Thread 1 ] DEBUG Engine               - Application scenes initialized
09:11:31.836 [JavaFX Application Thread] DEBUG Engine               - Running preInit()
09:11:31.843 [JavaFX Application Thread] DEBUG Input                - Registered new binding: Move Right - D
09:11:31.843 [JavaFX Application Thread] DEBUG Input                - Registered new binding: Move Left - A
09:11:31.843 [JavaFX Application Thread] DEBUG Input                - Registered new binding: Move Up - W
09:11:31.844 [JavaFX Application Thread] DEBUG Input                - Registered new binding: Move Down - S
09:11:31.844 [JavaFX Application Thread] DEBUG Input                - Registered new binding: Screenshot - P
09:11:31.844 [JavaFX Application Thread] DEBUG Input                - Registered new binding: System info dump - CTRL+9
09:11:31.845 [JavaFX Application Thread] DEBUG Input                - Registered new binding: Restart - CTRL+R
09:11:31.845 [JavaFX Application Thread] DEBUG Engine               - generateDefaultProfile()
09:11:31.845 [JavaFX Application Thread] DEBUG Engine               - Creating default profile
09:11:31.845 [JavaFX Application Thread] DEBUG EventBus             - Firing event: SaveEvent
09:11:31.855 [JavaFX Application Thread] INFO  Engine               - FXGL initialization took: 0.955 sec
09:11:31.855 [JavaFX Application Thread] DEBUG LoopRunner           - Starting loop
09:11:31.872 [JavaFX Application Thread] DEBUG FXGLStartupScene     - STARTUP
09:11:31.876 [JavaFX Application Thread] DEBUG Input                - Clearing active input actions
09:11:31.894 [JavaFX Application Thread] DEBUG Engine               - Removing overlay from FXGLStartupScene and adding to FXGLDefaultMenu
09:11:31.895 [JavaFX Application Thread] DEBUG MainWindow           - FXGLStartupScene -> FXGLDefaultMenu
09:11:33.600 [JavaFX Application Thread] DEBUG Menu                 - fireNewGame()
09:11:33.600 [JavaFX Application Thread] DEBUG Engine               - Starting new game
09:11:33.606 [JavaFX Application Thread] DEBUG Input                - Clearing active input actions
09:11:33.606 [FXGL Background Thread 1 ] DEBUG InitAppTask          - Clearing previous game
09:11:33.606 [FXGL Background Thread 1 ] DEBUG GameWorld            - Clearing game world
09:11:33.606 [FXGL Background Thread 1 ] DEBUG PhysicsWorld         - Clearing physics world
09:11:33.606 [FXGL Background Thread 1 ] DEBUG GameScene            - Clearing game scene
09:11:33.606 [FXGL Background Thread 1 ] DEBUG InitAppTask          - Initializing Game
09:11:33.614 [FXGL Background Thread 1 ] DEBUG InitAppTask          - Initializing Physics
09:11:33.614 [FXGL Background Thread 1 ] DEBUG InitAppTask          - Initializing UI
09:11:33.614 [FXGL Background Thread 1 ] DEBUG InitAppTask          - Initialization Complete
09:11:33.614 [FXGL Background Thread 1 ] INFO  InitAppTask          - Game initialization took: 0.008 sec
09:11:33.621 [JavaFX Application Thread] DEBUG Engine               - Removing overlay from FXGLDefaultMenu and adding to LoadingScene
09:11:33.622 [JavaFX Application Thread] DEBUG MainWindow           - FXGLDefaultMenu -> LoadingScene
09:11:33.658 [JavaFX Application Thread] DEBUG Input                - Clearing active input actions
09:11:33.663 [JavaFX Application Thread] DEBUG Engine               - Removing overlay from LoadingScene and adding to GameScene
09:11:33.664 [JavaFX Application Thread] DEBUG MainWindow           - LoadingScene -> GameScene
09:11:45.819 [JavaFX Application Thread] DEBUG Engine               - Exiting FXGL
09:11:45.819 [JavaFX Application Thread] DEBUG Engine               - Shutting down background threads
09:11:45.819 [JavaFX Application Thread] DEBUG Engine               - Saving FXGL system data
09:11:45.821 [JavaFX Application Thread] DEBUG FSServiceImpl        - Writing to: G:\Desk\Projects\FXGLPlatformer\system\fxgl.bundle
09:11:45.823 [JavaFX Application Thread] DEBUG Engine               - Closing logger and exiting JavaFX
