19:03:14.286 [main                     ] DEBUG GameApplication      - Logger initialized
19:03:14.306 [main                     ] DEBUG GameApplication      - Logging settings
Title: JumpToBeat-Demo
Version: 0.1
Width: 1050
Height: 700
Fullscreen: false
Intro: false
Menus: false
Profiling: false
Single step:false
App Mode: DEVELOPER
Menu Key: ESCAPE
Stage Style: DECORATED
Scene Factory: class com.almasb.fxgl.app.SceneFactory
Dialog Factory: class com.almasb.fxgl.ui.FXGLDialogFactory
UI Factory: class com.almasb.fxgl.ui.FXGLUIFactory

19:03:14.846 [JavaFX Application Thread] DEBUG Engine               - Initializing FXGL
19:03:14.846 [JavaFX Application Thread] INFO  Engine               - FXGL-11.7 (05.01.2020 09.37) on WINDOWS (J:11.0.5 FX:12.0.1)
19:03:14.846 [JavaFX Application Thread] INFO  Engine               - Source code and latest versions at: https://github.com/AlmasB/FXGL
19:03:14.847 [JavaFX Application Thread] INFO  Engine               -              Join the FXGL chat at: https://gitter.im/AlmasB/FXGL
19:03:14.847 [JavaFX Application Thread] DEBUG Engine               - Initializing environment variables
19:03:14.849 [JavaFX Application Thread] DEBUG Engine               - Logging environment variables
19:03:14.849 [JavaFX Application Thread] DEBUG Engine               - achievements: []
19:03:14.849 [JavaFX Application Thread] DEBUG Engine               - sceneStack: com.almasb.fxgl.app.Engine@3b3daf1d
19:03:14.850 [JavaFX Application Thread] DEBUG Engine               - language: ObjectProperty [value: ENGLISH]
19:03:14.850 [JavaFX Application Thread] DEBUG Engine               - isCloseConfirmation: false
19:03:14.850 [JavaFX Application Thread] DEBUG Engine               - isProfilingEnabled: false
19:03:14.850 [JavaFX Application Thread] DEBUG Engine               - soundNotification: core/notification.wav
19:03:14.850 [JavaFX Application Thread] DEBUG Engine               - devShowBBoxProperty: BooleanProperty [value: false]
19:03:14.852 [JavaFX Application Thread] DEBUG Engine               - pixelsPerMeter: 50.0
19:03:14.852 [JavaFX Application Thread] DEBUG Engine               - overlayRoot: Group@70e581ca
19:03:14.852 [JavaFX Application Thread] DEBUG Engine               - appIcon: fxgl_icon.png
19:03:14.852 [JavaFX Application Thread] DEBUG Engine               - soundMenuBack: menu/back.wav
19:03:14.852 [JavaFX Application Thread] DEBUG Engine               - isFullScreenAllowed: false
19:03:14.852 [JavaFX Application Thread] DEBUG Engine               - isIntroEnabled: false
19:03:14.853 [JavaFX Application Thread] DEBUG Engine               - eventBus: com.almasb.fxgl.event.EventBus@6ea43904
19:03:14.853 [JavaFX Application Thread] DEBUG Engine               - fontMono: lucida_console.ttf
19:03:14.853 [JavaFX Application Thread] DEBUG Engine               - soundMenuSelect: menu/select.wav
19:03:14.853 [JavaFX Application Thread] DEBUG Engine               - isWindows: true
19:03:14.853 [JavaFX Application Thread] DEBUG Engine               - isMobile: false
19:03:14.853 [JavaFX Application Thread] DEBUG Engine               - height: 700
19:03:14.853 [JavaFX Application Thread] DEBUG Engine               - isExperimentalNative: false
19:03:14.853 [JavaFX Application Thread] DEBUG Engine               - cSSList: [fxgl_dark.css]
19:03:14.853 [JavaFX Application Thread] DEBUG Engine               - isSingleStep: false
19:03:14.853 [JavaFX Application Thread] DEBUG Engine               - fontGame: Abel-Regular.ttf
19:03:14.853 [JavaFX Application Thread] DEBUG Engine               - menuKey: ESCAPE
19:03:14.854 [JavaFX Application Thread] DEBUG Engine               - devShowPositionProperty: BooleanProperty [value: false]
19:03:14.854 [JavaFX Application Thread] DEBUG Engine               - versionCheckDays: 7
19:03:14.854 [JavaFX Application Thread] DEBUG Engine               - masterTimer: com.almasb.fxgl.time.Timer@38b7368a
19:03:14.854 [JavaFX Application Thread] DEBUG Engine               - configClass: Optional.empty
19:03:14.854 [JavaFX Application Thread] DEBUG Engine               - isFullScreenFromStart: false
19:03:14.854 [JavaFX Application Thread] DEBUG Engine               - version: 0.1
19:03:14.854 [JavaFX Application Thread] DEBUG Engine               - fullScreen: BooleanProperty [value: false]
19:03:14.854 [JavaFX Application Thread] DEBUG Engine               - randomSeed: -1
19:03:14.854 [JavaFX Application Thread] DEBUG Engine               - dialogFactory: com.almasb.fxgl.ui.FXGLDialogFactory@6c54f55f
19:03:14.854 [JavaFX Application Thread] DEBUG Engine               - applicationMode: DEVELOPER
19:03:14.855 [JavaFX Application Thread] DEBUG Engine               - isMac: false
19:03:14.855 [JavaFX Application Thread] DEBUG Engine               - urlGoogleForms: https://goo.gl/forms/6wrMnOBxTE1fEpOy2
19:03:14.855 [JavaFX Application Thread] DEBUG Engine               - isMenuEnabled: false
19:03:14.855 [JavaFX Application Thread] DEBUG Engine               - urlPOM: https://raw.githubusercontent.com/AlmasB/FXGL/master/pom.xml
19:03:14.855 [JavaFX Application Thread] DEBUG Engine               - profileName: user.profile
19:03:14.855 [JavaFX Application Thread] DEBUG Engine               - notificationViewClass: class com.almasb.fxgl.notification.view.XboxNotificationView
19:03:14.855 [JavaFX Application Thread] DEBUG Engine               - devSensorColorProperty: ObjectProperty [value: 0xffff00ff]
19:03:14.855 [JavaFX Application Thread] DEBUG Engine               - sceneFactory: com.almasb.fxgl.app.SceneFactory@3063c2ce
19:03:14.855 [JavaFX Application Thread] DEBUG Engine               - dataFileExt: .dat
19:03:14.855 [JavaFX Application Thread] DEBUG Engine               - stageStyle: DECORATED
19:03:14.855 [JavaFX Application Thread] DEBUG Engine               - isManualResizeEnabled: false
19:03:14.855 [JavaFX Application Thread] DEBUG Engine               - title: JumpToBeat-Demo
19:03:14.856 [JavaFX Application Thread] DEBUG Engine               - platform: WINDOWS
19:03:14.856 [JavaFX Application Thread] DEBUG Engine               - devBBoxColorProperty: ObjectProperty [value: 0xff0000ff]
19:03:14.856 [JavaFX Application Thread] DEBUG Engine               - isDesktop: true
19:03:14.856 [JavaFX Application Thread] DEBUG Engine               - globalMusicVolumeProperty: DoubleProperty [value: 0.5]
19:03:14.856 [JavaFX Application Thread] DEBUG Engine               - credits: []
19:03:14.856 [JavaFX Application Thread] DEBUG Engine               - isPreserveResizeRatio: false
19:03:14.856 [JavaFX Application Thread] DEBUG Engine               - uIFactory: com.almasb.fxgl.ui.FXGLUIFactory@7f40a1df
19:03:14.856 [JavaFX Application Thread] DEBUG Engine               - fontText: Courier-Prime.ttf
19:03:14.856 [JavaFX Application Thread] DEBUG Engine               - isExperimentalTiledLargeMap: false
19:03:14.856 [JavaFX Application Thread] DEBUG Engine               - secondsIn24h: 60
19:03:14.856 [JavaFX Application Thread] DEBUG Engine               - runtimeInfo: RuntimeInfo(platform=WINDOWS, version=11.7, build=05.01.2020 09.37)
19:03:14.856 [JavaFX Application Thread] DEBUG Engine               - isLinux: false
19:03:14.857 [JavaFX Application Thread] DEBUG Engine               - soundMenuPress: menu/press.wav
19:03:14.857 [JavaFX Application Thread] DEBUG Engine               - urlGithub: https://github.com/AlmasB/FXGL
19:03:14.857 [JavaFX Application Thread] DEBUG Engine               - profileDir: profiles/
19:03:14.857 [JavaFX Application Thread] DEBUG Engine               - isDeveloperMenuEnabled: false
19:03:14.857 [JavaFX Application Thread] DEBUG Engine               - globalSoundVolumeProperty: DoubleProperty [value: 0.5]
19:03:14.857 [JavaFX Application Thread] DEBUG Engine               - isBrowser: false
19:03:14.857 [JavaFX Application Thread] DEBUG Engine               - globalSoundVolume: 0.5
19:03:14.857 [JavaFX Application Thread] DEBUG Engine               - urlLeaderboard: http://fxgl-top.herokuapp.com/
19:03:14.857 [JavaFX Application Thread] DEBUG Engine               - saveDir: saves/
19:03:14.857 [JavaFX Application Thread] DEBUG Engine               - engineServices: [class com.almasb.fxgl.audio.AudioPlayer, class com.almasb.fxgl.notification.impl.NotificationServiceProvider, class com.almasb.fxgl.achievement.AchievementManager, class com.almasb.fxgl.cutscene.CutsceneService, class com.almasb.fxgl.minigames.MiniGameService]
19:03:14.857 [JavaFX Application Thread] DEBUG Engine               - globalMusicVolume: 0.5
19:03:14.857 [JavaFX Application Thread] DEBUG Engine               - width: 1050
19:03:14.857 [JavaFX Application Thread] DEBUG Engine               - saveFileExt: .sav
19:03:14.857 [JavaFX Application Thread] DEBUG Engine               - isAndroid: false
19:03:14.858 [JavaFX Application Thread] DEBUG Engine               - fontUI: VarelaRound-Regular.ttf
19:03:14.858 [JavaFX Application Thread] DEBUG Engine               - enabledMenuItems: []
19:03:14.858 [JavaFX Application Thread] DEBUG Engine               - isIOS: false
19:03:14.860 [JavaFX Application Thread] DEBUG Engine               - Adding new engine service: class com.almasb.fxgl.audio.AudioPlayer
19:03:14.861 [JavaFX Application Thread] DEBUG Engine               - Adding new engine service: class com.almasb.fxgl.notification.impl.NotificationServiceProvider
19:03:14.861 [JavaFX Application Thread] DEBUG Engine               - Adding new engine service: class com.almasb.fxgl.achievement.AchievementManager
19:03:14.862 [JavaFX Application Thread] DEBUG Engine               - Adding new engine service: class com.almasb.fxgl.cutscene.CutsceneService
19:03:14.862 [JavaFX Application Thread] DEBUG Engine               - Adding new engine service: class com.almasb.fxgl.minigames.MiniGameService
19:03:14.865 [JavaFX Application Thread] DEBUG Engine               - Loading localizations
19:03:14.868 [JavaFX Application Thread] DEBUG AssetLoader          - Loading from file system: /assets/properties/languages/english.properties
19:03:14.870 [JavaFX Application Thread] DEBUG AssetLoader          - Loading from file system: /assets/properties/languages/french.properties
19:03:14.871 [JavaFX Application Thread] DEBUG AssetLoader          - Loading from file system: /assets/properties/languages/german.properties
19:03:14.872 [JavaFX Application Thread] DEBUG AssetLoader          - Loading from file system: /assets/properties/languages/russian.properties
19:03:14.873 [JavaFX Application Thread] DEBUG AssetLoader          - Loading from file system: /assets/properties/languages/hungarian.properties
19:03:14.875 [JavaFX Application Thread] DEBUG Engine               - Registering font factories
19:03:14.876 [JavaFX Application Thread] DEBUG AssetLoader          - Loading from file system: /assets/ui/fonts/VarelaRound-Regular.ttf
19:03:15.042 [JavaFX Application Thread] DEBUG AssetLoader          - Loading from file system: /assets/ui/fonts/Abel-Regular.ttf
19:03:15.045 [JavaFX Application Thread] DEBUG AssetLoader          - Loading from file system: /assets/ui/fonts/lucida_console.ttf
19:03:15.050 [JavaFX Application Thread] DEBUG AssetLoader          - Loading from file system: /assets/ui/fonts/Courier-Prime.ttf
19:03:15.055 [JavaFX Application Thread] DEBUG Engine               - Setting UI factory
19:03:15.155 [JavaFX Application Thread] DEBUG AssetLoader          - Loading from file system: /assets/textures/fxgl_logo.png
19:03:15.215 [JavaFX Application Thread] DEBUG MainWindow           - Creating a JavaFX scene
19:03:15.263 [JavaFX Application Thread] DEBUG MainWindow           - Target settings size: 1050.0 x 700.0
19:03:15.263 [JavaFX Application Thread] DEBUG MainWindow           - Scaled scene size:    1050.0 x 700.0
19:03:15.263 [JavaFX Application Thread] DEBUG MainWindow           - Scaled ratio: (1.0, 1.0)
19:03:15.265 [JavaFX Application Thread] DEBUG MainWindow           - Set initial scene to FXGLStartupScene
19:03:15.273 [JavaFX Application Thread] DEBUG AssetLoader          - Loading from file system: /assets/textures/fxgl_icon.png
19:03:15.284 [JavaFX Application Thread] DEBUG Engine               - Applying CSS: fxgl_dark.css
19:03:15.285 [JavaFX Application Thread] DEBUG AssetLoader          - Loading from file system: /assets/ui/css/fxgl_dark.css
19:03:15.288 [JavaFX Application Thread] DEBUG AssetLoader          - Loading from file system: /assets/ui/cursors/fxgl_default.png
19:03:15.289 [JavaFX Application Thread] DEBUG MainWindow           - Opening main window
19:03:15.449 [JavaFX Application Thread] DEBUG MainWindow           - Window border size: (16.0, 39.0)
19:03:15.449 [JavaFX Application Thread] DEBUG MainWindow           - Scaled size: 1050.0 x 700.0
19:03:15.449 [JavaFX Application Thread] DEBUG MainWindow           - Scaled ratio: (1.0, 1.0)
19:03:15.449 [JavaFX Application Thread] DEBUG MainWindow           - Scene size: 1050.0 x 700.0
19:03:15.450 [JavaFX Application Thread] DEBUG MainWindow           - Stage size: 1066.0 x 739.0
19:03:15.508 [FXGL Background Thread 1 ] DEBUG FS                   - Loaded FSServiceImpl
19:03:15.508 [FXGL Background Thread 1 ] DEBUG Engine               - Loading FXGL system data
19:03:15.513 [FXGL Background Thread 1 ] DEBUG FSServiceImpl        - Reading from: G:\Desk\Projects\FXGLPlatformer\system\fxgl.bundle
19:03:15.534 [FXGL Background Thread 1 ] DEBUG Engine               - Bundle FXGL: {}
19:03:15.535 [FXGL Background Thread 1 ] DEBUG Engine               - Initializing application scenes
19:03:15.567 [FXGL Background Thread 1 ] DEBUG GameWorld            - Game world initialized
19:03:15.616 [FXGL Background Thread 1 ] DEBUG PhysicsWorld         - Physics world initialized: appHeight=700, physics.ppm=50.0
19:03:15.618 [FXGL Background Thread 1 ] DEBUG GameScene            - Game scene initialized: 1050x700
19:03:15.668 [FXGL Background Thread 1 ] DEBUG Input                - Registered new binding: Resume - Esc
19:03:15.668 [FXGL Background Thread 1 ] DEBUG AssetLoader          - Loading from file system: /assets/textures/pause_menu_bg.png
19:03:15.692 [FXGL Background Thread 1 ] DEBUG Input                - Registered new binding: Pause - Esc
19:03:15.692 [FXGL Background Thread 1 ] DEBUG Engine               - Application scenes initialized
19:03:15.695 [JavaFX Application Thread] DEBUG Engine               - Running preInit()
19:03:15.695 [JavaFX Application Thread] DEBUG Input                - Registered new binding: Move Right - D
19:03:15.695 [JavaFX Application Thread] DEBUG Input                - Registered new binding: Move Left - A
19:03:15.695 [JavaFX Application Thread] DEBUG Input                - Registered new binding: Move Down - S
19:03:15.695 [JavaFX Application Thread] DEBUG Input                - Registered new binding: Move Up - W
19:03:15.695 [JavaFX Application Thread] DEBUG Input                - Registered new binding: Play Sound - F
19:03:15.696 [JavaFX Application Thread] DEBUG Input                - Registered new binding: Screenshot - P
19:03:15.697 [JavaFX Application Thread] DEBUG Input                - Registered new binding: System info dump - CTRL+9
19:03:15.697 [JavaFX Application Thread] DEBUG Input                - Registered new binding: Restart - CTRL+R
19:03:15.697 [JavaFX Application Thread] DEBUG Engine               - generateDefaultProfile()
19:03:15.697 [JavaFX Application Thread] DEBUG Engine               - Creating default profile
19:03:15.697 [JavaFX Application Thread] DEBUG EventBus             - Firing event: SaveEvent
19:03:15.708 [JavaFX Application Thread] INFO  Engine               - FXGL initialization took: 0.842 sec
19:03:15.708 [JavaFX Application Thread] DEBUG LoopRunner           - Starting loop
19:03:15.723 [JavaFX Application Thread] DEBUG FXGLStartupScene     - STARTUP
19:03:15.723 [JavaFX Application Thread] DEBUG Engine               - Starting new game
19:03:15.730 [JavaFX Application Thread] DEBUG Input                - Clearing active input actions
19:03:15.730 [FXGL Background Thread 1 ] DEBUG InitAppTask          - Clearing previous game
19:03:15.731 [FXGL Background Thread 1 ] DEBUG GameWorld            - Clearing game world
19:03:15.731 [FXGL Background Thread 1 ] DEBUG PhysicsWorld         - Clearing physics world
19:03:15.731 [FXGL Background Thread 1 ] DEBUG GameScene            - Clearing game scene
19:03:15.732 [FXGL Background Thread 1 ] DEBUG InitAppTask          - Initializing Game
19:03:15.740 [JavaFX Application Thread] DEBUG Engine               - Removing overlay from FXGLStartupScene and adding to LoadingScene
19:03:15.740 [JavaFX Application Thread] DEBUG MainWindow           - FXGLStartupScene -> LoadingScene
19:03:15.744 [FXGL Background Thread 1 ] DEBUG AssetLoader          - Loading from file system: /assets/levels/TestLevel.tmx
19:03:15.771 [FXGL Background Thread 1 ] WARN  TMXLevelLoader       - TiledMap generated from 1.3.4. Supported version: 1.2.3. Some features may not be parsed fully.
19:03:15.791 [FXGL Background Thread 1 ] DEBUG TMXLevelLoader       - Parsed raw map: TiledMap(width=15, height=10, tilewidth=64, tileheight=64, orientation=orthogonal, layers=[Layer(width=15, height=10, name=Kachelebene 1, type=tilelayer, visible=false, x=0, y=0, data=[4, 25, 25, 25, 25, 25, 25, 25, 25, 25, 25, 25, 25, 25, 5, 27, 0, 0, 0, 0, 0, 0, 0, 0, 0, 0, 0, 0, 0, 26, 27, 0, 0, 0, 0, 0, 0, 0, 0, 0, 0, 0, 0, 0, 26, 27, 0, 0, 0, 0, 0, 0, 0, 0, 0, 0, 0, 0, 0, 26, 27, 0, 0, 0, 0, 0, 0, 0, 0, 0, 0, 0, 0, 0, 26, 27, 0, 0, 0, 0, 0, 0, 0, 0, 0, 37, 38, 38, 39, 26, 27, 0, 0, 0, 0, 0, 0, 37, 38, 39, 0, 0, 0, 0, 26, 27, 0, 0, 37, 38, 39, 0, 0, 0, 0, 0, 0, 0, 0, 26, 27, 0, 0, 0, 0, 0, 0, 0, 0, 0, 0, 0, 0, 0, 26, 16, 1, 1, 1, 1, 1, 1, 1, 1, 1, 1, 1, 1, 1, 17], objects=[], opacity=0.0, draworder=), Layer(width=0, height=0, name=Objektebene 1, type=objectgroup, visible=false, x=0, y=0, data=[], objects=[com.almasb.fxgl.entity.level.tiled.TiledObject@5c11dfd0, com.almasb.fxgl.entity.level.tiled.TiledObject@63175cea, com.almasb.fxgl.entity.level.tiled.TiledObject@3a068672, com.almasb.fxgl.entity.level.tiled.TiledObject@5d702cd0, com.almasb.fxgl.entity.level.tiled.TiledObject@fcd87f1, com.almasb.fxgl.entity.level.tiled.TiledObject@56646aee, com.almasb.fxgl.entity.level.tiled.TiledObject@585f5346, com.almasb.fxgl.entity.level.tiled.TiledObject@415f231, com.almasb.fxgl.entity.level.tiled.TiledObject@67041f4d, com.almasb.fxgl.entity.level.tiled.TiledObject@12c23a59, com.almasb.fxgl.entity.level.tiled.TiledObject@30258e24, com.almasb.fxgl.entity.level.tiled.TiledObject@1b8a666b], opacity=0.0, draworder=)], tilesets=[Tileset(firstgid=1, image=C:/Users/Jordan/Desktop/forest.png, name=Forrest, tilewidth=64, tileheight=64, imagewidth=768, imageheight=256, margin=0, spacing=0, columns=12, tilecount=48, transparentcolor=)], backgroundcolor=, renderorder=right-down, nextobjectid=31, version=1, tiledversion=1.3.4, type=map, infinite=false, properties={}, propertytypes={})
19:03:15.796 [FXGL Background Thread 1 ] DEBUG TMXLevelLoader       - Creating tile layer entities
19:03:15.797 [FXGL Background Thread 1 ] DEBUG TilesetLoader        - Loading view for layer Kachelebene 1
19:03:15.801 [FXGL Background Thread 1 ] DEBUG TilesetLoader        - Created buffer with size 960.0x640.0
19:03:15.804 [FXGL Background Thread 1 ] DEBUG TilesetLoader        - Writing to buffer: dst=0,0, w=64,h=64, src=192,0
19:03:15.806 [FXGL Background Thread 1 ] DEBUG TilesetLoader        - Writing to buffer: dst=64,0, w=64,h=64, src=0,128
19:03:15.806 [FXGL Background Thread 1 ] DEBUG TilesetLoader        - Writing to buffer: dst=128,0, w=64,h=64, src=0,128
19:03:15.806 [FXGL Background Thread 1 ] DEBUG TilesetLoader        - Writing to buffer: dst=192,0, w=64,h=64, src=0,128
19:03:15.807 [FXGL Background Thread 1 ] DEBUG TilesetLoader        - Writing to buffer: dst=256,0, w=64,h=64, src=0,128
19:03:15.807 [FXGL Background Thread 1 ] DEBUG TilesetLoader        - Writing to buffer: dst=320,0, w=64,h=64, src=0,128
19:03:15.807 [FXGL Background Thread 1 ] DEBUG TilesetLoader        - Writing to buffer: dst=384,0, w=64,h=64, src=0,128
19:03:15.807 [FXGL Background Thread 1 ] DEBUG TilesetLoader        - Writing to buffer: dst=448,0, w=64,h=64, src=0,128
19:03:15.807 [FXGL Background Thread 1 ] DEBUG TilesetLoader        - Writing to buffer: dst=512,0, w=64,h=64, src=0,128
19:03:15.807 [FXGL Background Thread 1 ] DEBUG TilesetLoader        - Writing to buffer: dst=576,0, w=64,h=64, src=0,128
19:03:15.807 [FXGL Background Thread 1 ] DEBUG TilesetLoader        - Writing to buffer: dst=640,0, w=64,h=64, src=0,128
19:03:15.807 [FXGL Background Thread 1 ] DEBUG TilesetLoader        - Writing to buffer: dst=704,0, w=64,h=64, src=0,128
19:03:15.807 [FXGL Background Thread 1 ] DEBUG TilesetLoader        - Writing to buffer: dst=768,0, w=64,h=64, src=0,128
19:03:15.807 [FXGL Background Thread 1 ] DEBUG TilesetLoader        - Writing to buffer: dst=832,0, w=64,h=64, src=0,128
19:03:15.807 [FXGL Background Thread 1 ] DEBUG TilesetLoader        - Writing to buffer: dst=896,0, w=64,h=64, src=256,0
19:03:15.807 [FXGL Background Thread 1 ] DEBUG TilesetLoader        - Writing to buffer: dst=0,64, w=64,h=64, src=128,128
19:03:15.807 [FXGL Background Thread 1 ] DEBUG TilesetLoader        - Writing to buffer: dst=896,64, w=64,h=64, src=64,128
19:03:15.807 [FXGL Background Thread 1 ] DEBUG TilesetLoader        - Writing to buffer: dst=0,128, w=64,h=64, src=128,128
19:03:15.807 [FXGL Background Thread 1 ] DEBUG TilesetLoader        - Writing to buffer: dst=896,128, w=64,h=64, src=64,128
19:03:15.808 [FXGL Background Thread 1 ] DEBUG TilesetLoader        - Writing to buffer: dst=0,192, w=64,h=64, src=128,128
19:03:15.808 [FXGL Background Thread 1 ] DEBUG TilesetLoader        - Writing to buffer: dst=896,192, w=64,h=64, src=64,128
19:03:15.808 [FXGL Background Thread 1 ] DEBUG TilesetLoader        - Writing to buffer: dst=0,256, w=64,h=64, src=128,128
19:03:15.808 [FXGL Background Thread 1 ] DEBUG TilesetLoader        - Writing to buffer: dst=896,256, w=64,h=64, src=64,128
19:03:15.808 [FXGL Background Thread 1 ] DEBUG TilesetLoader        - Writing to buffer: dst=0,320, w=64,h=64, src=128,128
19:03:15.808 [FXGL Background Thread 1 ] DEBUG TilesetLoader        - Writing to buffer: dst=640,320, w=64,h=64, src=0,192
19:03:15.808 [FXGL Background Thread 1 ] DEBUG TilesetLoader        - Writing to buffer: dst=704,320, w=64,h=64, src=64,192
19:03:15.808 [FXGL Background Thread 1 ] DEBUG TilesetLoader        - Writing to buffer: dst=768,320, w=64,h=64, src=64,192
19:03:15.808 [FXGL Background Thread 1 ] DEBUG TilesetLoader        - Writing to buffer: dst=832,320, w=64,h=64, src=128,192
19:03:15.808 [FXGL Background Thread 1 ] DEBUG TilesetLoader        - Writing to buffer: dst=896,320, w=64,h=64, src=64,128
19:03:15.808 [FXGL Background Thread 1 ] DEBUG TilesetLoader        - Writing to buffer: dst=0,384, w=64,h=64, src=128,128
19:03:15.808 [FXGL Background Thread 1 ] DEBUG TilesetLoader        - Writing to buffer: dst=448,384, w=64,h=64, src=0,192
19:03:15.808 [FXGL Background Thread 1 ] DEBUG TilesetLoader        - Writing to buffer: dst=512,384, w=64,h=64, src=64,192
19:03:15.808 [FXGL Background Thread 1 ] DEBUG TilesetLoader        - Writing to buffer: dst=576,384, w=64,h=64, src=128,192
19:03:15.808 [FXGL Background Thread 1 ] DEBUG TilesetLoader        - Writing to buffer: dst=896,384, w=64,h=64, src=64,128
19:03:15.809 [FXGL Background Thread 1 ] DEBUG TilesetLoader        - Writing to buffer: dst=0,448, w=64,h=64, src=128,128
19:03:15.809 [FXGL Background Thread 1 ] DEBUG TilesetLoader        - Writing to buffer: dst=192,448, w=64,h=64, src=0,192
19:03:15.809 [FXGL Background Thread 1 ] DEBUG TilesetLoader        - Writing to buffer: dst=256,448, w=64,h=64, src=64,192
19:03:15.809 [FXGL Background Thread 1 ] DEBUG TilesetLoader        - Writing to buffer: dst=320,448, w=64,h=64, src=128,192
19:03:15.809 [FXGL Background Thread 1 ] DEBUG TilesetLoader        - Writing to buffer: dst=896,448, w=64,h=64, src=64,128
19:03:15.809 [FXGL Background Thread 1 ] DEBUG TilesetLoader        - Writing to buffer: dst=0,512, w=64,h=64, src=128,128
19:03:15.809 [FXGL Background Thread 1 ] DEBUG TilesetLoader        - Writing to buffer: dst=896,512, w=64,h=64, src=64,128
19:03:15.809 [FXGL Background Thread 1 ] DEBUG TilesetLoader        - Writing to buffer: dst=0,576, w=64,h=64, src=192,64
19:03:15.809 [FXGL Background Thread 1 ] DEBUG TilesetLoader        - Writing to buffer: dst=64,576, w=64,h=64, src=0,0
19:03:15.809 [FXGL Background Thread 1 ] DEBUG TilesetLoader        - Writing to buffer: dst=128,576, w=64,h=64, src=0,0
19:03:15.809 [FXGL Background Thread 1 ] DEBUG TilesetLoader        - Writing to buffer: dst=192,576, w=64,h=64, src=0,0
19:03:15.809 [FXGL Background Thread 1 ] DEBUG TilesetLoader        - Writing to buffer: dst=256,576, w=64,h=64, src=0,0
19:03:15.809 [FXGL Background Thread 1 ] DEBUG TilesetLoader        - Writing to buffer: dst=320,576, w=64,h=64, src=0,0
19:03:15.809 [FXGL Background Thread 1 ] DEBUG TilesetLoader        - Writing to buffer: dst=384,576, w=64,h=64, src=0,0
19:03:15.809 [FXGL Background Thread 1 ] DEBUG TilesetLoader        - Writing to buffer: dst=448,576, w=64,h=64, src=0,0
19:03:15.809 [FXGL Background Thread 1 ] DEBUG TilesetLoader        - Writing to buffer: dst=512,576, w=64,h=64, src=0,0
19:03:15.809 [FXGL Background Thread 1 ] DEBUG TilesetLoader        - Writing to buffer: dst=576,576, w=64,h=64, src=0,0
19:03:15.810 [FXGL Background Thread 1 ] DEBUG TilesetLoader        - Writing to buffer: dst=640,576, w=64,h=64, src=0,0
19:03:15.810 [FXGL Background Thread 1 ] DEBUG TilesetLoader        - Writing to buffer: dst=704,576, w=64,h=64, src=0,0
19:03:15.810 [FXGL Background Thread 1 ] DEBUG TilesetLoader        - Writing to buffer: dst=768,576, w=64,h=64, src=0,0
19:03:15.810 [FXGL Background Thread 1 ] DEBUG TilesetLoader        - Writing to buffer: dst=832,576, w=64,h=64, src=0,0
19:03:15.810 [FXGL Background Thread 1 ] DEBUG TilesetLoader        - Writing to buffer: dst=896,576, w=64,h=64, src=256,64
19:03:15.810 [FXGL Background Thread 1 ] DEBUG TMXLevelLoader       - Creating object layer entities
19:03:15.850 [FXGL Background Thread 1 ] DEBUG GameWorld            - Clearing removable entities
19:03:15.850 [FXGL Background Thread 1 ] DEBUG GameWorld            - Setting level: com.almasb.fxgl.entity.level.Level@52ced1ad
19:03:15.876 [FXGL Background Thread 1 ] DEBUG AssetLoader          - Loading from file system: /assets/textures/adventurer-Sheet.png
19:03:15.883 [FXGL Background Thread 1 ] DEBUG AssetLoader          - Loading from file system: /assets/textures/Girl_walk.png
19:03:15.883 [FXGL Background Thread 1 ] WARN  AssetLoader          - Failed to load texture Girl_walk.png Error: java.lang.IllegalArgumentException: Asset "/assets/textures/Girl_walk.png" was not found!
19:03:15.906 [FXGL Background Thread 1 ] DEBUG InitAppTask          - Initializing Physics
19:03:15.906 [FXGL Background Thread 1 ] DEBUG InitAppTask          - Initializing UI
19:03:15.908 [FXGL Background Thread 1 ] DEBUG InitAppTask          - Initialization Complete
19:03:15.908 [FXGL Background Thread 1 ] INFO  InitAppTask          - Game initialization took: 0.178 sec
19:03:15.910 [JavaFX Application Thread] DEBUG Input                - Clearing active input actions
19:03:15.927 [JavaFX Application Thread] DEBUG Engine               - Removing overlay from LoadingScene and adding to GameScene
19:03:15.927 [JavaFX Application Thread] DEBUG MainWindow           - LoadingScene -> GameScene
19:03:20.778 [JavaFX Application Thread] DEBUG AssetLoader          - Loading from file system: /assets/sounds/smw_1-up.wav
19:03:28.409 [JavaFX Application Thread] DEBUG AssetLoader          - Loading from cache: /assets/sounds/smw_1-up.wav
19:03:28.721 [JavaFX Application Thread] DEBUG AssetLoader          - Loading from cache: /assets/sounds/smw_1-up.wav
19:03:28.920 [JavaFX Application Thread] DEBUG AssetLoader          - Loading from cache: /assets/sounds/smw_1-up.wav
19:03:29.121 [JavaFX Application Thread] DEBUG AssetLoader          - Loading from cache: /assets/sounds/smw_1-up.wav
19:03:29.304 [JavaFX Application Thread] DEBUG AssetLoader          - Loading from cache: /assets/sounds/smw_1-up.wav
19:03:29.473 [JavaFX Application Thread] DEBUG AssetLoader          - Loading from cache: /assets/sounds/smw_1-up.wav
19:03:29.640 [JavaFX Application Thread] DEBUG AssetLoader          - Loading from cache: /assets/sounds/smw_1-up.wav
19:03:29.777 [JavaFX Application Thread] DEBUG AssetLoader          - Loading from cache: /assets/sounds/smw_1-up.wav
19:03:29.937 [JavaFX Application Thread] DEBUG AssetLoader          - Loading from cache: /assets/sounds/smw_1-up.wav
19:03:30.097 [JavaFX Application Thread] DEBUG AssetLoader          - Loading from cache: /assets/sounds/smw_1-up.wav
19:03:30.272 [JavaFX Application Thread] DEBUG AssetLoader          - Loading from cache: /assets/sounds/smw_1-up.wav
19:03:30.424 [JavaFX Application Thread] DEBUG AssetLoader          - Loading from cache: /assets/sounds/smw_1-up.wav
19:03:30.752 [JavaFX Application Thread] DEBUG AssetLoader          - Loading from cache: /assets/sounds/smw_1-up.wav
19:03:30.912 [JavaFX Application Thread] DEBUG AssetLoader          - Loading from cache: /assets/sounds/smw_1-up.wav
19:03:31.057 [JavaFX Application Thread] DEBUG AssetLoader          - Loading from cache: /assets/sounds/smw_1-up.wav
19:03:31.217 [JavaFX Application Thread] DEBUG AssetLoader          - Loading from cache: /assets/sounds/smw_1-up.wav
19:03:31.369 [JavaFX Application Thread] DEBUG AssetLoader          - Loading from cache: /assets/sounds/smw_1-up.wav
19:03:31.745 [JavaFX Application Thread] DEBUG AssetLoader          - Loading from cache: /assets/sounds/smw_1-up.wav
19:03:31.889 [JavaFX Application Thread] DEBUG AssetLoader          - Loading from cache: /assets/sounds/smw_1-up.wav
19:03:43.818 [JavaFX Application Thread] DEBUG Engine               - Exiting FXGL
19:03:43.819 [JavaFX Application Thread] DEBUG Engine               - Shutting down background threads
19:03:43.819 [JavaFX Application Thread] DEBUG Engine               - Saving FXGL system data
19:03:43.821 [JavaFX Application Thread] DEBUG FSServiceImpl        - Writing to: G:\Desk\Projects\FXGLPlatformer\system\fxgl.bundle
19:03:43.823 [JavaFX Application Thread] DEBUG Engine               - Closing logger and exiting JavaFX
