13:46:45.685 [main                     ] DEBUG GameApplication      - Logger initialized
13:46:45.702 [main                     ] DEBUG GameApplication      - Logging settings
Title: JumpToBeat-Demo
Version: 0.1
Width: 1050
Height: 700
Fullscreen: false
Intro: false
Menus: false
Profiling: false
Single step:false
App Mode: DEVELOPER
Menu Key: ESCAPE
Stage Style: DECORATED
Scene Factory: class com.almasb.fxgl.app.SceneFactory
Dialog Factory: class com.almasb.fxgl.ui.FXGLDialogFactory
UI Factory: class com.almasb.fxgl.ui.FXGLUIFactory

13:46:46.190 [JavaFX Application Thread] DEBUG Engine               - Initializing FXGL
13:46:46.190 [JavaFX Application Thread] INFO  Engine               - FXGL-11.7 (05.01.2020 09.37) on WINDOWS (J:11.0.5 FX:12.0.1)
13:46:46.190 [JavaFX Application Thread] INFO  Engine               - Source code and latest versions at: https://github.com/AlmasB/FXGL
13:46:46.191 [JavaFX Application Thread] INFO  Engine               -              Join the FXGL chat at: https://gitter.im/AlmasB/FXGL
13:46:46.191 [JavaFX Application Thread] DEBUG Engine               - Initializing environment variables
13:46:46.193 [JavaFX Application Thread] DEBUG Engine               - Logging environment variables
13:46:46.193 [JavaFX Application Thread] DEBUG Engine               - achievements: []
13:46:46.193 [JavaFX Application Thread] DEBUG Engine               - sceneStack: com.almasb.fxgl.app.Engine@6f96667
13:46:46.193 [JavaFX Application Thread] DEBUG Engine               - isCloseConfirmation: false
13:46:46.193 [JavaFX Application Thread] DEBUG Engine               - language: ObjectProperty [value: ENGLISH]
13:46:46.194 [JavaFX Application Thread] DEBUG Engine               - isProfilingEnabled: false
13:46:46.194 [JavaFX Application Thread] DEBUG Engine               - soundNotification: core/notification.wav
13:46:46.194 [JavaFX Application Thread] DEBUG Engine               - devShowBBoxProperty: BooleanProperty [value: false]
13:46:46.195 [JavaFX Application Thread] DEBUG Engine               - pixelsPerMeter: 50.0
13:46:46.195 [JavaFX Application Thread] DEBUG Engine               - overlayRoot: Group@6ed8150c
13:46:46.195 [JavaFX Application Thread] DEBUG Engine               - soundMenuBack: menu/back.wav
13:46:46.195 [JavaFX Application Thread] DEBUG Engine               - appIcon: fxgl_icon.png
13:46:46.195 [JavaFX Application Thread] DEBUG Engine               - isFullScreenAllowed: false
13:46:46.195 [JavaFX Application Thread] DEBUG Engine               - isIntroEnabled: false
13:46:46.196 [JavaFX Application Thread] DEBUG Engine               - eventBus: com.almasb.fxgl.event.EventBus@c22b672
13:46:46.196 [JavaFX Application Thread] DEBUG Engine               - fontMono: lucida_console.ttf
13:46:46.196 [JavaFX Application Thread] DEBUG Engine               - soundMenuSelect: menu/select.wav
13:46:46.196 [JavaFX Application Thread] DEBUG Engine               - isWindows: true
13:46:46.196 [JavaFX Application Thread] DEBUG Engine               - isMobile: false
13:46:46.196 [JavaFX Application Thread] DEBUG Engine               - height: 700
13:46:46.196 [JavaFX Application Thread] DEBUG Engine               - isExperimentalNative: false
13:46:46.196 [JavaFX Application Thread] DEBUG Engine               - cSSList: [fxgl_dark.css]
13:46:46.196 [JavaFX Application Thread] DEBUG Engine               - isSingleStep: false
13:46:46.196 [JavaFX Application Thread] DEBUG Engine               - fontGame: Abel-Regular.ttf
13:46:46.196 [JavaFX Application Thread] DEBUG Engine               - menuKey: ESCAPE
13:46:46.197 [JavaFX Application Thread] DEBUG Engine               - devShowPositionProperty: BooleanProperty [value: false]
13:46:46.197 [JavaFX Application Thread] DEBUG Engine               - versionCheckDays: 7
13:46:46.197 [JavaFX Application Thread] DEBUG Engine               - masterTimer: com.almasb.fxgl.time.Timer@412533cf
13:46:46.197 [JavaFX Application Thread] DEBUG Engine               - configClass: Optional.empty
13:46:46.197 [JavaFX Application Thread] DEBUG Engine               - isFullScreenFromStart: false
13:46:46.197 [JavaFX Application Thread] DEBUG Engine               - version: 0.1
13:46:46.197 [JavaFX Application Thread] DEBUG Engine               - fullScreen: BooleanProperty [value: false]
13:46:46.197 [JavaFX Application Thread] DEBUG Engine               - randomSeed: -1
13:46:46.197 [JavaFX Application Thread] DEBUG Engine               - dialogFactory: com.almasb.fxgl.ui.FXGLDialogFactory@6f5465fd
13:46:46.197 [JavaFX Application Thread] DEBUG Engine               - applicationMode: DEVELOPER
13:46:46.197 [JavaFX Application Thread] DEBUG Engine               - isMac: false
13:46:46.197 [JavaFX Application Thread] DEBUG Engine               - urlGoogleForms: https://goo.gl/forms/6wrMnOBxTE1fEpOy2
13:46:46.198 [JavaFX Application Thread] DEBUG Engine               - isMenuEnabled: false
13:46:46.198 [JavaFX Application Thread] DEBUG Engine               - profileName: user.profile
13:46:46.198 [JavaFX Application Thread] DEBUG Engine               - urlPOM: https://raw.githubusercontent.com/AlmasB/FXGL/master/pom.xml
13:46:46.198 [JavaFX Application Thread] DEBUG Engine               - notificationViewClass: class com.almasb.fxgl.notification.view.XboxNotificationView
13:46:46.198 [JavaFX Application Thread] DEBUG Engine               - devSensorColorProperty: ObjectProperty [value: 0xffff00ff]
13:46:46.198 [JavaFX Application Thread] DEBUG Engine               - sceneFactory: com.almasb.fxgl.app.SceneFactory@410a6d6e
13:46:46.198 [JavaFX Application Thread] DEBUG Engine               - dataFileExt: .dat
13:46:46.198 [JavaFX Application Thread] DEBUG Engine               - stageStyle: DECORATED
13:46:46.198 [JavaFX Application Thread] DEBUG Engine               - isManualResizeEnabled: false
13:46:46.198 [JavaFX Application Thread] DEBUG Engine               - title: JumpToBeat-Demo
13:46:46.198 [JavaFX Application Thread] DEBUG Engine               - platform: WINDOWS
13:46:46.199 [JavaFX Application Thread] DEBUG Engine               - devBBoxColorProperty: ObjectProperty [value: 0xff0000ff]
13:46:46.199 [JavaFX Application Thread] DEBUG Engine               - isDesktop: true
13:46:46.199 [JavaFX Application Thread] DEBUG Engine               - globalMusicVolumeProperty: DoubleProperty [value: 0.5]
13:46:46.199 [JavaFX Application Thread] DEBUG Engine               - credits: []
13:46:46.199 [JavaFX Application Thread] DEBUG Engine               - isPreserveResizeRatio: false
13:46:46.199 [JavaFX Application Thread] DEBUG Engine               - uIFactory: com.almasb.fxgl.ui.FXGLUIFactory@5802d21b
13:46:46.199 [JavaFX Application Thread] DEBUG Engine               - fontText: Courier-Prime.ttf
13:46:46.199 [JavaFX Application Thread] DEBUG Engine               - isExperimentalTiledLargeMap: false
13:46:46.199 [JavaFX Application Thread] DEBUG Engine               - secondsIn24h: 60
13:46:46.199 [JavaFX Application Thread] DEBUG Engine               - runtimeInfo: RuntimeInfo(platform=WINDOWS, version=11.7, build=05.01.2020 09.37)
13:46:46.199 [JavaFX Application Thread] DEBUG Engine               - isLinux: false
13:46:46.199 [JavaFX Application Thread] DEBUG Engine               - soundMenuPress: menu/press.wav
13:46:46.199 [JavaFX Application Thread] DEBUG Engine               - urlGithub: https://github.com/AlmasB/FXGL
13:46:46.200 [JavaFX Application Thread] DEBUG Engine               - profileDir: profiles/
13:46:46.200 [JavaFX Application Thread] DEBUG Engine               - isDeveloperMenuEnabled: false
13:46:46.200 [JavaFX Application Thread] DEBUG Engine               - globalSoundVolumeProperty: DoubleProperty [value: 0.5]
13:46:46.200 [JavaFX Application Thread] DEBUG Engine               - isBrowser: false
13:46:46.200 [JavaFX Application Thread] DEBUG Engine               - urlLeaderboard: http://fxgl-top.herokuapp.com/
13:46:46.200 [JavaFX Application Thread] DEBUG Engine               - globalSoundVolume: 0.5
13:46:46.200 [JavaFX Application Thread] DEBUG Engine               - saveDir: saves/
13:46:46.200 [JavaFX Application Thread] DEBUG Engine               - engineServices: [class com.almasb.fxgl.audio.AudioPlayer, class com.almasb.fxgl.notification.impl.NotificationServiceProvider, class com.almasb.fxgl.achievement.AchievementManager, class com.almasb.fxgl.cutscene.CutsceneService, class com.almasb.fxgl.minigames.MiniGameService]
13:46:46.200 [JavaFX Application Thread] DEBUG Engine               - globalMusicVolume: 0.5
13:46:46.200 [JavaFX Application Thread] DEBUG Engine               - width: 1050
13:46:46.200 [JavaFX Application Thread] DEBUG Engine               - saveFileExt: .sav
13:46:46.200 [JavaFX Application Thread] DEBUG Engine               - isAndroid: false
13:46:46.201 [JavaFX Application Thread] DEBUG Engine               - fontUI: VarelaRound-Regular.ttf
13:46:46.201 [JavaFX Application Thread] DEBUG Engine               - enabledMenuItems: []
13:46:46.201 [JavaFX Application Thread] DEBUG Engine               - isIOS: false
13:46:46.203 [JavaFX Application Thread] DEBUG Engine               - Adding new engine service: class com.almasb.fxgl.audio.AudioPlayer
13:46:46.204 [JavaFX Application Thread] DEBUG Engine               - Adding new engine service: class com.almasb.fxgl.notification.impl.NotificationServiceProvider
13:46:46.204 [JavaFX Application Thread] DEBUG Engine               - Adding new engine service: class com.almasb.fxgl.achievement.AchievementManager
13:46:46.205 [JavaFX Application Thread] DEBUG Engine               - Adding new engine service: class com.almasb.fxgl.cutscene.CutsceneService
13:46:46.205 [JavaFX Application Thread] DEBUG Engine               - Adding new engine service: class com.almasb.fxgl.minigames.MiniGameService
13:46:46.208 [JavaFX Application Thread] DEBUG Engine               - Loading localizations
13:46:46.210 [JavaFX Application Thread] DEBUG AssetLoader          - Loading from file system: /assets/properties/languages/english.properties
13:46:46.212 [JavaFX Application Thread] DEBUG AssetLoader          - Loading from file system: /assets/properties/languages/french.properties
13:46:46.213 [JavaFX Application Thread] DEBUG AssetLoader          - Loading from file system: /assets/properties/languages/german.properties
13:46:46.214 [JavaFX Application Thread] DEBUG AssetLoader          - Loading from file system: /assets/properties/languages/russian.properties
13:46:46.215 [JavaFX Application Thread] DEBUG AssetLoader          - Loading from file system: /assets/properties/languages/hungarian.properties
13:46:46.217 [JavaFX Application Thread] DEBUG Engine               - Registering font factories
13:46:46.217 [JavaFX Application Thread] DEBUG AssetLoader          - Loading from file system: /assets/ui/fonts/VarelaRound-Regular.ttf
13:46:46.369 [JavaFX Application Thread] DEBUG AssetLoader          - Loading from file system: /assets/ui/fonts/Abel-Regular.ttf
13:46:46.371 [JavaFX Application Thread] DEBUG AssetLoader          - Loading from file system: /assets/ui/fonts/lucida_console.ttf
13:46:46.376 [JavaFX Application Thread] DEBUG AssetLoader          - Loading from file system: /assets/ui/fonts/Courier-Prime.ttf
13:46:46.380 [JavaFX Application Thread] DEBUG Engine               - Setting UI factory
13:46:46.467 [JavaFX Application Thread] DEBUG AssetLoader          - Loading from file system: /assets/textures/fxgl_logo.png
13:46:46.522 [JavaFX Application Thread] DEBUG MainWindow           - Creating a JavaFX scene
13:46:46.567 [JavaFX Application Thread] DEBUG MainWindow           - Target settings size: 1050.0 x 700.0
13:46:46.567 [JavaFX Application Thread] DEBUG MainWindow           - Scaled scene size:    1050.0 x 700.0
13:46:46.567 [JavaFX Application Thread] DEBUG MainWindow           - Scaled ratio: (1.0, 1.0)
13:46:46.569 [JavaFX Application Thread] DEBUG MainWindow           - Set initial scene to FXGLStartupScene
13:46:46.575 [JavaFX Application Thread] DEBUG AssetLoader          - Loading from file system: /assets/textures/fxgl_icon.png
13:46:46.587 [JavaFX Application Thread] DEBUG Engine               - Applying CSS: fxgl_dark.css
13:46:46.587 [JavaFX Application Thread] DEBUG AssetLoader          - Loading from file system: /assets/ui/css/fxgl_dark.css
13:46:46.590 [JavaFX Application Thread] DEBUG AssetLoader          - Loading from file system: /assets/ui/cursors/fxgl_default.png
13:46:46.592 [JavaFX Application Thread] DEBUG MainWindow           - Opening main window
13:46:46.736 [JavaFX Application Thread] DEBUG MainWindow           - Window border size: (16.0, 39.0)
13:46:46.736 [JavaFX Application Thread] DEBUG MainWindow           - Scaled size: 1050.0 x 700.0
13:46:46.736 [JavaFX Application Thread] DEBUG MainWindow           - Scaled ratio: (1.0, 1.0)
13:46:46.736 [JavaFX Application Thread] DEBUG MainWindow           - Scene size: 1050.0 x 700.0
13:46:46.736 [JavaFX Application Thread] DEBUG MainWindow           - Stage size: 1066.0 x 739.0
13:46:46.791 [FXGL Background Thread 1 ] DEBUG FS                   - Loaded FSServiceImpl
13:46:46.791 [FXGL Background Thread 1 ] DEBUG Engine               - Loading FXGL system data
13:46:46.795 [FXGL Background Thread 1 ] DEBUG FSServiceImpl        - Reading from: G:\Desk\Projects\FXGLPlatformer\system\fxgl.bundle
13:46:46.809 [FXGL Background Thread 1 ] DEBUG Engine               - Bundle FXGL: {}
13:46:46.809 [FXGL Background Thread 1 ] DEBUG Engine               - Initializing application scenes
13:46:46.838 [FXGL Background Thread 1 ] DEBUG GameWorld            - Game world initialized
13:46:46.887 [FXGL Background Thread 1 ] DEBUG PhysicsWorld         - Physics world initialized: appHeight=700, physics.ppm=50.0
13:46:46.889 [FXGL Background Thread 1 ] DEBUG GameScene            - Game scene initialized: 1050x700
13:46:46.921 [FXGL Background Thread 1 ] DEBUG Input                - Registered new binding: Resume - Esc
13:46:46.922 [FXGL Background Thread 1 ] DEBUG AssetLoader          - Loading from file system: /assets/textures/pause_menu_bg.png
13:46:46.944 [FXGL Background Thread 1 ] DEBUG Input                - Registered new binding: Pause - Esc
13:46:46.944 [FXGL Background Thread 1 ] DEBUG Engine               - Application scenes initialized
13:46:46.947 [JavaFX Application Thread] DEBUG Engine               - Running preInit()
13:46:46.947 [JavaFX Application Thread] DEBUG Input                - Registered new binding: Right - D
13:46:46.947 [JavaFX Application Thread] DEBUG Input                - Registered new binding: Left - A
13:46:46.947 [JavaFX Application Thread] DEBUG Input                - Registered new binding: Play Sound - F
13:46:46.948 [JavaFX Application Thread] DEBUG Input                - Registered new binding: Screenshot - P
13:46:46.948 [JavaFX Application Thread] DEBUG Input                - Registered new binding: System info dump - CTRL+9
13:46:46.948 [JavaFX Application Thread] DEBUG Input                - Registered new binding: Restart - CTRL+R
13:46:46.948 [JavaFX Application Thread] DEBUG Engine               - generateDefaultProfile()
13:46:46.948 [JavaFX Application Thread] DEBUG Engine               - Creating default profile
13:46:46.949 [JavaFX Application Thread] DEBUG EventBus             - Firing event: SaveEvent
13:46:46.960 [JavaFX Application Thread] INFO  Engine               - FXGL initialization took: 0.753 sec
13:46:46.960 [JavaFX Application Thread] DEBUG LoopRunner           - Starting loop
13:46:46.973 [JavaFX Application Thread] DEBUG FXGLStartupScene     - STARTUP
13:46:46.973 [JavaFX Application Thread] DEBUG Engine               - Starting new game
13:46:46.981 [JavaFX Application Thread] DEBUG Input                - Clearing active input actions
13:46:46.982 [FXGL Background Thread 1 ] DEBUG InitAppTask          - Clearing previous game
13:46:46.982 [FXGL Background Thread 1 ] DEBUG GameWorld            - Clearing game world
13:46:46.982 [FXGL Background Thread 1 ] DEBUG PhysicsWorld         - Clearing physics world
13:46:46.982 [FXGL Background Thread 1 ] DEBUG GameScene            - Clearing game scene
13:46:46.982 [FXGL Background Thread 1 ] DEBUG InitAppTask          - Initializing Game
13:46:46.990 [FXGL Background Thread 1 ] DEBUG AssetLoader          - Loading from file system: /assets/levels/TestLevel.tmx
13:46:46.992 [JavaFX Application Thread] DEBUG Engine               - Removing overlay from FXGLStartupScene and adding to LoadingScene
13:46:46.992 [JavaFX Application Thread] DEBUG MainWindow           - FXGLStartupScene -> LoadingScene
13:46:47.013 [FXGL Background Thread 1 ] WARN  TMXLevelLoader       - TiledMap generated from 1.3.4. Supported version: 1.2.3. Some features may not be parsed fully.
13:46:47.043 [FXGL Background Thread 1 ] DEBUG TMXLevelLoader       - Parsed raw map: TiledMap(width=15, height=10, tilewidth=64, tileheight=64, orientation=orthogonal, layers=[Layer(width=15, height=10, name=Kachelebene 1, type=tilelayer, visible=false, x=0, y=0, data=[4, 25, 25, 25, 25, 25, 25, 25, 25, 25, 25, 25, 25, 25, 5, 27, 0, 0, 0, 0, 0, 0, 0, 0, 0, 0, 0, 0, 0, 26, 27, 0, 0, 0, 0, 0, 0, 0, 0, 0, 0, 0, 0, 0, 26, 27, 0, 0, 0, 0, 0, 0, 0, 0, 0, 0, 0, 0, 0, 26, 27, 0, 0, 0, 0, 0, 0, 0, 0, 0, 0, 0, 0, 0, 26, 27, 0, 0, 0, 0, 0, 0, 0, 0, 0, 37, 38, 38, 39, 26, 27, 0, 0, 0, 0, 0, 0, 37, 38, 39, 0, 0, 0, 0, 26, 27, 0, 0, 37, 38, 39, 0, 0, 0, 0, 0, 0, 0, 0, 26, 27, 0, 0, 0, 0, 0, 0, 0, 0, 0, 0, 0, 0, 0, 26, 16, 1, 1, 1, 1, 1, 1, 1, 1, 1, 1, 1, 1, 1, 17], objects=[], opacity=0.0, draworder=), Layer(width=0, height=0, name=Objektebene 1, type=objectgroup, visible=false, x=0, y=0, data=[], objects=[com.almasb.fxgl.entity.level.tiled.TiledObject@10df4d0f, com.almasb.fxgl.entity.level.tiled.TiledObject@5a07d461, com.almasb.fxgl.entity.level.tiled.TiledObject@79c75866, com.almasb.fxgl.entity.level.tiled.TiledObject@4c7b79aa, com.almasb.fxgl.entity.level.tiled.TiledObject@26a6f21f, com.almasb.fxgl.entity.level.tiled.TiledObject@42668e76, com.almasb.fxgl.entity.level.tiled.TiledObject@1a1ea34, com.almasb.fxgl.entity.level.tiled.TiledObject@16806583, com.almasb.fxgl.entity.level.tiled.TiledObject@7a75b46, com.almasb.fxgl.entity.level.tiled.TiledObject@71c470fa, com.almasb.fxgl.entity.level.tiled.TiledObject@7fbac4bc, com.almasb.fxgl.entity.level.tiled.TiledObject@6a030ab5], opacity=0.0, draworder=)], tilesets=[Tileset(firstgid=1, image=C:/Users/Jordan/Desktop/forest.png, name=Forrest, tilewidth=64, tileheight=64, imagewidth=768, imageheight=256, margin=0, spacing=0, columns=12, tilecount=48, transparentcolor=)], backgroundcolor=, renderorder=right-down, nextobjectid=31, version=1, tiledversion=1.3.4, type=map, infinite=false, properties={}, propertytypes={})
13:46:47.044 [FXGL Background Thread 1 ] DEBUG TMXLevelLoader       - Creating tile layer entities
13:46:47.044 [FXGL Background Thread 1 ] DEBUG TilesetLoader        - Loading view for layer Kachelebene 1
13:46:47.049 [FXGL Background Thread 1 ] DEBUG TilesetLoader        - Created buffer with size 960.0x640.0
13:46:47.057 [FXGL Background Thread 1 ] DEBUG TilesetLoader        - Writing to buffer: dst=0,0, w=64,h=64, src=192,0
13:46:47.059 [FXGL Background Thread 1 ] DEBUG TilesetLoader        - Writing to buffer: dst=64,0, w=64,h=64, src=0,128
13:46:47.059 [FXGL Background Thread 1 ] DEBUG TilesetLoader        - Writing to buffer: dst=128,0, w=64,h=64, src=0,128
13:46:47.060 [FXGL Background Thread 1 ] DEBUG TilesetLoader        - Writing to buffer: dst=192,0, w=64,h=64, src=0,128
13:46:47.060 [FXGL Background Thread 1 ] DEBUG TilesetLoader        - Writing to buffer: dst=256,0, w=64,h=64, src=0,128
13:46:47.060 [FXGL Background Thread 1 ] DEBUG TilesetLoader        - Writing to buffer: dst=320,0, w=64,h=64, src=0,128
13:46:47.060 [FXGL Background Thread 1 ] DEBUG TilesetLoader        - Writing to buffer: dst=384,0, w=64,h=64, src=0,128
13:46:47.060 [FXGL Background Thread 1 ] DEBUG TilesetLoader        - Writing to buffer: dst=448,0, w=64,h=64, src=0,128
13:46:47.060 [FXGL Background Thread 1 ] DEBUG TilesetLoader        - Writing to buffer: dst=512,0, w=64,h=64, src=0,128
13:46:47.060 [FXGL Background Thread 1 ] DEBUG TilesetLoader        - Writing to buffer: dst=576,0, w=64,h=64, src=0,128
13:46:47.060 [FXGL Background Thread 1 ] DEBUG TilesetLoader        - Writing to buffer: dst=640,0, w=64,h=64, src=0,128
13:46:47.060 [FXGL Background Thread 1 ] DEBUG TilesetLoader        - Writing to buffer: dst=704,0, w=64,h=64, src=0,128
13:46:47.060 [FXGL Background Thread 1 ] DEBUG TilesetLoader        - Writing to buffer: dst=768,0, w=64,h=64, src=0,128
13:46:47.060 [FXGL Background Thread 1 ] DEBUG TilesetLoader        - Writing to buffer: dst=832,0, w=64,h=64, src=0,128
13:46:47.060 [FXGL Background Thread 1 ] DEBUG TilesetLoader        - Writing to buffer: dst=896,0, w=64,h=64, src=256,0
13:46:47.062 [FXGL Background Thread 1 ] DEBUG TilesetLoader        - Writing to buffer: dst=0,64, w=64,h=64, src=128,128
13:46:47.062 [FXGL Background Thread 1 ] DEBUG TilesetLoader        - Writing to buffer: dst=896,64, w=64,h=64, src=64,128
13:46:47.062 [FXGL Background Thread 1 ] DEBUG TilesetLoader        - Writing to buffer: dst=0,128, w=64,h=64, src=128,128
13:46:47.062 [FXGL Background Thread 1 ] DEBUG TilesetLoader        - Writing to buffer: dst=896,128, w=64,h=64, src=64,128
13:46:47.062 [FXGL Background Thread 1 ] DEBUG TilesetLoader        - Writing to buffer: dst=0,192, w=64,h=64, src=128,128
13:46:47.062 [FXGL Background Thread 1 ] DEBUG TilesetLoader        - Writing to buffer: dst=896,192, w=64,h=64, src=64,128
13:46:47.062 [FXGL Background Thread 1 ] DEBUG TilesetLoader        - Writing to buffer: dst=0,256, w=64,h=64, src=128,128
13:46:47.062 [FXGL Background Thread 1 ] DEBUG TilesetLoader        - Writing to buffer: dst=896,256, w=64,h=64, src=64,128
13:46:47.062 [FXGL Background Thread 1 ] DEBUG TilesetLoader        - Writing to buffer: dst=0,320, w=64,h=64, src=128,128
13:46:47.062 [FXGL Background Thread 1 ] DEBUG TilesetLoader        - Writing to buffer: dst=640,320, w=64,h=64, src=0,192
13:46:47.062 [FXGL Background Thread 1 ] DEBUG TilesetLoader        - Writing to buffer: dst=704,320, w=64,h=64, src=64,192
13:46:47.062 [FXGL Background Thread 1 ] DEBUG TilesetLoader        - Writing to buffer: dst=768,320, w=64,h=64, src=64,192
13:46:47.062 [FXGL Background Thread 1 ] DEBUG TilesetLoader        - Writing to buffer: dst=832,320, w=64,h=64, src=128,192
13:46:47.063 [FXGL Background Thread 1 ] DEBUG TilesetLoader        - Writing to buffer: dst=896,320, w=64,h=64, src=64,128
13:46:47.063 [FXGL Background Thread 1 ] DEBUG TilesetLoader        - Writing to buffer: dst=0,384, w=64,h=64, src=128,128
13:46:47.063 [FXGL Background Thread 1 ] DEBUG TilesetLoader        - Writing to buffer: dst=448,384, w=64,h=64, src=0,192
13:46:47.063 [FXGL Background Thread 1 ] DEBUG TilesetLoader        - Writing to buffer: dst=512,384, w=64,h=64, src=64,192
13:46:47.063 [FXGL Background Thread 1 ] DEBUG TilesetLoader        - Writing to buffer: dst=576,384, w=64,h=64, src=128,192
13:46:47.063 [FXGL Background Thread 1 ] DEBUG TilesetLoader        - Writing to buffer: dst=896,384, w=64,h=64, src=64,128
13:46:47.063 [FXGL Background Thread 1 ] DEBUG TilesetLoader        - Writing to buffer: dst=0,448, w=64,h=64, src=128,128
13:46:47.063 [FXGL Background Thread 1 ] DEBUG TilesetLoader        - Writing to buffer: dst=192,448, w=64,h=64, src=0,192
13:46:47.063 [FXGL Background Thread 1 ] DEBUG TilesetLoader        - Writing to buffer: dst=256,448, w=64,h=64, src=64,192
13:46:47.063 [FXGL Background Thread 1 ] DEBUG TilesetLoader        - Writing to buffer: dst=320,448, w=64,h=64, src=128,192
13:46:47.063 [FXGL Background Thread 1 ] DEBUG TilesetLoader        - Writing to buffer: dst=896,448, w=64,h=64, src=64,128
13:46:47.063 [FXGL Background Thread 1 ] DEBUG TilesetLoader        - Writing to buffer: dst=0,512, w=64,h=64, src=128,128
13:46:47.063 [FXGL Background Thread 1 ] DEBUG TilesetLoader        - Writing to buffer: dst=896,512, w=64,h=64, src=64,128
13:46:47.063 [FXGL Background Thread 1 ] DEBUG TilesetLoader        - Writing to buffer: dst=0,576, w=64,h=64, src=192,64
13:46:47.065 [FXGL Background Thread 1 ] DEBUG TilesetLoader        - Writing to buffer: dst=64,576, w=64,h=64, src=0,0
13:46:47.066 [FXGL Background Thread 1 ] DEBUG TilesetLoader        - Writing to buffer: dst=128,576, w=64,h=64, src=0,0
13:46:47.066 [FXGL Background Thread 1 ] DEBUG TilesetLoader        - Writing to buffer: dst=192,576, w=64,h=64, src=0,0
13:46:47.066 [FXGL Background Thread 1 ] DEBUG TilesetLoader        - Writing to buffer: dst=256,576, w=64,h=64, src=0,0
13:46:47.066 [FXGL Background Thread 1 ] DEBUG TilesetLoader        - Writing to buffer: dst=320,576, w=64,h=64, src=0,0
13:46:47.066 [FXGL Background Thread 1 ] DEBUG TilesetLoader        - Writing to buffer: dst=384,576, w=64,h=64, src=0,0
13:46:47.066 [FXGL Background Thread 1 ] DEBUG TilesetLoader        - Writing to buffer: dst=448,576, w=64,h=64, src=0,0
13:46:47.066 [FXGL Background Thread 1 ] DEBUG TilesetLoader        - Writing to buffer: dst=512,576, w=64,h=64, src=0,0
13:46:47.066 [FXGL Background Thread 1 ] DEBUG TilesetLoader        - Writing to buffer: dst=576,576, w=64,h=64, src=0,0
13:46:47.066 [FXGL Background Thread 1 ] DEBUG TilesetLoader        - Writing to buffer: dst=640,576, w=64,h=64, src=0,0
13:46:47.066 [FXGL Background Thread 1 ] DEBUG TilesetLoader        - Writing to buffer: dst=704,576, w=64,h=64, src=0,0
13:46:47.066 [FXGL Background Thread 1 ] DEBUG TilesetLoader        - Writing to buffer: dst=768,576, w=64,h=64, src=0,0
13:46:47.066 [FXGL Background Thread 1 ] DEBUG TilesetLoader        - Writing to buffer: dst=832,576, w=64,h=64, src=0,0
13:46:47.066 [FXGL Background Thread 1 ] DEBUG TilesetLoader        - Writing to buffer: dst=896,576, w=64,h=64, src=256,64
13:46:47.074 [FXGL Background Thread 1 ] DEBUG TMXLevelLoader       - Creating object layer entities
13:46:47.119 [FXGL Background Thread 1 ] DEBUG GameWorld            - Clearing removable entities
13:46:47.119 [FXGL Background Thread 1 ] DEBUG GameWorld            - Setting level: com.almasb.fxgl.entity.level.Level@7684f599
13:46:47.142 [FXGL Background Thread 1 ] DEBUG AssetLoader          - Loading from file system: /assets/textures/Tests/PlayerDemoIcon.png
13:46:47.150 [FXGL Background Thread 1 ] DEBUG InitAppTask          - Initializing Physics
13:46:47.151 [FXGL Background Thread 1 ] DEBUG InitAppTask          - Initializing UI
13:46:47.153 [FXGL Background Thread 1 ] DEBUG InitAppTask          - Initialization Complete
13:46:47.153 [FXGL Background Thread 1 ] INFO  InitAppTask          - Game initialization took: 0.171 sec
13:46:47.160 [JavaFX Application Thread] DEBUG Input                - Clearing active input actions
13:46:47.183 [JavaFX Application Thread] DEBUG Engine               - Removing overlay from LoadingScene and adding to GameScene
13:46:47.183 [JavaFX Application Thread] DEBUG MainWindow           - LoadingScene -> GameScene
13:46:54.874 [JavaFX Application Thread] DEBUG Engine               - Exiting FXGL
13:46:54.874 [JavaFX Application Thread] DEBUG Engine               - Shutting down background threads
13:46:54.874 [JavaFX Application Thread] DEBUG Engine               - Saving FXGL system data
13:46:54.877 [JavaFX Application Thread] DEBUG FSServiceImpl        - Writing to: G:\Desk\Projects\FXGLPlatformer\system\fxgl.bundle
13:46:54.879 [JavaFX Application Thread] DEBUG Engine               - Closing logger and exiting JavaFX
