01:04:42.952 [main                     ] DEBUG GameApplication      - Logger initialized
01:04:42.971 [main                     ] DEBUG GameApplication      - Logging settings
Title: JumpToBeat-Demo
Version: 0.1
Width: 1050
Height: 700
Fullscreen: false
Intro: false
Menus: false
Profiling: false
Single step:false
App Mode: DEVELOPER
Menu Key: ESCAPE
Stage Style: DECORATED
Scene Factory: class com.almasb.fxgl.app.SceneFactory
Dialog Factory: class com.almasb.fxgl.ui.FXGLDialogFactory
UI Factory: class com.almasb.fxgl.ui.FXGLUIFactory

01:04:43.491 [JavaFX Application Thread] DEBUG Engine               - Initializing FXGL
01:04:43.491 [JavaFX Application Thread] INFO  Engine               - FXGL-11.7 (05.01.2020 09.37) on WINDOWS (J:11.0.5 FX:12.0.1)
01:04:43.491 [JavaFX Application Thread] INFO  Engine               - Source code and latest versions at: https://github.com/AlmasB/FXGL
01:04:43.491 [JavaFX Application Thread] INFO  Engine               -              Join the FXGL chat at: https://gitter.im/AlmasB/FXGL
01:04:43.491 [JavaFX Application Thread] DEBUG Engine               - Initializing environment variables
01:04:43.493 [JavaFX Application Thread] DEBUG Engine               - Logging environment variables
01:04:43.494 [JavaFX Application Thread] DEBUG Engine               - achievements: []
01:04:43.494 [JavaFX Application Thread] DEBUG Engine               - sceneStack: com.almasb.fxgl.app.Engine@adfdfc2
01:04:43.494 [JavaFX Application Thread] DEBUG Engine               - language: ObjectProperty [value: ENGLISH]
01:04:43.494 [JavaFX Application Thread] DEBUG Engine               - isCloseConfirmation: false
01:04:43.494 [JavaFX Application Thread] DEBUG Engine               - isProfilingEnabled: false
01:04:43.494 [JavaFX Application Thread] DEBUG Engine               - soundNotification: core/notification.wav
01:04:43.494 [JavaFX Application Thread] DEBUG Engine               - devShowBBoxProperty: BooleanProperty [value: false]
01:04:43.495 [JavaFX Application Thread] DEBUG Engine               - pixelsPerMeter: 50.0
01:04:43.495 [JavaFX Application Thread] DEBUG Engine               - overlayRoot: Group@6c06172e
01:04:43.496 [JavaFX Application Thread] DEBUG Engine               - soundMenuBack: menu/back.wav
01:04:43.496 [JavaFX Application Thread] DEBUG Engine               - appIcon: fxgl_icon.png
01:04:43.496 [JavaFX Application Thread] DEBUG Engine               - isFullScreenAllowed: false
01:04:43.496 [JavaFX Application Thread] DEBUG Engine               - isIntroEnabled: false
01:04:43.496 [JavaFX Application Thread] DEBUG Engine               - eventBus: com.almasb.fxgl.event.EventBus@4b895e00
01:04:43.496 [JavaFX Application Thread] DEBUG Engine               - fontMono: lucida_console.ttf
01:04:43.496 [JavaFX Application Thread] DEBUG Engine               - soundMenuSelect: menu/select.wav
01:04:43.496 [JavaFX Application Thread] DEBUG Engine               - isWindows: true
01:04:43.496 [JavaFX Application Thread] DEBUG Engine               - isMobile: false
01:04:43.497 [JavaFX Application Thread] DEBUG Engine               - height: 700
01:04:43.497 [JavaFX Application Thread] DEBUG Engine               - isExperimentalNative: false
01:04:43.497 [JavaFX Application Thread] DEBUG Engine               - isSingleStep: false
01:04:43.497 [JavaFX Application Thread] DEBUG Engine               - cSSList: [fxgl_dark.css]
01:04:43.497 [JavaFX Application Thread] DEBUG Engine               - fontGame: Abel-Regular.ttf
01:04:43.497 [JavaFX Application Thread] DEBUG Engine               - menuKey: ESCAPE
01:04:43.497 [JavaFX Application Thread] DEBUG Engine               - devShowPositionProperty: BooleanProperty [value: false]
01:04:43.497 [JavaFX Application Thread] DEBUG Engine               - versionCheckDays: 7
01:04:43.497 [JavaFX Application Thread] DEBUG Engine               - masterTimer: com.almasb.fxgl.time.Timer@3fdca97c
01:04:43.497 [JavaFX Application Thread] DEBUG Engine               - configClass: Optional.empty
01:04:43.497 [JavaFX Application Thread] DEBUG Engine               - isFullScreenFromStart: false
01:04:43.498 [JavaFX Application Thread] DEBUG Engine               - version: 0.1
01:04:43.498 [JavaFX Application Thread] DEBUG Engine               - fullScreen: BooleanProperty [value: false]
01:04:43.498 [JavaFX Application Thread] DEBUG Engine               - randomSeed: -1
01:04:43.498 [JavaFX Application Thread] DEBUG Engine               - dialogFactory: com.almasb.fxgl.ui.FXGLDialogFactory@4a8b0604
01:04:43.498 [JavaFX Application Thread] DEBUG Engine               - applicationMode: DEVELOPER
01:04:43.498 [JavaFX Application Thread] DEBUG Engine               - isMac: false
01:04:43.498 [JavaFX Application Thread] DEBUG Engine               - urlGoogleForms: https://goo.gl/forms/6wrMnOBxTE1fEpOy2
01:04:43.498 [JavaFX Application Thread] DEBUG Engine               - isMenuEnabled: false
01:04:43.498 [JavaFX Application Thread] DEBUG Engine               - urlPOM: https://raw.githubusercontent.com/AlmasB/FXGL/master/pom.xml
01:04:43.498 [JavaFX Application Thread] DEBUG Engine               - profileName: user.profile
01:04:43.498 [JavaFX Application Thread] DEBUG Engine               - notificationViewClass: class com.almasb.fxgl.notification.view.XboxNotificationView
01:04:43.499 [JavaFX Application Thread] DEBUG Engine               - devSensorColorProperty: ObjectProperty [value: 0xffff00ff]
01:04:43.499 [JavaFX Application Thread] DEBUG Engine               - sceneFactory: com.almasb.fxgl.app.SceneFactory@16e8c71c
01:04:43.499 [JavaFX Application Thread] DEBUG Engine               - dataFileExt: .dat
01:04:43.499 [JavaFX Application Thread] DEBUG Engine               - stageStyle: DECORATED
01:04:43.499 [JavaFX Application Thread] DEBUG Engine               - isManualResizeEnabled: false
01:04:43.499 [JavaFX Application Thread] DEBUG Engine               - title: JumpToBeat-Demo
01:04:43.499 [JavaFX Application Thread] DEBUG Engine               - platform: WINDOWS
01:04:43.499 [JavaFX Application Thread] DEBUG Engine               - devBBoxColorProperty: ObjectProperty [value: 0xff0000ff]
01:04:43.500 [JavaFX Application Thread] DEBUG Engine               - isDesktop: true
01:04:43.500 [JavaFX Application Thread] DEBUG Engine               - credits: []
01:04:43.500 [JavaFX Application Thread] DEBUG Engine               - globalMusicVolumeProperty: DoubleProperty [value: 0.5]
01:04:43.500 [JavaFX Application Thread] DEBUG Engine               - uIFactory: com.almasb.fxgl.ui.FXGLUIFactory@1710e29f
01:04:43.500 [JavaFX Application Thread] DEBUG Engine               - isPreserveResizeRatio: false
01:04:43.500 [JavaFX Application Thread] DEBUG Engine               - fontText: Courier-Prime.ttf
01:04:43.500 [JavaFX Application Thread] DEBUG Engine               - isExperimentalTiledLargeMap: false
01:04:43.500 [JavaFX Application Thread] DEBUG Engine               - secondsIn24h: 60
01:04:43.500 [JavaFX Application Thread] DEBUG Engine               - runtimeInfo: RuntimeInfo(platform=WINDOWS, version=11.7, build=05.01.2020 09.37)
01:04:43.500 [JavaFX Application Thread] DEBUG Engine               - isLinux: false
01:04:43.500 [JavaFX Application Thread] DEBUG Engine               - soundMenuPress: menu/press.wav
01:04:43.500 [JavaFX Application Thread] DEBUG Engine               - urlGithub: https://github.com/AlmasB/FXGL
01:04:43.500 [JavaFX Application Thread] DEBUG Engine               - profileDir: profiles/
01:04:43.501 [JavaFX Application Thread] DEBUG Engine               - isDeveloperMenuEnabled: false
01:04:43.501 [JavaFX Application Thread] DEBUG Engine               - globalSoundVolumeProperty: DoubleProperty [value: 0.5]
01:04:43.501 [JavaFX Application Thread] DEBUG Engine               - isBrowser: false
01:04:43.501 [JavaFX Application Thread] DEBUG Engine               - globalSoundVolume: 0.5
01:04:43.501 [JavaFX Application Thread] DEBUG Engine               - urlLeaderboard: http://fxgl-top.herokuapp.com/
01:04:43.501 [JavaFX Application Thread] DEBUG Engine               - saveDir: saves/
01:04:43.501 [JavaFX Application Thread] DEBUG Engine               - engineServices: [class com.almasb.fxgl.audio.AudioPlayer, class com.almasb.fxgl.notification.impl.NotificationServiceProvider, class com.almasb.fxgl.achievement.AchievementManager, class com.almasb.fxgl.cutscene.CutsceneService, class com.almasb.fxgl.minigames.MiniGameService]
01:04:43.501 [JavaFX Application Thread] DEBUG Engine               - globalMusicVolume: 0.5
01:04:43.501 [JavaFX Application Thread] DEBUG Engine               - width: 1050
01:04:43.501 [JavaFX Application Thread] DEBUG Engine               - saveFileExt: .sav
01:04:43.501 [JavaFX Application Thread] DEBUG Engine               - isAndroid: false
01:04:43.501 [JavaFX Application Thread] DEBUG Engine               - fontUI: VarelaRound-Regular.ttf
01:04:43.502 [JavaFX Application Thread] DEBUG Engine               - enabledMenuItems: []
01:04:43.502 [JavaFX Application Thread] DEBUG Engine               - isIOS: false
01:04:43.504 [JavaFX Application Thread] DEBUG Engine               - Adding new engine service: class com.almasb.fxgl.audio.AudioPlayer
01:04:43.505 [JavaFX Application Thread] DEBUG Engine               - Adding new engine service: class com.almasb.fxgl.notification.impl.NotificationServiceProvider
01:04:43.505 [JavaFX Application Thread] DEBUG Engine               - Adding new engine service: class com.almasb.fxgl.achievement.AchievementManager
01:04:43.506 [JavaFX Application Thread] DEBUG Engine               - Adding new engine service: class com.almasb.fxgl.cutscene.CutsceneService
01:04:43.506 [JavaFX Application Thread] DEBUG Engine               - Adding new engine service: class com.almasb.fxgl.minigames.MiniGameService
01:04:43.509 [JavaFX Application Thread] DEBUG Engine               - Loading localizations
01:04:43.511 [JavaFX Application Thread] DEBUG AssetLoader          - Loading from file system: /assets/properties/languages/english.properties
01:04:43.513 [JavaFX Application Thread] DEBUG AssetLoader          - Loading from file system: /assets/properties/languages/french.properties
01:04:43.515 [JavaFX Application Thread] DEBUG AssetLoader          - Loading from file system: /assets/properties/languages/german.properties
01:04:43.516 [JavaFX Application Thread] DEBUG AssetLoader          - Loading from file system: /assets/properties/languages/russian.properties
01:04:43.517 [JavaFX Application Thread] DEBUG AssetLoader          - Loading from file system: /assets/properties/languages/hungarian.properties
01:04:43.519 [JavaFX Application Thread] DEBUG Engine               - Registering font factories
01:04:43.519 [JavaFX Application Thread] DEBUG AssetLoader          - Loading from file system: /assets/ui/fonts/VarelaRound-Regular.ttf
01:04:43.674 [JavaFX Application Thread] DEBUG AssetLoader          - Loading from file system: /assets/ui/fonts/Abel-Regular.ttf
01:04:43.677 [JavaFX Application Thread] DEBUG AssetLoader          - Loading from file system: /assets/ui/fonts/lucida_console.ttf
01:04:43.682 [JavaFX Application Thread] DEBUG AssetLoader          - Loading from file system: /assets/ui/fonts/Courier-Prime.ttf
01:04:43.685 [JavaFX Application Thread] DEBUG Engine               - Setting UI factory
01:04:43.775 [JavaFX Application Thread] DEBUG AssetLoader          - Loading from file system: /assets/textures/fxgl_logo.png
01:04:43.831 [JavaFX Application Thread] DEBUG MainWindow           - Creating a JavaFX scene
01:04:43.879 [JavaFX Application Thread] DEBUG MainWindow           - Target settings size: 1050.0 x 700.0
01:04:43.879 [JavaFX Application Thread] DEBUG MainWindow           - Scaled scene size:    1050.0 x 700.0
01:04:43.879 [JavaFX Application Thread] DEBUG MainWindow           - Scaled ratio: (1.0, 1.0)
01:04:43.880 [JavaFX Application Thread] DEBUG MainWindow           - Set initial scene to FXGLStartupScene
01:04:43.887 [JavaFX Application Thread] DEBUG AssetLoader          - Loading from file system: /assets/textures/fxgl_icon.png
01:04:43.899 [JavaFX Application Thread] DEBUG Engine               - Applying CSS: fxgl_dark.css
01:04:43.899 [JavaFX Application Thread] DEBUG AssetLoader          - Loading from file system: /assets/ui/css/fxgl_dark.css
01:04:43.903 [JavaFX Application Thread] DEBUG AssetLoader          - Loading from file system: /assets/ui/cursors/fxgl_default.png
01:04:43.904 [JavaFX Application Thread] DEBUG MainWindow           - Opening main window
01:04:44.054 [JavaFX Application Thread] DEBUG MainWindow           - Window border size: (16.0, 39.0)
01:04:44.054 [JavaFX Application Thread] DEBUG MainWindow           - Scaled size: 1050.0 x 700.0
01:04:44.054 [JavaFX Application Thread] DEBUG MainWindow           - Scaled ratio: (1.0, 1.0)
01:04:44.054 [JavaFX Application Thread] DEBUG MainWindow           - Scene size: 1050.0 x 700.0
01:04:44.054 [JavaFX Application Thread] DEBUG MainWindow           - Stage size: 1066.0 x 739.0
01:04:44.103 [FXGL Background Thread 1 ] DEBUG FS                   - Loaded FSServiceImpl
01:04:44.104 [FXGL Background Thread 1 ] DEBUG Engine               - Loading FXGL system data
01:04:44.108 [FXGL Background Thread 1 ] DEBUG FSServiceImpl        - Reading from: G:\Desk\Projects\FXGLPlatformer\system\fxgl.bundle
01:04:44.126 [FXGL Background Thread 1 ] DEBUG Engine               - Bundle FXGL: {}
01:04:44.126 [FXGL Background Thread 1 ] DEBUG Engine               - Initializing application scenes
01:04:44.160 [FXGL Background Thread 1 ] DEBUG GameWorld            - Game world initialized
01:04:44.211 [FXGL Background Thread 1 ] DEBUG PhysicsWorld         - Physics world initialized: appHeight=700, physics.ppm=50.0
01:04:44.214 [FXGL Background Thread 1 ] DEBUG GameScene            - Game scene initialized: 1050x700
01:04:44.243 [FXGL Background Thread 1 ] DEBUG Input                - Registered new binding: Resume - Esc
01:04:44.243 [FXGL Background Thread 1 ] DEBUG AssetLoader          - Loading from file system: /assets/textures/pause_menu_bg.png
01:04:44.264 [FXGL Background Thread 1 ] DEBUG Input                - Registered new binding: Pause - Esc
01:04:44.264 [FXGL Background Thread 1 ] DEBUG Engine               - Application scenes initialized
01:04:44.267 [JavaFX Application Thread] DEBUG Engine               - Running preInit()
01:04:44.267 [JavaFX Application Thread] DEBUG Input                - Registered new binding: Right - D
01:04:44.267 [JavaFX Application Thread] DEBUG Input                - Registered new binding: Left - A
01:04:44.268 [JavaFX Application Thread] DEBUG Input                - Registered new binding: Jump - Space
01:04:44.268 [JavaFX Application Thread] DEBUG Input                - Registered new binding: Screenshot - P
01:04:44.268 [JavaFX Application Thread] DEBUG Input                - Registered new binding: System info dump - CTRL+9
01:04:44.269 [JavaFX Application Thread] DEBUG Input                - Registered new binding: Restart - CTRL+R
01:04:44.269 [JavaFX Application Thread] DEBUG Engine               - generateDefaultProfile()
01:04:44.269 [JavaFX Application Thread] DEBUG Engine               - Creating default profile
01:04:44.269 [JavaFX Application Thread] DEBUG EventBus             - Firing event: SaveEvent
01:04:44.279 [JavaFX Application Thread] INFO  Engine               - FXGL initialization took: 0.770 sec
01:04:44.279 [JavaFX Application Thread] DEBUG LoopRunner           - Starting loop
01:04:44.290 [JavaFX Application Thread] DEBUG FXGLStartupScene     - STARTUP
01:04:44.290 [JavaFX Application Thread] DEBUG Engine               - Starting new game
01:04:44.297 [JavaFX Application Thread] DEBUG Input                - Clearing active input actions
01:04:44.298 [FXGL Background Thread 1 ] DEBUG InitAppTask          - Clearing previous game
01:04:44.298 [FXGL Background Thread 1 ] DEBUG GameWorld            - Clearing game world
01:04:44.298 [FXGL Background Thread 1 ] DEBUG PhysicsWorld         - Clearing physics world
01:04:44.298 [FXGL Background Thread 1 ] DEBUG GameScene            - Clearing game scene
01:04:44.298 [FXGL Background Thread 1 ] DEBUG InitAppTask          - Initializing Game
01:04:44.306 [JavaFX Application Thread] DEBUG Engine               - Removing overlay from FXGLStartupScene and adding to LoadingScene
01:04:44.307 [JavaFX Application Thread] DEBUG MainWindow           - FXGLStartupScene -> LoadingScene
01:04:44.306 [FXGL Background Thread 1 ] DEBUG AssetLoader          - Loading from file system: /assets/levels/TestLevel.tmx
01:04:44.330 [FXGL Background Thread 1 ] WARN  TMXLevelLoader       - TiledMap generated from 1.3.4. Supported version: 1.2.3. Some features may not be parsed fully.
01:04:44.355 [FXGL Background Thread 1 ] DEBUG TMXLevelLoader       - Parsed raw map: TiledMap(width=15, height=10, tilewidth=64, tileheight=64, orientation=orthogonal, layers=[Layer(width=15, height=10, name=Kachelebene 1, type=tilelayer, visible=false, x=0, y=0, data=[4, 25, 25, 25, 25, 25, 25, 25, 25, 25, 25, 25, 25, 25, 5, 27, 0, 0, 0, 0, 0, 0, 0, 0, 0, 0, 0, 0, 0, 26, 27, 0, 0, 0, 0, 0, 0, 0, 0, 0, 0, 0, 0, 0, 26, 27, 0, 0, 0, 0, 0, 0, 0, 0, 0, 0, 0, 0, 0, 26, 27, 0, 0, 0, 0, 0, 0, 0, 0, 0, 0, 0, 0, 0, 26, 27, 0, 0, 0, 0, 0, 0, 0, 0, 0, 37, 38, 38, 39, 26, 27, 0, 0, 0, 0, 0, 0, 37, 38, 39, 0, 0, 0, 0, 26, 27, 0, 0, 37, 38, 39, 0, 0, 0, 0, 0, 0, 0, 0, 26, 27, 0, 0, 0, 0, 0, 0, 0, 0, 0, 0, 0, 0, 0, 26, 16, 1, 1, 1, 1, 1, 1, 1, 1, 1, 1, 1, 1, 1, 17], objects=[], opacity=0.0, draworder=), Layer(width=0, height=0, name=Objektebene 1, type=objectgroup, visible=false, x=0, y=0, data=[], objects=[com.almasb.fxgl.entity.level.tiled.TiledObject@c695084, com.almasb.fxgl.entity.level.tiled.TiledObject@7e523c94, com.almasb.fxgl.entity.level.tiled.TiledObject@6e65f03a, com.almasb.fxgl.entity.level.tiled.TiledObject@1ae955da, com.almasb.fxgl.entity.level.tiled.TiledObject@5cc2db73, com.almasb.fxgl.entity.level.tiled.TiledObject@331bfae3, com.almasb.fxgl.entity.level.tiled.TiledObject@72be389a, com.almasb.fxgl.entity.level.tiled.TiledObject@2229f492, com.almasb.fxgl.entity.level.tiled.TiledObject@687abae7, com.almasb.fxgl.entity.level.tiled.TiledObject@45a89e9, com.almasb.fxgl.entity.level.tiled.TiledObject@7a31b10, com.almasb.fxgl.entity.level.tiled.TiledObject@6ac3e212], opacity=0.0, draworder=)], tilesets=[Tileset(firstgid=1, image=C:/Users/Jordan/Desktop/forest.png, name=Forrest, tilewidth=64, tileheight=64, imagewidth=768, imageheight=256, margin=0, spacing=0, columns=12, tilecount=48, transparentcolor=)], backgroundcolor=, renderorder=right-down, nextobjectid=31, version=1, tiledversion=1.3.4, type=map, infinite=false, properties={}, propertytypes={})
01:04:44.356 [FXGL Background Thread 1 ] DEBUG TMXLevelLoader       - Creating tile layer entities
01:04:44.356 [FXGL Background Thread 1 ] DEBUG TilesetLoader        - Loading view for layer Kachelebene 1
01:04:44.359 [FXGL Background Thread 1 ] DEBUG TilesetLoader        - Created buffer with size 960.0x640.0
01:04:44.366 [FXGL Background Thread 1 ] DEBUG TilesetLoader        - Writing to buffer: dst=0,0, w=64,h=64, src=192,0
01:04:44.369 [FXGL Background Thread 1 ] DEBUG TilesetLoader        - Writing to buffer: dst=64,0, w=64,h=64, src=0,128
01:04:44.369 [FXGL Background Thread 1 ] DEBUG TilesetLoader        - Writing to buffer: dst=128,0, w=64,h=64, src=0,128
01:04:44.369 [FXGL Background Thread 1 ] DEBUG TilesetLoader        - Writing to buffer: dst=192,0, w=64,h=64, src=0,128
01:04:44.369 [FXGL Background Thread 1 ] DEBUG TilesetLoader        - Writing to buffer: dst=256,0, w=64,h=64, src=0,128
01:04:44.369 [FXGL Background Thread 1 ] DEBUG TilesetLoader        - Writing to buffer: dst=320,0, w=64,h=64, src=0,128
01:04:44.369 [FXGL Background Thread 1 ] DEBUG TilesetLoader        - Writing to buffer: dst=384,0, w=64,h=64, src=0,128
01:04:44.369 [FXGL Background Thread 1 ] DEBUG TilesetLoader        - Writing to buffer: dst=448,0, w=64,h=64, src=0,128
01:04:44.369 [FXGL Background Thread 1 ] DEBUG TilesetLoader        - Writing to buffer: dst=512,0, w=64,h=64, src=0,128
01:04:44.369 [FXGL Background Thread 1 ] DEBUG TilesetLoader        - Writing to buffer: dst=576,0, w=64,h=64, src=0,128
01:04:44.369 [FXGL Background Thread 1 ] DEBUG TilesetLoader        - Writing to buffer: dst=640,0, w=64,h=64, src=0,128
01:04:44.369 [FXGL Background Thread 1 ] DEBUG TilesetLoader        - Writing to buffer: dst=704,0, w=64,h=64, src=0,128
01:04:44.369 [FXGL Background Thread 1 ] DEBUG TilesetLoader        - Writing to buffer: dst=768,0, w=64,h=64, src=0,128
01:04:44.369 [FXGL Background Thread 1 ] DEBUG TilesetLoader        - Writing to buffer: dst=832,0, w=64,h=64, src=0,128
01:04:44.369 [FXGL Background Thread 1 ] DEBUG TilesetLoader        - Writing to buffer: dst=896,0, w=64,h=64, src=256,0
01:04:44.370 [FXGL Background Thread 1 ] DEBUG TilesetLoader        - Writing to buffer: dst=0,64, w=64,h=64, src=128,128
01:04:44.370 [FXGL Background Thread 1 ] DEBUG TilesetLoader        - Writing to buffer: dst=896,64, w=64,h=64, src=64,128
01:04:44.370 [FXGL Background Thread 1 ] DEBUG TilesetLoader        - Writing to buffer: dst=0,128, w=64,h=64, src=128,128
01:04:44.370 [FXGL Background Thread 1 ] DEBUG TilesetLoader        - Writing to buffer: dst=896,128, w=64,h=64, src=64,128
01:04:44.370 [FXGL Background Thread 1 ] DEBUG TilesetLoader        - Writing to buffer: dst=0,192, w=64,h=64, src=128,128
01:04:44.370 [FXGL Background Thread 1 ] DEBUG TilesetLoader        - Writing to buffer: dst=896,192, w=64,h=64, src=64,128
01:04:44.370 [FXGL Background Thread 1 ] DEBUG TilesetLoader        - Writing to buffer: dst=0,256, w=64,h=64, src=128,128
01:04:44.370 [FXGL Background Thread 1 ] DEBUG TilesetLoader        - Writing to buffer: dst=896,256, w=64,h=64, src=64,128
01:04:44.370 [FXGL Background Thread 1 ] DEBUG TilesetLoader        - Writing to buffer: dst=0,320, w=64,h=64, src=128,128
01:04:44.370 [FXGL Background Thread 1 ] DEBUG TilesetLoader        - Writing to buffer: dst=640,320, w=64,h=64, src=0,192
01:04:44.370 [FXGL Background Thread 1 ] DEBUG TilesetLoader        - Writing to buffer: dst=704,320, w=64,h=64, src=64,192
01:04:44.370 [FXGL Background Thread 1 ] DEBUG TilesetLoader        - Writing to buffer: dst=768,320, w=64,h=64, src=64,192
01:04:44.370 [FXGL Background Thread 1 ] DEBUG TilesetLoader        - Writing to buffer: dst=832,320, w=64,h=64, src=128,192
01:04:44.370 [FXGL Background Thread 1 ] DEBUG TilesetLoader        - Writing to buffer: dst=896,320, w=64,h=64, src=64,128
01:04:44.370 [FXGL Background Thread 1 ] DEBUG TilesetLoader        - Writing to buffer: dst=0,384, w=64,h=64, src=128,128
01:04:44.370 [FXGL Background Thread 1 ] DEBUG TilesetLoader        - Writing to buffer: dst=448,384, w=64,h=64, src=0,192
01:04:44.371 [FXGL Background Thread 1 ] DEBUG TilesetLoader        - Writing to buffer: dst=512,384, w=64,h=64, src=64,192
01:04:44.371 [FXGL Background Thread 1 ] DEBUG TilesetLoader        - Writing to buffer: dst=576,384, w=64,h=64, src=128,192
01:04:44.371 [FXGL Background Thread 1 ] DEBUG TilesetLoader        - Writing to buffer: dst=896,384, w=64,h=64, src=64,128
01:04:44.371 [FXGL Background Thread 1 ] DEBUG TilesetLoader        - Writing to buffer: dst=0,448, w=64,h=64, src=128,128
01:04:44.371 [FXGL Background Thread 1 ] DEBUG TilesetLoader        - Writing to buffer: dst=192,448, w=64,h=64, src=0,192
01:04:44.371 [FXGL Background Thread 1 ] DEBUG TilesetLoader        - Writing to buffer: dst=256,448, w=64,h=64, src=64,192
01:04:44.371 [FXGL Background Thread 1 ] DEBUG TilesetLoader        - Writing to buffer: dst=320,448, w=64,h=64, src=128,192
01:04:44.371 [FXGL Background Thread 1 ] DEBUG TilesetLoader        - Writing to buffer: dst=896,448, w=64,h=64, src=64,128
01:04:44.371 [FXGL Background Thread 1 ] DEBUG TilesetLoader        - Writing to buffer: dst=0,512, w=64,h=64, src=128,128
01:04:44.371 [FXGL Background Thread 1 ] DEBUG TilesetLoader        - Writing to buffer: dst=896,512, w=64,h=64, src=64,128
01:04:44.371 [FXGL Background Thread 1 ] DEBUG TilesetLoader        - Writing to buffer: dst=0,576, w=64,h=64, src=192,64
01:04:44.371 [FXGL Background Thread 1 ] DEBUG TilesetLoader        - Writing to buffer: dst=64,576, w=64,h=64, src=0,0
01:04:44.371 [FXGL Background Thread 1 ] DEBUG TilesetLoader        - Writing to buffer: dst=128,576, w=64,h=64, src=0,0
01:04:44.371 [FXGL Background Thread 1 ] DEBUG TilesetLoader        - Writing to buffer: dst=192,576, w=64,h=64, src=0,0
01:04:44.371 [FXGL Background Thread 1 ] DEBUG TilesetLoader        - Writing to buffer: dst=256,576, w=64,h=64, src=0,0
01:04:44.371 [FXGL Background Thread 1 ] DEBUG TilesetLoader        - Writing to buffer: dst=320,576, w=64,h=64, src=0,0
01:04:44.371 [FXGL Background Thread 1 ] DEBUG TilesetLoader        - Writing to buffer: dst=384,576, w=64,h=64, src=0,0
01:04:44.372 [FXGL Background Thread 1 ] DEBUG TilesetLoader        - Writing to buffer: dst=448,576, w=64,h=64, src=0,0
01:04:44.372 [FXGL Background Thread 1 ] DEBUG TilesetLoader        - Writing to buffer: dst=512,576, w=64,h=64, src=0,0
01:04:44.372 [FXGL Background Thread 1 ] DEBUG TilesetLoader        - Writing to buffer: dst=576,576, w=64,h=64, src=0,0
01:04:44.372 [FXGL Background Thread 1 ] DEBUG TilesetLoader        - Writing to buffer: dst=640,576, w=64,h=64, src=0,0
01:04:44.372 [FXGL Background Thread 1 ] DEBUG TilesetLoader        - Writing to buffer: dst=704,576, w=64,h=64, src=0,0
01:04:44.372 [FXGL Background Thread 1 ] DEBUG TilesetLoader        - Writing to buffer: dst=768,576, w=64,h=64, src=0,0
01:04:44.372 [FXGL Background Thread 1 ] DEBUG TilesetLoader        - Writing to buffer: dst=832,576, w=64,h=64, src=0,0
01:04:44.372 [FXGL Background Thread 1 ] DEBUG TilesetLoader        - Writing to buffer: dst=896,576, w=64,h=64, src=256,64
01:04:44.372 [FXGL Background Thread 1 ] DEBUG TMXLevelLoader       - Creating object layer entities
01:04:44.395 [FXGL Background Thread 1 ] DEBUG GameWorld            - Clearing removable entities
01:04:44.395 [FXGL Background Thread 1 ] DEBUG GameWorld            - Setting level: com.almasb.fxgl.entity.level.Level@4084831e
01:04:44.419 [FXGL Background Thread 1 ] DEBUG AssetLoader          - Loading from file system: /assets/textures/adventurer-Sheet.png
01:04:44.425 [FXGL Background Thread 1 ] DEBUG AssetLoader          - Loading from cache: /assets/textures/adventurer-Sheet.png
01:04:44.425 [FXGL Background Thread 1 ] DEBUG AssetLoader          - Loading from cache: /assets/textures/adventurer-Sheet.png
01:04:44.426 [FXGL Background Thread 1 ] DEBUG InitAppTask          - Initializing Physics
01:04:44.427 [FXGL Background Thread 1 ] DEBUG InitAppTask          - Initializing UI
01:04:44.429 [FXGL Background Thread 1 ] DEBUG InitAppTask          - Initialization Complete
01:04:44.429 [FXGL Background Thread 1 ] INFO  InitAppTask          - Game initialization took: 0.132 sec
01:04:44.444 [JavaFX Application Thread] DEBUG Input                - Clearing active input actions
01:04:44.468 [JavaFX Application Thread] DEBUG Engine               - Removing overlay from LoadingScene and adding to GameScene
01:04:44.468 [JavaFX Application Thread] DEBUG MainWindow           - LoadingScene -> GameScene
01:04:48.788 [JavaFX Application Thread] DEBUG Engine               - Exiting FXGL
01:04:48.788 [JavaFX Application Thread] DEBUG Engine               - Shutting down background threads
01:04:48.788 [JavaFX Application Thread] DEBUG Engine               - Saving FXGL system data
01:04:48.790 [JavaFX Application Thread] DEBUG FSServiceImpl        - Writing to: G:\Desk\Projects\FXGLPlatformer\system\fxgl.bundle
01:04:48.792 [JavaFX Application Thread] DEBUG Engine               - Closing logger and exiting JavaFX
