13:46:07.253 [main                     ] DEBUG GameApplication      - Logger initialized
13:46:07.270 [main                     ] DEBUG GameApplication      - Logging settings
Title: JumpToBeat-Demo
Version: 0.1
Width: 1050
Height: 700
Fullscreen: false
Intro: false
Menus: false
Profiling: false
Single step:false
App Mode: DEVELOPER
Menu Key: ESCAPE
Stage Style: DECORATED
Scene Factory: class com.almasb.fxgl.app.SceneFactory
Dialog Factory: class com.almasb.fxgl.ui.FXGLDialogFactory
UI Factory: class com.almasb.fxgl.ui.FXGLUIFactory

13:46:07.765 [JavaFX Application Thread] DEBUG Engine               - Initializing FXGL
13:46:07.766 [JavaFX Application Thread] INFO  Engine               - FXGL-11.7 (05.01.2020 09.37) on WINDOWS (J:11.0.5 FX:12.0.1)
13:46:07.766 [JavaFX Application Thread] INFO  Engine               - Source code and latest versions at: https://github.com/AlmasB/FXGL
13:46:07.766 [JavaFX Application Thread] INFO  Engine               -              Join the FXGL chat at: https://gitter.im/AlmasB/FXGL
13:46:07.766 [JavaFX Application Thread] DEBUG Engine               - Initializing environment variables
13:46:07.768 [JavaFX Application Thread] DEBUG Engine               - Logging environment variables
13:46:07.769 [JavaFX Application Thread] DEBUG Engine               - achievements: []
13:46:07.769 [JavaFX Application Thread] DEBUG Engine               - sceneStack: com.almasb.fxgl.app.Engine@3f3d5681
13:46:07.769 [JavaFX Application Thread] DEBUG Engine               - language: ObjectProperty [value: ENGLISH]
13:46:07.769 [JavaFX Application Thread] DEBUG Engine               - isCloseConfirmation: false
13:46:07.769 [JavaFX Application Thread] DEBUG Engine               - isProfilingEnabled: false
13:46:07.769 [JavaFX Application Thread] DEBUG Engine               - soundNotification: core/notification.wav
13:46:07.769 [JavaFX Application Thread] DEBUG Engine               - devShowBBoxProperty: BooleanProperty [value: false]
13:46:07.770 [JavaFX Application Thread] DEBUG Engine               - pixelsPerMeter: 50.0
13:46:07.771 [JavaFX Application Thread] DEBUG Engine               - overlayRoot: Group@4fdf0043
13:46:07.771 [JavaFX Application Thread] DEBUG Engine               - appIcon: fxgl_icon.png
13:46:07.771 [JavaFX Application Thread] DEBUG Engine               - soundMenuBack: menu/back.wav
13:46:07.771 [JavaFX Application Thread] DEBUG Engine               - isFullScreenAllowed: false
13:46:07.771 [JavaFX Application Thread] DEBUG Engine               - isIntroEnabled: false
13:46:07.771 [JavaFX Application Thread] DEBUG Engine               - eventBus: com.almasb.fxgl.event.EventBus@4f9292e2
13:46:07.771 [JavaFX Application Thread] DEBUG Engine               - fontMono: lucida_console.ttf
13:46:07.771 [JavaFX Application Thread] DEBUG Engine               - soundMenuSelect: menu/select.wav
13:46:07.771 [JavaFX Application Thread] DEBUG Engine               - isWindows: true
13:46:07.772 [JavaFX Application Thread] DEBUG Engine               - isMobile: false
13:46:07.772 [JavaFX Application Thread] DEBUG Engine               - height: 700
13:46:07.772 [JavaFX Application Thread] DEBUG Engine               - isExperimentalNative: false
13:46:07.772 [JavaFX Application Thread] DEBUG Engine               - cSSList: [fxgl_dark.css]
13:46:07.772 [JavaFX Application Thread] DEBUG Engine               - isSingleStep: false
13:46:07.772 [JavaFX Application Thread] DEBUG Engine               - fontGame: Abel-Regular.ttf
13:46:07.772 [JavaFX Application Thread] DEBUG Engine               - menuKey: ESCAPE
13:46:07.772 [JavaFX Application Thread] DEBUG Engine               - devShowPositionProperty: BooleanProperty [value: false]
13:46:07.772 [JavaFX Application Thread] DEBUG Engine               - versionCheckDays: 7
13:46:07.772 [JavaFX Application Thread] DEBUG Engine               - masterTimer: com.almasb.fxgl.time.Timer@1ace4ccf
13:46:07.773 [JavaFX Application Thread] DEBUG Engine               - configClass: Optional.empty
13:46:07.773 [JavaFX Application Thread] DEBUG Engine               - isFullScreenFromStart: false
13:46:07.773 [JavaFX Application Thread] DEBUG Engine               - version: 0.1
13:46:07.773 [JavaFX Application Thread] DEBUG Engine               - fullScreen: BooleanProperty [value: false]
13:46:07.773 [JavaFX Application Thread] DEBUG Engine               - randomSeed: -1
13:46:07.773 [JavaFX Application Thread] DEBUG Engine               - dialogFactory: com.almasb.fxgl.ui.FXGLDialogFactory@13a921ff
13:46:07.773 [JavaFX Application Thread] DEBUG Engine               - applicationMode: DEVELOPER
13:46:07.773 [JavaFX Application Thread] DEBUG Engine               - isMac: false
13:46:07.773 [JavaFX Application Thread] DEBUG Engine               - urlGoogleForms: https://goo.gl/forms/6wrMnOBxTE1fEpOy2
13:46:07.773 [JavaFX Application Thread] DEBUG Engine               - isMenuEnabled: false
13:46:07.773 [JavaFX Application Thread] DEBUG Engine               - urlPOM: https://raw.githubusercontent.com/AlmasB/FXGL/master/pom.xml
13:46:07.774 [JavaFX Application Thread] DEBUG Engine               - profileName: user.profile
13:46:07.774 [JavaFX Application Thread] DEBUG Engine               - notificationViewClass: class com.almasb.fxgl.notification.view.XboxNotificationView
13:46:07.774 [JavaFX Application Thread] DEBUG Engine               - devSensorColorProperty: ObjectProperty [value: 0xffff00ff]
13:46:07.774 [JavaFX Application Thread] DEBUG Engine               - sceneFactory: com.almasb.fxgl.app.SceneFactory@2443e6d1
13:46:07.774 [JavaFX Application Thread] DEBUG Engine               - dataFileExt: .dat
13:46:07.774 [JavaFX Application Thread] DEBUG Engine               - stageStyle: DECORATED
13:46:07.774 [JavaFX Application Thread] DEBUG Engine               - isManualResizeEnabled: false
13:46:07.774 [JavaFX Application Thread] DEBUG Engine               - title: JumpToBeat-Demo
13:46:07.775 [JavaFX Application Thread] DEBUG Engine               - platform: WINDOWS
13:46:07.775 [JavaFX Application Thread] DEBUG Engine               - devBBoxColorProperty: ObjectProperty [value: 0xff0000ff]
13:46:07.775 [JavaFX Application Thread] DEBUG Engine               - isDesktop: true
13:46:07.775 [JavaFX Application Thread] DEBUG Engine               - credits: []
13:46:07.775 [JavaFX Application Thread] DEBUG Engine               - globalMusicVolumeProperty: DoubleProperty [value: 0.5]
13:46:07.775 [JavaFX Application Thread] DEBUG Engine               - uIFactory: com.almasb.fxgl.ui.FXGLUIFactory@7f9d6539
13:46:07.775 [JavaFX Application Thread] DEBUG Engine               - isPreserveResizeRatio: false
13:46:07.775 [JavaFX Application Thread] DEBUG Engine               - fontText: Courier-Prime.ttf
13:46:07.775 [JavaFX Application Thread] DEBUG Engine               - isExperimentalTiledLargeMap: false
13:46:07.775 [JavaFX Application Thread] DEBUG Engine               - secondsIn24h: 60
13:46:07.775 [JavaFX Application Thread] DEBUG Engine               - runtimeInfo: RuntimeInfo(platform=WINDOWS, version=11.7, build=05.01.2020 09.37)
13:46:07.775 [JavaFX Application Thread] DEBUG Engine               - soundMenuPress: menu/press.wav
13:46:07.775 [JavaFX Application Thread] DEBUG Engine               - isLinux: false
13:46:07.776 [JavaFX Application Thread] DEBUG Engine               - urlGithub: https://github.com/AlmasB/FXGL
13:46:07.776 [JavaFX Application Thread] DEBUG Engine               - profileDir: profiles/
13:46:07.776 [JavaFX Application Thread] DEBUG Engine               - isDeveloperMenuEnabled: false
13:46:07.776 [JavaFX Application Thread] DEBUG Engine               - globalSoundVolumeProperty: DoubleProperty [value: 0.5]
13:46:07.776 [JavaFX Application Thread] DEBUG Engine               - isBrowser: false
13:46:07.776 [JavaFX Application Thread] DEBUG Engine               - globalSoundVolume: 0.5
13:46:07.776 [JavaFX Application Thread] DEBUG Engine               - urlLeaderboard: http://fxgl-top.herokuapp.com/
13:46:07.776 [JavaFX Application Thread] DEBUG Engine               - saveDir: saves/
13:46:07.776 [JavaFX Application Thread] DEBUG Engine               - engineServices: [class com.almasb.fxgl.audio.AudioPlayer, class com.almasb.fxgl.notification.impl.NotificationServiceProvider, class com.almasb.fxgl.achievement.AchievementManager, class com.almasb.fxgl.cutscene.CutsceneService, class com.almasb.fxgl.minigames.MiniGameService]
13:46:07.776 [JavaFX Application Thread] DEBUG Engine               - globalMusicVolume: 0.5
13:46:07.776 [JavaFX Application Thread] DEBUG Engine               - width: 1050
13:46:07.776 [JavaFX Application Thread] DEBUG Engine               - saveFileExt: .sav
13:46:07.776 [JavaFX Application Thread] DEBUG Engine               - isAndroid: false
13:46:07.776 [JavaFX Application Thread] DEBUG Engine               - fontUI: VarelaRound-Regular.ttf
13:46:07.777 [JavaFX Application Thread] DEBUG Engine               - enabledMenuItems: []
13:46:07.777 [JavaFX Application Thread] DEBUG Engine               - isIOS: false
13:46:07.779 [JavaFX Application Thread] DEBUG Engine               - Adding new engine service: class com.almasb.fxgl.audio.AudioPlayer
13:46:07.780 [JavaFX Application Thread] DEBUG Engine               - Adding new engine service: class com.almasb.fxgl.notification.impl.NotificationServiceProvider
13:46:07.780 [JavaFX Application Thread] DEBUG Engine               - Adding new engine service: class com.almasb.fxgl.achievement.AchievementManager
13:46:07.781 [JavaFX Application Thread] DEBUG Engine               - Adding new engine service: class com.almasb.fxgl.cutscene.CutsceneService
13:46:07.781 [JavaFX Application Thread] DEBUG Engine               - Adding new engine service: class com.almasb.fxgl.minigames.MiniGameService
13:46:07.784 [JavaFX Application Thread] DEBUG Engine               - Loading localizations
13:46:07.786 [JavaFX Application Thread] DEBUG AssetLoader          - Loading from file system: /assets/properties/languages/english.properties
13:46:07.788 [JavaFX Application Thread] DEBUG AssetLoader          - Loading from file system: /assets/properties/languages/french.properties
13:46:07.789 [JavaFX Application Thread] DEBUG AssetLoader          - Loading from file system: /assets/properties/languages/german.properties
13:46:07.790 [JavaFX Application Thread] DEBUG AssetLoader          - Loading from file system: /assets/properties/languages/russian.properties
13:46:07.791 [JavaFX Application Thread] DEBUG AssetLoader          - Loading from file system: /assets/properties/languages/hungarian.properties
13:46:07.793 [JavaFX Application Thread] DEBUG Engine               - Registering font factories
13:46:07.793 [JavaFX Application Thread] DEBUG AssetLoader          - Loading from file system: /assets/ui/fonts/VarelaRound-Regular.ttf
13:46:07.949 [JavaFX Application Thread] DEBUG AssetLoader          - Loading from file system: /assets/ui/fonts/Abel-Regular.ttf
13:46:07.952 [JavaFX Application Thread] DEBUG AssetLoader          - Loading from file system: /assets/ui/fonts/lucida_console.ttf
13:46:07.956 [JavaFX Application Thread] DEBUG AssetLoader          - Loading from file system: /assets/ui/fonts/Courier-Prime.ttf
13:46:07.960 [JavaFX Application Thread] DEBUG Engine               - Setting UI factory
13:46:08.047 [JavaFX Application Thread] DEBUG AssetLoader          - Loading from file system: /assets/textures/fxgl_logo.png
13:46:08.102 [JavaFX Application Thread] DEBUG MainWindow           - Creating a JavaFX scene
13:46:08.149 [JavaFX Application Thread] DEBUG MainWindow           - Target settings size: 1050.0 x 700.0
13:46:08.149 [JavaFX Application Thread] DEBUG MainWindow           - Scaled scene size:    1050.0 x 700.0
13:46:08.149 [JavaFX Application Thread] DEBUG MainWindow           - Scaled ratio: (1.0, 1.0)
13:46:08.151 [JavaFX Application Thread] DEBUG MainWindow           - Set initial scene to FXGLStartupScene
13:46:08.157 [JavaFX Application Thread] DEBUG AssetLoader          - Loading from file system: /assets/textures/fxgl_icon.png
13:46:08.169 [JavaFX Application Thread] DEBUG Engine               - Applying CSS: fxgl_dark.css
13:46:08.169 [JavaFX Application Thread] DEBUG AssetLoader          - Loading from file system: /assets/ui/css/fxgl_dark.css
13:46:08.172 [JavaFX Application Thread] DEBUG AssetLoader          - Loading from file system: /assets/ui/cursors/fxgl_default.png
13:46:08.173 [JavaFX Application Thread] DEBUG MainWindow           - Opening main window
13:46:08.320 [JavaFX Application Thread] DEBUG MainWindow           - Window border size: (16.0, 39.0)
13:46:08.320 [JavaFX Application Thread] DEBUG MainWindow           - Scaled size: 1050.0 x 700.0
13:46:08.320 [JavaFX Application Thread] DEBUG MainWindow           - Scaled ratio: (1.0, 1.0)
13:46:08.320 [JavaFX Application Thread] DEBUG MainWindow           - Scene size: 1050.0 x 700.0
13:46:08.320 [JavaFX Application Thread] DEBUG MainWindow           - Stage size: 1066.0 x 739.0
13:46:08.365 [FXGL Background Thread 1 ] DEBUG FS                   - Loaded FSServiceImpl
13:46:08.365 [FXGL Background Thread 1 ] DEBUG Engine               - Loading FXGL system data
13:46:08.370 [FXGL Background Thread 1 ] DEBUG FSServiceImpl        - Reading from: G:\Desk\Projects\FXGLPlatformer\system\fxgl.bundle
13:46:08.387 [FXGL Background Thread 1 ] DEBUG Engine               - Bundle FXGL: {}
13:46:08.387 [FXGL Background Thread 1 ] DEBUG Engine               - Initializing application scenes
13:46:08.421 [FXGL Background Thread 1 ] DEBUG GameWorld            - Game world initialized
13:46:08.468 [FXGL Background Thread 1 ] DEBUG PhysicsWorld         - Physics world initialized: appHeight=700, physics.ppm=50.0
13:46:08.470 [FXGL Background Thread 1 ] DEBUG GameScene            - Game scene initialized: 1050x700
13:46:08.506 [FXGL Background Thread 1 ] DEBUG Input                - Registered new binding: Resume - Esc
13:46:08.507 [FXGL Background Thread 1 ] DEBUG AssetLoader          - Loading from file system: /assets/textures/pause_menu_bg.png
13:46:08.529 [FXGL Background Thread 1 ] DEBUG Input                - Registered new binding: Pause - Esc
13:46:08.529 [FXGL Background Thread 1 ] DEBUG Engine               - Application scenes initialized
13:46:08.531 [JavaFX Application Thread] DEBUG Engine               - Running preInit()
13:46:08.532 [JavaFX Application Thread] DEBUG Input                - Registered new binding: Right - D
13:46:08.532 [JavaFX Application Thread] DEBUG Input                - Registered new binding: Left - A
13:46:08.532 [JavaFX Application Thread] DEBUG Input                - Registered new binding: Play Sound - F
13:46:08.532 [JavaFX Application Thread] DEBUG Input                - Registered new binding: Screenshot - P
13:46:08.533 [JavaFX Application Thread] DEBUG Input                - Registered new binding: System info dump - CTRL+9
13:46:08.533 [JavaFX Application Thread] DEBUG Input                - Registered new binding: Restart - CTRL+R
13:46:08.533 [JavaFX Application Thread] DEBUG Engine               - generateDefaultProfile()
13:46:08.533 [JavaFX Application Thread] DEBUG Engine               - Creating default profile
13:46:08.533 [JavaFX Application Thread] DEBUG EventBus             - Firing event: SaveEvent
13:46:08.544 [JavaFX Application Thread] INFO  Engine               - FXGL initialization took: 0.760 sec
13:46:08.544 [JavaFX Application Thread] DEBUG LoopRunner           - Starting loop
13:46:08.550 [JavaFX Application Thread] DEBUG FXGLStartupScene     - STARTUP
13:46:08.550 [JavaFX Application Thread] DEBUG Engine               - Starting new game
13:46:08.557 [JavaFX Application Thread] DEBUG Input                - Clearing active input actions
13:46:08.557 [FXGL Background Thread 1 ] DEBUG InitAppTask          - Clearing previous game
13:46:08.557 [FXGL Background Thread 1 ] DEBUG GameWorld            - Clearing game world
13:46:08.557 [FXGL Background Thread 1 ] DEBUG PhysicsWorld         - Clearing physics world
13:46:08.557 [FXGL Background Thread 1 ] DEBUG GameScene            - Clearing game scene
13:46:08.558 [FXGL Background Thread 1 ] DEBUG InitAppTask          - Initializing Game
13:46:08.567 [JavaFX Application Thread] DEBUG Engine               - Removing overlay from FXGLStartupScene and adding to LoadingScene
13:46:08.567 [JavaFX Application Thread] DEBUG MainWindow           - FXGLStartupScene -> LoadingScene
13:46:08.571 [FXGL Background Thread 1 ] DEBUG AssetLoader          - Loading from file system: /assets/levels/TestLevel.tmx
13:46:08.596 [FXGL Background Thread 1 ] WARN  TMXLevelLoader       - TiledMap generated from 1.3.4. Supported version: 1.2.3. Some features may not be parsed fully.
13:46:08.627 [FXGL Background Thread 1 ] DEBUG TMXLevelLoader       - Parsed raw map: TiledMap(width=15, height=10, tilewidth=64, tileheight=64, orientation=orthogonal, layers=[Layer(width=15, height=10, name=Kachelebene 1, type=tilelayer, visible=false, x=0, y=0, data=[4, 25, 25, 25, 25, 25, 25, 25, 25, 25, 25, 25, 25, 25, 5, 27, 0, 0, 0, 0, 0, 0, 0, 0, 0, 0, 0, 0, 0, 26, 27, 0, 0, 0, 0, 0, 0, 0, 0, 0, 0, 0, 0, 0, 26, 27, 0, 0, 0, 0, 0, 0, 0, 0, 0, 0, 0, 0, 0, 26, 27, 0, 0, 0, 0, 0, 0, 0, 0, 0, 0, 0, 0, 0, 26, 27, 0, 0, 0, 0, 0, 0, 0, 0, 0, 37, 38, 38, 39, 26, 27, 0, 0, 0, 0, 0, 0, 37, 38, 39, 0, 0, 0, 0, 26, 27, 0, 0, 37, 38, 39, 0, 0, 0, 0, 0, 0, 0, 0, 26, 27, 0, 0, 0, 0, 0, 0, 0, 0, 0, 0, 0, 0, 0, 26, 16, 1, 1, 1, 1, 1, 1, 1, 1, 1, 1, 1, 1, 1, 17], objects=[], opacity=0.0, draworder=), Layer(width=0, height=0, name=Objektebene 1, type=objectgroup, visible=false, x=0, y=0, data=[], objects=[com.almasb.fxgl.entity.level.tiled.TiledObject@79020d27, com.almasb.fxgl.entity.level.tiled.TiledObject@48180466, com.almasb.fxgl.entity.level.tiled.TiledObject@c26c9f6, com.almasb.fxgl.entity.level.tiled.TiledObject@3782f329, com.almasb.fxgl.entity.level.tiled.TiledObject@5e00abcb, com.almasb.fxgl.entity.level.tiled.TiledObject@56b3bf59, com.almasb.fxgl.entity.level.tiled.TiledObject@6c60a500, com.almasb.fxgl.entity.level.tiled.TiledObject@4c5b181e, com.almasb.fxgl.entity.level.tiled.TiledObject@17deacad, com.almasb.fxgl.entity.level.tiled.TiledObject@5c5c9078, com.almasb.fxgl.entity.level.tiled.TiledObject@35fd6656, com.almasb.fxgl.entity.level.tiled.TiledObject@2172131f], opacity=0.0, draworder=)], tilesets=[Tileset(firstgid=1, image=C:/Users/Jordan/Desktop/forest.png, name=Forrest, tilewidth=64, tileheight=64, imagewidth=768, imageheight=256, margin=0, spacing=0, columns=12, tilecount=48, transparentcolor=)], backgroundcolor=, renderorder=right-down, nextobjectid=31, version=1, tiledversion=1.3.4, type=map, infinite=false, properties={}, propertytypes={})
13:46:08.627 [FXGL Background Thread 1 ] DEBUG TMXLevelLoader       - Creating tile layer entities
13:46:08.629 [FXGL Background Thread 1 ] DEBUG TilesetLoader        - Loading view for layer Kachelebene 1
13:46:08.631 [FXGL Background Thread 1 ] DEBUG TilesetLoader        - Created buffer with size 960.0x640.0
13:46:08.634 [FXGL Background Thread 1 ] DEBUG TilesetLoader        - Writing to buffer: dst=0,0, w=64,h=64, src=192,0
13:46:08.636 [FXGL Background Thread 1 ] DEBUG TilesetLoader        - Writing to buffer: dst=64,0, w=64,h=64, src=0,128
13:46:08.636 [FXGL Background Thread 1 ] DEBUG TilesetLoader        - Writing to buffer: dst=128,0, w=64,h=64, src=0,128
13:46:08.636 [FXGL Background Thread 1 ] DEBUG TilesetLoader        - Writing to buffer: dst=192,0, w=64,h=64, src=0,128
13:46:08.636 [FXGL Background Thread 1 ] DEBUG TilesetLoader        - Writing to buffer: dst=256,0, w=64,h=64, src=0,128
13:46:08.636 [FXGL Background Thread 1 ] DEBUG TilesetLoader        - Writing to buffer: dst=320,0, w=64,h=64, src=0,128
13:46:08.636 [FXGL Background Thread 1 ] DEBUG TilesetLoader        - Writing to buffer: dst=384,0, w=64,h=64, src=0,128
13:46:08.637 [FXGL Background Thread 1 ] DEBUG TilesetLoader        - Writing to buffer: dst=448,0, w=64,h=64, src=0,128
13:46:08.637 [FXGL Background Thread 1 ] DEBUG TilesetLoader        - Writing to buffer: dst=512,0, w=64,h=64, src=0,128
13:46:08.637 [FXGL Background Thread 1 ] DEBUG TilesetLoader        - Writing to buffer: dst=576,0, w=64,h=64, src=0,128
13:46:08.637 [FXGL Background Thread 1 ] DEBUG TilesetLoader        - Writing to buffer: dst=640,0, w=64,h=64, src=0,128
13:46:08.637 [FXGL Background Thread 1 ] DEBUG TilesetLoader        - Writing to buffer: dst=704,0, w=64,h=64, src=0,128
13:46:08.637 [FXGL Background Thread 1 ] DEBUG TilesetLoader        - Writing to buffer: dst=768,0, w=64,h=64, src=0,128
13:46:08.637 [FXGL Background Thread 1 ] DEBUG TilesetLoader        - Writing to buffer: dst=832,0, w=64,h=64, src=0,128
13:46:08.637 [FXGL Background Thread 1 ] DEBUG TilesetLoader        - Writing to buffer: dst=896,0, w=64,h=64, src=256,0
13:46:08.637 [FXGL Background Thread 1 ] DEBUG TilesetLoader        - Writing to buffer: dst=0,64, w=64,h=64, src=128,128
13:46:08.637 [FXGL Background Thread 1 ] DEBUG TilesetLoader        - Writing to buffer: dst=896,64, w=64,h=64, src=64,128
13:46:08.637 [FXGL Background Thread 1 ] DEBUG TilesetLoader        - Writing to buffer: dst=0,128, w=64,h=64, src=128,128
13:46:08.637 [FXGL Background Thread 1 ] DEBUG TilesetLoader        - Writing to buffer: dst=896,128, w=64,h=64, src=64,128
13:46:08.637 [FXGL Background Thread 1 ] DEBUG TilesetLoader        - Writing to buffer: dst=0,192, w=64,h=64, src=128,128
13:46:08.637 [FXGL Background Thread 1 ] DEBUG TilesetLoader        - Writing to buffer: dst=896,192, w=64,h=64, src=64,128
13:46:08.637 [FXGL Background Thread 1 ] DEBUG TilesetLoader        - Writing to buffer: dst=0,256, w=64,h=64, src=128,128
13:46:08.637 [FXGL Background Thread 1 ] DEBUG TilesetLoader        - Writing to buffer: dst=896,256, w=64,h=64, src=64,128
13:46:08.637 [FXGL Background Thread 1 ] DEBUG TilesetLoader        - Writing to buffer: dst=0,320, w=64,h=64, src=128,128
13:46:08.638 [FXGL Background Thread 1 ] DEBUG TilesetLoader        - Writing to buffer: dst=640,320, w=64,h=64, src=0,192
13:46:08.638 [FXGL Background Thread 1 ] DEBUG TilesetLoader        - Writing to buffer: dst=704,320, w=64,h=64, src=64,192
13:46:08.638 [FXGL Background Thread 1 ] DEBUG TilesetLoader        - Writing to buffer: dst=768,320, w=64,h=64, src=64,192
13:46:08.638 [FXGL Background Thread 1 ] DEBUG TilesetLoader        - Writing to buffer: dst=832,320, w=64,h=64, src=128,192
13:46:08.638 [FXGL Background Thread 1 ] DEBUG TilesetLoader        - Writing to buffer: dst=896,320, w=64,h=64, src=64,128
13:46:08.638 [FXGL Background Thread 1 ] DEBUG TilesetLoader        - Writing to buffer: dst=0,384, w=64,h=64, src=128,128
13:46:08.638 [FXGL Background Thread 1 ] DEBUG TilesetLoader        - Writing to buffer: dst=448,384, w=64,h=64, src=0,192
13:46:08.638 [FXGL Background Thread 1 ] DEBUG TilesetLoader        - Writing to buffer: dst=512,384, w=64,h=64, src=64,192
13:46:08.638 [FXGL Background Thread 1 ] DEBUG TilesetLoader        - Writing to buffer: dst=576,384, w=64,h=64, src=128,192
13:46:08.638 [FXGL Background Thread 1 ] DEBUG TilesetLoader        - Writing to buffer: dst=896,384, w=64,h=64, src=64,128
13:46:08.638 [FXGL Background Thread 1 ] DEBUG TilesetLoader        - Writing to buffer: dst=0,448, w=64,h=64, src=128,128
13:46:08.638 [FXGL Background Thread 1 ] DEBUG TilesetLoader        - Writing to buffer: dst=192,448, w=64,h=64, src=0,192
13:46:08.639 [FXGL Background Thread 1 ] DEBUG TilesetLoader        - Writing to buffer: dst=256,448, w=64,h=64, src=64,192
13:46:08.639 [FXGL Background Thread 1 ] DEBUG TilesetLoader        - Writing to buffer: dst=320,448, w=64,h=64, src=128,192
13:46:08.639 [FXGL Background Thread 1 ] DEBUG TilesetLoader        - Writing to buffer: dst=896,448, w=64,h=64, src=64,128
13:46:08.639 [FXGL Background Thread 1 ] DEBUG TilesetLoader        - Writing to buffer: dst=0,512, w=64,h=64, src=128,128
13:46:08.639 [FXGL Background Thread 1 ] DEBUG TilesetLoader        - Writing to buffer: dst=896,512, w=64,h=64, src=64,128
13:46:08.639 [FXGL Background Thread 1 ] DEBUG TilesetLoader        - Writing to buffer: dst=0,576, w=64,h=64, src=192,64
13:46:08.639 [FXGL Background Thread 1 ] DEBUG TilesetLoader        - Writing to buffer: dst=64,576, w=64,h=64, src=0,0
13:46:08.639 [FXGL Background Thread 1 ] DEBUG TilesetLoader        - Writing to buffer: dst=128,576, w=64,h=64, src=0,0
13:46:08.639 [FXGL Background Thread 1 ] DEBUG TilesetLoader        - Writing to buffer: dst=192,576, w=64,h=64, src=0,0
13:46:08.639 [FXGL Background Thread 1 ] DEBUG TilesetLoader        - Writing to buffer: dst=256,576, w=64,h=64, src=0,0
13:46:08.639 [FXGL Background Thread 1 ] DEBUG TilesetLoader        - Writing to buffer: dst=320,576, w=64,h=64, src=0,0
13:46:08.639 [FXGL Background Thread 1 ] DEBUG TilesetLoader        - Writing to buffer: dst=384,576, w=64,h=64, src=0,0
13:46:08.639 [FXGL Background Thread 1 ] DEBUG TilesetLoader        - Writing to buffer: dst=448,576, w=64,h=64, src=0,0
13:46:08.639 [FXGL Background Thread 1 ] DEBUG TilesetLoader        - Writing to buffer: dst=512,576, w=64,h=64, src=0,0
13:46:08.639 [FXGL Background Thread 1 ] DEBUG TilesetLoader        - Writing to buffer: dst=576,576, w=64,h=64, src=0,0
13:46:08.639 [FXGL Background Thread 1 ] DEBUG TilesetLoader        - Writing to buffer: dst=640,576, w=64,h=64, src=0,0
13:46:08.639 [FXGL Background Thread 1 ] DEBUG TilesetLoader        - Writing to buffer: dst=704,576, w=64,h=64, src=0,0
13:46:08.639 [FXGL Background Thread 1 ] DEBUG TilesetLoader        - Writing to buffer: dst=768,576, w=64,h=64, src=0,0
13:46:08.640 [FXGL Background Thread 1 ] DEBUG TilesetLoader        - Writing to buffer: dst=832,576, w=64,h=64, src=0,0
13:46:08.640 [FXGL Background Thread 1 ] DEBUG TilesetLoader        - Writing to buffer: dst=896,576, w=64,h=64, src=256,64
13:46:08.640 [FXGL Background Thread 1 ] DEBUG TMXLevelLoader       - Creating object layer entities
13:46:08.666 [FXGL Background Thread 1 ] DEBUG GameWorld            - Clearing removable entities
13:46:08.666 [FXGL Background Thread 1 ] DEBUG GameWorld            - Setting level: com.almasb.fxgl.entity.level.Level@3123584b
13:46:08.687 [FXGL Background Thread 1 ] DEBUG AssetLoader          - Loading from file system: /assets/textures/Tests/PlayerDemoIcon.png
13:46:08.692 [FXGL Background Thread 1 ] DEBUG InitAppTask          - Initializing Physics
13:46:08.694 [FXGL Background Thread 1 ] DEBUG InitAppTask          - Initializing UI
13:46:08.696 [FXGL Background Thread 1 ] DEBUG InitAppTask          - Initialization Complete
13:46:08.696 [FXGL Background Thread 1 ] INFO  InitAppTask          - Game initialization took: 0.140 sec
13:46:08.706 [JavaFX Application Thread] DEBUG Input                - Clearing active input actions
13:46:08.717 [JavaFX Application Thread] DEBUG Engine               - Removing overlay from LoadingScene and adding to GameScene
13:46:08.717 [JavaFX Application Thread] DEBUG MainWindow           - LoadingScene -> GameScene
13:46:10.455 [JavaFX Application Thread] DEBUG Engine               - Exiting FXGL
13:46:10.455 [JavaFX Application Thread] DEBUG Engine               - Shutting down background threads
13:46:10.455 [JavaFX Application Thread] DEBUG Engine               - Saving FXGL system data
13:46:10.457 [JavaFX Application Thread] DEBUG FSServiceImpl        - Writing to: G:\Desk\Projects\FXGLPlatformer\system\fxgl.bundle
13:46:10.459 [JavaFX Application Thread] DEBUG Engine               - Closing logger and exiting JavaFX
