13:52:54.691 [main                     ] DEBUG GameApplication      - Logger initialized
13:52:54.707 [main                     ] DEBUG GameApplication      - Logging settings
Title: JumpToBeat-Demo
Version: 0.1
Width: 1050
Height: 700
Fullscreen: false
Intro: false
Menus: false
Profiling: false
Single step:false
App Mode: DEVELOPER
Menu Key: ESCAPE
Stage Style: DECORATED
Scene Factory: class com.almasb.fxgl.app.SceneFactory
Dialog Factory: class com.almasb.fxgl.ui.FXGLDialogFactory
UI Factory: class com.almasb.fxgl.ui.FXGLUIFactory

13:52:55.206 [JavaFX Application Thread] DEBUG Engine               - Initializing FXGL
13:52:55.206 [JavaFX Application Thread] INFO  Engine               - FXGL-11.7 (05.01.2020 09.37) on WINDOWS (J:11.0.5 FX:12.0.1)
13:52:55.207 [JavaFX Application Thread] INFO  Engine               - Source code and latest versions at: https://github.com/AlmasB/FXGL
13:52:55.207 [JavaFX Application Thread] INFO  Engine               -              Join the FXGL chat at: https://gitter.im/AlmasB/FXGL
13:52:55.207 [JavaFX Application Thread] DEBUG Engine               - Initializing environment variables
13:52:55.209 [JavaFX Application Thread] DEBUG Engine               - Logging environment variables
13:52:55.209 [JavaFX Application Thread] DEBUG Engine               - achievements: []
13:52:55.209 [JavaFX Application Thread] DEBUG Engine               - sceneStack: com.almasb.fxgl.app.Engine@61438c0c
13:52:55.209 [JavaFX Application Thread] DEBUG Engine               - language: ObjectProperty [value: ENGLISH]
13:52:55.209 [JavaFX Application Thread] DEBUG Engine               - isCloseConfirmation: false
13:52:55.210 [JavaFX Application Thread] DEBUG Engine               - isProfilingEnabled: false
13:52:55.210 [JavaFX Application Thread] DEBUG Engine               - soundNotification: core/notification.wav
13:52:55.210 [JavaFX Application Thread] DEBUG Engine               - devShowBBoxProperty: BooleanProperty [value: false]
13:52:55.211 [JavaFX Application Thread] DEBUG Engine               - pixelsPerMeter: 50.0
13:52:55.211 [JavaFX Application Thread] DEBUG Engine               - overlayRoot: Group@37c6169b
13:52:55.211 [JavaFX Application Thread] DEBUG Engine               - soundMenuBack: menu/back.wav
13:52:55.211 [JavaFX Application Thread] DEBUG Engine               - appIcon: fxgl_icon.png
13:52:55.211 [JavaFX Application Thread] DEBUG Engine               - isFullScreenAllowed: false
13:52:55.212 [JavaFX Application Thread] DEBUG Engine               - isIntroEnabled: false
13:52:55.212 [JavaFX Application Thread] DEBUG Engine               - eventBus: com.almasb.fxgl.event.EventBus@7343a73e
13:52:55.212 [JavaFX Application Thread] DEBUG Engine               - fontMono: lucida_console.ttf
13:52:55.212 [JavaFX Application Thread] DEBUG Engine               - soundMenuSelect: menu/select.wav
13:52:55.212 [JavaFX Application Thread] DEBUG Engine               - isWindows: true
13:52:55.212 [JavaFX Application Thread] DEBUG Engine               - isMobile: false
13:52:55.212 [JavaFX Application Thread] DEBUG Engine               - height: 700
13:52:55.212 [JavaFX Application Thread] DEBUG Engine               - isExperimentalNative: false
13:52:55.212 [JavaFX Application Thread] DEBUG Engine               - isSingleStep: false
13:52:55.212 [JavaFX Application Thread] DEBUG Engine               - cSSList: [fxgl_dark.css]
13:52:55.213 [JavaFX Application Thread] DEBUG Engine               - fontGame: Abel-Regular.ttf
13:52:55.213 [JavaFX Application Thread] DEBUG Engine               - menuKey: ESCAPE
13:52:55.213 [JavaFX Application Thread] DEBUG Engine               - devShowPositionProperty: BooleanProperty [value: false]
13:52:55.213 [JavaFX Application Thread] DEBUG Engine               - versionCheckDays: 7
13:52:55.213 [JavaFX Application Thread] DEBUG Engine               - masterTimer: com.almasb.fxgl.time.Timer@e9d66b6
13:52:55.213 [JavaFX Application Thread] DEBUG Engine               - configClass: Optional.empty
13:52:55.213 [JavaFX Application Thread] DEBUG Engine               - isFullScreenFromStart: false
13:52:55.213 [JavaFX Application Thread] DEBUG Engine               - version: 0.1
13:52:55.213 [JavaFX Application Thread] DEBUG Engine               - fullScreen: BooleanProperty [value: false]
13:52:55.213 [JavaFX Application Thread] DEBUG Engine               - randomSeed: -1
13:52:55.213 [JavaFX Application Thread] DEBUG Engine               - dialogFactory: com.almasb.fxgl.ui.FXGLDialogFactory@63955c13
13:52:55.214 [JavaFX Application Thread] DEBUG Engine               - applicationMode: DEVELOPER
13:52:55.214 [JavaFX Application Thread] DEBUG Engine               - isMac: false
13:52:55.214 [JavaFX Application Thread] DEBUG Engine               - urlGoogleForms: https://goo.gl/forms/6wrMnOBxTE1fEpOy2
13:52:55.214 [JavaFX Application Thread] DEBUG Engine               - isMenuEnabled: false
13:52:55.214 [JavaFX Application Thread] DEBUG Engine               - urlPOM: https://raw.githubusercontent.com/AlmasB/FXGL/master/pom.xml
13:52:55.214 [JavaFX Application Thread] DEBUG Engine               - profileName: user.profile
13:52:55.214 [JavaFX Application Thread] DEBUG Engine               - notificationViewClass: class com.almasb.fxgl.notification.view.XboxNotificationView
13:52:55.214 [JavaFX Application Thread] DEBUG Engine               - devSensorColorProperty: ObjectProperty [value: 0xffff00ff]
13:52:55.214 [JavaFX Application Thread] DEBUG Engine               - sceneFactory: com.almasb.fxgl.app.SceneFactory@64e0fc34
13:52:55.214 [JavaFX Application Thread] DEBUG Engine               - dataFileExt: .dat
13:52:55.214 [JavaFX Application Thread] DEBUG Engine               - stageStyle: DECORATED
13:52:55.214 [JavaFX Application Thread] DEBUG Engine               - isManualResizeEnabled: false
13:52:55.215 [JavaFX Application Thread] DEBUG Engine               - title: JumpToBeat-Demo
13:52:55.215 [JavaFX Application Thread] DEBUG Engine               - platform: WINDOWS
13:52:55.215 [JavaFX Application Thread] DEBUG Engine               - devBBoxColorProperty: ObjectProperty [value: 0xff0000ff]
13:52:55.215 [JavaFX Application Thread] DEBUG Engine               - isDesktop: true
13:52:55.215 [JavaFX Application Thread] DEBUG Engine               - credits: []
13:52:55.215 [JavaFX Application Thread] DEBUG Engine               - globalMusicVolumeProperty: DoubleProperty [value: 0.5]
13:52:55.215 [JavaFX Application Thread] DEBUG Engine               - uIFactory: com.almasb.fxgl.ui.FXGLUIFactory@af4cdc1
13:52:55.215 [JavaFX Application Thread] DEBUG Engine               - isPreserveResizeRatio: false
13:52:55.215 [JavaFX Application Thread] DEBUG Engine               - fontText: Courier-Prime.ttf
13:52:55.215 [JavaFX Application Thread] DEBUG Engine               - isExperimentalTiledLargeMap: false
13:52:55.215 [JavaFX Application Thread] DEBUG Engine               - secondsIn24h: 60
13:52:55.215 [JavaFX Application Thread] DEBUG Engine               - runtimeInfo: RuntimeInfo(platform=WINDOWS, version=11.7, build=05.01.2020 09.37)
13:52:55.215 [JavaFX Application Thread] DEBUG Engine               - isLinux: false
13:52:55.216 [JavaFX Application Thread] DEBUG Engine               - soundMenuPress: menu/press.wav
13:52:55.216 [JavaFX Application Thread] DEBUG Engine               - urlGithub: https://github.com/AlmasB/FXGL
13:52:55.216 [JavaFX Application Thread] DEBUG Engine               - profileDir: profiles/
13:52:55.216 [JavaFX Application Thread] DEBUG Engine               - isDeveloperMenuEnabled: false
13:52:55.216 [JavaFX Application Thread] DEBUG Engine               - globalSoundVolumeProperty: DoubleProperty [value: 0.5]
13:52:55.216 [JavaFX Application Thread] DEBUG Engine               - isBrowser: false
13:52:55.216 [JavaFX Application Thread] DEBUG Engine               - urlLeaderboard: http://fxgl-top.herokuapp.com/
13:52:55.216 [JavaFX Application Thread] DEBUG Engine               - globalSoundVolume: 0.5
13:52:55.216 [JavaFX Application Thread] DEBUG Engine               - saveDir: saves/
13:52:55.216 [JavaFX Application Thread] DEBUG Engine               - engineServices: [class com.almasb.fxgl.audio.AudioPlayer, class com.almasb.fxgl.notification.impl.NotificationServiceProvider, class com.almasb.fxgl.achievement.AchievementManager, class com.almasb.fxgl.cutscene.CutsceneService, class com.almasb.fxgl.minigames.MiniGameService]
13:52:55.216 [JavaFX Application Thread] DEBUG Engine               - globalMusicVolume: 0.5
13:52:55.216 [JavaFX Application Thread] DEBUG Engine               - width: 1050
13:52:55.216 [JavaFX Application Thread] DEBUG Engine               - saveFileExt: .sav
13:52:55.216 [JavaFX Application Thread] DEBUG Engine               - isAndroid: false
13:52:55.217 [JavaFX Application Thread] DEBUG Engine               - fontUI: VarelaRound-Regular.ttf
13:52:55.217 [JavaFX Application Thread] DEBUG Engine               - enabledMenuItems: []
13:52:55.217 [JavaFX Application Thread] DEBUG Engine               - isIOS: false
13:52:55.219 [JavaFX Application Thread] DEBUG Engine               - Adding new engine service: class com.almasb.fxgl.audio.AudioPlayer
13:52:55.220 [JavaFX Application Thread] DEBUG Engine               - Adding new engine service: class com.almasb.fxgl.notification.impl.NotificationServiceProvider
13:52:55.221 [JavaFX Application Thread] DEBUG Engine               - Adding new engine service: class com.almasb.fxgl.achievement.AchievementManager
13:52:55.221 [JavaFX Application Thread] DEBUG Engine               - Adding new engine service: class com.almasb.fxgl.cutscene.CutsceneService
13:52:55.222 [JavaFX Application Thread] DEBUG Engine               - Adding new engine service: class com.almasb.fxgl.minigames.MiniGameService
13:52:55.224 [JavaFX Application Thread] DEBUG Engine               - Loading localizations
13:52:55.227 [JavaFX Application Thread] DEBUG AssetLoader          - Loading from file system: /assets/properties/languages/english.properties
13:52:55.229 [JavaFX Application Thread] DEBUG AssetLoader          - Loading from file system: /assets/properties/languages/french.properties
13:52:55.230 [JavaFX Application Thread] DEBUG AssetLoader          - Loading from file system: /assets/properties/languages/german.properties
13:52:55.231 [JavaFX Application Thread] DEBUG AssetLoader          - Loading from file system: /assets/properties/languages/russian.properties
13:52:55.232 [JavaFX Application Thread] DEBUG AssetLoader          - Loading from file system: /assets/properties/languages/hungarian.properties
13:52:55.234 [JavaFX Application Thread] DEBUG Engine               - Registering font factories
13:52:55.235 [JavaFX Application Thread] DEBUG AssetLoader          - Loading from file system: /assets/ui/fonts/VarelaRound-Regular.ttf
13:52:55.388 [JavaFX Application Thread] DEBUG AssetLoader          - Loading from file system: /assets/ui/fonts/Abel-Regular.ttf
13:52:55.391 [JavaFX Application Thread] DEBUG AssetLoader          - Loading from file system: /assets/ui/fonts/lucida_console.ttf
13:52:55.395 [JavaFX Application Thread] DEBUG AssetLoader          - Loading from file system: /assets/ui/fonts/Courier-Prime.ttf
13:52:55.398 [JavaFX Application Thread] DEBUG Engine               - Setting UI factory
13:52:55.485 [JavaFX Application Thread] DEBUG AssetLoader          - Loading from file system: /assets/textures/fxgl_logo.png
13:52:55.539 [JavaFX Application Thread] DEBUG MainWindow           - Creating a JavaFX scene
13:52:55.592 [JavaFX Application Thread] DEBUG MainWindow           - Target settings size: 1050.0 x 700.0
13:52:55.592 [JavaFX Application Thread] DEBUG MainWindow           - Scaled scene size:    1050.0 x 700.0
13:52:55.592 [JavaFX Application Thread] DEBUG MainWindow           - Scaled ratio: (1.0, 1.0)
13:52:55.594 [JavaFX Application Thread] DEBUG MainWindow           - Set initial scene to FXGLStartupScene
13:52:55.600 [JavaFX Application Thread] DEBUG AssetLoader          - Loading from file system: /assets/textures/fxgl_icon.png
13:52:55.612 [JavaFX Application Thread] DEBUG Engine               - Applying CSS: fxgl_dark.css
13:52:55.613 [JavaFX Application Thread] DEBUG AssetLoader          - Loading from file system: /assets/ui/css/fxgl_dark.css
13:52:55.616 [JavaFX Application Thread] DEBUG AssetLoader          - Loading from file system: /assets/ui/cursors/fxgl_default.png
13:52:55.617 [JavaFX Application Thread] DEBUG MainWindow           - Opening main window
13:52:55.761 [JavaFX Application Thread] DEBUG MainWindow           - Window border size: (16.0, 39.0)
13:52:55.761 [JavaFX Application Thread] DEBUG MainWindow           - Scaled size: 1050.0 x 700.0
13:52:55.761 [JavaFX Application Thread] DEBUG MainWindow           - Scaled ratio: (1.0, 1.0)
13:52:55.761 [JavaFX Application Thread] DEBUG MainWindow           - Scene size: 1050.0 x 700.0
13:52:55.761 [JavaFX Application Thread] DEBUG MainWindow           - Stage size: 1066.0 x 739.0
13:52:55.812 [FXGL Background Thread 1 ] DEBUG FS                   - Loaded FSServiceImpl
13:52:55.812 [FXGL Background Thread 1 ] DEBUG Engine               - Loading FXGL system data
13:52:55.817 [FXGL Background Thread 1 ] DEBUG FSServiceImpl        - Reading from: G:\Desk\Projects\FXGLPlatformer\system\fxgl.bundle
13:52:55.834 [FXGL Background Thread 1 ] DEBUG Engine               - Bundle FXGL: {}
13:52:55.834 [FXGL Background Thread 1 ] DEBUG Engine               - Initializing application scenes
13:52:55.861 [FXGL Background Thread 1 ] DEBUG GameWorld            - Game world initialized
13:52:55.908 [FXGL Background Thread 1 ] DEBUG PhysicsWorld         - Physics world initialized: appHeight=700, physics.ppm=50.0
13:52:55.910 [FXGL Background Thread 1 ] DEBUG GameScene            - Game scene initialized: 1050x700
13:52:55.937 [FXGL Background Thread 1 ] DEBUG Input                - Registered new binding: Resume - Esc
13:52:55.937 [FXGL Background Thread 1 ] DEBUG AssetLoader          - Loading from file system: /assets/textures/pause_menu_bg.png
13:52:55.973 [FXGL Background Thread 1 ] DEBUG Input                - Registered new binding: Pause - Esc
13:52:55.973 [FXGL Background Thread 1 ] DEBUG Engine               - Application scenes initialized
13:52:55.976 [JavaFX Application Thread] DEBUG Engine               - Running preInit()
13:52:55.976 [JavaFX Application Thread] DEBUG Input                - Registered new binding: Right - D
13:52:55.976 [JavaFX Application Thread] DEBUG Input                - Registered new binding: Left - A
13:52:55.976 [JavaFX Application Thread] DEBUG Input                - Registered new binding: Jump - Space
13:52:55.976 [JavaFX Application Thread] DEBUG Input                - Registered new binding: Play Sound - F
13:52:55.977 [JavaFX Application Thread] DEBUG Input                - Registered new binding: Screenshot - P
13:52:55.977 [JavaFX Application Thread] DEBUG Input                - Registered new binding: System info dump - CTRL+9
13:52:55.978 [JavaFX Application Thread] DEBUG Input                - Registered new binding: Restart - CTRL+R
13:52:55.978 [JavaFX Application Thread] DEBUG Engine               - generateDefaultProfile()
13:52:55.978 [JavaFX Application Thread] DEBUG Engine               - Creating default profile
13:52:55.978 [JavaFX Application Thread] DEBUG EventBus             - Firing event: SaveEvent
13:52:55.988 [JavaFX Application Thread] INFO  Engine               - FXGL initialization took: 0.763 sec
13:52:55.988 [JavaFX Application Thread] DEBUG LoopRunner           - Starting loop
13:52:56.005 [JavaFX Application Thread] DEBUG FXGLStartupScene     - STARTUP
13:52:56.005 [JavaFX Application Thread] DEBUG Engine               - Starting new game
13:52:56.012 [JavaFX Application Thread] DEBUG Input                - Clearing active input actions
13:52:56.013 [FXGL Background Thread 1 ] DEBUG InitAppTask          - Clearing previous game
13:52:56.013 [FXGL Background Thread 1 ] DEBUG GameWorld            - Clearing game world
13:52:56.013 [FXGL Background Thread 1 ] DEBUG PhysicsWorld         - Clearing physics world
13:52:56.013 [FXGL Background Thread 1 ] DEBUG GameScene            - Clearing game scene
13:52:56.013 [FXGL Background Thread 1 ] DEBUG InitAppTask          - Initializing Game
13:52:56.022 [JavaFX Application Thread] DEBUG Engine               - Removing overlay from FXGLStartupScene and adding to LoadingScene
13:52:56.022 [JavaFX Application Thread] DEBUG MainWindow           - FXGLStartupScene -> LoadingScene
13:52:56.031 [FXGL Background Thread 1 ] DEBUG AssetLoader          - Loading from file system: /assets/levels/TestLevel.tmx
13:52:56.053 [FXGL Background Thread 1 ] WARN  TMXLevelLoader       - TiledMap generated from 1.3.4. Supported version: 1.2.3. Some features may not be parsed fully.
13:52:56.068 [FXGL Background Thread 1 ] DEBUG TMXLevelLoader       - Parsed raw map: TiledMap(width=15, height=10, tilewidth=64, tileheight=64, orientation=orthogonal, layers=[Layer(width=15, height=10, name=Kachelebene 1, type=tilelayer, visible=false, x=0, y=0, data=[4, 25, 25, 25, 25, 25, 25, 25, 25, 25, 25, 25, 25, 25, 5, 27, 0, 0, 0, 0, 0, 0, 0, 0, 0, 0, 0, 0, 0, 26, 27, 0, 0, 0, 0, 0, 0, 0, 0, 0, 0, 0, 0, 0, 26, 27, 0, 0, 0, 0, 0, 0, 0, 0, 0, 0, 0, 0, 0, 26, 27, 0, 0, 0, 0, 0, 0, 0, 0, 0, 0, 0, 0, 0, 26, 27, 0, 0, 0, 0, 0, 0, 0, 0, 0, 37, 38, 38, 39, 26, 27, 0, 0, 0, 0, 0, 0, 37, 38, 39, 0, 0, 0, 0, 26, 27, 0, 0, 37, 38, 39, 0, 0, 0, 0, 0, 0, 0, 0, 26, 27, 0, 0, 0, 0, 0, 0, 0, 0, 0, 0, 0, 0, 0, 26, 16, 1, 1, 1, 1, 1, 1, 1, 1, 1, 1, 1, 1, 1, 17], objects=[], opacity=0.0, draworder=), Layer(width=0, height=0, name=Objektebene 1, type=objectgroup, visible=false, x=0, y=0, data=[], objects=[com.almasb.fxgl.entity.level.tiled.TiledObject@266fd57f, com.almasb.fxgl.entity.level.tiled.TiledObject@4607830f, com.almasb.fxgl.entity.level.tiled.TiledObject@3818317f, com.almasb.fxgl.entity.level.tiled.TiledObject@20d82a60, com.almasb.fxgl.entity.level.tiled.TiledObject@78c4c729, com.almasb.fxgl.entity.level.tiled.TiledObject@2213cc5, com.almasb.fxgl.entity.level.tiled.TiledObject@7b4b6637, com.almasb.fxgl.entity.level.tiled.TiledObject@1a21d814, com.almasb.fxgl.entity.level.tiled.TiledObject@4402a9f6, com.almasb.fxgl.entity.level.tiled.TiledObject@4fce62a7, com.almasb.fxgl.entity.level.tiled.TiledObject@6f14dfb7, com.almasb.fxgl.entity.level.tiled.TiledObject@7be14b39], opacity=0.0, draworder=)], tilesets=[Tileset(firstgid=1, image=C:/Users/Jordan/Desktop/forest.png, name=Forrest, tilewidth=64, tileheight=64, imagewidth=768, imageheight=256, margin=0, spacing=0, columns=12, tilecount=48, transparentcolor=)], backgroundcolor=, renderorder=right-down, nextobjectid=31, version=1, tiledversion=1.3.4, type=map, infinite=false, properties={}, propertytypes={})
13:52:56.068 [FXGL Background Thread 1 ] DEBUG TMXLevelLoader       - Creating tile layer entities
13:52:56.069 [FXGL Background Thread 1 ] DEBUG TilesetLoader        - Loading view for layer Kachelebene 1
13:52:56.071 [FXGL Background Thread 1 ] DEBUG TilesetLoader        - Created buffer with size 960.0x640.0
13:52:56.075 [FXGL Background Thread 1 ] DEBUG TilesetLoader        - Writing to buffer: dst=0,0, w=64,h=64, src=192,0
13:52:56.077 [FXGL Background Thread 1 ] DEBUG TilesetLoader        - Writing to buffer: dst=64,0, w=64,h=64, src=0,128
13:52:56.078 [FXGL Background Thread 1 ] DEBUG TilesetLoader        - Writing to buffer: dst=128,0, w=64,h=64, src=0,128
13:52:56.078 [FXGL Background Thread 1 ] DEBUG TilesetLoader        - Writing to buffer: dst=192,0, w=64,h=64, src=0,128
13:52:56.078 [FXGL Background Thread 1 ] DEBUG TilesetLoader        - Writing to buffer: dst=256,0, w=64,h=64, src=0,128
13:52:56.078 [FXGL Background Thread 1 ] DEBUG TilesetLoader        - Writing to buffer: dst=320,0, w=64,h=64, src=0,128
13:52:56.078 [FXGL Background Thread 1 ] DEBUG TilesetLoader        - Writing to buffer: dst=384,0, w=64,h=64, src=0,128
13:52:56.078 [FXGL Background Thread 1 ] DEBUG TilesetLoader        - Writing to buffer: dst=448,0, w=64,h=64, src=0,128
13:52:56.078 [FXGL Background Thread 1 ] DEBUG TilesetLoader        - Writing to buffer: dst=512,0, w=64,h=64, src=0,128
13:52:56.078 [FXGL Background Thread 1 ] DEBUG TilesetLoader        - Writing to buffer: dst=576,0, w=64,h=64, src=0,128
13:52:56.078 [FXGL Background Thread 1 ] DEBUG TilesetLoader        - Writing to buffer: dst=640,0, w=64,h=64, src=0,128
13:52:56.078 [FXGL Background Thread 1 ] DEBUG TilesetLoader        - Writing to buffer: dst=704,0, w=64,h=64, src=0,128
13:52:56.078 [FXGL Background Thread 1 ] DEBUG TilesetLoader        - Writing to buffer: dst=768,0, w=64,h=64, src=0,128
13:52:56.078 [FXGL Background Thread 1 ] DEBUG TilesetLoader        - Writing to buffer: dst=832,0, w=64,h=64, src=0,128
13:52:56.078 [FXGL Background Thread 1 ] DEBUG TilesetLoader        - Writing to buffer: dst=896,0, w=64,h=64, src=256,0
13:52:56.078 [FXGL Background Thread 1 ] DEBUG TilesetLoader        - Writing to buffer: dst=0,64, w=64,h=64, src=128,128
13:52:56.079 [FXGL Background Thread 1 ] DEBUG TilesetLoader        - Writing to buffer: dst=896,64, w=64,h=64, src=64,128
13:52:56.079 [FXGL Background Thread 1 ] DEBUG TilesetLoader        - Writing to buffer: dst=0,128, w=64,h=64, src=128,128
13:52:56.079 [FXGL Background Thread 1 ] DEBUG TilesetLoader        - Writing to buffer: dst=896,128, w=64,h=64, src=64,128
13:52:56.079 [FXGL Background Thread 1 ] DEBUG TilesetLoader        - Writing to buffer: dst=0,192, w=64,h=64, src=128,128
13:52:56.079 [FXGL Background Thread 1 ] DEBUG TilesetLoader        - Writing to buffer: dst=896,192, w=64,h=64, src=64,128
13:52:56.079 [FXGL Background Thread 1 ] DEBUG TilesetLoader        - Writing to buffer: dst=0,256, w=64,h=64, src=128,128
13:52:56.079 [FXGL Background Thread 1 ] DEBUG TilesetLoader        - Writing to buffer: dst=896,256, w=64,h=64, src=64,128
13:52:56.079 [FXGL Background Thread 1 ] DEBUG TilesetLoader        - Writing to buffer: dst=0,320, w=64,h=64, src=128,128
13:52:56.079 [FXGL Background Thread 1 ] DEBUG TilesetLoader        - Writing to buffer: dst=640,320, w=64,h=64, src=0,192
13:52:56.079 [FXGL Background Thread 1 ] DEBUG TilesetLoader        - Writing to buffer: dst=704,320, w=64,h=64, src=64,192
13:52:56.079 [FXGL Background Thread 1 ] DEBUG TilesetLoader        - Writing to buffer: dst=768,320, w=64,h=64, src=64,192
13:52:56.079 [FXGL Background Thread 1 ] DEBUG TilesetLoader        - Writing to buffer: dst=832,320, w=64,h=64, src=128,192
13:52:56.079 [FXGL Background Thread 1 ] DEBUG TilesetLoader        - Writing to buffer: dst=896,320, w=64,h=64, src=64,128
13:52:56.080 [FXGL Background Thread 1 ] DEBUG TilesetLoader        - Writing to buffer: dst=0,384, w=64,h=64, src=128,128
13:52:56.080 [FXGL Background Thread 1 ] DEBUG TilesetLoader        - Writing to buffer: dst=448,384, w=64,h=64, src=0,192
13:52:56.080 [FXGL Background Thread 1 ] DEBUG TilesetLoader        - Writing to buffer: dst=512,384, w=64,h=64, src=64,192
13:52:56.080 [FXGL Background Thread 1 ] DEBUG TilesetLoader        - Writing to buffer: dst=576,384, w=64,h=64, src=128,192
13:52:56.081 [FXGL Background Thread 1 ] DEBUG TilesetLoader        - Writing to buffer: dst=896,384, w=64,h=64, src=64,128
13:52:56.081 [FXGL Background Thread 1 ] DEBUG TilesetLoader        - Writing to buffer: dst=0,448, w=64,h=64, src=128,128
13:52:56.081 [FXGL Background Thread 1 ] DEBUG TilesetLoader        - Writing to buffer: dst=192,448, w=64,h=64, src=0,192
13:52:56.081 [FXGL Background Thread 1 ] DEBUG TilesetLoader        - Writing to buffer: dst=256,448, w=64,h=64, src=64,192
13:52:56.081 [FXGL Background Thread 1 ] DEBUG TilesetLoader        - Writing to buffer: dst=320,448, w=64,h=64, src=128,192
13:52:56.081 [FXGL Background Thread 1 ] DEBUG TilesetLoader        - Writing to buffer: dst=896,448, w=64,h=64, src=64,128
13:52:56.081 [FXGL Background Thread 1 ] DEBUG TilesetLoader        - Writing to buffer: dst=0,512, w=64,h=64, src=128,128
13:52:56.081 [FXGL Background Thread 1 ] DEBUG TilesetLoader        - Writing to buffer: dst=896,512, w=64,h=64, src=64,128
13:52:56.081 [FXGL Background Thread 1 ] DEBUG TilesetLoader        - Writing to buffer: dst=0,576, w=64,h=64, src=192,64
13:52:56.081 [FXGL Background Thread 1 ] DEBUG TilesetLoader        - Writing to buffer: dst=64,576, w=64,h=64, src=0,0
13:52:56.081 [FXGL Background Thread 1 ] DEBUG TilesetLoader        - Writing to buffer: dst=128,576, w=64,h=64, src=0,0
13:52:56.081 [FXGL Background Thread 1 ] DEBUG TilesetLoader        - Writing to buffer: dst=192,576, w=64,h=64, src=0,0
13:52:56.081 [FXGL Background Thread 1 ] DEBUG TilesetLoader        - Writing to buffer: dst=256,576, w=64,h=64, src=0,0
13:52:56.082 [FXGL Background Thread 1 ] DEBUG TilesetLoader        - Writing to buffer: dst=320,576, w=64,h=64, src=0,0
13:52:56.082 [FXGL Background Thread 1 ] DEBUG TilesetLoader        - Writing to buffer: dst=384,576, w=64,h=64, src=0,0
13:52:56.082 [FXGL Background Thread 1 ] DEBUG TilesetLoader        - Writing to buffer: dst=448,576, w=64,h=64, src=0,0
13:52:56.082 [FXGL Background Thread 1 ] DEBUG TilesetLoader        - Writing to buffer: dst=512,576, w=64,h=64, src=0,0
13:52:56.082 [FXGL Background Thread 1 ] DEBUG TilesetLoader        - Writing to buffer: dst=576,576, w=64,h=64, src=0,0
13:52:56.082 [FXGL Background Thread 1 ] DEBUG TilesetLoader        - Writing to buffer: dst=640,576, w=64,h=64, src=0,0
13:52:56.082 [FXGL Background Thread 1 ] DEBUG TilesetLoader        - Writing to buffer: dst=704,576, w=64,h=64, src=0,0
13:52:56.082 [FXGL Background Thread 1 ] DEBUG TilesetLoader        - Writing to buffer: dst=768,576, w=64,h=64, src=0,0
13:52:56.082 [FXGL Background Thread 1 ] DEBUG TilesetLoader        - Writing to buffer: dst=832,576, w=64,h=64, src=0,0
13:52:56.082 [FXGL Background Thread 1 ] DEBUG TilesetLoader        - Writing to buffer: dst=896,576, w=64,h=64, src=256,64
13:52:56.082 [FXGL Background Thread 1 ] DEBUG TMXLevelLoader       - Creating object layer entities
13:52:56.105 [FXGL Background Thread 1 ] DEBUG GameWorld            - Clearing removable entities
13:52:56.105 [FXGL Background Thread 1 ] DEBUG GameWorld            - Setting level: com.almasb.fxgl.entity.level.Level@62372527
13:52:56.139 [FXGL Background Thread 1 ] DEBUG AssetLoader          - Loading from file system: /assets/textures/Tests/PlayerDemoIcon.png
13:52:56.141 [FXGL Background Thread 1 ] DEBUG InitAppTask          - Initializing Physics
13:52:56.141 [FXGL Background Thread 1 ] DEBUG InitAppTask          - Initializing UI
13:52:56.143 [FXGL Background Thread 1 ] DEBUG InitAppTask          - Initialization Complete
13:52:56.145 [FXGL Background Thread 1 ] INFO  InitAppTask          - Game initialization took: 0.131 sec
13:52:56.176 [JavaFX Application Thread] DEBUG Input                - Clearing active input actions
13:52:56.189 [JavaFX Application Thread] DEBUG Engine               - Removing overlay from LoadingScene and adding to GameScene
13:52:56.189 [JavaFX Application Thread] DEBUG MainWindow           - LoadingScene -> GameScene
13:52:56.593 [JavaFX Application Thread] DEBUG AssetLoader          - Loading from file system: /assets/sounds/smw_1-up.wav
13:52:59.439 [JavaFX Application Thread] DEBUG AssetLoader          - Loading from cache: /assets/sounds/smw_1-up.wav
13:53:01.407 [JavaFX Application Thread] DEBUG AssetLoader          - Loading from cache: /assets/sounds/smw_1-up.wav
13:53:02.000 [JavaFX Application Thread] DEBUG AssetLoader          - Loading from cache: /assets/sounds/smw_1-up.wav
13:53:10.624 [JavaFX Application Thread] DEBUG AssetLoader          - Loading from cache: /assets/sounds/smw_1-up.wav
13:53:39.317 [JavaFX Application Thread] DEBUG Engine               - Exiting FXGL
13:53:39.318 [JavaFX Application Thread] DEBUG Engine               - Shutting down background threads
13:53:39.318 [JavaFX Application Thread] DEBUG Engine               - Saving FXGL system data
13:53:39.320 [JavaFX Application Thread] DEBUG FSServiceImpl        - Writing to: G:\Desk\Projects\FXGLPlatformer\system\fxgl.bundle
13:53:39.322 [JavaFX Application Thread] DEBUG Engine               - Closing logger and exiting JavaFX
