22:57:43.710 [main                     ] DEBUG GameApplication      - Logger initialized
22:57:43.727 [main                     ] DEBUG GameApplication      - Logging settings
Title: JumpToBeat-Demo
Version: 0.1
Width: 1050
Height: 700
Fullscreen: false
Intro: false
Menus: false
Profiling: false
Single step:false
App Mode: DEVELOPER
Menu Key: ESCAPE
Stage Style: DECORATED
Scene Factory: class com.almasb.fxgl.app.SceneFactory
Dialog Factory: class com.almasb.fxgl.ui.FXGLDialogFactory
UI Factory: class com.almasb.fxgl.ui.FXGLUIFactory

22:57:44.247 [JavaFX Application Thread] DEBUG Engine               - Initializing FXGL
22:57:44.247 [JavaFX Application Thread] INFO  Engine               - FXGL-11.7 (05.01.2020 09.37) on WINDOWS (J:11.0.5 FX:12.0.1)
22:57:44.247 [JavaFX Application Thread] INFO  Engine               - Source code and latest versions at: https://github.com/AlmasB/FXGL
22:57:44.247 [JavaFX Application Thread] INFO  Engine               -              Join the FXGL chat at: https://gitter.im/AlmasB/FXGL
22:57:44.248 [JavaFX Application Thread] DEBUG Engine               - Initializing environment variables
22:57:44.250 [JavaFX Application Thread] DEBUG Engine               - Logging environment variables
22:57:44.250 [JavaFX Application Thread] DEBUG Engine               - achievements: []
22:57:44.250 [JavaFX Application Thread] DEBUG Engine               - sceneStack: com.almasb.fxgl.app.Engine@3be64bcb
22:57:44.250 [JavaFX Application Thread] DEBUG Engine               - language: ObjectProperty [value: ENGLISH]
22:57:44.250 [JavaFX Application Thread] DEBUG Engine               - isCloseConfirmation: false
22:57:44.250 [JavaFX Application Thread] DEBUG Engine               - isProfilingEnabled: false
22:57:44.250 [JavaFX Application Thread] DEBUG Engine               - soundNotification: core/notification.wav
22:57:44.250 [JavaFX Application Thread] DEBUG Engine               - devShowBBoxProperty: BooleanProperty [value: false]
22:57:44.251 [JavaFX Application Thread] DEBUG Engine               - pixelsPerMeter: 50.0
22:57:44.252 [JavaFX Application Thread] DEBUG Engine               - overlayRoot: Group@34e9bded
22:57:44.252 [JavaFX Application Thread] DEBUG Engine               - appIcon: fxgl_icon.png
22:57:44.252 [JavaFX Application Thread] DEBUG Engine               - soundMenuBack: menu/back.wav
22:57:44.252 [JavaFX Application Thread] DEBUG Engine               - isFullScreenAllowed: false
22:57:44.252 [JavaFX Application Thread] DEBUG Engine               - isIntroEnabled: false
22:57:44.252 [JavaFX Application Thread] DEBUG Engine               - eventBus: com.almasb.fxgl.event.EventBus@6fdd6b51
22:57:44.252 [JavaFX Application Thread] DEBUG Engine               - fontMono: lucida_console.ttf
22:57:44.252 [JavaFX Application Thread] DEBUG Engine               - soundMenuSelect: menu/select.wav
22:57:44.252 [JavaFX Application Thread] DEBUG Engine               - isWindows: true
22:57:44.252 [JavaFX Application Thread] DEBUG Engine               - isMobile: false
22:57:44.253 [JavaFX Application Thread] DEBUG Engine               - height: 700
22:57:44.253 [JavaFX Application Thread] DEBUG Engine               - isExperimentalNative: false
22:57:44.253 [JavaFX Application Thread] DEBUG Engine               - isSingleStep: false
22:57:44.253 [JavaFX Application Thread] DEBUG Engine               - cSSList: [fxgl_dark.css]
22:57:44.253 [JavaFX Application Thread] DEBUG Engine               - fontGame: Abel-Regular.ttf
22:57:44.254 [JavaFX Application Thread] DEBUG Engine               - menuKey: ESCAPE
22:57:44.254 [JavaFX Application Thread] DEBUG Engine               - devShowPositionProperty: BooleanProperty [value: false]
22:57:44.254 [JavaFX Application Thread] DEBUG Engine               - versionCheckDays: 7
22:57:44.254 [JavaFX Application Thread] DEBUG Engine               - masterTimer: com.almasb.fxgl.time.Timer@666cdd72
22:57:44.254 [JavaFX Application Thread] DEBUG Engine               - configClass: Optional.empty
22:57:44.254 [JavaFX Application Thread] DEBUG Engine               - isFullScreenFromStart: false
22:57:44.254 [JavaFX Application Thread] DEBUG Engine               - version: 0.1
22:57:44.254 [JavaFX Application Thread] DEBUG Engine               - fullScreen: BooleanProperty [value: false]
22:57:44.254 [JavaFX Application Thread] DEBUG Engine               - randomSeed: -1
22:57:44.254 [JavaFX Application Thread] DEBUG Engine               - dialogFactory: com.almasb.fxgl.ui.FXGLDialogFactory@6e9e8ce8
22:57:44.254 [JavaFX Application Thread] DEBUG Engine               - applicationMode: DEVELOPER
22:57:44.254 [JavaFX Application Thread] DEBUG Engine               - isMac: false
22:57:44.255 [JavaFX Application Thread] DEBUG Engine               - urlGoogleForms: https://goo.gl/forms/6wrMnOBxTE1fEpOy2
22:57:44.255 [JavaFX Application Thread] DEBUG Engine               - isMenuEnabled: false
22:57:44.255 [JavaFX Application Thread] DEBUG Engine               - urlPOM: https://raw.githubusercontent.com/AlmasB/FXGL/master/pom.xml
22:57:44.255 [JavaFX Application Thread] DEBUG Engine               - profileName: user.profile
22:57:44.255 [JavaFX Application Thread] DEBUG Engine               - notificationViewClass: class com.almasb.fxgl.notification.view.XboxNotificationView
22:57:44.255 [JavaFX Application Thread] DEBUG Engine               - devSensorColorProperty: ObjectProperty [value: 0xffff00ff]
22:57:44.255 [JavaFX Application Thread] DEBUG Engine               - sceneFactory: com.almasb.fxgl.app.SceneFactory@17e14203
22:57:44.255 [JavaFX Application Thread] DEBUG Engine               - dataFileExt: .dat
22:57:44.256 [JavaFX Application Thread] DEBUG Engine               - stageStyle: DECORATED
22:57:44.256 [JavaFX Application Thread] DEBUG Engine               - isManualResizeEnabled: false
22:57:44.256 [JavaFX Application Thread] DEBUG Engine               - title: JumpToBeat-Demo
22:57:44.256 [JavaFX Application Thread] DEBUG Engine               - platform: WINDOWS
22:57:44.256 [JavaFX Application Thread] DEBUG Engine               - devBBoxColorProperty: ObjectProperty [value: 0xff0000ff]
22:57:44.256 [JavaFX Application Thread] DEBUG Engine               - isDesktop: true
22:57:44.256 [JavaFX Application Thread] DEBUG Engine               - credits: []
22:57:44.256 [JavaFX Application Thread] DEBUG Engine               - globalMusicVolumeProperty: DoubleProperty [value: 0.5]
22:57:44.256 [JavaFX Application Thread] DEBUG Engine               - uIFactory: com.almasb.fxgl.ui.FXGLUIFactory@1362344d
22:57:44.256 [JavaFX Application Thread] DEBUG Engine               - isPreserveResizeRatio: false
22:57:44.256 [JavaFX Application Thread] DEBUG Engine               - fontText: Courier-Prime.ttf
22:57:44.256 [JavaFX Application Thread] DEBUG Engine               - isExperimentalTiledLargeMap: false
22:57:44.256 [JavaFX Application Thread] DEBUG Engine               - secondsIn24h: 60
22:57:44.257 [JavaFX Application Thread] DEBUG Engine               - runtimeInfo: RuntimeInfo(platform=WINDOWS, version=11.7, build=05.01.2020 09.37)
22:57:44.257 [JavaFX Application Thread] DEBUG Engine               - isLinux: false
22:57:44.257 [JavaFX Application Thread] DEBUG Engine               - soundMenuPress: menu/press.wav
22:57:44.257 [JavaFX Application Thread] DEBUG Engine               - urlGithub: https://github.com/AlmasB/FXGL
22:57:44.257 [JavaFX Application Thread] DEBUG Engine               - profileDir: profiles/
22:57:44.257 [JavaFX Application Thread] DEBUG Engine               - isDeveloperMenuEnabled: false
22:57:44.257 [JavaFX Application Thread] DEBUG Engine               - globalSoundVolumeProperty: DoubleProperty [value: 0.5]
22:57:44.257 [JavaFX Application Thread] DEBUG Engine               - isBrowser: false
22:57:44.257 [JavaFX Application Thread] DEBUG Engine               - globalSoundVolume: 0.5
22:57:44.257 [JavaFX Application Thread] DEBUG Engine               - urlLeaderboard: http://fxgl-top.herokuapp.com/
22:57:44.257 [JavaFX Application Thread] DEBUG Engine               - saveDir: saves/
22:57:44.257 [JavaFX Application Thread] DEBUG Engine               - engineServices: [class com.almasb.fxgl.audio.AudioPlayer, class com.almasb.fxgl.notification.impl.NotificationServiceProvider, class com.almasb.fxgl.achievement.AchievementManager, class com.almasb.fxgl.cutscene.CutsceneService, class com.almasb.fxgl.minigames.MiniGameService]
22:57:44.258 [JavaFX Application Thread] DEBUG Engine               - globalMusicVolume: 0.5
22:57:44.258 [JavaFX Application Thread] DEBUG Engine               - width: 1050
22:57:44.258 [JavaFX Application Thread] DEBUG Engine               - saveFileExt: .sav
22:57:44.258 [JavaFX Application Thread] DEBUG Engine               - isAndroid: false
22:57:44.258 [JavaFX Application Thread] DEBUG Engine               - fontUI: VarelaRound-Regular.ttf
22:57:44.258 [JavaFX Application Thread] DEBUG Engine               - enabledMenuItems: []
22:57:44.258 [JavaFX Application Thread] DEBUG Engine               - isIOS: false
22:57:44.260 [JavaFX Application Thread] DEBUG Engine               - Adding new engine service: class com.almasb.fxgl.audio.AudioPlayer
22:57:44.261 [JavaFX Application Thread] DEBUG Engine               - Adding new engine service: class com.almasb.fxgl.notification.impl.NotificationServiceProvider
22:57:44.262 [JavaFX Application Thread] DEBUG Engine               - Adding new engine service: class com.almasb.fxgl.achievement.AchievementManager
22:57:44.263 [JavaFX Application Thread] DEBUG Engine               - Adding new engine service: class com.almasb.fxgl.cutscene.CutsceneService
22:57:44.263 [JavaFX Application Thread] DEBUG Engine               - Adding new engine service: class com.almasb.fxgl.minigames.MiniGameService
22:57:44.266 [JavaFX Application Thread] DEBUG Engine               - Loading localizations
22:57:44.268 [JavaFX Application Thread] DEBUG AssetLoader          - Loading from file system: /assets/properties/languages/english.properties
22:57:44.270 [JavaFX Application Thread] DEBUG AssetLoader          - Loading from file system: /assets/properties/languages/french.properties
22:57:44.271 [JavaFX Application Thread] DEBUG AssetLoader          - Loading from file system: /assets/properties/languages/german.properties
22:57:44.272 [JavaFX Application Thread] DEBUG AssetLoader          - Loading from file system: /assets/properties/languages/russian.properties
22:57:44.273 [JavaFX Application Thread] DEBUG AssetLoader          - Loading from file system: /assets/properties/languages/hungarian.properties
22:57:44.275 [JavaFX Application Thread] DEBUG Engine               - Registering font factories
22:57:44.275 [JavaFX Application Thread] DEBUG AssetLoader          - Loading from file system: /assets/ui/fonts/VarelaRound-Regular.ttf
22:57:44.428 [JavaFX Application Thread] DEBUG AssetLoader          - Loading from file system: /assets/ui/fonts/Abel-Regular.ttf
22:57:44.431 [JavaFX Application Thread] DEBUG AssetLoader          - Loading from file system: /assets/ui/fonts/lucida_console.ttf
22:57:44.436 [JavaFX Application Thread] DEBUG AssetLoader          - Loading from file system: /assets/ui/fonts/Courier-Prime.ttf
22:57:44.439 [JavaFX Application Thread] DEBUG Engine               - Setting UI factory
22:57:44.531 [JavaFX Application Thread] DEBUG AssetLoader          - Loading from file system: /assets/textures/fxgl_logo.png
22:57:44.587 [JavaFX Application Thread] DEBUG MainWindow           - Creating a JavaFX scene
22:57:44.632 [JavaFX Application Thread] DEBUG MainWindow           - Target settings size: 1050.0 x 700.0
22:57:44.632 [JavaFX Application Thread] DEBUG MainWindow           - Scaled scene size:    1050.0 x 700.0
22:57:44.632 [JavaFX Application Thread] DEBUG MainWindow           - Scaled ratio: (1.0, 1.0)
22:57:44.633 [JavaFX Application Thread] DEBUG MainWindow           - Set initial scene to FXGLStartupScene
22:57:44.640 [JavaFX Application Thread] DEBUG AssetLoader          - Loading from file system: /assets/textures/fxgl_icon.png
22:57:44.652 [JavaFX Application Thread] DEBUG Engine               - Applying CSS: fxgl_dark.css
22:57:44.652 [JavaFX Application Thread] DEBUG AssetLoader          - Loading from file system: /assets/ui/css/fxgl_dark.css
22:57:44.658 [JavaFX Application Thread] DEBUG AssetLoader          - Loading from file system: /assets/ui/cursors/fxgl_default.png
22:57:44.659 [JavaFX Application Thread] DEBUG MainWindow           - Opening main window
22:57:44.808 [JavaFX Application Thread] DEBUG MainWindow           - Window border size: (16.0, 39.0)
22:57:44.808 [JavaFX Application Thread] DEBUG MainWindow           - Scaled size: 1050.0 x 700.0
22:57:44.808 [JavaFX Application Thread] DEBUG MainWindow           - Scaled ratio: (1.0, 1.0)
22:57:44.808 [JavaFX Application Thread] DEBUG MainWindow           - Scene size: 1050.0 x 700.0
22:57:44.808 [JavaFX Application Thread] DEBUG MainWindow           - Stage size: 1066.0 x 739.0
22:57:44.856 [FXGL Background Thread 1 ] DEBUG FS                   - Loaded FSServiceImpl
22:57:44.856 [FXGL Background Thread 1 ] DEBUG Engine               - Loading FXGL system data
22:57:44.863 [FXGL Background Thread 1 ] DEBUG FSServiceImpl        - Reading from: G:\Desk\Projects\FXGLPlatformer\system\fxgl.bundle
22:57:44.879 [FXGL Background Thread 1 ] DEBUG Engine               - Bundle FXGL: {}
22:57:44.879 [FXGL Background Thread 1 ] DEBUG Engine               - Initializing application scenes
22:57:44.920 [FXGL Background Thread 1 ] DEBUG GameWorld            - Game world initialized
22:57:44.961 [FXGL Background Thread 1 ] DEBUG PhysicsWorld         - Physics world initialized: appHeight=700, physics.ppm=50.0
22:57:44.964 [FXGL Background Thread 1 ] DEBUG GameScene            - Game scene initialized: 1050x700
22:57:44.991 [FXGL Background Thread 1 ] DEBUG Input                - Registered new binding: Resume - Esc
22:57:44.991 [FXGL Background Thread 1 ] DEBUG AssetLoader          - Loading from file system: /assets/textures/pause_menu_bg.png
22:57:45.012 [FXGL Background Thread 1 ] DEBUG Input                - Registered new binding: Pause - Esc
22:57:45.013 [FXGL Background Thread 1 ] DEBUG Engine               - Application scenes initialized
22:57:45.015 [JavaFX Application Thread] DEBUG Engine               - Running preInit()
22:57:45.015 [JavaFX Application Thread] DEBUG Input                - Registered new binding: Right - D
22:57:45.015 [JavaFX Application Thread] DEBUG Input                - Registered new binding: Left - A
22:57:45.015 [JavaFX Application Thread] DEBUG Input                - Registered new binding: Play Sound - F
22:57:45.016 [JavaFX Application Thread] DEBUG Input                - Registered new binding: Screenshot - P
22:57:45.016 [JavaFX Application Thread] DEBUG Input                - Registered new binding: System info dump - CTRL+9
22:57:45.016 [JavaFX Application Thread] DEBUG Input                - Registered new binding: Restart - CTRL+R
22:57:45.017 [JavaFX Application Thread] DEBUG Engine               - generateDefaultProfile()
22:57:45.017 [JavaFX Application Thread] DEBUG Engine               - Creating default profile
22:57:45.017 [JavaFX Application Thread] DEBUG EventBus             - Firing event: SaveEvent
22:57:45.027 [JavaFX Application Thread] INFO  Engine               - FXGL initialization took: 0.762 sec
22:57:45.027 [JavaFX Application Thread] DEBUG LoopRunner           - Starting loop
22:57:45.045 [JavaFX Application Thread] DEBUG FXGLStartupScene     - STARTUP
22:57:45.045 [JavaFX Application Thread] DEBUG Engine               - Starting new game
22:57:45.052 [JavaFX Application Thread] DEBUG Input                - Clearing active input actions
22:57:45.053 [FXGL Background Thread 1 ] DEBUG InitAppTask          - Clearing previous game
22:57:45.053 [FXGL Background Thread 1 ] DEBUG GameWorld            - Clearing game world
22:57:45.053 [FXGL Background Thread 1 ] DEBUG PhysicsWorld         - Clearing physics world
22:57:45.053 [FXGL Background Thread 1 ] DEBUG GameScene            - Clearing game scene
22:57:45.053 [FXGL Background Thread 1 ] DEBUG InitAppTask          - Initializing Game
22:57:45.061 [JavaFX Application Thread] DEBUG Engine               - Removing overlay from FXGLStartupScene and adding to LoadingScene
22:57:45.062 [JavaFX Application Thread] DEBUG MainWindow           - FXGLStartupScene -> LoadingScene
22:57:45.069 [FXGL Background Thread 1 ] DEBUG AssetLoader          - Loading from file system: /assets/levels/TestLevel.tmx
22:57:45.097 [FXGL Background Thread 1 ] WARN  TMXLevelLoader       - TiledMap generated from 1.3.4. Supported version: 1.2.3. Some features may not be parsed fully.
22:57:45.111 [FXGL Background Thread 1 ] DEBUG TMXLevelLoader       - Parsed raw map: TiledMap(width=15, height=10, tilewidth=64, tileheight=64, orientation=orthogonal, layers=[Layer(width=15, height=10, name=Kachelebene 1, type=tilelayer, visible=false, x=0, y=0, data=[4, 25, 25, 25, 25, 25, 25, 25, 25, 25, 25, 25, 25, 25, 5, 27, 0, 0, 0, 0, 0, 0, 0, 0, 0, 0, 0, 0, 0, 26, 27, 0, 0, 0, 0, 0, 0, 0, 0, 0, 0, 0, 0, 0, 26, 27, 0, 0, 0, 0, 0, 0, 0, 0, 0, 0, 0, 0, 0, 26, 27, 0, 0, 0, 0, 0, 0, 0, 0, 0, 0, 0, 0, 0, 26, 27, 0, 0, 0, 0, 0, 0, 0, 0, 0, 37, 38, 38, 39, 26, 27, 0, 0, 0, 0, 0, 0, 37, 38, 39, 0, 0, 0, 0, 26, 27, 0, 0, 37, 38, 39, 0, 0, 0, 0, 0, 0, 0, 0, 26, 27, 0, 0, 0, 0, 0, 0, 0, 0, 0, 0, 0, 0, 0, 26, 16, 1, 1, 1, 1, 1, 1, 1, 1, 1, 1, 1, 1, 1, 17], objects=[], opacity=0.0, draworder=), Layer(width=0, height=0, name=Objektebene 1, type=objectgroup, visible=false, x=0, y=0, data=[], objects=[com.almasb.fxgl.entity.level.tiled.TiledObject@2d558cfe, com.almasb.fxgl.entity.level.tiled.TiledObject@83bba84, com.almasb.fxgl.entity.level.tiled.TiledObject@4da74f9c, com.almasb.fxgl.entity.level.tiled.TiledObject@10018203, com.almasb.fxgl.entity.level.tiled.TiledObject@11b2ce81, com.almasb.fxgl.entity.level.tiled.TiledObject@4488a9a9, com.almasb.fxgl.entity.level.tiled.TiledObject@3324d50b, com.almasb.fxgl.entity.level.tiled.TiledObject@2f2958f6, com.almasb.fxgl.entity.level.tiled.TiledObject@28e85d54, com.almasb.fxgl.entity.level.tiled.TiledObject@292c7c01, com.almasb.fxgl.entity.level.tiled.TiledObject@3cb578a2, com.almasb.fxgl.entity.level.tiled.TiledObject@593e792a], opacity=0.0, draworder=)], tilesets=[Tileset(firstgid=1, image=C:/Users/Jordan/Desktop/forest.png, name=Forrest, tilewidth=64, tileheight=64, imagewidth=768, imageheight=256, margin=0, spacing=0, columns=12, tilecount=48, transparentcolor=)], backgroundcolor=, renderorder=right-down, nextobjectid=31, version=1, tiledversion=1.3.4, type=map, infinite=false, properties={}, propertytypes={})
22:57:45.112 [FXGL Background Thread 1 ] DEBUG TMXLevelLoader       - Creating tile layer entities
22:57:45.113 [FXGL Background Thread 1 ] DEBUG TilesetLoader        - Loading view for layer Kachelebene 1
22:57:45.123 [FXGL Background Thread 1 ] DEBUG TilesetLoader        - Created buffer with size 960.0x640.0
22:57:45.126 [FXGL Background Thread 1 ] DEBUG TilesetLoader        - Writing to buffer: dst=0,0, w=64,h=64, src=192,0
22:57:45.128 [FXGL Background Thread 1 ] DEBUG TilesetLoader        - Writing to buffer: dst=64,0, w=64,h=64, src=0,128
22:57:45.128 [FXGL Background Thread 1 ] DEBUG TilesetLoader        - Writing to buffer: dst=128,0, w=64,h=64, src=0,128
22:57:45.128 [FXGL Background Thread 1 ] DEBUG TilesetLoader        - Writing to buffer: dst=192,0, w=64,h=64, src=0,128
22:57:45.128 [FXGL Background Thread 1 ] DEBUG TilesetLoader        - Writing to buffer: dst=256,0, w=64,h=64, src=0,128
22:57:45.128 [FXGL Background Thread 1 ] DEBUG TilesetLoader        - Writing to buffer: dst=320,0, w=64,h=64, src=0,128
22:57:45.128 [FXGL Background Thread 1 ] DEBUG TilesetLoader        - Writing to buffer: dst=384,0, w=64,h=64, src=0,128
22:57:45.128 [FXGL Background Thread 1 ] DEBUG TilesetLoader        - Writing to buffer: dst=448,0, w=64,h=64, src=0,128
22:57:45.128 [FXGL Background Thread 1 ] DEBUG TilesetLoader        - Writing to buffer: dst=512,0, w=64,h=64, src=0,128
22:57:45.128 [FXGL Background Thread 1 ] DEBUG TilesetLoader        - Writing to buffer: dst=576,0, w=64,h=64, src=0,128
22:57:45.128 [FXGL Background Thread 1 ] DEBUG TilesetLoader        - Writing to buffer: dst=640,0, w=64,h=64, src=0,128
22:57:45.129 [FXGL Background Thread 1 ] DEBUG TilesetLoader        - Writing to buffer: dst=704,0, w=64,h=64, src=0,128
22:57:45.129 [FXGL Background Thread 1 ] DEBUG TilesetLoader        - Writing to buffer: dst=768,0, w=64,h=64, src=0,128
22:57:45.129 [FXGL Background Thread 1 ] DEBUG TilesetLoader        - Writing to buffer: dst=832,0, w=64,h=64, src=0,128
22:57:45.129 [FXGL Background Thread 1 ] DEBUG TilesetLoader        - Writing to buffer: dst=896,0, w=64,h=64, src=256,0
22:57:45.129 [FXGL Background Thread 1 ] DEBUG TilesetLoader        - Writing to buffer: dst=0,64, w=64,h=64, src=128,128
22:57:45.129 [FXGL Background Thread 1 ] DEBUG TilesetLoader        - Writing to buffer: dst=896,64, w=64,h=64, src=64,128
22:57:45.129 [FXGL Background Thread 1 ] DEBUG TilesetLoader        - Writing to buffer: dst=0,128, w=64,h=64, src=128,128
22:57:45.129 [FXGL Background Thread 1 ] DEBUG TilesetLoader        - Writing to buffer: dst=896,128, w=64,h=64, src=64,128
22:57:45.129 [FXGL Background Thread 1 ] DEBUG TilesetLoader        - Writing to buffer: dst=0,192, w=64,h=64, src=128,128
22:57:45.129 [FXGL Background Thread 1 ] DEBUG TilesetLoader        - Writing to buffer: dst=896,192, w=64,h=64, src=64,128
22:57:45.130 [FXGL Background Thread 1 ] DEBUG TilesetLoader        - Writing to buffer: dst=0,256, w=64,h=64, src=128,128
22:57:45.130 [FXGL Background Thread 1 ] DEBUG TilesetLoader        - Writing to buffer: dst=896,256, w=64,h=64, src=64,128
22:57:45.130 [FXGL Background Thread 1 ] DEBUG TilesetLoader        - Writing to buffer: dst=0,320, w=64,h=64, src=128,128
22:57:45.130 [FXGL Background Thread 1 ] DEBUG TilesetLoader        - Writing to buffer: dst=640,320, w=64,h=64, src=0,192
22:57:45.130 [FXGL Background Thread 1 ] DEBUG TilesetLoader        - Writing to buffer: dst=704,320, w=64,h=64, src=64,192
22:57:45.130 [FXGL Background Thread 1 ] DEBUG TilesetLoader        - Writing to buffer: dst=768,320, w=64,h=64, src=64,192
22:57:45.130 [FXGL Background Thread 1 ] DEBUG TilesetLoader        - Writing to buffer: dst=832,320, w=64,h=64, src=128,192
22:57:45.130 [FXGL Background Thread 1 ] DEBUG TilesetLoader        - Writing to buffer: dst=896,320, w=64,h=64, src=64,128
22:57:45.130 [FXGL Background Thread 1 ] DEBUG TilesetLoader        - Writing to buffer: dst=0,384, w=64,h=64, src=128,128
22:57:45.130 [FXGL Background Thread 1 ] DEBUG TilesetLoader        - Writing to buffer: dst=448,384, w=64,h=64, src=0,192
22:57:45.130 [FXGL Background Thread 1 ] DEBUG TilesetLoader        - Writing to buffer: dst=512,384, w=64,h=64, src=64,192
22:57:45.130 [FXGL Background Thread 1 ] DEBUG TilesetLoader        - Writing to buffer: dst=576,384, w=64,h=64, src=128,192
22:57:45.130 [FXGL Background Thread 1 ] DEBUG TilesetLoader        - Writing to buffer: dst=896,384, w=64,h=64, src=64,128
22:57:45.131 [FXGL Background Thread 1 ] DEBUG TilesetLoader        - Writing to buffer: dst=0,448, w=64,h=64, src=128,128
22:57:45.131 [FXGL Background Thread 1 ] DEBUG TilesetLoader        - Writing to buffer: dst=192,448, w=64,h=64, src=0,192
22:57:45.132 [FXGL Background Thread 1 ] DEBUG TilesetLoader        - Writing to buffer: dst=256,448, w=64,h=64, src=64,192
22:57:45.132 [FXGL Background Thread 1 ] DEBUG TilesetLoader        - Writing to buffer: dst=320,448, w=64,h=64, src=128,192
22:57:45.133 [FXGL Background Thread 1 ] DEBUG TilesetLoader        - Writing to buffer: dst=896,448, w=64,h=64, src=64,128
22:57:45.133 [FXGL Background Thread 1 ] DEBUG TilesetLoader        - Writing to buffer: dst=0,512, w=64,h=64, src=128,128
22:57:45.133 [FXGL Background Thread 1 ] DEBUG TilesetLoader        - Writing to buffer: dst=896,512, w=64,h=64, src=64,128
22:57:45.133 [FXGL Background Thread 1 ] DEBUG TilesetLoader        - Writing to buffer: dst=0,576, w=64,h=64, src=192,64
22:57:45.133 [FXGL Background Thread 1 ] DEBUG TilesetLoader        - Writing to buffer: dst=64,576, w=64,h=64, src=0,0
22:57:45.133 [FXGL Background Thread 1 ] DEBUG TilesetLoader        - Writing to buffer: dst=128,576, w=64,h=64, src=0,0
22:57:45.133 [FXGL Background Thread 1 ] DEBUG TilesetLoader        - Writing to buffer: dst=192,576, w=64,h=64, src=0,0
22:57:45.133 [FXGL Background Thread 1 ] DEBUG TilesetLoader        - Writing to buffer: dst=256,576, w=64,h=64, src=0,0
22:57:45.133 [FXGL Background Thread 1 ] DEBUG TilesetLoader        - Writing to buffer: dst=320,576, w=64,h=64, src=0,0
22:57:45.137 [FXGL Background Thread 1 ] DEBUG TilesetLoader        - Writing to buffer: dst=384,576, w=64,h=64, src=0,0
22:57:45.137 [FXGL Background Thread 1 ] DEBUG TilesetLoader        - Writing to buffer: dst=448,576, w=64,h=64, src=0,0
22:57:45.137 [FXGL Background Thread 1 ] DEBUG TilesetLoader        - Writing to buffer: dst=512,576, w=64,h=64, src=0,0
22:57:45.137 [FXGL Background Thread 1 ] DEBUG TilesetLoader        - Writing to buffer: dst=576,576, w=64,h=64, src=0,0
22:57:45.137 [FXGL Background Thread 1 ] DEBUG TilesetLoader        - Writing to buffer: dst=640,576, w=64,h=64, src=0,0
22:57:45.137 [FXGL Background Thread 1 ] DEBUG TilesetLoader        - Writing to buffer: dst=704,576, w=64,h=64, src=0,0
22:57:45.137 [FXGL Background Thread 1 ] DEBUG TilesetLoader        - Writing to buffer: dst=768,576, w=64,h=64, src=0,0
22:57:45.137 [FXGL Background Thread 1 ] DEBUG TilesetLoader        - Writing to buffer: dst=832,576, w=64,h=64, src=0,0
22:57:45.137 [FXGL Background Thread 1 ] DEBUG TilesetLoader        - Writing to buffer: dst=896,576, w=64,h=64, src=256,64
22:57:45.138 [FXGL Background Thread 1 ] DEBUG TMXLevelLoader       - Creating object layer entities
22:57:45.170 [FXGL Background Thread 1 ] DEBUG GameWorld            - Clearing removable entities
22:57:45.170 [FXGL Background Thread 1 ] DEBUG GameWorld            - Setting level: com.almasb.fxgl.entity.level.Level@35b1340d
22:57:45.192 [FXGL Background Thread 1 ] DEBUG AssetLoader          - Loading from file system: /assets/textures/Tests/PlayerDemoIcon.png
22:57:45.194 [FXGL Background Thread 1 ] DEBUG InitAppTask          - Initializing Physics
22:57:45.194 [FXGL Background Thread 1 ] DEBUG InitAppTask          - Initializing UI
22:57:45.197 [FXGL Background Thread 1 ] DEBUG InitAppTask          - Initialization Complete
22:57:45.197 [FXGL Background Thread 1 ] INFO  InitAppTask          - Game initialization took: 0.144 sec
22:57:45.216 [JavaFX Application Thread] DEBUG Input                - Clearing active input actions
22:57:45.233 [JavaFX Application Thread] DEBUG Engine               - Removing overlay from LoadingScene and adding to GameScene
22:57:45.235 [JavaFX Application Thread] DEBUG MainWindow           - LoadingScene -> GameScene
22:57:49.602 [JavaFX Application Thread] DEBUG Engine               - Exiting FXGL
22:57:49.602 [JavaFX Application Thread] DEBUG Engine               - Shutting down background threads
22:57:49.602 [JavaFX Application Thread] DEBUG Engine               - Saving FXGL system data
22:57:49.605 [JavaFX Application Thread] DEBUG FSServiceImpl        - Writing to: G:\Desk\Projects\FXGLPlatformer\system\fxgl.bundle
22:57:49.606 [JavaFX Application Thread] DEBUG Engine               - Closing logger and exiting JavaFX
