22:58:04.107 [main                     ] DEBUG GameApplication      - Logger initialized
22:58:04.125 [main                     ] DEBUG GameApplication      - Logging settings
Title: JumpToBeat-Demo
Version: 0.1
Width: 1050
Height: 700
Fullscreen: false
Intro: false
Menus: false
Profiling: false
Single step:false
App Mode: DEVELOPER
Menu Key: ESCAPE
Stage Style: DECORATED
Scene Factory: class com.almasb.fxgl.app.SceneFactory
Dialog Factory: class com.almasb.fxgl.ui.FXGLDialogFactory
UI Factory: class com.almasb.fxgl.ui.FXGLUIFactory

22:58:04.637 [JavaFX Application Thread] DEBUG Engine               - Initializing FXGL
22:58:04.637 [JavaFX Application Thread] INFO  Engine               - FXGL-11.7 (05.01.2020 09.37) on WINDOWS (J:11.0.5 FX:12.0.1)
22:58:04.638 [JavaFX Application Thread] INFO  Engine               - Source code and latest versions at: https://github.com/AlmasB/FXGL
22:58:04.638 [JavaFX Application Thread] INFO  Engine               -              Join the FXGL chat at: https://gitter.im/AlmasB/FXGL
22:58:04.638 [JavaFX Application Thread] DEBUG Engine               - Initializing environment variables
22:58:04.640 [JavaFX Application Thread] DEBUG Engine               - Logging environment variables
22:58:04.640 [JavaFX Application Thread] DEBUG Engine               - achievements: []
22:58:04.641 [JavaFX Application Thread] DEBUG Engine               - sceneStack: com.almasb.fxgl.app.Engine@61438c0c
22:58:04.641 [JavaFX Application Thread] DEBUG Engine               - language: ObjectProperty [value: ENGLISH]
22:58:04.641 [JavaFX Application Thread] DEBUG Engine               - isCloseConfirmation: false
22:58:04.641 [JavaFX Application Thread] DEBUG Engine               - isProfilingEnabled: false
22:58:04.641 [JavaFX Application Thread] DEBUG Engine               - soundNotification: core/notification.wav
22:58:04.641 [JavaFX Application Thread] DEBUG Engine               - devShowBBoxProperty: BooleanProperty [value: false]
22:58:04.642 [JavaFX Application Thread] DEBUG Engine               - pixelsPerMeter: 50.0
22:58:04.642 [JavaFX Application Thread] DEBUG Engine               - overlayRoot: Group@37c6169b
22:58:04.643 [JavaFX Application Thread] DEBUG Engine               - appIcon: fxgl_icon.png
22:58:04.643 [JavaFX Application Thread] DEBUG Engine               - soundMenuBack: menu/back.wav
22:58:04.643 [JavaFX Application Thread] DEBUG Engine               - isFullScreenAllowed: false
22:58:04.643 [JavaFX Application Thread] DEBUG Engine               - isIntroEnabled: false
22:58:04.643 [JavaFX Application Thread] DEBUG Engine               - eventBus: com.almasb.fxgl.event.EventBus@7343a73e
22:58:04.643 [JavaFX Application Thread] DEBUG Engine               - fontMono: lucida_console.ttf
22:58:04.643 [JavaFX Application Thread] DEBUG Engine               - soundMenuSelect: menu/select.wav
22:58:04.643 [JavaFX Application Thread] DEBUG Engine               - isWindows: true
22:58:04.643 [JavaFX Application Thread] DEBUG Engine               - isMobile: false
22:58:04.643 [JavaFX Application Thread] DEBUG Engine               - height: 700
22:58:04.644 [JavaFX Application Thread] DEBUG Engine               - isExperimentalNative: false
22:58:04.644 [JavaFX Application Thread] DEBUG Engine               - isSingleStep: false
22:58:04.644 [JavaFX Application Thread] DEBUG Engine               - cSSList: [fxgl_dark.css]
22:58:04.644 [JavaFX Application Thread] DEBUG Engine               - fontGame: Abel-Regular.ttf
22:58:04.644 [JavaFX Application Thread] DEBUG Engine               - menuKey: ESCAPE
22:58:04.644 [JavaFX Application Thread] DEBUG Engine               - devShowPositionProperty: BooleanProperty [value: false]
22:58:04.644 [JavaFX Application Thread] DEBUG Engine               - versionCheckDays: 7
22:58:04.644 [JavaFX Application Thread] DEBUG Engine               - masterTimer: com.almasb.fxgl.time.Timer@e9d66b6
22:58:04.644 [JavaFX Application Thread] DEBUG Engine               - configClass: Optional.empty
22:58:04.644 [JavaFX Application Thread] DEBUG Engine               - isFullScreenFromStart: false
22:58:04.644 [JavaFX Application Thread] DEBUG Engine               - version: 0.1
22:58:04.645 [JavaFX Application Thread] DEBUG Engine               - fullScreen: BooleanProperty [value: false]
22:58:04.645 [JavaFX Application Thread] DEBUG Engine               - randomSeed: -1
22:58:04.645 [JavaFX Application Thread] DEBUG Engine               - dialogFactory: com.almasb.fxgl.ui.FXGLDialogFactory@63955c13
22:58:04.645 [JavaFX Application Thread] DEBUG Engine               - applicationMode: DEVELOPER
22:58:04.645 [JavaFX Application Thread] DEBUG Engine               - isMac: false
22:58:04.645 [JavaFX Application Thread] DEBUG Engine               - urlGoogleForms: https://goo.gl/forms/6wrMnOBxTE1fEpOy2
22:58:04.645 [JavaFX Application Thread] DEBUG Engine               - isMenuEnabled: false
22:58:04.645 [JavaFX Application Thread] DEBUG Engine               - urlPOM: https://raw.githubusercontent.com/AlmasB/FXGL/master/pom.xml
22:58:04.645 [JavaFX Application Thread] DEBUG Engine               - profileName: user.profile
22:58:04.645 [JavaFX Application Thread] DEBUG Engine               - notificationViewClass: class com.almasb.fxgl.notification.view.XboxNotificationView
22:58:04.646 [JavaFX Application Thread] DEBUG Engine               - devSensorColorProperty: ObjectProperty [value: 0xffff00ff]
22:58:04.646 [JavaFX Application Thread] DEBUG Engine               - sceneFactory: com.almasb.fxgl.app.SceneFactory@64e0fc34
22:58:04.646 [JavaFX Application Thread] DEBUG Engine               - dataFileExt: .dat
22:58:04.646 [JavaFX Application Thread] DEBUG Engine               - stageStyle: DECORATED
22:58:04.646 [JavaFX Application Thread] DEBUG Engine               - isManualResizeEnabled: false
22:58:04.646 [JavaFX Application Thread] DEBUG Engine               - title: JumpToBeat-Demo
22:58:04.646 [JavaFX Application Thread] DEBUG Engine               - platform: WINDOWS
22:58:04.646 [JavaFX Application Thread] DEBUG Engine               - devBBoxColorProperty: ObjectProperty [value: 0xff0000ff]
22:58:04.646 [JavaFX Application Thread] DEBUG Engine               - isDesktop: true
22:58:04.646 [JavaFX Application Thread] DEBUG Engine               - globalMusicVolumeProperty: DoubleProperty [value: 0.5]
22:58:04.646 [JavaFX Application Thread] DEBUG Engine               - credits: []
22:58:04.646 [JavaFX Application Thread] DEBUG Engine               - isPreserveResizeRatio: false
22:58:04.647 [JavaFX Application Thread] DEBUG Engine               - uIFactory: com.almasb.fxgl.ui.FXGLUIFactory@af4cdc1
22:58:04.647 [JavaFX Application Thread] DEBUG Engine               - fontText: Courier-Prime.ttf
22:58:04.647 [JavaFX Application Thread] DEBUG Engine               - isExperimentalTiledLargeMap: false
22:58:04.647 [JavaFX Application Thread] DEBUG Engine               - secondsIn24h: 60
22:58:04.647 [JavaFX Application Thread] DEBUG Engine               - runtimeInfo: RuntimeInfo(platform=WINDOWS, version=11.7, build=05.01.2020 09.37)
22:58:04.647 [JavaFX Application Thread] DEBUG Engine               - isLinux: false
22:58:04.647 [JavaFX Application Thread] DEBUG Engine               - soundMenuPress: menu/press.wav
22:58:04.647 [JavaFX Application Thread] DEBUG Engine               - urlGithub: https://github.com/AlmasB/FXGL
22:58:04.647 [JavaFX Application Thread] DEBUG Engine               - profileDir: profiles/
22:58:04.647 [JavaFX Application Thread] DEBUG Engine               - isDeveloperMenuEnabled: false
22:58:04.647 [JavaFX Application Thread] DEBUG Engine               - globalSoundVolumeProperty: DoubleProperty [value: 0.5]
22:58:04.647 [JavaFX Application Thread] DEBUG Engine               - isBrowser: false
22:58:04.648 [JavaFX Application Thread] DEBUG Engine               - urlLeaderboard: http://fxgl-top.herokuapp.com/
22:58:04.648 [JavaFX Application Thread] DEBUG Engine               - globalSoundVolume: 0.5
22:58:04.648 [JavaFX Application Thread] DEBUG Engine               - saveDir: saves/
22:58:04.648 [JavaFX Application Thread] DEBUG Engine               - engineServices: [class com.almasb.fxgl.audio.AudioPlayer, class com.almasb.fxgl.notification.impl.NotificationServiceProvider, class com.almasb.fxgl.achievement.AchievementManager, class com.almasb.fxgl.cutscene.CutsceneService, class com.almasb.fxgl.minigames.MiniGameService]
22:58:04.648 [JavaFX Application Thread] DEBUG Engine               - globalMusicVolume: 0.5
22:58:04.648 [JavaFX Application Thread] DEBUG Engine               - width: 1050
22:58:04.648 [JavaFX Application Thread] DEBUG Engine               - saveFileExt: .sav
22:58:04.648 [JavaFX Application Thread] DEBUG Engine               - isAndroid: false
22:58:04.648 [JavaFX Application Thread] DEBUG Engine               - fontUI: VarelaRound-Regular.ttf
22:58:04.648 [JavaFX Application Thread] DEBUG Engine               - enabledMenuItems: []
22:58:04.648 [JavaFX Application Thread] DEBUG Engine               - isIOS: false
22:58:04.651 [JavaFX Application Thread] DEBUG Engine               - Adding new engine service: class com.almasb.fxgl.audio.AudioPlayer
22:58:04.652 [JavaFX Application Thread] DEBUG Engine               - Adding new engine service: class com.almasb.fxgl.notification.impl.NotificationServiceProvider
22:58:04.652 [JavaFX Application Thread] DEBUG Engine               - Adding new engine service: class com.almasb.fxgl.achievement.AchievementManager
22:58:04.653 [JavaFX Application Thread] DEBUG Engine               - Adding new engine service: class com.almasb.fxgl.cutscene.CutsceneService
22:58:04.653 [JavaFX Application Thread] DEBUG Engine               - Adding new engine service: class com.almasb.fxgl.minigames.MiniGameService
22:58:04.655 [JavaFX Application Thread] DEBUG Engine               - Loading localizations
22:58:04.658 [JavaFX Application Thread] DEBUG AssetLoader          - Loading from file system: /assets/properties/languages/english.properties
22:58:04.660 [JavaFX Application Thread] DEBUG AssetLoader          - Loading from file system: /assets/properties/languages/french.properties
22:58:04.661 [JavaFX Application Thread] DEBUG AssetLoader          - Loading from file system: /assets/properties/languages/german.properties
22:58:04.662 [JavaFX Application Thread] DEBUG AssetLoader          - Loading from file system: /assets/properties/languages/russian.properties
22:58:04.664 [JavaFX Application Thread] DEBUG AssetLoader          - Loading from file system: /assets/properties/languages/hungarian.properties
22:58:04.666 [JavaFX Application Thread] DEBUG Engine               - Registering font factories
22:58:04.666 [JavaFX Application Thread] DEBUG AssetLoader          - Loading from file system: /assets/ui/fonts/VarelaRound-Regular.ttf
22:58:04.821 [JavaFX Application Thread] DEBUG AssetLoader          - Loading from file system: /assets/ui/fonts/Abel-Regular.ttf
22:58:04.824 [JavaFX Application Thread] DEBUG AssetLoader          - Loading from file system: /assets/ui/fonts/lucida_console.ttf
22:58:04.828 [JavaFX Application Thread] DEBUG AssetLoader          - Loading from file system: /assets/ui/fonts/Courier-Prime.ttf
22:58:04.832 [JavaFX Application Thread] DEBUG Engine               - Setting UI factory
22:58:04.921 [JavaFX Application Thread] DEBUG AssetLoader          - Loading from file system: /assets/textures/fxgl_logo.png
22:58:04.977 [JavaFX Application Thread] DEBUG MainWindow           - Creating a JavaFX scene
22:58:05.021 [JavaFX Application Thread] DEBUG MainWindow           - Target settings size: 1050.0 x 700.0
22:58:05.021 [JavaFX Application Thread] DEBUG MainWindow           - Scaled scene size:    1050.0 x 700.0
22:58:05.021 [JavaFX Application Thread] DEBUG MainWindow           - Scaled ratio: (1.0, 1.0)
22:58:05.022 [JavaFX Application Thread] DEBUG MainWindow           - Set initial scene to FXGLStartupScene
22:58:05.030 [JavaFX Application Thread] DEBUG AssetLoader          - Loading from file system: /assets/textures/fxgl_icon.png
22:58:05.041 [JavaFX Application Thread] DEBUG Engine               - Applying CSS: fxgl_dark.css
22:58:05.041 [JavaFX Application Thread] DEBUG AssetLoader          - Loading from file system: /assets/ui/css/fxgl_dark.css
22:58:05.044 [JavaFX Application Thread] DEBUG AssetLoader          - Loading from file system: /assets/ui/cursors/fxgl_default.png
22:58:05.046 [JavaFX Application Thread] DEBUG MainWindow           - Opening main window
22:58:05.194 [JavaFX Application Thread] DEBUG MainWindow           - Window border size: (16.0, 39.0)
22:58:05.194 [JavaFX Application Thread] DEBUG MainWindow           - Scaled size: 1050.0 x 700.0
22:58:05.194 [JavaFX Application Thread] DEBUG MainWindow           - Scaled ratio: (1.0, 1.0)
22:58:05.194 [JavaFX Application Thread] DEBUG MainWindow           - Scene size: 1050.0 x 700.0
22:58:05.194 [JavaFX Application Thread] DEBUG MainWindow           - Stage size: 1066.0 x 739.0
22:58:05.246 [FXGL Background Thread 1 ] DEBUG FS                   - Loaded FSServiceImpl
22:58:05.246 [FXGL Background Thread 1 ] DEBUG Engine               - Loading FXGL system data
22:58:05.252 [FXGL Background Thread 1 ] DEBUG FSServiceImpl        - Reading from: G:\Desk\Projects\FXGLPlatformer\system\fxgl.bundle
22:58:05.276 [FXGL Background Thread 1 ] DEBUG Engine               - Bundle FXGL: {}
22:58:05.276 [FXGL Background Thread 1 ] DEBUG Engine               - Initializing application scenes
22:58:05.331 [FXGL Background Thread 1 ] DEBUG GameWorld            - Game world initialized
22:58:05.364 [FXGL Background Thread 1 ] DEBUG PhysicsWorld         - Physics world initialized: appHeight=700, physics.ppm=50.0
22:58:05.366 [FXGL Background Thread 1 ] DEBUG GameScene            - Game scene initialized: 1050x700
22:58:05.388 [FXGL Background Thread 1 ] DEBUG Input                - Registered new binding: Resume - Esc
22:58:05.388 [FXGL Background Thread 1 ] DEBUG AssetLoader          - Loading from file system: /assets/textures/pause_menu_bg.png
22:58:05.410 [FXGL Background Thread 1 ] DEBUG Input                - Registered new binding: Pause - Esc
22:58:05.410 [FXGL Background Thread 1 ] DEBUG Engine               - Application scenes initialized
22:58:05.413 [JavaFX Application Thread] DEBUG Engine               - Running preInit()
22:58:05.413 [JavaFX Application Thread] DEBUG Input                - Registered new binding: Right - D
22:58:05.413 [JavaFX Application Thread] DEBUG Input                - Registered new binding: Left - A
22:58:05.413 [JavaFX Application Thread] DEBUG Input                - Registered new binding: Play Sound - F
22:58:05.414 [JavaFX Application Thread] DEBUG Input                - Registered new binding: Screenshot - P
22:58:05.415 [JavaFX Application Thread] DEBUG Input                - Registered new binding: System info dump - CTRL+9
22:58:05.415 [JavaFX Application Thread] DEBUG Input                - Registered new binding: Restart - CTRL+R
22:58:05.415 [JavaFX Application Thread] DEBUG Engine               - generateDefaultProfile()
22:58:05.415 [JavaFX Application Thread] DEBUG Engine               - Creating default profile
22:58:05.415 [JavaFX Application Thread] DEBUG EventBus             - Firing event: SaveEvent
22:58:05.424 [JavaFX Application Thread] INFO  Engine               - FXGL initialization took: 0.769 sec
22:58:05.424 [JavaFX Application Thread] DEBUG LoopRunner           - Starting loop
22:58:05.432 [JavaFX Application Thread] DEBUG FXGLStartupScene     - STARTUP
22:58:05.432 [JavaFX Application Thread] DEBUG Engine               - Starting new game
22:58:05.439 [JavaFX Application Thread] DEBUG Input                - Clearing active input actions
22:58:05.439 [FXGL Background Thread 1 ] DEBUG InitAppTask          - Clearing previous game
22:58:05.439 [FXGL Background Thread 1 ] DEBUG GameWorld            - Clearing game world
22:58:05.439 [FXGL Background Thread 1 ] DEBUG PhysicsWorld         - Clearing physics world
22:58:05.439 [FXGL Background Thread 1 ] DEBUG GameScene            - Clearing game scene
22:58:05.440 [FXGL Background Thread 1 ] DEBUG InitAppTask          - Initializing Game
22:58:05.450 [JavaFX Application Thread] DEBUG Engine               - Removing overlay from FXGLStartupScene and adding to LoadingScene
22:58:05.451 [JavaFX Application Thread] DEBUG MainWindow           - FXGLStartupScene -> LoadingScene
22:58:05.457 [FXGL Background Thread 1 ] DEBUG AssetLoader          - Loading from file system: /assets/levels/TestLevel.tmx
22:58:05.486 [FXGL Background Thread 1 ] WARN  TMXLevelLoader       - TiledMap generated from 1.3.4. Supported version: 1.2.3. Some features may not be parsed fully.
22:58:05.506 [FXGL Background Thread 1 ] DEBUG TMXLevelLoader       - Parsed raw map: TiledMap(width=15, height=10, tilewidth=64, tileheight=64, orientation=orthogonal, layers=[Layer(width=15, height=10, name=Kachelebene 1, type=tilelayer, visible=false, x=0, y=0, data=[4, 25, 25, 25, 25, 25, 25, 25, 25, 25, 25, 25, 25, 25, 5, 27, 0, 0, 0, 0, 0, 0, 0, 0, 0, 0, 0, 0, 0, 26, 27, 0, 0, 0, 0, 0, 0, 0, 0, 0, 0, 0, 0, 0, 26, 27, 0, 0, 0, 0, 0, 0, 0, 0, 0, 0, 0, 0, 0, 26, 27, 0, 0, 0, 0, 0, 0, 0, 0, 0, 0, 0, 0, 0, 26, 27, 0, 0, 0, 0, 0, 0, 0, 0, 0, 37, 38, 38, 39, 26, 27, 0, 0, 0, 0, 0, 0, 37, 38, 39, 0, 0, 0, 0, 26, 27, 0, 0, 37, 38, 39, 0, 0, 0, 0, 0, 0, 0, 0, 26, 27, 0, 0, 0, 0, 0, 0, 0, 0, 0, 0, 0, 0, 0, 26, 16, 1, 1, 1, 1, 1, 1, 1, 1, 1, 1, 1, 1, 1, 17], objects=[], opacity=0.0, draworder=), Layer(width=0, height=0, name=Objektebene 1, type=objectgroup, visible=false, x=0, y=0, data=[], objects=[com.almasb.fxgl.entity.level.tiled.TiledObject@ab6b9b, com.almasb.fxgl.entity.level.tiled.TiledObject@6fe57f36, com.almasb.fxgl.entity.level.tiled.TiledObject@55e619c3, com.almasb.fxgl.entity.level.tiled.TiledObject@b13f31d, com.almasb.fxgl.entity.level.tiled.TiledObject@50bfb657, com.almasb.fxgl.entity.level.tiled.TiledObject@14e76fb9, com.almasb.fxgl.entity.level.tiled.TiledObject@71aa44e7, com.almasb.fxgl.entity.level.tiled.TiledObject@65b5dad4, com.almasb.fxgl.entity.level.tiled.TiledObject@4815c53b, com.almasb.fxgl.entity.level.tiled.TiledObject@67a0f127, com.almasb.fxgl.entity.level.tiled.TiledObject@440e0c48, com.almasb.fxgl.entity.level.tiled.TiledObject@f261d67], opacity=0.0, draworder=)], tilesets=[Tileset(firstgid=1, image=C:/Users/Jordan/Desktop/forest.png, name=Forrest, tilewidth=64, tileheight=64, imagewidth=768, imageheight=256, margin=0, spacing=0, columns=12, tilecount=48, transparentcolor=)], backgroundcolor=, renderorder=right-down, nextobjectid=31, version=1, tiledversion=1.3.4, type=map, infinite=false, properties={}, propertytypes={})
22:58:05.507 [FXGL Background Thread 1 ] DEBUG TMXLevelLoader       - Creating tile layer entities
22:58:05.508 [FXGL Background Thread 1 ] DEBUG TilesetLoader        - Loading view for layer Kachelebene 1
22:58:05.510 [FXGL Background Thread 1 ] DEBUG TilesetLoader        - Created buffer with size 960.0x640.0
22:58:05.513 [FXGL Background Thread 1 ] DEBUG TilesetLoader        - Writing to buffer: dst=0,0, w=64,h=64, src=192,0
22:58:05.515 [FXGL Background Thread 1 ] DEBUG TilesetLoader        - Writing to buffer: dst=64,0, w=64,h=64, src=0,128
22:58:05.515 [FXGL Background Thread 1 ] DEBUG TilesetLoader        - Writing to buffer: dst=128,0, w=64,h=64, src=0,128
22:58:05.515 [FXGL Background Thread 1 ] DEBUG TilesetLoader        - Writing to buffer: dst=192,0, w=64,h=64, src=0,128
22:58:05.515 [FXGL Background Thread 1 ] DEBUG TilesetLoader        - Writing to buffer: dst=256,0, w=64,h=64, src=0,128
22:58:05.515 [FXGL Background Thread 1 ] DEBUG TilesetLoader        - Writing to buffer: dst=320,0, w=64,h=64, src=0,128
22:58:05.515 [FXGL Background Thread 1 ] DEBUG TilesetLoader        - Writing to buffer: dst=384,0, w=64,h=64, src=0,128
22:58:05.515 [FXGL Background Thread 1 ] DEBUG TilesetLoader        - Writing to buffer: dst=448,0, w=64,h=64, src=0,128
22:58:05.515 [FXGL Background Thread 1 ] DEBUG TilesetLoader        - Writing to buffer: dst=512,0, w=64,h=64, src=0,128
22:58:05.516 [FXGL Background Thread 1 ] DEBUG TilesetLoader        - Writing to buffer: dst=576,0, w=64,h=64, src=0,128
22:58:05.516 [FXGL Background Thread 1 ] DEBUG TilesetLoader        - Writing to buffer: dst=640,0, w=64,h=64, src=0,128
22:58:05.516 [FXGL Background Thread 1 ] DEBUG TilesetLoader        - Writing to buffer: dst=704,0, w=64,h=64, src=0,128
22:58:05.516 [FXGL Background Thread 1 ] DEBUG TilesetLoader        - Writing to buffer: dst=768,0, w=64,h=64, src=0,128
22:58:05.516 [FXGL Background Thread 1 ] DEBUG TilesetLoader        - Writing to buffer: dst=832,0, w=64,h=64, src=0,128
22:58:05.516 [FXGL Background Thread 1 ] DEBUG TilesetLoader        - Writing to buffer: dst=896,0, w=64,h=64, src=256,0
22:58:05.516 [FXGL Background Thread 1 ] DEBUG TilesetLoader        - Writing to buffer: dst=0,64, w=64,h=64, src=128,128
22:58:05.516 [FXGL Background Thread 1 ] DEBUG TilesetLoader        - Writing to buffer: dst=896,64, w=64,h=64, src=64,128
22:58:05.516 [FXGL Background Thread 1 ] DEBUG TilesetLoader        - Writing to buffer: dst=0,128, w=64,h=64, src=128,128
22:58:05.516 [FXGL Background Thread 1 ] DEBUG TilesetLoader        - Writing to buffer: dst=896,128, w=64,h=64, src=64,128
22:58:05.516 [FXGL Background Thread 1 ] DEBUG TilesetLoader        - Writing to buffer: dst=0,192, w=64,h=64, src=128,128
22:58:05.516 [FXGL Background Thread 1 ] DEBUG TilesetLoader        - Writing to buffer: dst=896,192, w=64,h=64, src=64,128
22:58:05.516 [FXGL Background Thread 1 ] DEBUG TilesetLoader        - Writing to buffer: dst=0,256, w=64,h=64, src=128,128
22:58:05.516 [FXGL Background Thread 1 ] DEBUG TilesetLoader        - Writing to buffer: dst=896,256, w=64,h=64, src=64,128
22:58:05.516 [FXGL Background Thread 1 ] DEBUG TilesetLoader        - Writing to buffer: dst=0,320, w=64,h=64, src=128,128
22:58:05.517 [FXGL Background Thread 1 ] DEBUG TilesetLoader        - Writing to buffer: dst=640,320, w=64,h=64, src=0,192
22:58:05.517 [FXGL Background Thread 1 ] DEBUG TilesetLoader        - Writing to buffer: dst=704,320, w=64,h=64, src=64,192
22:58:05.517 [FXGL Background Thread 1 ] DEBUG TilesetLoader        - Writing to buffer: dst=768,320, w=64,h=64, src=64,192
22:58:05.517 [FXGL Background Thread 1 ] DEBUG TilesetLoader        - Writing to buffer: dst=832,320, w=64,h=64, src=128,192
22:58:05.517 [FXGL Background Thread 1 ] DEBUG TilesetLoader        - Writing to buffer: dst=896,320, w=64,h=64, src=64,128
22:58:05.517 [FXGL Background Thread 1 ] DEBUG TilesetLoader        - Writing to buffer: dst=0,384, w=64,h=64, src=128,128
22:58:05.517 [FXGL Background Thread 1 ] DEBUG TilesetLoader        - Writing to buffer: dst=448,384, w=64,h=64, src=0,192
22:58:05.517 [FXGL Background Thread 1 ] DEBUG TilesetLoader        - Writing to buffer: dst=512,384, w=64,h=64, src=64,192
22:58:05.517 [FXGL Background Thread 1 ] DEBUG TilesetLoader        - Writing to buffer: dst=576,384, w=64,h=64, src=128,192
22:58:05.517 [FXGL Background Thread 1 ] DEBUG TilesetLoader        - Writing to buffer: dst=896,384, w=64,h=64, src=64,128
22:58:05.517 [FXGL Background Thread 1 ] DEBUG TilesetLoader        - Writing to buffer: dst=0,448, w=64,h=64, src=128,128
22:58:05.517 [FXGL Background Thread 1 ] DEBUG TilesetLoader        - Writing to buffer: dst=192,448, w=64,h=64, src=0,192
22:58:05.517 [FXGL Background Thread 1 ] DEBUG TilesetLoader        - Writing to buffer: dst=256,448, w=64,h=64, src=64,192
22:58:05.517 [FXGL Background Thread 1 ] DEBUG TilesetLoader        - Writing to buffer: dst=320,448, w=64,h=64, src=128,192
22:58:05.517 [FXGL Background Thread 1 ] DEBUG TilesetLoader        - Writing to buffer: dst=896,448, w=64,h=64, src=64,128
22:58:05.517 [FXGL Background Thread 1 ] DEBUG TilesetLoader        - Writing to buffer: dst=0,512, w=64,h=64, src=128,128
22:58:05.517 [FXGL Background Thread 1 ] DEBUG TilesetLoader        - Writing to buffer: dst=896,512, w=64,h=64, src=64,128
22:58:05.518 [FXGL Background Thread 1 ] DEBUG TilesetLoader        - Writing to buffer: dst=0,576, w=64,h=64, src=192,64
22:58:05.518 [FXGL Background Thread 1 ] DEBUG TilesetLoader        - Writing to buffer: dst=64,576, w=64,h=64, src=0,0
22:58:05.518 [FXGL Background Thread 1 ] DEBUG TilesetLoader        - Writing to buffer: dst=128,576, w=64,h=64, src=0,0
22:58:05.518 [FXGL Background Thread 1 ] DEBUG TilesetLoader        - Writing to buffer: dst=192,576, w=64,h=64, src=0,0
22:58:05.518 [FXGL Background Thread 1 ] DEBUG TilesetLoader        - Writing to buffer: dst=256,576, w=64,h=64, src=0,0
22:58:05.518 [FXGL Background Thread 1 ] DEBUG TilesetLoader        - Writing to buffer: dst=320,576, w=64,h=64, src=0,0
22:58:05.518 [FXGL Background Thread 1 ] DEBUG TilesetLoader        - Writing to buffer: dst=384,576, w=64,h=64, src=0,0
22:58:05.518 [FXGL Background Thread 1 ] DEBUG TilesetLoader        - Writing to buffer: dst=448,576, w=64,h=64, src=0,0
22:58:05.518 [FXGL Background Thread 1 ] DEBUG TilesetLoader        - Writing to buffer: dst=512,576, w=64,h=64, src=0,0
22:58:05.518 [FXGL Background Thread 1 ] DEBUG TilesetLoader        - Writing to buffer: dst=576,576, w=64,h=64, src=0,0
22:58:05.518 [FXGL Background Thread 1 ] DEBUG TilesetLoader        - Writing to buffer: dst=640,576, w=64,h=64, src=0,0
22:58:05.518 [FXGL Background Thread 1 ] DEBUG TilesetLoader        - Writing to buffer: dst=704,576, w=64,h=64, src=0,0
22:58:05.518 [FXGL Background Thread 1 ] DEBUG TilesetLoader        - Writing to buffer: dst=768,576, w=64,h=64, src=0,0
22:58:05.518 [FXGL Background Thread 1 ] DEBUG TilesetLoader        - Writing to buffer: dst=832,576, w=64,h=64, src=0,0
22:58:05.518 [FXGL Background Thread 1 ] DEBUG TilesetLoader        - Writing to buffer: dst=896,576, w=64,h=64, src=256,64
22:58:05.519 [FXGL Background Thread 1 ] DEBUG TMXLevelLoader       - Creating object layer entities
22:58:05.534 [FXGL Background Thread 1 ] DEBUG GameWorld            - Clearing removable entities
22:58:05.534 [FXGL Background Thread 1 ] DEBUG GameWorld            - Setting level: com.almasb.fxgl.entity.level.Level@7af126ff
22:58:05.568 [FXGL Background Thread 1 ] DEBUG AssetLoader          - Loading from file system: /assets/textures/Tests/PlayerDemoIcon.png
22:58:05.569 [FXGL Background Thread 1 ] DEBUG InitAppTask          - Initializing Physics
22:58:05.570 [FXGL Background Thread 1 ] DEBUG InitAppTask          - Initializing UI
22:58:05.571 [FXGL Background Thread 1 ] DEBUG InitAppTask          - Initialization Complete
22:58:05.572 [FXGL Background Thread 1 ] INFO  InitAppTask          - Game initialization took: 0.133 sec
22:58:05.586 [JavaFX Application Thread] DEBUG Input                - Clearing active input actions
22:58:05.598 [JavaFX Application Thread] DEBUG Engine               - Removing overlay from LoadingScene and adding to GameScene
22:58:05.598 [JavaFX Application Thread] DEBUG MainWindow           - LoadingScene -> GameScene
22:58:19.141 [JavaFX Application Thread] DEBUG Engine               - Exiting FXGL
22:58:19.142 [JavaFX Application Thread] DEBUG Engine               - Shutting down background threads
22:58:19.142 [JavaFX Application Thread] DEBUG Engine               - Saving FXGL system data
22:58:19.144 [JavaFX Application Thread] DEBUG FSServiceImpl        - Writing to: G:\Desk\Projects\FXGLPlatformer\system\fxgl.bundle
22:58:19.146 [JavaFX Application Thread] DEBUG Engine               - Closing logger and exiting JavaFX
