23:05:43.882 [main                     ] DEBUG GameApplication      - Logger initialized
23:05:43.899 [main                     ] DEBUG GameApplication      - Logging settings
Title: JumpToBeat-Demo
Version: 0.1
Width: 1050
Height: 700
Fullscreen: false
Intro: false
Menus: false
Profiling: false
Single step:false
App Mode: DEVELOPER
Menu Key: ESCAPE
Stage Style: DECORATED
Scene Factory: class com.almasb.fxgl.app.SceneFactory
Dialog Factory: class com.almasb.fxgl.ui.FXGLDialogFactory
UI Factory: class com.almasb.fxgl.ui.FXGLUIFactory

23:05:44.453 [JavaFX Application Thread] DEBUG Engine               - Initializing FXGL
23:05:44.453 [JavaFX Application Thread] INFO  Engine               - FXGL-11.7 (05.01.2020 09.37) on WINDOWS (J:11.0.5 FX:12.0.1)
23:05:44.453 [JavaFX Application Thread] INFO  Engine               - Source code and latest versions at: https://github.com/AlmasB/FXGL
23:05:44.453 [JavaFX Application Thread] INFO  Engine               -              Join the FXGL chat at: https://gitter.im/AlmasB/FXGL
23:05:44.454 [JavaFX Application Thread] DEBUG Engine               - Initializing environment variables
23:05:44.456 [JavaFX Application Thread] DEBUG Engine               - Logging environment variables
23:05:44.456 [JavaFX Application Thread] DEBUG Engine               - achievements: []
23:05:44.456 [JavaFX Application Thread] DEBUG Engine               - sceneStack: com.almasb.fxgl.app.Engine@3be64bcb
23:05:44.456 [JavaFX Application Thread] DEBUG Engine               - language: ObjectProperty [value: ENGLISH]
23:05:44.456 [JavaFX Application Thread] DEBUG Engine               - isCloseConfirmation: false
23:05:44.456 [JavaFX Application Thread] DEBUG Engine               - isProfilingEnabled: false
23:05:44.457 [JavaFX Application Thread] DEBUG Engine               - soundNotification: core/notification.wav
23:05:44.457 [JavaFX Application Thread] DEBUG Engine               - devShowBBoxProperty: BooleanProperty [value: false]
23:05:44.458 [JavaFX Application Thread] DEBUG Engine               - pixelsPerMeter: 50.0
23:05:44.458 [JavaFX Application Thread] DEBUG Engine               - overlayRoot: Group@34e9bded
23:05:44.458 [JavaFX Application Thread] DEBUG Engine               - appIcon: fxgl_icon.png
23:05:44.458 [JavaFX Application Thread] DEBUG Engine               - soundMenuBack: menu/back.wav
23:05:44.458 [JavaFX Application Thread] DEBUG Engine               - isFullScreenAllowed: false
23:05:44.458 [JavaFX Application Thread] DEBUG Engine               - isIntroEnabled: false
23:05:44.458 [JavaFX Application Thread] DEBUG Engine               - eventBus: com.almasb.fxgl.event.EventBus@6fdd6b51
23:05:44.458 [JavaFX Application Thread] DEBUG Engine               - fontMono: lucida_console.ttf
23:05:44.458 [JavaFX Application Thread] DEBUG Engine               - soundMenuSelect: menu/select.wav
23:05:44.459 [JavaFX Application Thread] DEBUG Engine               - isWindows: true
23:05:44.459 [JavaFX Application Thread] DEBUG Engine               - isMobile: false
23:05:44.459 [JavaFX Application Thread] DEBUG Engine               - height: 700
23:05:44.459 [JavaFX Application Thread] DEBUG Engine               - isExperimentalNative: false
23:05:44.459 [JavaFX Application Thread] DEBUG Engine               - cSSList: [fxgl_dark.css]
23:05:44.459 [JavaFX Application Thread] DEBUG Engine               - isSingleStep: false
23:05:44.459 [JavaFX Application Thread] DEBUG Engine               - fontGame: Abel-Regular.ttf
23:05:44.459 [JavaFX Application Thread] DEBUG Engine               - menuKey: ESCAPE
23:05:44.459 [JavaFX Application Thread] DEBUG Engine               - devShowPositionProperty: BooleanProperty [value: false]
23:05:44.460 [JavaFX Application Thread] DEBUG Engine               - versionCheckDays: 7
23:05:44.460 [JavaFX Application Thread] DEBUG Engine               - masterTimer: com.almasb.fxgl.time.Timer@666cdd72
23:05:44.460 [JavaFX Application Thread] DEBUG Engine               - configClass: Optional.empty
23:05:44.460 [JavaFX Application Thread] DEBUG Engine               - isFullScreenFromStart: false
23:05:44.460 [JavaFX Application Thread] DEBUG Engine               - version: 0.1
23:05:44.460 [JavaFX Application Thread] DEBUG Engine               - fullScreen: BooleanProperty [value: false]
23:05:44.460 [JavaFX Application Thread] DEBUG Engine               - randomSeed: -1
23:05:44.460 [JavaFX Application Thread] DEBUG Engine               - dialogFactory: com.almasb.fxgl.ui.FXGLDialogFactory@6e9e8ce8
23:05:44.460 [JavaFX Application Thread] DEBUG Engine               - applicationMode: DEVELOPER
23:05:44.460 [JavaFX Application Thread] DEBUG Engine               - isMac: false
23:05:44.460 [JavaFX Application Thread] DEBUG Engine               - urlGoogleForms: https://goo.gl/forms/6wrMnOBxTE1fEpOy2
23:05:44.460 [JavaFX Application Thread] DEBUG Engine               - isMenuEnabled: false
23:05:44.461 [JavaFX Application Thread] DEBUG Engine               - urlPOM: https://raw.githubusercontent.com/AlmasB/FXGL/master/pom.xml
23:05:44.461 [JavaFX Application Thread] DEBUG Engine               - profileName: user.profile
23:05:44.461 [JavaFX Application Thread] DEBUG Engine               - notificationViewClass: class com.almasb.fxgl.notification.view.XboxNotificationView
23:05:44.461 [JavaFX Application Thread] DEBUG Engine               - devSensorColorProperty: ObjectProperty [value: 0xffff00ff]
23:05:44.461 [JavaFX Application Thread] DEBUG Engine               - sceneFactory: com.almasb.fxgl.app.SceneFactory@17e14203
23:05:44.461 [JavaFX Application Thread] DEBUG Engine               - dataFileExt: .dat
23:05:44.461 [JavaFX Application Thread] DEBUG Engine               - stageStyle: DECORATED
23:05:44.461 [JavaFX Application Thread] DEBUG Engine               - isManualResizeEnabled: false
23:05:44.461 [JavaFX Application Thread] DEBUG Engine               - title: JumpToBeat-Demo
23:05:44.461 [JavaFX Application Thread] DEBUG Engine               - platform: WINDOWS
23:05:44.461 [JavaFX Application Thread] DEBUG Engine               - devBBoxColorProperty: ObjectProperty [value: 0xff0000ff]
23:05:44.462 [JavaFX Application Thread] DEBUG Engine               - isDesktop: true
23:05:44.462 [JavaFX Application Thread] DEBUG Engine               - credits: []
23:05:44.462 [JavaFX Application Thread] DEBUG Engine               - globalMusicVolumeProperty: DoubleProperty [value: 0.5]
23:05:44.462 [JavaFX Application Thread] DEBUG Engine               - uIFactory: com.almasb.fxgl.ui.FXGLUIFactory@1362344d
23:05:44.462 [JavaFX Application Thread] DEBUG Engine               - isPreserveResizeRatio: false
23:05:44.462 [JavaFX Application Thread] DEBUG Engine               - fontText: Courier-Prime.ttf
23:05:44.462 [JavaFX Application Thread] DEBUG Engine               - isExperimentalTiledLargeMap: false
23:05:44.462 [JavaFX Application Thread] DEBUG Engine               - secondsIn24h: 60
23:05:44.462 [JavaFX Application Thread] DEBUG Engine               - runtimeInfo: RuntimeInfo(platform=WINDOWS, version=11.7, build=05.01.2020 09.37)
23:05:44.462 [JavaFX Application Thread] DEBUG Engine               - isLinux: false
23:05:44.462 [JavaFX Application Thread] DEBUG Engine               - soundMenuPress: menu/press.wav
23:05:44.462 [JavaFX Application Thread] DEBUG Engine               - urlGithub: https://github.com/AlmasB/FXGL
23:05:44.462 [JavaFX Application Thread] DEBUG Engine               - profileDir: profiles/
23:05:44.462 [JavaFX Application Thread] DEBUG Engine               - isDeveloperMenuEnabled: false
23:05:44.462 [JavaFX Application Thread] DEBUG Engine               - globalSoundVolumeProperty: DoubleProperty [value: 0.5]
23:05:44.462 [JavaFX Application Thread] DEBUG Engine               - isBrowser: false
23:05:44.462 [JavaFX Application Thread] DEBUG Engine               - urlLeaderboard: http://fxgl-top.herokuapp.com/
23:05:44.462 [JavaFX Application Thread] DEBUG Engine               - globalSoundVolume: 0.5
23:05:44.462 [JavaFX Application Thread] DEBUG Engine               - saveDir: saves/
23:05:44.463 [JavaFX Application Thread] DEBUG Engine               - engineServices: [class com.almasb.fxgl.audio.AudioPlayer, class com.almasb.fxgl.notification.impl.NotificationServiceProvider, class com.almasb.fxgl.achievement.AchievementManager, class com.almasb.fxgl.cutscene.CutsceneService, class com.almasb.fxgl.minigames.MiniGameService]
23:05:44.463 [JavaFX Application Thread] DEBUG Engine               - globalMusicVolume: 0.5
23:05:44.463 [JavaFX Application Thread] DEBUG Engine               - width: 1050
23:05:44.463 [JavaFX Application Thread] DEBUG Engine               - saveFileExt: .sav
23:05:44.463 [JavaFX Application Thread] DEBUG Engine               - isAndroid: false
23:05:44.463 [JavaFX Application Thread] DEBUG Engine               - fontUI: VarelaRound-Regular.ttf
23:05:44.463 [JavaFX Application Thread] DEBUG Engine               - enabledMenuItems: []
23:05:44.463 [JavaFX Application Thread] DEBUG Engine               - isIOS: false
23:05:44.465 [JavaFX Application Thread] DEBUG Engine               - Adding new engine service: class com.almasb.fxgl.audio.AudioPlayer
23:05:44.466 [JavaFX Application Thread] DEBUG Engine               - Adding new engine service: class com.almasb.fxgl.notification.impl.NotificationServiceProvider
23:05:44.466 [JavaFX Application Thread] DEBUG Engine               - Adding new engine service: class com.almasb.fxgl.achievement.AchievementManager
23:05:44.467 [JavaFX Application Thread] DEBUG Engine               - Adding new engine service: class com.almasb.fxgl.cutscene.CutsceneService
23:05:44.467 [JavaFX Application Thread] DEBUG Engine               - Adding new engine service: class com.almasb.fxgl.minigames.MiniGameService
23:05:44.470 [JavaFX Application Thread] DEBUG Engine               - Loading localizations
23:05:44.472 [JavaFX Application Thread] DEBUG AssetLoader          - Loading from file system: /assets/properties/languages/english.properties
23:05:44.474 [JavaFX Application Thread] DEBUG AssetLoader          - Loading from file system: /assets/properties/languages/french.properties
23:05:44.475 [JavaFX Application Thread] DEBUG AssetLoader          - Loading from file system: /assets/properties/languages/german.properties
23:05:44.477 [JavaFX Application Thread] DEBUG AssetLoader          - Loading from file system: /assets/properties/languages/russian.properties
23:05:44.478 [JavaFX Application Thread] DEBUG AssetLoader          - Loading from file system: /assets/properties/languages/hungarian.properties
23:05:44.479 [JavaFX Application Thread] DEBUG Engine               - Registering font factories
23:05:44.480 [JavaFX Application Thread] DEBUG AssetLoader          - Loading from file system: /assets/ui/fonts/VarelaRound-Regular.ttf
23:05:44.640 [JavaFX Application Thread] DEBUG AssetLoader          - Loading from file system: /assets/ui/fonts/Abel-Regular.ttf
23:05:44.643 [JavaFX Application Thread] DEBUG AssetLoader          - Loading from file system: /assets/ui/fonts/lucida_console.ttf
23:05:44.648 [JavaFX Application Thread] DEBUG AssetLoader          - Loading from file system: /assets/ui/fonts/Courier-Prime.ttf
23:05:44.652 [JavaFX Application Thread] DEBUG Engine               - Setting UI factory
23:05:44.758 [JavaFX Application Thread] DEBUG AssetLoader          - Loading from file system: /assets/textures/fxgl_logo.png
23:05:44.825 [JavaFX Application Thread] DEBUG MainWindow           - Creating a JavaFX scene
23:05:44.873 [JavaFX Application Thread] DEBUG MainWindow           - Target settings size: 1050.0 x 700.0
23:05:44.873 [JavaFX Application Thread] DEBUG MainWindow           - Scaled scene size:    1050.0 x 700.0
23:05:44.874 [JavaFX Application Thread] DEBUG MainWindow           - Scaled ratio: (1.0, 1.0)
23:05:44.875 [JavaFX Application Thread] DEBUG MainWindow           - Set initial scene to FXGLStartupScene
23:05:44.882 [JavaFX Application Thread] DEBUG AssetLoader          - Loading from file system: /assets/textures/fxgl_icon.png
23:05:44.893 [JavaFX Application Thread] DEBUG Engine               - Applying CSS: fxgl_dark.css
23:05:44.894 [JavaFX Application Thread] DEBUG AssetLoader          - Loading from file system: /assets/ui/css/fxgl_dark.css
23:05:44.897 [JavaFX Application Thread] DEBUG AssetLoader          - Loading from file system: /assets/ui/cursors/fxgl_default.png
23:05:44.898 [JavaFX Application Thread] DEBUG MainWindow           - Opening main window
23:05:45.051 [JavaFX Application Thread] DEBUG MainWindow           - Window border size: (16.0, 39.0)
23:05:45.051 [JavaFX Application Thread] DEBUG MainWindow           - Scaled size: 1050.0 x 700.0
23:05:45.051 [JavaFX Application Thread] DEBUG MainWindow           - Scaled ratio: (1.0, 1.0)
23:05:45.051 [JavaFX Application Thread] DEBUG MainWindow           - Scene size: 1050.0 x 700.0
23:05:45.051 [JavaFX Application Thread] DEBUG MainWindow           - Stage size: 1066.0 x 739.0
23:05:45.081 [FXGL Background Thread 1 ] DEBUG FS                   - Loaded FSServiceImpl
23:05:45.081 [FXGL Background Thread 1 ] DEBUG Engine               - Loading FXGL system data
23:05:45.086 [FXGL Background Thread 1 ] DEBUG FSServiceImpl        - Reading from: G:\Desk\Projects\FXGLPlatformer\system\fxgl.bundle
23:05:45.094 [FXGL Background Thread 1 ] DEBUG Engine               - Bundle FXGL: {}
23:05:45.094 [FXGL Background Thread 1 ] DEBUG Engine               - Initializing application scenes
23:05:45.131 [FXGL Background Thread 1 ] DEBUG GameWorld            - Game world initialized
23:05:45.179 [FXGL Background Thread 1 ] DEBUG PhysicsWorld         - Physics world initialized: appHeight=700, physics.ppm=50.0
23:05:45.181 [FXGL Background Thread 1 ] DEBUG GameScene            - Game scene initialized: 1050x700
23:05:45.214 [FXGL Background Thread 1 ] DEBUG Input                - Registered new binding: Resume - Esc
23:05:45.215 [FXGL Background Thread 1 ] DEBUG AssetLoader          - Loading from file system: /assets/textures/pause_menu_bg.png
23:05:45.239 [FXGL Background Thread 1 ] DEBUG Input                - Registered new binding: Pause - Esc
23:05:45.240 [FXGL Background Thread 1 ] DEBUG Engine               - Application scenes initialized
23:05:45.242 [JavaFX Application Thread] DEBUG Engine               - Running preInit()
23:05:45.242 [JavaFX Application Thread] DEBUG Input                - Registered new binding: Right - D
23:05:45.242 [JavaFX Application Thread] DEBUG Input                - Registered new binding: Left - A
23:05:45.242 [JavaFX Application Thread] DEBUG Input                - Registered new binding: Play Sound - F
23:05:45.243 [JavaFX Application Thread] DEBUG Input                - Registered new binding: Screenshot - P
23:05:45.243 [JavaFX Application Thread] DEBUG Input                - Registered new binding: System info dump - CTRL+9
23:05:45.244 [JavaFX Application Thread] DEBUG Input                - Registered new binding: Restart - CTRL+R
23:05:45.244 [JavaFX Application Thread] DEBUG Engine               - generateDefaultProfile()
23:05:45.244 [JavaFX Application Thread] DEBUG Engine               - Creating default profile
23:05:45.244 [JavaFX Application Thread] DEBUG EventBus             - Firing event: SaveEvent
23:05:45.255 [JavaFX Application Thread] INFO  Engine               - FXGL initialization took: 0.785 sec
23:05:45.255 [JavaFX Application Thread] DEBUG LoopRunner           - Starting loop
23:05:45.261 [JavaFX Application Thread] DEBUG FXGLStartupScene     - STARTUP
23:05:45.261 [JavaFX Application Thread] DEBUG Engine               - Starting new game
23:05:45.268 [JavaFX Application Thread] DEBUG Input                - Clearing active input actions
23:05:45.269 [FXGL Background Thread 1 ] DEBUG InitAppTask          - Clearing previous game
23:05:45.269 [FXGL Background Thread 1 ] DEBUG GameWorld            - Clearing game world
23:05:45.269 [FXGL Background Thread 1 ] DEBUG PhysicsWorld         - Clearing physics world
23:05:45.269 [FXGL Background Thread 1 ] DEBUG GameScene            - Clearing game scene
23:05:45.269 [FXGL Background Thread 1 ] DEBUG InitAppTask          - Initializing Game
23:05:45.278 [JavaFX Application Thread] DEBUG Engine               - Removing overlay from FXGLStartupScene and adding to LoadingScene
23:05:45.278 [JavaFX Application Thread] DEBUG MainWindow           - FXGLStartupScene -> LoadingScene
23:05:45.281 [FXGL Background Thread 1 ] DEBUG AssetLoader          - Loading from file system: /assets/levels/TestLevel.tmx
23:05:45.312 [FXGL Background Thread 1 ] WARN  TMXLevelLoader       - TiledMap generated from 1.3.4. Supported version: 1.2.3. Some features may not be parsed fully.
23:05:45.332 [FXGL Background Thread 1 ] DEBUG TMXLevelLoader       - Parsed raw map: TiledMap(width=15, height=10, tilewidth=64, tileheight=64, orientation=orthogonal, layers=[Layer(width=15, height=10, name=Kachelebene 1, type=tilelayer, visible=false, x=0, y=0, data=[4, 25, 25, 25, 25, 25, 25, 25, 25, 25, 25, 25, 25, 25, 5, 27, 0, 0, 0, 0, 0, 0, 0, 0, 0, 0, 0, 0, 0, 26, 27, 0, 0, 0, 0, 0, 0, 0, 0, 0, 0, 0, 0, 0, 26, 27, 0, 0, 0, 0, 0, 0, 0, 0, 0, 0, 0, 0, 0, 26, 27, 0, 0, 0, 0, 0, 0, 0, 0, 0, 0, 0, 0, 0, 26, 27, 0, 0, 0, 0, 0, 0, 0, 0, 0, 37, 38, 38, 39, 26, 27, 0, 0, 0, 0, 0, 0, 37, 38, 39, 0, 0, 0, 0, 26, 27, 0, 0, 37, 38, 39, 0, 0, 0, 0, 0, 0, 0, 0, 26, 27, 0, 0, 0, 0, 0, 0, 0, 0, 0, 0, 0, 0, 0, 26, 16, 1, 1, 1, 1, 1, 1, 1, 1, 1, 1, 1, 1, 1, 17], objects=[], opacity=0.0, draworder=), Layer(width=0, height=0, name=Objektebene 1, type=objectgroup, visible=false, x=0, y=0, data=[], objects=[com.almasb.fxgl.entity.level.tiled.TiledObject@6ab04c91, com.almasb.fxgl.entity.level.tiled.TiledObject@21ce8993, com.almasb.fxgl.entity.level.tiled.TiledObject@279f7a19, com.almasb.fxgl.entity.level.tiled.TiledObject@359afd, com.almasb.fxgl.entity.level.tiled.TiledObject@68898aae, com.almasb.fxgl.entity.level.tiled.TiledObject@3d5e143d, com.almasb.fxgl.entity.level.tiled.TiledObject@61cdee3d, com.almasb.fxgl.entity.level.tiled.TiledObject@4d83628b, com.almasb.fxgl.entity.level.tiled.TiledObject@697b4d6f, com.almasb.fxgl.entity.level.tiled.TiledObject@24494381, com.almasb.fxgl.entity.level.tiled.TiledObject@2a7bed33, com.almasb.fxgl.entity.level.tiled.TiledObject@7cba45cd], opacity=0.0, draworder=)], tilesets=[Tileset(firstgid=1, image=C:/Users/Jordan/Desktop/forest.png, name=Forrest, tilewidth=64, tileheight=64, imagewidth=768, imageheight=256, margin=0, spacing=0, columns=12, tilecount=48, transparentcolor=)], backgroundcolor=, renderorder=right-down, nextobjectid=31, version=1, tiledversion=1.3.4, type=map, infinite=false, properties={}, propertytypes={})
23:05:45.335 [FXGL Background Thread 1 ] DEBUG TMXLevelLoader       - Creating tile layer entities
23:05:45.336 [FXGL Background Thread 1 ] DEBUG TilesetLoader        - Loading view for layer Kachelebene 1
23:05:45.340 [FXGL Background Thread 1 ] DEBUG TilesetLoader        - Created buffer with size 960.0x640.0
23:05:45.343 [FXGL Background Thread 1 ] DEBUG TilesetLoader        - Writing to buffer: dst=0,0, w=64,h=64, src=192,0
23:05:45.346 [FXGL Background Thread 1 ] DEBUG TilesetLoader        - Writing to buffer: dst=64,0, w=64,h=64, src=0,128
23:05:45.346 [FXGL Background Thread 1 ] DEBUG TilesetLoader        - Writing to buffer: dst=128,0, w=64,h=64, src=0,128
23:05:45.346 [FXGL Background Thread 1 ] DEBUG TilesetLoader        - Writing to buffer: dst=192,0, w=64,h=64, src=0,128
23:05:45.346 [FXGL Background Thread 1 ] DEBUG TilesetLoader        - Writing to buffer: dst=256,0, w=64,h=64, src=0,128
23:05:45.346 [FXGL Background Thread 1 ] DEBUG TilesetLoader        - Writing to buffer: dst=320,0, w=64,h=64, src=0,128
23:05:45.346 [FXGL Background Thread 1 ] DEBUG TilesetLoader        - Writing to buffer: dst=384,0, w=64,h=64, src=0,128
23:05:45.347 [FXGL Background Thread 1 ] DEBUG TilesetLoader        - Writing to buffer: dst=448,0, w=64,h=64, src=0,128
23:05:45.347 [FXGL Background Thread 1 ] DEBUG TilesetLoader        - Writing to buffer: dst=512,0, w=64,h=64, src=0,128
23:05:45.347 [FXGL Background Thread 1 ] DEBUG TilesetLoader        - Writing to buffer: dst=576,0, w=64,h=64, src=0,128
23:05:45.347 [FXGL Background Thread 1 ] DEBUG TilesetLoader        - Writing to buffer: dst=640,0, w=64,h=64, src=0,128
23:05:45.347 [FXGL Background Thread 1 ] DEBUG TilesetLoader        - Writing to buffer: dst=704,0, w=64,h=64, src=0,128
23:05:45.347 [FXGL Background Thread 1 ] DEBUG TilesetLoader        - Writing to buffer: dst=768,0, w=64,h=64, src=0,128
23:05:45.347 [FXGL Background Thread 1 ] DEBUG TilesetLoader        - Writing to buffer: dst=832,0, w=64,h=64, src=0,128
23:05:45.347 [FXGL Background Thread 1 ] DEBUG TilesetLoader        - Writing to buffer: dst=896,0, w=64,h=64, src=256,0
23:05:45.348 [FXGL Background Thread 1 ] DEBUG TilesetLoader        - Writing to buffer: dst=0,64, w=64,h=64, src=128,128
23:05:45.348 [FXGL Background Thread 1 ] DEBUG TilesetLoader        - Writing to buffer: dst=896,64, w=64,h=64, src=64,128
23:05:45.349 [FXGL Background Thread 1 ] DEBUG TilesetLoader        - Writing to buffer: dst=0,128, w=64,h=64, src=128,128
23:05:45.349 [FXGL Background Thread 1 ] DEBUG TilesetLoader        - Writing to buffer: dst=896,128, w=64,h=64, src=64,128
23:05:45.349 [FXGL Background Thread 1 ] DEBUG TilesetLoader        - Writing to buffer: dst=0,192, w=64,h=64, src=128,128
23:05:45.349 [FXGL Background Thread 1 ] DEBUG TilesetLoader        - Writing to buffer: dst=896,192, w=64,h=64, src=64,128
23:05:45.349 [FXGL Background Thread 1 ] DEBUG TilesetLoader        - Writing to buffer: dst=0,256, w=64,h=64, src=128,128
23:05:45.349 [FXGL Background Thread 1 ] DEBUG TilesetLoader        - Writing to buffer: dst=896,256, w=64,h=64, src=64,128
23:05:45.349 [FXGL Background Thread 1 ] DEBUG TilesetLoader        - Writing to buffer: dst=0,320, w=64,h=64, src=128,128
23:05:45.350 [FXGL Background Thread 1 ] DEBUG TilesetLoader        - Writing to buffer: dst=640,320, w=64,h=64, src=0,192
23:05:45.350 [FXGL Background Thread 1 ] DEBUG TilesetLoader        - Writing to buffer: dst=704,320, w=64,h=64, src=64,192
23:05:45.350 [FXGL Background Thread 1 ] DEBUG TilesetLoader        - Writing to buffer: dst=768,320, w=64,h=64, src=64,192
23:05:45.350 [FXGL Background Thread 1 ] DEBUG TilesetLoader        - Writing to buffer: dst=832,320, w=64,h=64, src=128,192
23:05:45.350 [FXGL Background Thread 1 ] DEBUG TilesetLoader        - Writing to buffer: dst=896,320, w=64,h=64, src=64,128
23:05:45.350 [FXGL Background Thread 1 ] DEBUG TilesetLoader        - Writing to buffer: dst=0,384, w=64,h=64, src=128,128
23:05:45.350 [FXGL Background Thread 1 ] DEBUG TilesetLoader        - Writing to buffer: dst=448,384, w=64,h=64, src=0,192
23:05:45.350 [FXGL Background Thread 1 ] DEBUG TilesetLoader        - Writing to buffer: dst=512,384, w=64,h=64, src=64,192
23:05:45.350 [FXGL Background Thread 1 ] DEBUG TilesetLoader        - Writing to buffer: dst=576,384, w=64,h=64, src=128,192
23:05:45.350 [FXGL Background Thread 1 ] DEBUG TilesetLoader        - Writing to buffer: dst=896,384, w=64,h=64, src=64,128
23:05:45.350 [FXGL Background Thread 1 ] DEBUG TilesetLoader        - Writing to buffer: dst=0,448, w=64,h=64, src=128,128
23:05:45.350 [FXGL Background Thread 1 ] DEBUG TilesetLoader        - Writing to buffer: dst=192,448, w=64,h=64, src=0,192
23:05:45.350 [FXGL Background Thread 1 ] DEBUG TilesetLoader        - Writing to buffer: dst=256,448, w=64,h=64, src=64,192
23:05:45.350 [FXGL Background Thread 1 ] DEBUG TilesetLoader        - Writing to buffer: dst=320,448, w=64,h=64, src=128,192
23:05:45.351 [FXGL Background Thread 1 ] DEBUG TilesetLoader        - Writing to buffer: dst=896,448, w=64,h=64, src=64,128
23:05:45.352 [FXGL Background Thread 1 ] DEBUG TilesetLoader        - Writing to buffer: dst=0,512, w=64,h=64, src=128,128
23:05:45.352 [FXGL Background Thread 1 ] DEBUG TilesetLoader        - Writing to buffer: dst=896,512, w=64,h=64, src=64,128
23:05:45.352 [FXGL Background Thread 1 ] DEBUG TilesetLoader        - Writing to buffer: dst=0,576, w=64,h=64, src=192,64
23:05:45.352 [FXGL Background Thread 1 ] DEBUG TilesetLoader        - Writing to buffer: dst=64,576, w=64,h=64, src=0,0
23:05:45.352 [FXGL Background Thread 1 ] DEBUG TilesetLoader        - Writing to buffer: dst=128,576, w=64,h=64, src=0,0
23:05:45.352 [FXGL Background Thread 1 ] DEBUG TilesetLoader        - Writing to buffer: dst=192,576, w=64,h=64, src=0,0
23:05:45.352 [FXGL Background Thread 1 ] DEBUG TilesetLoader        - Writing to buffer: dst=256,576, w=64,h=64, src=0,0
23:05:45.352 [FXGL Background Thread 1 ] DEBUG TilesetLoader        - Writing to buffer: dst=320,576, w=64,h=64, src=0,0
23:05:45.352 [FXGL Background Thread 1 ] DEBUG TilesetLoader        - Writing to buffer: dst=384,576, w=64,h=64, src=0,0
23:05:45.352 [FXGL Background Thread 1 ] DEBUG TilesetLoader        - Writing to buffer: dst=448,576, w=64,h=64, src=0,0
23:05:45.352 [FXGL Background Thread 1 ] DEBUG TilesetLoader        - Writing to buffer: dst=512,576, w=64,h=64, src=0,0
23:05:45.352 [FXGL Background Thread 1 ] DEBUG TilesetLoader        - Writing to buffer: dst=576,576, w=64,h=64, src=0,0
23:05:45.352 [FXGL Background Thread 1 ] DEBUG TilesetLoader        - Writing to buffer: dst=640,576, w=64,h=64, src=0,0
23:05:45.352 [FXGL Background Thread 1 ] DEBUG TilesetLoader        - Writing to buffer: dst=704,576, w=64,h=64, src=0,0
23:05:45.352 [FXGL Background Thread 1 ] DEBUG TilesetLoader        - Writing to buffer: dst=768,576, w=64,h=64, src=0,0
23:05:45.353 [FXGL Background Thread 1 ] DEBUG TilesetLoader        - Writing to buffer: dst=832,576, w=64,h=64, src=0,0
23:05:45.353 [FXGL Background Thread 1 ] DEBUG TilesetLoader        - Writing to buffer: dst=896,576, w=64,h=64, src=256,64
23:05:45.353 [FXGL Background Thread 1 ] DEBUG TMXLevelLoader       - Creating object layer entities
23:05:45.390 [FXGL Background Thread 1 ] DEBUG GameWorld            - Clearing removable entities
23:05:45.390 [FXGL Background Thread 1 ] DEBUG GameWorld            - Setting level: com.almasb.fxgl.entity.level.Level@1843e101
23:05:45.412 [FXGL Background Thread 1 ] DEBUG AssetLoader          - Loading from file system: /assets/textures/Tests/PlayerDemoIcon.png
23:05:45.414 [FXGL Background Thread 1 ] DEBUG InitAppTask          - Initializing Physics
23:05:45.414 [FXGL Background Thread 1 ] DEBUG InitAppTask          - Initializing UI
23:05:45.416 [FXGL Background Thread 1 ] DEBUG InitAppTask          - Initialization Complete
23:05:45.417 [FXGL Background Thread 1 ] INFO  InitAppTask          - Game initialization took: 0.148 sec
23:05:45.433 [JavaFX Application Thread] DEBUG Input                - Clearing active input actions
23:05:45.454 [JavaFX Application Thread] DEBUG Engine               - Removing overlay from LoadingScene and adding to GameScene
23:05:45.455 [JavaFX Application Thread] DEBUG MainWindow           - LoadingScene -> GameScene
23:06:46.875 [JavaFX Application Thread] DEBUG AssetLoader          - Loading from file system: /assets/sounds/smw_1-up.wav
23:06:47.786 [JavaFX Application Thread] DEBUG AssetLoader          - Loading from cache: /assets/sounds/smw_1-up.wav
23:06:48.417 [JavaFX Application Thread] DEBUG AssetLoader          - Loading from cache: /assets/sounds/smw_1-up.wav
23:06:49.042 [JavaFX Application Thread] DEBUG AssetLoader          - Loading from cache: /assets/sounds/smw_1-up.wav
23:06:49.642 [JavaFX Application Thread] DEBUG AssetLoader          - Loading from cache: /assets/sounds/smw_1-up.wav
23:06:49.801 [JavaFX Application Thread] DEBUG AssetLoader          - Loading from cache: /assets/sounds/smw_1-up.wav
23:06:49.985 [JavaFX Application Thread] DEBUG AssetLoader          - Loading from cache: /assets/sounds/smw_1-up.wav
23:06:50.145 [JavaFX Application Thread] DEBUG AssetLoader          - Loading from cache: /assets/sounds/smw_1-up.wav
23:06:50.305 [JavaFX Application Thread] DEBUG AssetLoader          - Loading from cache: /assets/sounds/smw_1-up.wav
23:06:50.465 [JavaFX Application Thread] DEBUG AssetLoader          - Loading from cache: /assets/sounds/smw_1-up.wav
23:06:50.625 [JavaFX Application Thread] DEBUG AssetLoader          - Loading from cache: /assets/sounds/smw_1-up.wav
23:06:50.801 [JavaFX Application Thread] DEBUG AssetLoader          - Loading from cache: /assets/sounds/smw_1-up.wav
23:06:50.945 [JavaFX Application Thread] DEBUG AssetLoader          - Loading from cache: /assets/sounds/smw_1-up.wav
23:06:51.090 [JavaFX Application Thread] DEBUG AssetLoader          - Loading from cache: /assets/sounds/smw_1-up.wav
23:06:51.250 [JavaFX Application Thread] DEBUG AssetLoader          - Loading from cache: /assets/sounds/smw_1-up.wav
23:06:51.409 [JavaFX Application Thread] DEBUG AssetLoader          - Loading from cache: /assets/sounds/smw_1-up.wav
23:06:51.561 [JavaFX Application Thread] DEBUG AssetLoader          - Loading from cache: /assets/sounds/smw_1-up.wav
23:06:51.730 [JavaFX Application Thread] DEBUG AssetLoader          - Loading from cache: /assets/sounds/smw_1-up.wav
23:06:51.857 [JavaFX Application Thread] DEBUG AssetLoader          - Loading from cache: /assets/sounds/smw_1-up.wav
23:06:52.026 [JavaFX Application Thread] DEBUG AssetLoader          - Loading from cache: /assets/sounds/smw_1-up.wav
23:06:52.705 [JavaFX Application Thread] DEBUG AssetLoader          - Loading from cache: /assets/sounds/smw_1-up.wav
23:06:53.539 [JavaFX Application Thread] DEBUG AssetLoader          - Loading from cache: /assets/sounds/smw_1-up.wav
23:06:54.355 [JavaFX Application Thread] DEBUG AssetLoader          - Loading from cache: /assets/sounds/smw_1-up.wav
23:06:57.870 [JavaFX Application Thread] DEBUG Engine               - Exiting FXGL
23:06:57.870 [JavaFX Application Thread] DEBUG Engine               - Shutting down background threads
23:06:57.870 [JavaFX Application Thread] DEBUG Engine               - Saving FXGL system data
23:06:57.873 [JavaFX Application Thread] DEBUG FSServiceImpl        - Writing to: G:\Desk\Projects\FXGLPlatformer\system\fxgl.bundle
23:06:57.875 [JavaFX Application Thread] DEBUG Engine               - Closing logger and exiting JavaFX
