17:17:21.394 [main                     ] DEBUG GameApplication      - Logger initialized
17:17:21.426 [main                     ] DEBUG GameApplication      - Logging settings
Title: JumpToBeat-Demo
Version: 0.1
Width: 600
Height: 600
Fullscreen: false
Intro: false
Menus: true
Profiling: false
Single step:false
App Mode: DEVELOPER
Menu Key: ESCAPE
Stage Style: DECORATED
Scene Factory: class com.almasb.fxgl.app.SceneFactory
Dialog Factory: class com.almasb.fxgl.ui.FXGLDialogFactory
UI Factory: class com.almasb.fxgl.ui.FXGLUIFactory

17:17:22.113 [JavaFX Application Thread] DEBUG Engine               - Initializing FXGL
17:17:22.113 [JavaFX Application Thread] INFO  Engine               - FXGL-11.7 (05.01.2020 09.37) on WINDOWS (J:11.0.5 FX:12.0.1)
17:17:22.114 [JavaFX Application Thread] INFO  Engine               - Source code and latest versions at: https://github.com/AlmasB/FXGL
17:17:22.114 [JavaFX Application Thread] INFO  Engine               -              Join the FXGL chat at: https://gitter.im/AlmasB/FXGL
17:17:22.114 [JavaFX Application Thread] DEBUG Engine               - Initializing environment variables
17:17:22.116 [JavaFX Application Thread] DEBUG Engine               - Logging environment variables
17:17:22.117 [JavaFX Application Thread] DEBUG Engine               - achievements: []
17:17:22.117 [JavaFX Application Thread] DEBUG Engine               - sceneStack: com.almasb.fxgl.app.Engine@7e0fd4b4
17:17:22.117 [JavaFX Application Thread] DEBUG Engine               - language: ObjectProperty [value: ENGLISH]
17:17:22.117 [JavaFX Application Thread] DEBUG Engine               - isCloseConfirmation: false
17:17:22.118 [JavaFX Application Thread] DEBUG Engine               - isProfilingEnabled: false
17:17:22.118 [JavaFX Application Thread] DEBUG Engine               - soundNotification: core/notification.wav
17:17:22.118 [JavaFX Application Thread] DEBUG Engine               - devShowBBoxProperty: BooleanProperty [value: false]
17:17:22.119 [JavaFX Application Thread] DEBUG Engine               - pixelsPerMeter: 50.0
17:17:22.119 [JavaFX Application Thread] DEBUG Engine               - overlayRoot: Group@332e2fbb
17:17:22.119 [JavaFX Application Thread] DEBUG Engine               - appIcon: fxgl_icon.png
17:17:22.120 [JavaFX Application Thread] DEBUG Engine               - soundMenuBack: menu/back.wav
17:17:22.120 [JavaFX Application Thread] DEBUG Engine               - isFullScreenAllowed: false
17:17:22.120 [JavaFX Application Thread] DEBUG Engine               - isIntroEnabled: false
17:17:22.120 [JavaFX Application Thread] DEBUG Engine               - eventBus: com.almasb.fxgl.event.EventBus@38db61bf
17:17:22.120 [JavaFX Application Thread] DEBUG Engine               - fontMono: lucida_console.ttf
17:17:22.120 [JavaFX Application Thread] DEBUG Engine               - soundMenuSelect: menu/select.wav
17:17:22.120 [JavaFX Application Thread] DEBUG Engine               - isWindows: true
17:17:22.120 [JavaFX Application Thread] DEBUG Engine               - isMobile: false
17:17:22.121 [JavaFX Application Thread] DEBUG Engine               - height: 600
17:17:22.121 [JavaFX Application Thread] DEBUG Engine               - isExperimentalNative: false
17:17:22.121 [JavaFX Application Thread] DEBUG Engine               - cSSList: [fxgl_dark.css]
17:17:22.121 [JavaFX Application Thread] DEBUG Engine               - isSingleStep: false
17:17:22.121 [JavaFX Application Thread] DEBUG Engine               - fontGame: Abel-Regular.ttf
17:17:22.121 [JavaFX Application Thread] DEBUG Engine               - menuKey: ESCAPE
17:17:22.121 [JavaFX Application Thread] DEBUG Engine               - devShowPositionProperty: BooleanProperty [value: false]
17:17:22.121 [JavaFX Application Thread] DEBUG Engine               - versionCheckDays: 7
17:17:22.121 [JavaFX Application Thread] DEBUG Engine               - masterTimer: com.almasb.fxgl.time.Timer@38f1a864
17:17:22.121 [JavaFX Application Thread] DEBUG Engine               - configClass: Optional.empty
17:17:22.121 [JavaFX Application Thread] DEBUG Engine               - isFullScreenFromStart: false
17:17:22.121 [JavaFX Application Thread] DEBUG Engine               - version: 0.1
17:17:22.122 [JavaFX Application Thread] DEBUG Engine               - fullScreen: BooleanProperty [value: false]
17:17:22.122 [JavaFX Application Thread] DEBUG Engine               - randomSeed: -1
17:17:22.122 [JavaFX Application Thread] DEBUG Engine               - dialogFactory: com.almasb.fxgl.ui.FXGLDialogFactory@4ea88d
17:17:22.122 [JavaFX Application Thread] DEBUG Engine               - applicationMode: DEVELOPER
17:17:22.122 [JavaFX Application Thread] DEBUG Engine               - isMac: false
17:17:22.122 [JavaFX Application Thread] DEBUG Engine               - urlGoogleForms: https://goo.gl/forms/6wrMnOBxTE1fEpOy2
17:17:22.122 [JavaFX Application Thread] DEBUG Engine               - isMenuEnabled: true
17:17:22.122 [JavaFX Application Thread] DEBUG Engine               - urlPOM: https://raw.githubusercontent.com/AlmasB/FXGL/master/pom.xml
17:17:22.122 [JavaFX Application Thread] DEBUG Engine               - profileName: user.profile
17:17:22.122 [JavaFX Application Thread] DEBUG Engine               - notificationViewClass: class com.almasb.fxgl.notification.view.XboxNotificationView
17:17:22.123 [JavaFX Application Thread] DEBUG Engine               - devSensorColorProperty: ObjectProperty [value: 0xffff00ff]
17:17:22.123 [JavaFX Application Thread] DEBUG Engine               - sceneFactory: com.almasb.fxgl.app.SceneFactory@42df0cc8
17:17:22.123 [JavaFX Application Thread] DEBUG Engine               - dataFileExt: .dat
17:17:22.123 [JavaFX Application Thread] DEBUG Engine               - stageStyle: DECORATED
17:17:22.123 [JavaFX Application Thread] DEBUG Engine               - isManualResizeEnabled: false
17:17:22.123 [JavaFX Application Thread] DEBUG Engine               - title: JumpToBeat-Demo
17:17:22.123 [JavaFX Application Thread] DEBUG Engine               - platform: WINDOWS
17:17:22.123 [JavaFX Application Thread] DEBUG Engine               - devBBoxColorProperty: ObjectProperty [value: 0xff0000ff]
17:17:22.123 [JavaFX Application Thread] DEBUG Engine               - isDesktop: true
17:17:22.123 [JavaFX Application Thread] DEBUG Engine               - credits: []
17:17:22.124 [JavaFX Application Thread] DEBUG Engine               - globalMusicVolumeProperty: DoubleProperty [value: 0.5]
17:17:22.124 [JavaFX Application Thread] DEBUG Engine               - uIFactory: com.almasb.fxgl.ui.FXGLUIFactory@216a5bb5
17:17:22.124 [JavaFX Application Thread] DEBUG Engine               - isPreserveResizeRatio: false
17:17:22.124 [JavaFX Application Thread] DEBUG Engine               - fontText: Courier-Prime.ttf
17:17:22.124 [JavaFX Application Thread] DEBUG Engine               - isExperimentalTiledLargeMap: false
17:17:22.124 [JavaFX Application Thread] DEBUG Engine               - secondsIn24h: 60
17:17:22.124 [JavaFX Application Thread] DEBUG Engine               - runtimeInfo: RuntimeInfo(platform=WINDOWS, version=11.7, build=05.01.2020 09.37)
17:17:22.124 [JavaFX Application Thread] DEBUG Engine               - isLinux: false
17:17:22.124 [JavaFX Application Thread] DEBUG Engine               - soundMenuPress: menu/press.wav
17:17:22.124 [JavaFX Application Thread] DEBUG Engine               - urlGithub: https://github.com/AlmasB/FXGL
17:17:22.124 [JavaFX Application Thread] DEBUG Engine               - profileDir: profiles/
17:17:22.124 [JavaFX Application Thread] DEBUG Engine               - isDeveloperMenuEnabled: false
17:17:22.124 [JavaFX Application Thread] DEBUG Engine               - globalSoundVolumeProperty: DoubleProperty [value: 0.5]
17:17:22.124 [JavaFX Application Thread] DEBUG Engine               - isBrowser: false
17:17:22.125 [JavaFX Application Thread] DEBUG Engine               - globalSoundVolume: 0.5
17:17:22.125 [JavaFX Application Thread] DEBUG Engine               - urlLeaderboard: http://fxgl-top.herokuapp.com/
17:17:22.125 [JavaFX Application Thread] DEBUG Engine               - saveDir: saves/
17:17:22.125 [JavaFX Application Thread] DEBUG Engine               - engineServices: [class com.almasb.fxgl.audio.AudioPlayer, class com.almasb.fxgl.notification.impl.NotificationServiceProvider, class com.almasb.fxgl.achievement.AchievementManager, class com.almasb.fxgl.cutscene.CutsceneService, class com.almasb.fxgl.minigames.MiniGameService]
17:17:22.125 [JavaFX Application Thread] DEBUG Engine               - globalMusicVolume: 0.5
17:17:22.125 [JavaFX Application Thread] DEBUG Engine               - width: 600
17:17:22.125 [JavaFX Application Thread] DEBUG Engine               - saveFileExt: .sav
17:17:22.125 [JavaFX Application Thread] DEBUG Engine               - isAndroid: false
17:17:22.125 [JavaFX Application Thread] DEBUG Engine               - fontUI: VarelaRound-Regular.ttf
17:17:22.125 [JavaFX Application Thread] DEBUG Engine               - enabledMenuItems: []
17:17:22.125 [JavaFX Application Thread] DEBUG Engine               - isIOS: false
17:17:22.127 [JavaFX Application Thread] DEBUG Engine               - Adding new engine service: class com.almasb.fxgl.audio.AudioPlayer
17:17:22.128 [JavaFX Application Thread] DEBUG Engine               - Adding new engine service: class com.almasb.fxgl.notification.impl.NotificationServiceProvider
17:17:22.129 [JavaFX Application Thread] DEBUG Engine               - Adding new engine service: class com.almasb.fxgl.achievement.AchievementManager
17:17:22.129 [JavaFX Application Thread] DEBUG Engine               - Adding new engine service: class com.almasb.fxgl.cutscene.CutsceneService
17:17:22.130 [JavaFX Application Thread] DEBUG Engine               - Adding new engine service: class com.almasb.fxgl.minigames.MiniGameService
17:17:22.132 [JavaFX Application Thread] DEBUG Engine               - Loading localizations
17:17:22.136 [JavaFX Application Thread] DEBUG AssetLoader          - Loading from file system: /assets/properties/languages/english.properties
17:17:22.140 [JavaFX Application Thread] DEBUG AssetLoader          - Loading from file system: /assets/properties/languages/french.properties
17:17:22.142 [JavaFX Application Thread] DEBUG AssetLoader          - Loading from file system: /assets/properties/languages/german.properties
17:17:22.144 [JavaFX Application Thread] DEBUG AssetLoader          - Loading from file system: /assets/properties/languages/russian.properties
17:17:22.146 [JavaFX Application Thread] DEBUG AssetLoader          - Loading from file system: /assets/properties/languages/hungarian.properties
17:17:22.148 [JavaFX Application Thread] DEBUG Engine               - Registering font factories
17:17:22.149 [JavaFX Application Thread] DEBUG AssetLoader          - Loading from file system: /assets/ui/fonts/VarelaRound-Regular.ttf
17:17:22.330 [JavaFX Application Thread] DEBUG AssetLoader          - Loading from file system: /assets/ui/fonts/Abel-Regular.ttf
17:17:22.333 [JavaFX Application Thread] DEBUG AssetLoader          - Loading from file system: /assets/ui/fonts/lucida_console.ttf
17:17:22.339 [JavaFX Application Thread] DEBUG AssetLoader          - Loading from file system: /assets/ui/fonts/Courier-Prime.ttf
17:17:22.346 [JavaFX Application Thread] DEBUG Engine               - Setting UI factory
17:17:22.462 [JavaFX Application Thread] DEBUG AssetLoader          - Loading from file system: /assets/textures/fxgl_logo.png
17:17:22.555 [JavaFX Application Thread] DEBUG MainWindow           - Creating a JavaFX scene
17:17:22.617 [JavaFX Application Thread] DEBUG MainWindow           - Target settings size: 600.0 x 600.0
17:17:22.617 [JavaFX Application Thread] DEBUG MainWindow           - Scaled scene size:    600.0 x 600.0
17:17:22.617 [JavaFX Application Thread] DEBUG MainWindow           - Scaled ratio: (1.0, 1.0)
17:17:22.619 [JavaFX Application Thread] DEBUG MainWindow           - Set initial scene to FXGLStartupScene
17:17:22.626 [JavaFX Application Thread] DEBUG AssetLoader          - Loading from file system: /assets/textures/fxgl_icon.png
17:17:22.644 [JavaFX Application Thread] DEBUG Engine               - Applying CSS: fxgl_dark.css
17:17:22.644 [JavaFX Application Thread] DEBUG AssetLoader          - Loading from file system: /assets/ui/css/fxgl_dark.css
17:17:22.648 [JavaFX Application Thread] DEBUG AssetLoader          - Loading from file system: /assets/ui/cursors/fxgl_default.png
17:17:22.650 [JavaFX Application Thread] DEBUG MainWindow           - Opening main window
17:17:22.834 [JavaFX Application Thread] DEBUG MainWindow           - Window border size: (16.0, 39.0)
17:17:22.834 [JavaFX Application Thread] DEBUG MainWindow           - Scaled size: 600.0 x 600.0
17:17:22.834 [JavaFX Application Thread] DEBUG MainWindow           - Scaled ratio: (1.0, 1.0)
17:17:22.834 [JavaFX Application Thread] DEBUG MainWindow           - Scene size: 600.0 x 600.0
17:17:22.834 [JavaFX Application Thread] DEBUG MainWindow           - Stage size: 616.0 x 639.0
17:17:22.904 [FXGL Background Thread 1 ] DEBUG FS                   - Loaded FSServiceImpl
17:17:22.904 [FXGL Background Thread 1 ] DEBUG Engine               - Loading FXGL system data
17:17:22.908 [FXGL Background Thread 1 ] DEBUG FSServiceImpl        - Reading from: G:\Desk\Projects\FXGLPlatformer\system\fxgl.bundle
17:17:22.925 [FXGL Background Thread 1 ] DEBUG Engine               - Bundle FXGL: {}
17:17:22.925 [FXGL Background Thread 1 ] DEBUG Engine               - Initializing application scenes
17:17:22.955 [FXGL Background Thread 1 ] DEBUG GameWorld            - Game world initialized
17:17:23.001 [FXGL Background Thread 1 ] DEBUG PhysicsWorld         - Physics world initialized: appHeight=600, physics.ppm=50.0
17:17:23.003 [FXGL Background Thread 1 ] DEBUG GameScene            - Game scene initialized: 600x600
17:17:23.083 [FXGL Background Thread 1 ] DEBUG AssetLoader          - Loading from file system: /assets/textures/particles/trace_horizontal.png
17:17:23.096 [FXGL Background Thread 1 ] DEBUG FXGL.DefaultMenu     - createMenuBodyMainMenu()
17:17:23.113 [FXGL Background Thread 1 ] DEBUG FXGL.DefaultMenu     - createOptionsMenu()
17:17:23.118 [FXGL Background Thread 1 ] DEBUG AssetLoader          - Loading from file system: /assets/textures/particles/smoke.png
17:17:23.177 [FXGL Background Thread 1 ] DEBUG AssetLoader          - Loading from cache: /assets/textures/particles/trace_horizontal.png@64.0x64.0
17:17:23.178 [FXGL Background Thread 1 ] DEBUG FXGL.DefaultMenu     - createMenuBodyGameMenu()
17:17:23.179 [FXGL Background Thread 1 ] DEBUG FXGL.DefaultMenu     - createOptionsMenu()
17:17:23.180 [FXGL Background Thread 1 ] DEBUG AssetLoader          - Loading from cache: /assets/textures/particles/smoke.png@128.0x128.0
17:17:23.191 [FXGL Background Thread 1 ] DEBUG Engine               - Application scenes initialized
17:17:23.194 [JavaFX Application Thread] DEBUG Engine               - Running preInit()
17:17:23.202 [JavaFX Application Thread] DEBUG Input                - Registered new binding: Move Right - D
17:17:23.202 [JavaFX Application Thread] DEBUG Input                - Registered new binding: Move Left - A
17:17:23.202 [JavaFX Application Thread] DEBUG Input                - Registered new binding: Move Down - S
17:17:23.202 [JavaFX Application Thread] DEBUG Input                - Registered new binding: Move Up - W
17:17:23.202 [JavaFX Application Thread] DEBUG Input                - Registered new binding: Play Sound - F
17:17:23.203 [JavaFX Application Thread] DEBUG Input                - Registered new binding: Screenshot - P
17:17:23.203 [JavaFX Application Thread] DEBUG Input                - Registered new binding: System info dump - CTRL+9
17:17:23.203 [JavaFX Application Thread] DEBUG Input                - Registered new binding: Restart - CTRL+R
17:17:23.203 [JavaFX Application Thread] DEBUG Engine               - generateDefaultProfile()
17:17:23.203 [JavaFX Application Thread] DEBUG Engine               - Creating default profile
17:17:23.204 [JavaFX Application Thread] DEBUG EventBus             - Firing event: SaveEvent
17:17:23.214 [JavaFX Application Thread] INFO  Engine               - FXGL initialization took: 1.082 sec
17:17:23.215 [JavaFX Application Thread] DEBUG LoopRunner           - Starting loop
17:17:23.224 [JavaFX Application Thread] DEBUG FXGLStartupScene     - STARTUP
17:17:23.230 [JavaFX Application Thread] DEBUG Input                - Clearing active input actions
17:17:23.249 [JavaFX Application Thread] DEBUG Engine               - Removing overlay from FXGLStartupScene and adding to FXGLDefaultMenu
17:17:23.249 [JavaFX Application Thread] DEBUG MainWindow           - FXGLStartupScene -> FXGLDefaultMenu
17:17:34.496 [JavaFX Application Thread] DEBUG Menu                 - fireNewGame()
17:17:34.496 [JavaFX Application Thread] DEBUG Engine               - Starting new game
17:17:34.502 [JavaFX Application Thread] DEBUG Input                - Clearing active input actions
17:17:34.502 [FXGL Background Thread 1 ] DEBUG InitAppTask          - Clearing previous game
17:17:34.502 [FXGL Background Thread 1 ] DEBUG GameWorld            - Clearing game world
17:17:34.503 [FXGL Background Thread 1 ] DEBUG PhysicsWorld         - Clearing physics world
17:17:34.503 [FXGL Background Thread 1 ] DEBUG GameScene            - Clearing game scene
17:17:34.503 [FXGL Background Thread 1 ] DEBUG InitAppTask          - Initializing Game
17:17:34.511 [JavaFX Application Thread] DEBUG Engine               - Removing overlay from FXGLDefaultMenu and adding to LoadingScene
17:17:34.511 [JavaFX Application Thread] DEBUG MainWindow           - FXGLDefaultMenu -> LoadingScene
17:17:34.525 [FXGL Background Thread 1 ] DEBUG InitAppTask          - Initializing Physics
17:17:34.526 [FXGL Background Thread 1 ] DEBUG InitAppTask          - Initializing UI
17:17:34.529 [FXGL Background Thread 1 ] DEBUG InitAppTask          - Initialization Complete
17:17:34.529 [FXGL Background Thread 1 ] INFO  InitAppTask          - Game initialization took: 0.026 sec
17:17:34.546 [JavaFX Application Thread] DEBUG Input                - Clearing active input actions
17:17:34.551 [JavaFX Application Thread] DEBUG Engine               - Removing overlay from LoadingScene and adding to GameScene
17:17:34.551 [JavaFX Application Thread] DEBUG MainWindow           - LoadingScene -> GameScene
17:18:51.154 [JavaFX Application Thread] DEBUG Engine               - Exiting FXGL
17:18:51.154 [JavaFX Application Thread] DEBUG Engine               - Shutting down background threads
17:18:51.155 [JavaFX Application Thread] DEBUG Engine               - Saving FXGL system data
17:18:51.156 [JavaFX Application Thread] DEBUG FSServiceImpl        - Writing to: G:\Desk\Projects\FXGLPlatformer\system\fxgl.bundle
17:18:51.159 [JavaFX Application Thread] DEBUG Engine               - Closing logger and exiting JavaFX
