17:23:54.835 [main                     ] DEBUG GameApplication      - Logger initialized
17:23:54.877 [main                     ] DEBUG GameApplication      - Logging settings
Title: JumpToBeat-Demo
Version: 0.1
Width: 1050
Height: 700
Fullscreen: false
Intro: false
Menus: false
Profiling: false
Single step:false
App Mode: DEVELOPER
Menu Key: ESCAPE
Stage Style: DECORATED
Scene Factory: class com.almasb.fxgl.app.SceneFactory
Dialog Factory: class com.almasb.fxgl.ui.FXGLDialogFactory
UI Factory: class com.almasb.fxgl.ui.FXGLUIFactory

17:23:55.581 [JavaFX Application Thread] DEBUG Engine               - Initializing FXGL
17:23:55.581 [JavaFX Application Thread] INFO  Engine               - FXGL-11.7 (05.01.2020 09.37) on WINDOWS (J:11.0.5 FX:12.0.1)
17:23:55.583 [JavaFX Application Thread] INFO  Engine               - Source code and latest versions at: https://github.com/AlmasB/FXGL
17:23:55.587 [JavaFX Application Thread] INFO  Engine               -              Join the FXGL chat at: https://gitter.im/AlmasB/FXGL
17:23:55.588 [JavaFX Application Thread] DEBUG Engine               - Initializing environment variables
17:23:55.592 [JavaFX Application Thread] DEBUG Engine               - Logging environment variables
17:23:55.593 [JavaFX Application Thread] DEBUG Engine               - achievements: []
17:23:55.593 [JavaFX Application Thread] DEBUG Engine               - sceneStack: com.almasb.fxgl.app.Engine@4b36dfef
17:23:55.593 [JavaFX Application Thread] DEBUG Engine               - language: ObjectProperty [value: ENGLISH]
17:23:55.593 [JavaFX Application Thread] DEBUG Engine               - isCloseConfirmation: false
17:23:55.593 [JavaFX Application Thread] DEBUG Engine               - isProfilingEnabled: false
17:23:55.594 [JavaFX Application Thread] DEBUG Engine               - soundNotification: core/notification.wav
17:23:55.596 [JavaFX Application Thread] DEBUG Engine               - devShowBBoxProperty: BooleanProperty [value: false]
17:23:55.597 [JavaFX Application Thread] DEBUG Engine               - pixelsPerMeter: 50.0
17:23:55.598 [JavaFX Application Thread] DEBUG Engine               - overlayRoot: Group@1bd89037
17:23:55.598 [JavaFX Application Thread] DEBUG Engine               - appIcon: fxgl_icon.png
17:23:55.598 [JavaFX Application Thread] DEBUG Engine               - soundMenuBack: menu/back.wav
17:23:55.598 [JavaFX Application Thread] DEBUG Engine               - isFullScreenAllowed: false
17:23:55.598 [JavaFX Application Thread] DEBUG Engine               - isIntroEnabled: false
17:23:55.598 [JavaFX Application Thread] DEBUG Engine               - eventBus: com.almasb.fxgl.event.EventBus@174f58d1
17:23:55.598 [JavaFX Application Thread] DEBUG Engine               - fontMono: lucida_console.ttf
17:23:55.599 [JavaFX Application Thread] DEBUG Engine               - soundMenuSelect: menu/select.wav
17:23:55.599 [JavaFX Application Thread] DEBUG Engine               - isWindows: true
17:23:55.599 [JavaFX Application Thread] DEBUG Engine               - isMobile: false
17:23:55.599 [JavaFX Application Thread] DEBUG Engine               - height: 700
17:23:55.599 [JavaFX Application Thread] DEBUG Engine               - isExperimentalNative: false
17:23:55.599 [JavaFX Application Thread] DEBUG Engine               - cSSList: [fxgl_dark.css]
17:23:55.599 [JavaFX Application Thread] DEBUG Engine               - isSingleStep: false
17:23:55.599 [JavaFX Application Thread] DEBUG Engine               - fontGame: Abel-Regular.ttf
17:23:55.599 [JavaFX Application Thread] DEBUG Engine               - menuKey: ESCAPE
17:23:55.599 [JavaFX Application Thread] DEBUG Engine               - devShowPositionProperty: BooleanProperty [value: false]
17:23:55.599 [JavaFX Application Thread] DEBUG Engine               - versionCheckDays: 7
17:23:55.600 [JavaFX Application Thread] DEBUG Engine               - masterTimer: com.almasb.fxgl.time.Timer@6afb3470
17:23:55.600 [JavaFX Application Thread] DEBUG Engine               - configClass: Optional.empty
17:23:55.600 [JavaFX Application Thread] DEBUG Engine               - isFullScreenFromStart: false
17:23:55.600 [JavaFX Application Thread] DEBUG Engine               - version: 0.1
17:23:55.600 [JavaFX Application Thread] DEBUG Engine               - fullScreen: BooleanProperty [value: false]
17:23:55.600 [JavaFX Application Thread] DEBUG Engine               - randomSeed: -1
17:23:55.600 [JavaFX Application Thread] DEBUG Engine               - dialogFactory: com.almasb.fxgl.ui.FXGLDialogFactory@6f0a1d44
17:23:55.600 [JavaFX Application Thread] DEBUG Engine               - applicationMode: DEVELOPER
17:23:55.600 [JavaFX Application Thread] DEBUG Engine               - isMac: false
17:23:55.600 [JavaFX Application Thread] DEBUG Engine               - urlGoogleForms: https://goo.gl/forms/6wrMnOBxTE1fEpOy2
17:23:55.601 [JavaFX Application Thread] DEBUG Engine               - isMenuEnabled: false
17:23:55.601 [JavaFX Application Thread] DEBUG Engine               - profileName: user.profile
17:23:55.601 [JavaFX Application Thread] DEBUG Engine               - urlPOM: https://raw.githubusercontent.com/AlmasB/FXGL/master/pom.xml
17:23:55.601 [JavaFX Application Thread] DEBUG Engine               - notificationViewClass: class com.almasb.fxgl.notification.view.XboxNotificationView
17:23:55.601 [JavaFX Application Thread] DEBUG Engine               - devSensorColorProperty: ObjectProperty [value: 0xffff00ff]
17:23:55.601 [JavaFX Application Thread] DEBUG Engine               - sceneFactory: com.almasb.fxgl.app.SceneFactory@300c71ba
17:23:55.601 [JavaFX Application Thread] DEBUG Engine               - dataFileExt: .dat
17:23:55.601 [JavaFX Application Thread] DEBUG Engine               - stageStyle: DECORATED
17:23:55.602 [JavaFX Application Thread] DEBUG Engine               - isManualResizeEnabled: false
17:23:55.602 [JavaFX Application Thread] DEBUG Engine               - title: JumpToBeat-Demo
17:23:55.602 [JavaFX Application Thread] DEBUG Engine               - platform: WINDOWS
17:23:55.602 [JavaFX Application Thread] DEBUG Engine               - devBBoxColorProperty: ObjectProperty [value: 0xff0000ff]
17:23:55.602 [JavaFX Application Thread] DEBUG Engine               - isDesktop: true
17:23:55.602 [JavaFX Application Thread] DEBUG Engine               - globalMusicVolumeProperty: DoubleProperty [value: 0.5]
17:23:55.602 [JavaFX Application Thread] DEBUG Engine               - credits: []
17:23:55.602 [JavaFX Application Thread] DEBUG Engine               - isPreserveResizeRatio: false
17:23:55.603 [JavaFX Application Thread] DEBUG Engine               - uIFactory: com.almasb.fxgl.ui.FXGLUIFactory@5de83eba
17:23:55.603 [JavaFX Application Thread] DEBUG Engine               - fontText: Courier-Prime.ttf
17:23:55.603 [JavaFX Application Thread] DEBUG Engine               - isExperimentalTiledLargeMap: false
17:23:55.603 [JavaFX Application Thread] DEBUG Engine               - secondsIn24h: 60
17:23:55.603 [JavaFX Application Thread] DEBUG Engine               - runtimeInfo: RuntimeInfo(platform=WINDOWS, version=11.7, build=05.01.2020 09.37)
17:23:55.603 [JavaFX Application Thread] DEBUG Engine               - isLinux: false
17:23:55.603 [JavaFX Application Thread] DEBUG Engine               - soundMenuPress: menu/press.wav
17:23:55.603 [JavaFX Application Thread] DEBUG Engine               - urlGithub: https://github.com/AlmasB/FXGL
17:23:55.603 [JavaFX Application Thread] DEBUG Engine               - profileDir: profiles/
17:23:55.604 [JavaFX Application Thread] DEBUG Engine               - isDeveloperMenuEnabled: false
17:23:55.604 [JavaFX Application Thread] DEBUG Engine               - globalSoundVolumeProperty: DoubleProperty [value: 0.5]
17:23:55.604 [JavaFX Application Thread] DEBUG Engine               - isBrowser: false
17:23:55.604 [JavaFX Application Thread] DEBUG Engine               - urlLeaderboard: http://fxgl-top.herokuapp.com/
17:23:55.604 [JavaFX Application Thread] DEBUG Engine               - globalSoundVolume: 0.5
17:23:55.604 [JavaFX Application Thread] DEBUG Engine               - saveDir: saves/
17:23:55.604 [JavaFX Application Thread] DEBUG Engine               - engineServices: [class com.almasb.fxgl.audio.AudioPlayer, class com.almasb.fxgl.notification.impl.NotificationServiceProvider, class com.almasb.fxgl.achievement.AchievementManager, class com.almasb.fxgl.cutscene.CutsceneService, class com.almasb.fxgl.minigames.MiniGameService]
17:23:55.604 [JavaFX Application Thread] DEBUG Engine               - globalMusicVolume: 0.5
17:23:55.604 [JavaFX Application Thread] DEBUG Engine               - width: 1050
17:23:55.604 [JavaFX Application Thread] DEBUG Engine               - saveFileExt: .sav
17:23:55.604 [JavaFX Application Thread] DEBUG Engine               - isAndroid: false
17:23:55.604 [JavaFX Application Thread] DEBUG Engine               - fontUI: VarelaRound-Regular.ttf
17:23:55.606 [JavaFX Application Thread] DEBUG Engine               - enabledMenuItems: []
17:23:55.606 [JavaFX Application Thread] DEBUG Engine               - isIOS: false
17:23:55.609 [JavaFX Application Thread] DEBUG Engine               - Adding new engine service: class com.almasb.fxgl.audio.AudioPlayer
17:23:55.611 [JavaFX Application Thread] DEBUG Engine               - Adding new engine service: class com.almasb.fxgl.notification.impl.NotificationServiceProvider
17:23:55.611 [JavaFX Application Thread] DEBUG Engine               - Adding new engine service: class com.almasb.fxgl.achievement.AchievementManager
17:23:55.613 [JavaFX Application Thread] DEBUG Engine               - Adding new engine service: class com.almasb.fxgl.cutscene.CutsceneService
17:23:55.613 [JavaFX Application Thread] DEBUG Engine               - Adding new engine service: class com.almasb.fxgl.minigames.MiniGameService
17:23:55.616 [JavaFX Application Thread] DEBUG Engine               - Loading localizations
17:23:55.618 [JavaFX Application Thread] DEBUG AssetLoader          - Loading from file system: /assets/properties/languages/english.properties
17:23:55.620 [JavaFX Application Thread] DEBUG AssetLoader          - Loading from file system: /assets/properties/languages/french.properties
17:23:55.621 [JavaFX Application Thread] DEBUG AssetLoader          - Loading from file system: /assets/properties/languages/german.properties
17:23:55.622 [JavaFX Application Thread] DEBUG AssetLoader          - Loading from file system: /assets/properties/languages/russian.properties
17:23:55.623 [JavaFX Application Thread] DEBUG AssetLoader          - Loading from file system: /assets/properties/languages/hungarian.properties
17:23:55.625 [JavaFX Application Thread] DEBUG Engine               - Registering font factories
17:23:55.625 [JavaFX Application Thread] DEBUG AssetLoader          - Loading from file system: /assets/ui/fonts/VarelaRound-Regular.ttf
17:23:55.825 [JavaFX Application Thread] DEBUG AssetLoader          - Loading from file system: /assets/ui/fonts/Abel-Regular.ttf
17:23:55.829 [JavaFX Application Thread] DEBUG AssetLoader          - Loading from file system: /assets/ui/fonts/lucida_console.ttf
17:23:55.834 [JavaFX Application Thread] DEBUG AssetLoader          - Loading from file system: /assets/ui/fonts/Courier-Prime.ttf
17:23:55.838 [JavaFX Application Thread] DEBUG Engine               - Setting UI factory
17:23:55.948 [JavaFX Application Thread] DEBUG AssetLoader          - Loading from file system: /assets/textures/fxgl_logo.png
17:23:56.032 [JavaFX Application Thread] DEBUG MainWindow           - Creating a JavaFX scene
17:23:56.087 [JavaFX Application Thread] DEBUG MainWindow           - Target settings size: 1050.0 x 700.0
17:23:56.087 [JavaFX Application Thread] DEBUG MainWindow           - Scaled scene size:    1050.0 x 700.0
17:23:56.087 [JavaFX Application Thread] DEBUG MainWindow           - Scaled ratio: (1.0, 1.0)
17:23:56.089 [JavaFX Application Thread] DEBUG MainWindow           - Set initial scene to FXGLStartupScene
17:23:56.097 [JavaFX Application Thread] DEBUG AssetLoader          - Loading from file system: /assets/textures/fxgl_icon.png
17:23:56.120 [JavaFX Application Thread] DEBUG Engine               - Applying CSS: fxgl_dark.css
17:23:56.120 [JavaFX Application Thread] DEBUG AssetLoader          - Loading from file system: /assets/ui/css/fxgl_dark.css
17:23:56.123 [JavaFX Application Thread] DEBUG AssetLoader          - Loading from file system: /assets/ui/cursors/fxgl_default.png
17:23:56.124 [JavaFX Application Thread] DEBUG MainWindow           - Opening main window
17:23:56.312 [JavaFX Application Thread] DEBUG MainWindow           - Window border size: (16.0, 39.0)
17:23:56.313 [JavaFX Application Thread] DEBUG MainWindow           - Scaled size: 1050.0 x 700.0
17:23:56.313 [JavaFX Application Thread] DEBUG MainWindow           - Scaled ratio: (1.0, 1.0)
17:23:56.313 [JavaFX Application Thread] DEBUG MainWindow           - Scene size: 1050.0 x 700.0
17:23:56.313 [JavaFX Application Thread] DEBUG MainWindow           - Stage size: 1066.0 x 739.0
17:23:56.422 [FXGL Background Thread 1 ] DEBUG FS                   - Loaded FSServiceImpl
17:23:56.422 [FXGL Background Thread 1 ] DEBUG Engine               - Loading FXGL system data
17:23:56.430 [FXGL Background Thread 1 ] DEBUG FSServiceImpl        - Reading from: G:\Desk\Projects\FXGLPlatformer\system\fxgl.bundle
17:23:56.464 [FXGL Background Thread 1 ] DEBUG Engine               - Bundle FXGL: {}
17:23:56.464 [FXGL Background Thread 1 ] DEBUG Engine               - Initializing application scenes
17:23:56.520 [FXGL Background Thread 1 ] DEBUG GameWorld            - Game world initialized
17:23:56.557 [FXGL Background Thread 1 ] DEBUG PhysicsWorld         - Physics world initialized: appHeight=700, physics.ppm=50.0
17:23:56.559 [FXGL Background Thread 1 ] DEBUG GameScene            - Game scene initialized: 1050x700
17:23:56.595 [FXGL Background Thread 1 ] DEBUG Input                - Registered new binding: Resume - Esc
17:23:56.595 [FXGL Background Thread 1 ] DEBUG AssetLoader          - Loading from file system: /assets/textures/pause_menu_bg.png
17:23:56.621 [FXGL Background Thread 1 ] DEBUG Input                - Registered new binding: Pause - Esc
17:23:56.621 [FXGL Background Thread 1 ] DEBUG Engine               - Application scenes initialized
17:23:56.625 [JavaFX Application Thread] DEBUG Engine               - Running preInit()
17:23:56.625 [JavaFX Application Thread] DEBUG Input                - Registered new binding: Right - D
17:23:56.625 [JavaFX Application Thread] DEBUG Input                - Registered new binding: Left - A
17:23:56.625 [JavaFX Application Thread] DEBUG Input                - Registered new binding: Jump - Space
17:23:56.625 [JavaFX Application Thread] DEBUG Input                - Registered new binding: Play Sound - F
17:23:56.626 [JavaFX Application Thread] DEBUG Input                - Registered new binding: Screenshot - P
17:23:56.626 [JavaFX Application Thread] DEBUG Input                - Registered new binding: System info dump - CTRL+9
17:23:56.627 [JavaFX Application Thread] DEBUG Input                - Registered new binding: Restart - CTRL+R
17:23:56.627 [JavaFX Application Thread] DEBUG Engine               - generateDefaultProfile()
17:23:56.627 [JavaFX Application Thread] DEBUG Engine               - Creating default profile
17:23:56.627 [JavaFX Application Thread] DEBUG EventBus             - Firing event: SaveEvent
17:23:56.637 [JavaFX Application Thread] INFO  Engine               - FXGL initialization took: 1.022 sec
17:23:56.637 [JavaFX Application Thread] DEBUG LoopRunner           - Starting loop
17:23:56.649 [JavaFX Application Thread] DEBUG FXGLStartupScene     - STARTUP
17:23:56.649 [JavaFX Application Thread] DEBUG Engine               - Starting new game
17:23:56.655 [JavaFX Application Thread] DEBUG Input                - Clearing active input actions
17:23:56.655 [FXGL Background Thread 1 ] DEBUG InitAppTask          - Clearing previous game
17:23:56.656 [FXGL Background Thread 1 ] DEBUG GameWorld            - Clearing game world
17:23:56.656 [FXGL Background Thread 1 ] DEBUG PhysicsWorld         - Clearing physics world
17:23:56.656 [FXGL Background Thread 1 ] DEBUG GameScene            - Clearing game scene
17:23:56.656 [FXGL Background Thread 1 ] DEBUG InitAppTask          - Initializing Game
17:23:56.670 [JavaFX Application Thread] DEBUG Engine               - Removing overlay from FXGLStartupScene and adding to LoadingScene
17:23:56.670 [JavaFX Application Thread] DEBUG MainWindow           - FXGLStartupScene -> LoadingScene
17:23:56.678 [FXGL Background Thread 1 ] DEBUG AssetLoader          - Loading from file system: /assets/levels/TestLevel.tmx
17:23:56.699 [FXGL Background Thread 1 ] WARN  TMXLevelLoader       - TiledMap generated from 1.3.4. Supported version: 1.2.3. Some features may not be parsed fully.
17:23:56.715 [FXGL Background Thread 1 ] DEBUG TMXLevelLoader       - Parsed raw map: TiledMap(width=15, height=10, tilewidth=64, tileheight=64, orientation=orthogonal, layers=[Layer(width=15, height=10, name=Kachelebene 1, type=tilelayer, visible=false, x=0, y=0, data=[4, 25, 25, 25, 25, 25, 25, 25, 25, 25, 25, 25, 25, 25, 5, 27, 0, 0, 0, 0, 0, 0, 0, 0, 0, 0, 0, 0, 0, 26, 27, 0, 0, 0, 0, 0, 0, 0, 0, 0, 0, 0, 0, 0, 26, 27, 0, 0, 0, 0, 0, 0, 0, 0, 0, 0, 0, 0, 0, 26, 27, 0, 0, 0, 0, 0, 0, 0, 0, 0, 0, 0, 0, 0, 26, 27, 0, 0, 0, 0, 0, 0, 0, 0, 0, 37, 38, 38, 39, 26, 27, 0, 0, 0, 0, 0, 0, 37, 38, 39, 0, 0, 0, 0, 26, 27, 0, 0, 37, 38, 39, 0, 0, 0, 0, 0, 0, 0, 0, 26, 27, 0, 0, 0, 0, 0, 0, 0, 0, 0, 0, 0, 0, 0, 26, 16, 1, 1, 1, 1, 1, 1, 1, 1, 1, 1, 1, 1, 1, 17], objects=[], opacity=0.0, draworder=), Layer(width=0, height=0, name=Objektebene 1, type=objectgroup, visible=false, x=0, y=0, data=[], objects=[com.almasb.fxgl.entity.level.tiled.TiledObject@67b1197b, com.almasb.fxgl.entity.level.tiled.TiledObject@7f9eab4, com.almasb.fxgl.entity.level.tiled.TiledObject@16563a64, com.almasb.fxgl.entity.level.tiled.TiledObject@2ca88612, com.almasb.fxgl.entity.level.tiled.TiledObject@433d383d, com.almasb.fxgl.entity.level.tiled.TiledObject@bd9c6a4, com.almasb.fxgl.entity.level.tiled.TiledObject@2c7b48a1, com.almasb.fxgl.entity.level.tiled.TiledObject@448bd32a, com.almasb.fxgl.entity.level.tiled.TiledObject@6e5de756, com.almasb.fxgl.entity.level.tiled.TiledObject@2bf4f0df, com.almasb.fxgl.entity.level.tiled.TiledObject@5dbc9b40, com.almasb.fxgl.entity.level.tiled.TiledObject@4734115e], opacity=0.0, draworder=)], tilesets=[Tileset(firstgid=1, image=C:/Users/Jordan/Desktop/forest.png, name=Forrest, tilewidth=64, tileheight=64, imagewidth=768, imageheight=256, margin=0, spacing=0, columns=12, tilecount=48, transparentcolor=)], backgroundcolor=, renderorder=right-down, nextobjectid=31, version=1, tiledversion=1.3.4, type=map, infinite=false, properties={}, propertytypes={})
17:23:56.716 [FXGL Background Thread 1 ] DEBUG TMXLevelLoader       - Creating tile layer entities
17:23:56.717 [FXGL Background Thread 1 ] DEBUG TilesetLoader        - Loading view for layer Kachelebene 1
17:23:56.720 [FXGL Background Thread 1 ] DEBUG TilesetLoader        - Created buffer with size 960.0x640.0
17:23:56.738 [FXGL Background Thread 1 ] DEBUG TilesetLoader        - Writing to buffer: dst=0,0, w=64,h=64, src=192,0
17:23:56.744 [FXGL Background Thread 1 ] DEBUG TilesetLoader        - Writing to buffer: dst=64,0, w=64,h=64, src=0,128
17:23:56.744 [FXGL Background Thread 1 ] DEBUG TilesetLoader        - Writing to buffer: dst=128,0, w=64,h=64, src=0,128
17:23:56.744 [FXGL Background Thread 1 ] DEBUG TilesetLoader        - Writing to buffer: dst=192,0, w=64,h=64, src=0,128
17:23:56.744 [FXGL Background Thread 1 ] DEBUG TilesetLoader        - Writing to buffer: dst=256,0, w=64,h=64, src=0,128
17:23:56.744 [FXGL Background Thread 1 ] DEBUG TilesetLoader        - Writing to buffer: dst=320,0, w=64,h=64, src=0,128
17:23:56.744 [FXGL Background Thread 1 ] DEBUG TilesetLoader        - Writing to buffer: dst=384,0, w=64,h=64, src=0,128
17:23:56.744 [FXGL Background Thread 1 ] DEBUG TilesetLoader        - Writing to buffer: dst=448,0, w=64,h=64, src=0,128
17:23:56.744 [FXGL Background Thread 1 ] DEBUG TilesetLoader        - Writing to buffer: dst=512,0, w=64,h=64, src=0,128
17:23:56.745 [FXGL Background Thread 1 ] DEBUG TilesetLoader        - Writing to buffer: dst=576,0, w=64,h=64, src=0,128
17:23:56.745 [FXGL Background Thread 1 ] DEBUG TilesetLoader        - Writing to buffer: dst=640,0, w=64,h=64, src=0,128
17:23:56.745 [FXGL Background Thread 1 ] DEBUG TilesetLoader        - Writing to buffer: dst=704,0, w=64,h=64, src=0,128
17:23:56.745 [FXGL Background Thread 1 ] DEBUG TilesetLoader        - Writing to buffer: dst=768,0, w=64,h=64, src=0,128
17:23:56.745 [FXGL Background Thread 1 ] DEBUG TilesetLoader        - Writing to buffer: dst=832,0, w=64,h=64, src=0,128
17:23:56.746 [FXGL Background Thread 1 ] DEBUG TilesetLoader        - Writing to buffer: dst=896,0, w=64,h=64, src=256,0
17:23:56.747 [FXGL Background Thread 1 ] DEBUG TilesetLoader        - Writing to buffer: dst=0,64, w=64,h=64, src=128,128
17:23:56.747 [FXGL Background Thread 1 ] DEBUG TilesetLoader        - Writing to buffer: dst=896,64, w=64,h=64, src=64,128
17:23:56.747 [FXGL Background Thread 1 ] DEBUG TilesetLoader        - Writing to buffer: dst=0,128, w=64,h=64, src=128,128
17:23:56.747 [FXGL Background Thread 1 ] DEBUG TilesetLoader        - Writing to buffer: dst=896,128, w=64,h=64, src=64,128
17:23:56.747 [FXGL Background Thread 1 ] DEBUG TilesetLoader        - Writing to buffer: dst=0,192, w=64,h=64, src=128,128
17:23:56.747 [FXGL Background Thread 1 ] DEBUG TilesetLoader        - Writing to buffer: dst=896,192, w=64,h=64, src=64,128
17:23:56.747 [FXGL Background Thread 1 ] DEBUG TilesetLoader        - Writing to buffer: dst=0,256, w=64,h=64, src=128,128
17:23:56.747 [FXGL Background Thread 1 ] DEBUG TilesetLoader        - Writing to buffer: dst=896,256, w=64,h=64, src=64,128
17:23:56.747 [FXGL Background Thread 1 ] DEBUG TilesetLoader        - Writing to buffer: dst=0,320, w=64,h=64, src=128,128
17:23:56.747 [FXGL Background Thread 1 ] DEBUG TilesetLoader        - Writing to buffer: dst=640,320, w=64,h=64, src=0,192
17:23:56.747 [FXGL Background Thread 1 ] DEBUG TilesetLoader        - Writing to buffer: dst=704,320, w=64,h=64, src=64,192
17:23:56.747 [FXGL Background Thread 1 ] DEBUG TilesetLoader        - Writing to buffer: dst=768,320, w=64,h=64, src=64,192
17:23:56.747 [FXGL Background Thread 1 ] DEBUG TilesetLoader        - Writing to buffer: dst=832,320, w=64,h=64, src=128,192
17:23:56.747 [FXGL Background Thread 1 ] DEBUG TilesetLoader        - Writing to buffer: dst=896,320, w=64,h=64, src=64,128
17:23:56.748 [FXGL Background Thread 1 ] DEBUG TilesetLoader        - Writing to buffer: dst=0,384, w=64,h=64, src=128,128
17:23:56.748 [FXGL Background Thread 1 ] DEBUG TilesetLoader        - Writing to buffer: dst=448,384, w=64,h=64, src=0,192
17:23:56.748 [FXGL Background Thread 1 ] DEBUG TilesetLoader        - Writing to buffer: dst=512,384, w=64,h=64, src=64,192
17:23:56.748 [FXGL Background Thread 1 ] DEBUG TilesetLoader        - Writing to buffer: dst=576,384, w=64,h=64, src=128,192
17:23:56.748 [FXGL Background Thread 1 ] DEBUG TilesetLoader        - Writing to buffer: dst=896,384, w=64,h=64, src=64,128
17:23:56.748 [FXGL Background Thread 1 ] DEBUG TilesetLoader        - Writing to buffer: dst=0,448, w=64,h=64, src=128,128
17:23:56.748 [FXGL Background Thread 1 ] DEBUG TilesetLoader        - Writing to buffer: dst=192,448, w=64,h=64, src=0,192
17:23:56.748 [FXGL Background Thread 1 ] DEBUG TilesetLoader        - Writing to buffer: dst=256,448, w=64,h=64, src=64,192
17:23:56.748 [FXGL Background Thread 1 ] DEBUG TilesetLoader        - Writing to buffer: dst=320,448, w=64,h=64, src=128,192
17:23:56.748 [FXGL Background Thread 1 ] DEBUG TilesetLoader        - Writing to buffer: dst=896,448, w=64,h=64, src=64,128
17:23:56.748 [FXGL Background Thread 1 ] DEBUG TilesetLoader        - Writing to buffer: dst=0,512, w=64,h=64, src=128,128
17:23:56.748 [FXGL Background Thread 1 ] DEBUG TilesetLoader        - Writing to buffer: dst=896,512, w=64,h=64, src=64,128
17:23:56.748 [FXGL Background Thread 1 ] DEBUG TilesetLoader        - Writing to buffer: dst=0,576, w=64,h=64, src=192,64
17:23:56.748 [FXGL Background Thread 1 ] DEBUG TilesetLoader        - Writing to buffer: dst=64,576, w=64,h=64, src=0,0
17:23:56.748 [FXGL Background Thread 1 ] DEBUG TilesetLoader        - Writing to buffer: dst=128,576, w=64,h=64, src=0,0
17:23:56.748 [FXGL Background Thread 1 ] DEBUG TilesetLoader        - Writing to buffer: dst=192,576, w=64,h=64, src=0,0
17:23:56.749 [FXGL Background Thread 1 ] DEBUG TilesetLoader        - Writing to buffer: dst=256,576, w=64,h=64, src=0,0
17:23:56.749 [FXGL Background Thread 1 ] DEBUG TilesetLoader        - Writing to buffer: dst=320,576, w=64,h=64, src=0,0
17:23:56.749 [FXGL Background Thread 1 ] DEBUG TilesetLoader        - Writing to buffer: dst=384,576, w=64,h=64, src=0,0
17:23:56.749 [FXGL Background Thread 1 ] DEBUG TilesetLoader        - Writing to buffer: dst=448,576, w=64,h=64, src=0,0
17:23:56.749 [FXGL Background Thread 1 ] DEBUG TilesetLoader        - Writing to buffer: dst=512,576, w=64,h=64, src=0,0
17:23:56.749 [FXGL Background Thread 1 ] DEBUG TilesetLoader        - Writing to buffer: dst=576,576, w=64,h=64, src=0,0
17:23:56.749 [FXGL Background Thread 1 ] DEBUG TilesetLoader        - Writing to buffer: dst=640,576, w=64,h=64, src=0,0
17:23:56.749 [FXGL Background Thread 1 ] DEBUG TilesetLoader        - Writing to buffer: dst=704,576, w=64,h=64, src=0,0
17:23:56.749 [FXGL Background Thread 1 ] DEBUG TilesetLoader        - Writing to buffer: dst=768,576, w=64,h=64, src=0,0
17:23:56.749 [FXGL Background Thread 1 ] DEBUG TilesetLoader        - Writing to buffer: dst=832,576, w=64,h=64, src=0,0
17:23:56.749 [FXGL Background Thread 1 ] DEBUG TilesetLoader        - Writing to buffer: dst=896,576, w=64,h=64, src=256,64
17:23:56.749 [FXGL Background Thread 1 ] DEBUG TMXLevelLoader       - Creating object layer entities
17:23:56.785 [FXGL Background Thread 1 ] DEBUG GameWorld            - Clearing removable entities
17:23:56.785 [FXGL Background Thread 1 ] DEBUG GameWorld            - Setting level: com.almasb.fxgl.entity.level.Level@b09660a
17:23:56.814 [FXGL Background Thread 1 ] DEBUG AssetLoader          - Loading from file system: /assets/textures/adventurer-Sheet.png
17:23:56.819 [FXGL Background Thread 1 ] DEBUG AssetLoader          - Loading from cache: /assets/textures/adventurer-Sheet.png
17:23:56.819 [FXGL Background Thread 1 ] DEBUG AssetLoader          - Loading from cache: /assets/textures/adventurer-Sheet.png
17:23:56.821 [FXGL Background Thread 1 ] DEBUG InitAppTask          - Initializing Physics
17:23:56.822 [FXGL Background Thread 1 ] DEBUG InitAppTask          - Initializing UI
17:23:56.824 [FXGL Background Thread 1 ] DEBUG InitAppTask          - Initialization Complete
17:23:56.824 [FXGL Background Thread 1 ] INFO  InitAppTask          - Game initialization took: 0.168 sec
17:23:56.837 [JavaFX Application Thread] DEBUG Input                - Clearing active input actions
17:23:56.851 [JavaFX Application Thread] DEBUG Engine               - Removing overlay from LoadingScene and adding to GameScene
17:23:56.851 [JavaFX Application Thread] DEBUG MainWindow           - LoadingScene -> GameScene
17:23:57.413 [JavaFX Application Thread] DEBUG AssetLoader          - Loading from file system: /assets/sounds/smw_1-up.wav
17:24:10.916 [JavaFX Application Thread] DEBUG AssetLoader          - Loading from cache: /assets/sounds/smw_1-up.wav
17:24:12.964 [JavaFX Application Thread] DEBUG AssetLoader          - Loading from cache: /assets/sounds/smw_1-up.wav
17:24:14.084 [JavaFX Application Thread] DEBUG AssetLoader          - Loading from cache: /assets/sounds/smw_1-up.wav
17:24:25.284 [JavaFX Application Thread] DEBUG AssetLoader          - Loading from cache: /assets/sounds/smw_1-up.wav
17:25:13.592 [JavaFX Application Thread] DEBUG Engine               - Exiting FXGL
17:25:13.592 [JavaFX Application Thread] DEBUG Engine               - Shutting down background threads
17:25:13.592 [JavaFX Application Thread] DEBUG Engine               - Saving FXGL system data
17:25:13.595 [JavaFX Application Thread] DEBUG FSServiceImpl        - Writing to: G:\Desk\Projects\FXGLPlatformer\system\fxgl.bundle
17:25:13.597 [JavaFX Application Thread] DEBUG Engine               - Closing logger and exiting JavaFX
