16:19:00.429 [main                     ] DEBUG GameApplication      - Logger initialized
16:19:00.446 [main                     ] DEBUG GameApplication      - Logging settings
Title: JumpToBeat-Demo
Version: 0.1
Width: 600
Height: 600
Fullscreen: false
Intro: false
Menus: false
Profiling: false
Single step:false
App Mode: DEVELOPER
Menu Key: ESCAPE
Stage Style: DECORATED
Scene Factory: class com.almasb.fxgl.app.SceneFactory
Dialog Factory: class com.almasb.fxgl.ui.FXGLDialogFactory
UI Factory: class com.almasb.fxgl.ui.FXGLUIFactory

16:19:00.957 [JavaFX Application Thread] DEBUG Engine               - Initializing FXGL
16:19:00.957 [JavaFX Application Thread] INFO  Engine               - FXGL-11.7 (05.01.2020 09.37) on WINDOWS (J:11.0.5 FX:12.0.1)
16:19:00.957 [JavaFX Application Thread] INFO  Engine               - Source code and latest versions at: https://github.com/AlmasB/FXGL
16:19:00.958 [JavaFX Application Thread] INFO  Engine               -              Join the FXGL chat at: https://gitter.im/AlmasB/FXGL
16:19:00.958 [JavaFX Application Thread] DEBUG Engine               - Initializing environment variables
16:19:00.960 [JavaFX Application Thread] DEBUG Engine               - Logging environment variables
16:19:00.960 [JavaFX Application Thread] DEBUG Engine               - achievements: []
16:19:00.960 [JavaFX Application Thread] DEBUG Engine               - sceneStack: com.almasb.fxgl.app.Engine@12e447bd
16:19:00.960 [JavaFX Application Thread] DEBUG Engine               - language: ObjectProperty [value: ENGLISH]
16:19:00.961 [JavaFX Application Thread] DEBUG Engine               - isCloseConfirmation: false
16:19:00.961 [JavaFX Application Thread] DEBUG Engine               - isProfilingEnabled: false
16:19:00.961 [JavaFX Application Thread] DEBUG Engine               - soundNotification: core/notification.wav
16:19:00.961 [JavaFX Application Thread] DEBUG Engine               - devShowBBoxProperty: BooleanProperty [value: false]
16:19:00.962 [JavaFX Application Thread] DEBUG Engine               - pixelsPerMeter: 50.0
16:19:00.962 [JavaFX Application Thread] DEBUG Engine               - overlayRoot: Group@27181237
16:19:00.962 [JavaFX Application Thread] DEBUG Engine               - soundMenuBack: menu/back.wav
16:19:00.962 [JavaFX Application Thread] DEBUG Engine               - appIcon: fxgl_icon.png
16:19:00.962 [JavaFX Application Thread] DEBUG Engine               - isFullScreenAllowed: false
16:19:00.963 [JavaFX Application Thread] DEBUG Engine               - isIntroEnabled: false
16:19:00.963 [JavaFX Application Thread] DEBUG Engine               - eventBus: com.almasb.fxgl.event.EventBus@2ded59d6
16:19:00.963 [JavaFX Application Thread] DEBUG Engine               - fontMono: lucida_console.ttf
16:19:00.963 [JavaFX Application Thread] DEBUG Engine               - soundMenuSelect: menu/select.wav
16:19:00.963 [JavaFX Application Thread] DEBUG Engine               - isWindows: true
16:19:00.963 [JavaFX Application Thread] DEBUG Engine               - isMobile: false
16:19:00.963 [JavaFX Application Thread] DEBUG Engine               - height: 600
16:19:00.963 [JavaFX Application Thread] DEBUG Engine               - isExperimentalNative: false
16:19:00.963 [JavaFX Application Thread] DEBUG Engine               - isSingleStep: false
16:19:00.963 [JavaFX Application Thread] DEBUG Engine               - cSSList: [fxgl_dark.css]
16:19:00.964 [JavaFX Application Thread] DEBUG Engine               - fontGame: Abel-Regular.ttf
16:19:00.964 [JavaFX Application Thread] DEBUG Engine               - menuKey: ESCAPE
16:19:00.964 [JavaFX Application Thread] DEBUG Engine               - devShowPositionProperty: BooleanProperty [value: false]
16:19:00.964 [JavaFX Application Thread] DEBUG Engine               - versionCheckDays: 7
16:19:00.964 [JavaFX Application Thread] DEBUG Engine               - masterTimer: com.almasb.fxgl.time.Timer@1d043a79
16:19:00.964 [JavaFX Application Thread] DEBUG Engine               - configClass: Optional.empty
16:19:00.964 [JavaFX Application Thread] DEBUG Engine               - isFullScreenFromStart: false
16:19:00.964 [JavaFX Application Thread] DEBUG Engine               - version: 0.1
16:19:00.964 [JavaFX Application Thread] DEBUG Engine               - fullScreen: BooleanProperty [value: false]
16:19:00.964 [JavaFX Application Thread] DEBUG Engine               - randomSeed: -1
16:19:00.965 [JavaFX Application Thread] DEBUG Engine               - dialogFactory: com.almasb.fxgl.ui.FXGLDialogFactory@5d76af7a
16:19:00.965 [JavaFX Application Thread] DEBUG Engine               - applicationMode: DEVELOPER
16:19:00.965 [JavaFX Application Thread] DEBUG Engine               - isMac: false
16:19:00.965 [JavaFX Application Thread] DEBUG Engine               - urlGoogleForms: https://goo.gl/forms/6wrMnOBxTE1fEpOy2
16:19:00.965 [JavaFX Application Thread] DEBUG Engine               - isMenuEnabled: false
16:19:00.965 [JavaFX Application Thread] DEBUG Engine               - profileName: user.profile
16:19:00.965 [JavaFX Application Thread] DEBUG Engine               - urlPOM: https://raw.githubusercontent.com/AlmasB/FXGL/master/pom.xml
16:19:00.965 [JavaFX Application Thread] DEBUG Engine               - notificationViewClass: class com.almasb.fxgl.notification.view.XboxNotificationView
16:19:00.965 [JavaFX Application Thread] DEBUG Engine               - devSensorColorProperty: ObjectProperty [value: 0xffff00ff]
16:19:00.965 [JavaFX Application Thread] DEBUG Engine               - sceneFactory: com.almasb.fxgl.app.SceneFactory@3a188749
16:19:00.965 [JavaFX Application Thread] DEBUG Engine               - dataFileExt: .dat
16:19:00.965 [JavaFX Application Thread] DEBUG Engine               - stageStyle: DECORATED
16:19:00.966 [JavaFX Application Thread] DEBUG Engine               - isManualResizeEnabled: false
16:19:00.966 [JavaFX Application Thread] DEBUG Engine               - title: JumpToBeat-Demo
16:19:00.966 [JavaFX Application Thread] DEBUG Engine               - platform: WINDOWS
16:19:00.966 [JavaFX Application Thread] DEBUG Engine               - devBBoxColorProperty: ObjectProperty [value: 0xff0000ff]
16:19:00.966 [JavaFX Application Thread] DEBUG Engine               - isDesktop: true
16:19:00.966 [JavaFX Application Thread] DEBUG Engine               - credits: []
16:19:00.966 [JavaFX Application Thread] DEBUG Engine               - globalMusicVolumeProperty: DoubleProperty [value: 0.5]
16:19:00.966 [JavaFX Application Thread] DEBUG Engine               - uIFactory: com.almasb.fxgl.ui.FXGLUIFactory@7dfc5a35
16:19:00.966 [JavaFX Application Thread] DEBUG Engine               - isPreserveResizeRatio: false
16:19:00.966 [JavaFX Application Thread] DEBUG Engine               - fontText: Courier-Prime.ttf
16:19:00.966 [JavaFX Application Thread] DEBUG Engine               - isExperimentalTiledLargeMap: false
16:19:00.966 [JavaFX Application Thread] DEBUG Engine               - secondsIn24h: 60
16:19:00.966 [JavaFX Application Thread] DEBUG Engine               - runtimeInfo: RuntimeInfo(platform=WINDOWS, version=11.7, build=05.01.2020 09.37)
16:19:00.967 [JavaFX Application Thread] DEBUG Engine               - soundMenuPress: menu/press.wav
16:19:00.967 [JavaFX Application Thread] DEBUG Engine               - isLinux: false
16:19:00.967 [JavaFX Application Thread] DEBUG Engine               - urlGithub: https://github.com/AlmasB/FXGL
16:19:00.967 [JavaFX Application Thread] DEBUG Engine               - profileDir: profiles/
16:19:00.967 [JavaFX Application Thread] DEBUG Engine               - isDeveloperMenuEnabled: false
16:19:00.967 [JavaFX Application Thread] DEBUG Engine               - globalSoundVolumeProperty: DoubleProperty [value: 0.5]
16:19:00.967 [JavaFX Application Thread] DEBUG Engine               - isBrowser: false
16:19:00.967 [JavaFX Application Thread] DEBUG Engine               - globalSoundVolume: 0.5
16:19:00.967 [JavaFX Application Thread] DEBUG Engine               - urlLeaderboard: http://fxgl-top.herokuapp.com/
16:19:00.967 [JavaFX Application Thread] DEBUG Engine               - saveDir: saves/
16:19:00.967 [JavaFX Application Thread] DEBUG Engine               - engineServices: [class com.almasb.fxgl.audio.AudioPlayer, class com.almasb.fxgl.notification.impl.NotificationServiceProvider, class com.almasb.fxgl.achievement.AchievementManager, class com.almasb.fxgl.cutscene.CutsceneService, class com.almasb.fxgl.minigames.MiniGameService]
16:19:00.967 [JavaFX Application Thread] DEBUG Engine               - globalMusicVolume: 0.5
16:19:00.967 [JavaFX Application Thread] DEBUG Engine               - width: 600
16:19:00.967 [JavaFX Application Thread] DEBUG Engine               - saveFileExt: .sav
16:19:00.968 [JavaFX Application Thread] DEBUG Engine               - isAndroid: false
16:19:00.968 [JavaFX Application Thread] DEBUG Engine               - fontUI: VarelaRound-Regular.ttf
16:19:00.968 [JavaFX Application Thread] DEBUG Engine               - enabledMenuItems: []
16:19:00.968 [JavaFX Application Thread] DEBUG Engine               - isIOS: false
16:19:00.970 [JavaFX Application Thread] DEBUG Engine               - Adding new engine service: class com.almasb.fxgl.audio.AudioPlayer
16:19:00.971 [JavaFX Application Thread] DEBUG Engine               - Adding new engine service: class com.almasb.fxgl.notification.impl.NotificationServiceProvider
16:19:00.971 [JavaFX Application Thread] DEBUG Engine               - Adding new engine service: class com.almasb.fxgl.achievement.AchievementManager
16:19:00.972 [JavaFX Application Thread] DEBUG Engine               - Adding new engine service: class com.almasb.fxgl.cutscene.CutsceneService
16:19:00.972 [JavaFX Application Thread] DEBUG Engine               - Adding new engine service: class com.almasb.fxgl.minigames.MiniGameService
16:19:00.975 [JavaFX Application Thread] DEBUG Engine               - Loading localizations
16:19:00.977 [JavaFX Application Thread] DEBUG AssetLoader          - Loading from file system: /assets/properties/languages/english.properties
16:19:00.979 [JavaFX Application Thread] DEBUG AssetLoader          - Loading from file system: /assets/properties/languages/french.properties
16:19:00.980 [JavaFX Application Thread] DEBUG AssetLoader          - Loading from file system: /assets/properties/languages/german.properties
16:19:00.981 [JavaFX Application Thread] DEBUG AssetLoader          - Loading from file system: /assets/properties/languages/russian.properties
16:19:00.983 [JavaFX Application Thread] DEBUG AssetLoader          - Loading from file system: /assets/properties/languages/hungarian.properties
16:19:00.984 [JavaFX Application Thread] DEBUG Engine               - Registering font factories
16:19:00.985 [JavaFX Application Thread] DEBUG AssetLoader          - Loading from file system: /assets/ui/fonts/VarelaRound-Regular.ttf
16:19:01.136 [JavaFX Application Thread] DEBUG AssetLoader          - Loading from file system: /assets/ui/fonts/Abel-Regular.ttf
16:19:01.139 [JavaFX Application Thread] DEBUG AssetLoader          - Loading from file system: /assets/ui/fonts/lucida_console.ttf
16:19:01.144 [JavaFX Application Thread] DEBUG AssetLoader          - Loading from file system: /assets/ui/fonts/Courier-Prime.ttf
16:19:01.147 [JavaFX Application Thread] DEBUG Engine               - Setting UI factory
16:19:01.232 [JavaFX Application Thread] DEBUG AssetLoader          - Loading from file system: /assets/textures/fxgl_logo.png
16:19:01.287 [JavaFX Application Thread] DEBUG MainWindow           - Creating a JavaFX scene
16:19:01.331 [JavaFX Application Thread] DEBUG MainWindow           - Target settings size: 600.0 x 600.0
16:19:01.331 [JavaFX Application Thread] DEBUG MainWindow           - Scaled scene size:    600.0 x 600.0
16:19:01.332 [JavaFX Application Thread] DEBUG MainWindow           - Scaled ratio: (1.0, 1.0)
16:19:01.333 [JavaFX Application Thread] DEBUG MainWindow           - Set initial scene to FXGLStartupScene
16:19:01.340 [JavaFX Application Thread] DEBUG AssetLoader          - Loading from file system: /assets/textures/fxgl_icon.png
16:19:01.351 [JavaFX Application Thread] DEBUG Engine               - Applying CSS: fxgl_dark.css
16:19:01.352 [JavaFX Application Thread] DEBUG AssetLoader          - Loading from file system: /assets/ui/css/fxgl_dark.css
16:19:01.355 [JavaFX Application Thread] DEBUG AssetLoader          - Loading from file system: /assets/ui/cursors/fxgl_default.png
16:19:01.356 [JavaFX Application Thread] DEBUG MainWindow           - Opening main window
16:19:01.501 [JavaFX Application Thread] DEBUG MainWindow           - Window border size: (16.0, 39.0)
16:19:01.501 [JavaFX Application Thread] DEBUG MainWindow           - Scaled size: 600.0 x 600.0
16:19:01.501 [JavaFX Application Thread] DEBUG MainWindow           - Scaled ratio: (1.0, 1.0)
16:19:01.501 [JavaFX Application Thread] DEBUG MainWindow           - Scene size: 600.0 x 600.0
16:19:01.501 [JavaFX Application Thread] DEBUG MainWindow           - Stage size: 616.0 x 639.0
16:19:01.535 [FXGL Background Thread 1 ] DEBUG FS                   - Loaded FSServiceImpl
16:19:01.535 [FXGL Background Thread 1 ] DEBUG Engine               - Loading FXGL system data
16:19:01.544 [FXGL Background Thread 1 ] DEBUG FSServiceImpl        - Reading from: G:\Desk\Projects\FXGLPlatformer\system\fxgl.bundle
16:19:01.561 [FXGL Background Thread 1 ] DEBUG Engine               - Bundle FXGL: {}
16:19:01.561 [FXGL Background Thread 1 ] DEBUG Engine               - Initializing application scenes
16:19:01.588 [FXGL Background Thread 1 ] DEBUG GameWorld            - Game world initialized
16:19:01.634 [FXGL Background Thread 1 ] DEBUG PhysicsWorld         - Physics world initialized: appHeight=600, physics.ppm=50.0
16:19:01.636 [FXGL Background Thread 1 ] DEBUG GameScene            - Game scene initialized: 600x600
16:19:01.669 [FXGL Background Thread 1 ] DEBUG Input                - Registered new binding: Resume - Esc
16:19:01.669 [FXGL Background Thread 1 ] DEBUG AssetLoader          - Loading from file system: /assets/textures/pause_menu_bg.png
16:19:01.689 [FXGL Background Thread 1 ] DEBUG Input                - Registered new binding: Pause - Esc
16:19:01.689 [FXGL Background Thread 1 ] DEBUG Engine               - Application scenes initialized
16:19:01.692 [JavaFX Application Thread] DEBUG Engine               - Running preInit()
16:19:01.692 [JavaFX Application Thread] DEBUG Input                - Registered new binding: Move Right - D
16:19:01.692 [JavaFX Application Thread] DEBUG Input                - Registered new binding: Move Left - A
16:19:01.692 [JavaFX Application Thread] DEBUG Input                - Registered new binding: Move Down - S
16:19:01.692 [JavaFX Application Thread] DEBUG Input                - Registered new binding: Move Up - W
16:19:01.692 [JavaFX Application Thread] DEBUG Input                - Registered new binding: Play Sound - F
16:19:01.693 [JavaFX Application Thread] DEBUG Input                - Registered new binding: Screenshot - P
16:19:01.693 [JavaFX Application Thread] DEBUG Input                - Registered new binding: System info dump - CTRL+9
16:19:01.693 [JavaFX Application Thread] DEBUG Input                - Registered new binding: Restart - CTRL+R
16:19:01.693 [JavaFX Application Thread] DEBUG Engine               - generateDefaultProfile()
16:19:01.693 [JavaFX Application Thread] DEBUG Engine               - Creating default profile
16:19:01.694 [JavaFX Application Thread] DEBUG EventBus             - Firing event: SaveEvent
16:19:01.703 [JavaFX Application Thread] INFO  Engine               - FXGL initialization took: 0.728 sec
16:19:01.703 [JavaFX Application Thread] DEBUG LoopRunner           - Starting loop
16:19:01.719 [JavaFX Application Thread] DEBUG FXGLStartupScene     - STARTUP
16:19:01.719 [JavaFX Application Thread] DEBUG Engine               - Starting new game
16:19:01.725 [JavaFX Application Thread] DEBUG Input                - Clearing active input actions
16:19:01.725 [FXGL Background Thread 1 ] DEBUG InitAppTask          - Clearing previous game
16:19:01.726 [FXGL Background Thread 1 ] DEBUG GameWorld            - Clearing game world
16:19:01.726 [FXGL Background Thread 1 ] DEBUG PhysicsWorld         - Clearing physics world
16:19:01.726 [FXGL Background Thread 1 ] DEBUG GameScene            - Clearing game scene
16:19:01.726 [FXGL Background Thread 1 ] DEBUG InitAppTask          - Initializing Game
16:19:01.730 [FXGL Background Thread 1 ] DEBUG AssetLoader          - Loading from file system: /assets/levels/TestLevel.tmx
16:19:01.735 [JavaFX Application Thread] DEBUG Engine               - Removing overlay from FXGLStartupScene and adding to LoadingScene
16:19:01.735 [JavaFX Application Thread] DEBUG MainWindow           - FXGLStartupScene -> LoadingScene
16:19:01.787 [FXGL Background Thread 1 ] WARN  TMXLevelLoader       - TiledMap generated from 1.3.4. Supported version: 1.2.3. Some features may not be parsed fully.
16:19:01.807 [FXGL Background Thread 1 ] DEBUG TMXLevelLoader       - Parsed raw map: TiledMap(width=15, height=10, tilewidth=64, tileheight=64, orientation=orthogonal, layers=[Layer(width=15, height=10, name=Kachelebene 1, type=tilelayer, visible=false, x=0, y=0, data=[0, 0, 0, 0, 0, 0, 0, 0, 0, 0, 0, 0, 0, 0, 0, 0, 0, 0, 0, 0, 0, 0, 0, 0, 0, 0, 0, 0, 0, 0, 0, 0, 0, 0, 0, 0, 0, 0, 0, 0, 0, 0, 0, 0, 0, 0, 0, 0, 0, 0, 0, 0, 0, 0, 0, 0, 0, 0, 0, 0, 0, 0, 0, 0, 0, 0, 0, 0, 0, 0, 0, 0, 0, 0, 0, 0, 0, 0, 0, 0, 0, 0, 0, 0, 0, 38, 44, 44, 40, 0, 0, 0, 0, 0, 0, 0, 0, 38, 44, 40, 0, 0, 0, 0, 0, 0, 0, 0, 43, 44, 40, 0, 0, 0, 0, 0, 0, 0, 0, 0, 0, 0, 0, 0, 0, 0, 0, 0, 0, 0, 0, 0, 0, 0, 0, 1, 1, 1, 1, 1, 1, 1, 1, 1, 1, 1, 1, 1, 1, 1], objects=[], opacity=0.0, draworder=), Layer(width=0, height=0, name=Objektebene 1, type=objectgroup, visible=false, x=0, y=0, data=[], objects=[com.almasb.fxgl.entity.level.tiled.TiledObject@72057013, com.almasb.fxgl.entity.level.tiled.TiledObject@20e0dce0, com.almasb.fxgl.entity.level.tiled.TiledObject@37168524, com.almasb.fxgl.entity.level.tiled.TiledObject@539df6cb, com.almasb.fxgl.entity.level.tiled.TiledObject@ac18143, com.almasb.fxgl.entity.level.tiled.TiledObject@2ce05b27, com.almasb.fxgl.entity.level.tiled.TiledObject@2fdcc43a, com.almasb.fxgl.entity.level.tiled.TiledObject@13cb44a4, com.almasb.fxgl.entity.level.tiled.TiledObject@15061407], opacity=0.0, draworder=)], tilesets=[Tileset(firstgid=1, image=, name=, tilewidth=0, tileheight=0, imagewidth=0, imageheight=0, margin=0, spacing=0, columns=0, tilecount=0, transparentcolor=)], backgroundcolor=, renderorder=right-down, nextobjectid=23, version=1, tiledversion=1.3.4, type=map, infinite=false, properties={}, propertytypes={})
16:19:01.808 [FXGL Background Thread 1 ] DEBUG TMXLevelLoader       - Creating tile layer entities
16:19:01.808 [FXGL Background Thread 1 ] DEBUG TilesetLoader        - Loading view for layer Kachelebene 1
16:19:01.810 [FXGL Background Thread 1 ] DEBUG TilesetLoader        - Created buffer with size 960.0x640.0
16:19:01.811 [FXGL Background Thread 1 ] WARN  TMXLevelLoader       - Parse error Error: java.lang.IllegalArgumentException: Tileset for gid=38 not found
16:19:01.842 [JavaFX Application Thread] FATAL Engine               - Uncaught Exception:

Fatal exception occurred: com.almasb.fxgl.entity.level.LevelLoadingException : Tileset for gid=38 not found
E: com.almasb.fxgl.entity.level.tiled.TMXLevelLoader.load(TMXLevelLoader.kt:70)
E: com.almasb.fxgl.app.AssetLoader.loadLevel(AssetLoader.kt:258)
E: com.almasb.fxgl.dsl.FXGL$Companion.setLevelFromMap(FXGL.kt:407)
E: com.almasb.fxgl.dsl.FXGL.setLevelFromMap(FXGL.kt)
E: Game.Application.initGame(Application.java:36)
E: com.almasb.fxgl.app.LoadingScene$InitAppTask.initGame(LoadingScene.kt:137)
E: com.almasb.fxgl.app.LoadingScene$InitAppTask.call(LoadingScene.kt:106)
E: com.almasb.fxgl.app.LoadingScene$InitAppTask.call(LoadingScene.kt:94)
E: javafx.concurrent.Task$TaskCallable.call(Task.java:1425)
E: java.base/java.util.concurrent.FutureTask.run(FutureTask.java:264)
E: java.base/java.util.concurrent.Executors$RunnableAdapter.call(Executors.java:515)
E: java.base/java.util.concurrent.FutureTask.run(FutureTask.java:264)
E: java.base/java.util.concurrent.ThreadPoolExecutor.runWorker(ThreadPoolExecutor.java:1128)
E: java.base/java.util.concurrent.ThreadPoolExecutor$Worker.run(ThreadPoolExecutor.java:628)
E: java.base/java.lang.Thread.run(Thread.java:834)

16:19:01.842 [JavaFX Application Thread] FATAL Engine               - Application will now exit
16:19:01.843 [JavaFX Application Thread] DEBUG LoopRunner           - Stopping loop
16:19:13.273 [JavaFX Application Thread] DEBUG Engine               - Exiting FXGL
16:19:13.273 [JavaFX Application Thread] DEBUG Engine               - Shutting down background threads
16:19:13.273 [JavaFX Application Thread] DEBUG Engine               - Saving FXGL system data
16:19:13.275 [JavaFX Application Thread] DEBUG FSServiceImpl        - Writing to: G:\Desk\Projects\FXGLPlatformer\system\fxgl.bundle
16:19:13.277 [JavaFX Application Thread] DEBUG Engine               - Closing logger and exiting JavaFX
