14:47:53.247 [main                     ] DEBUG GameApplication      - Logger initialized
14:47:53.264 [main                     ] DEBUG GameApplication      - Logging settings
Title: Jump-Demo
Version: 0.1
Width: 600
Height: 600
Fullscreen: false
Intro: false
Menus: true
Profiling: false
Single step:false
App Mode: DEVELOPER
Menu Key: ESCAPE
Stage Style: DECORATED
Scene Factory: class com.almasb.fxgl.app.SceneFactory
Dialog Factory: class com.almasb.fxgl.ui.FXGLDialogFactory
UI Factory: class com.almasb.fxgl.ui.FXGLUIFactory

14:47:53.760 [JavaFX Application Thread] DEBUG Engine               - Initializing FXGL
14:47:53.760 [JavaFX Application Thread] INFO  Engine               - FXGL-11.7 (05.01.2020 09.37) on WINDOWS (J:11.0.5 FX:12.0.1)
14:47:53.761 [JavaFX Application Thread] INFO  Engine               - Source code and latest versions at: https://github.com/AlmasB/FXGL
14:47:53.761 [JavaFX Application Thread] INFO  Engine               -              Join the FXGL chat at: https://gitter.im/AlmasB/FXGL
14:47:53.761 [JavaFX Application Thread] DEBUG Engine               - Initializing environment variables
14:47:53.763 [JavaFX Application Thread] DEBUG Engine               - Logging environment variables
14:47:53.763 [JavaFX Application Thread] DEBUG Engine               - achievements: []
14:47:53.763 [JavaFX Application Thread] DEBUG Engine               - sceneStack: com.almasb.fxgl.app.Engine@5c4bfeaf
14:47:53.764 [JavaFX Application Thread] DEBUG Engine               - language: ObjectProperty [value: ENGLISH]
14:47:53.764 [JavaFX Application Thread] DEBUG Engine               - isCloseConfirmation: false
14:47:53.764 [JavaFX Application Thread] DEBUG Engine               - isProfilingEnabled: false
14:47:53.764 [JavaFX Application Thread] DEBUG Engine               - soundNotification: core/notification.wav
14:47:53.764 [JavaFX Application Thread] DEBUG Engine               - devShowBBoxProperty: BooleanProperty [value: false]
14:47:53.765 [JavaFX Application Thread] DEBUG Engine               - pixelsPerMeter: 50.0
14:47:53.765 [JavaFX Application Thread] DEBUG Engine               - overlayRoot: Group@4922e0c8
14:47:53.765 [JavaFX Application Thread] DEBUG Engine               - soundMenuBack: menu/back.wav
14:47:53.765 [JavaFX Application Thread] DEBUG Engine               - appIcon: fxgl_icon.png
14:47:53.766 [JavaFX Application Thread] DEBUG Engine               - isFullScreenAllowed: false
14:47:53.766 [JavaFX Application Thread] DEBUG Engine               - isIntroEnabled: false
14:47:53.766 [JavaFX Application Thread] DEBUG Engine               - eventBus: com.almasb.fxgl.event.EventBus@45000b52
14:47:53.766 [JavaFX Application Thread] DEBUG Engine               - fontMono: lucida_console.ttf
14:47:53.766 [JavaFX Application Thread] DEBUG Engine               - soundMenuSelect: menu/select.wav
14:47:53.766 [JavaFX Application Thread] DEBUG Engine               - isWindows: true
14:47:53.766 [JavaFX Application Thread] DEBUG Engine               - isMobile: false
14:47:53.766 [JavaFX Application Thread] DEBUG Engine               - height: 600
14:47:53.766 [JavaFX Application Thread] DEBUG Engine               - isExperimentalNative: false
14:47:53.767 [JavaFX Application Thread] DEBUG Engine               - cSSList: [fxgl_dark.css]
14:47:53.767 [JavaFX Application Thread] DEBUG Engine               - isSingleStep: false
14:47:53.767 [JavaFX Application Thread] DEBUG Engine               - fontGame: Abel-Regular.ttf
14:47:53.767 [JavaFX Application Thread] DEBUG Engine               - menuKey: ESCAPE
14:47:53.767 [JavaFX Application Thread] DEBUG Engine               - devShowPositionProperty: BooleanProperty [value: false]
14:47:53.767 [JavaFX Application Thread] DEBUG Engine               - versionCheckDays: 7
14:47:53.767 [JavaFX Application Thread] DEBUG Engine               - masterTimer: com.almasb.fxgl.time.Timer@463d3bdb
14:47:53.767 [JavaFX Application Thread] DEBUG Engine               - configClass: Optional.empty
14:47:53.767 [JavaFX Application Thread] DEBUG Engine               - isFullScreenFromStart: false
14:47:53.767 [JavaFX Application Thread] DEBUG Engine               - version: 0.1
14:47:53.768 [JavaFX Application Thread] DEBUG Engine               - fullScreen: BooleanProperty [value: false]
14:47:53.768 [JavaFX Application Thread] DEBUG Engine               - randomSeed: -1
14:47:53.768 [JavaFX Application Thread] DEBUG Engine               - dialogFactory: com.almasb.fxgl.ui.FXGLDialogFactory@414fff03
14:47:53.768 [JavaFX Application Thread] DEBUG Engine               - applicationMode: DEVELOPER
14:47:53.768 [JavaFX Application Thread] DEBUG Engine               - isMac: false
14:47:53.768 [JavaFX Application Thread] DEBUG Engine               - urlGoogleForms: https://goo.gl/forms/6wrMnOBxTE1fEpOy2
14:47:53.768 [JavaFX Application Thread] DEBUG Engine               - isMenuEnabled: true
14:47:53.768 [JavaFX Application Thread] DEBUG Engine               - urlPOM: https://raw.githubusercontent.com/AlmasB/FXGL/master/pom.xml
14:47:53.768 [JavaFX Application Thread] DEBUG Engine               - profileName: user.profile
14:47:53.768 [JavaFX Application Thread] DEBUG Engine               - notificationViewClass: class com.almasb.fxgl.notification.view.XboxNotificationView
14:47:53.768 [JavaFX Application Thread] DEBUG Engine               - devSensorColorProperty: ObjectProperty [value: 0xffff00ff]
14:47:53.768 [JavaFX Application Thread] DEBUG Engine               - sceneFactory: com.almasb.fxgl.app.SceneFactory@1fb57342
14:47:53.769 [JavaFX Application Thread] DEBUG Engine               - dataFileExt: .dat
14:47:53.769 [JavaFX Application Thread] DEBUG Engine               - stageStyle: DECORATED
14:47:53.769 [JavaFX Application Thread] DEBUG Engine               - isManualResizeEnabled: false
14:47:53.769 [JavaFX Application Thread] DEBUG Engine               - title: Jump-Demo
14:47:53.769 [JavaFX Application Thread] DEBUG Engine               - platform: WINDOWS
14:47:53.769 [JavaFX Application Thread] DEBUG Engine               - devBBoxColorProperty: ObjectProperty [value: 0xff0000ff]
14:47:53.769 [JavaFX Application Thread] DEBUG Engine               - isDesktop: true
14:47:53.769 [JavaFX Application Thread] DEBUG Engine               - credits: []
14:47:53.769 [JavaFX Application Thread] DEBUG Engine               - globalMusicVolumeProperty: DoubleProperty [value: 0.5]
14:47:53.769 [JavaFX Application Thread] DEBUG Engine               - uIFactory: com.almasb.fxgl.ui.FXGLUIFactory@5aaaa17d
14:47:53.769 [JavaFX Application Thread] DEBUG Engine               - isPreserveResizeRatio: false
14:47:53.769 [JavaFX Application Thread] DEBUG Engine               - fontText: Courier-Prime.ttf
14:47:53.769 [JavaFX Application Thread] DEBUG Engine               - isExperimentalTiledLargeMap: false
14:47:53.770 [JavaFX Application Thread] DEBUG Engine               - secondsIn24h: 60
14:47:53.770 [JavaFX Application Thread] DEBUG Engine               - runtimeInfo: RuntimeInfo(platform=WINDOWS, version=11.7, build=05.01.2020 09.37)
14:47:53.770 [JavaFX Application Thread] DEBUG Engine               - isLinux: false
14:47:53.770 [JavaFX Application Thread] DEBUG Engine               - soundMenuPress: menu/press.wav
14:47:53.770 [JavaFX Application Thread] DEBUG Engine               - urlGithub: https://github.com/AlmasB/FXGL
14:47:53.770 [JavaFX Application Thread] DEBUG Engine               - profileDir: profiles/
14:47:53.770 [JavaFX Application Thread] DEBUG Engine               - isDeveloperMenuEnabled: false
14:47:53.770 [JavaFX Application Thread] DEBUG Engine               - globalSoundVolumeProperty: DoubleProperty [value: 0.5]
14:47:53.770 [JavaFX Application Thread] DEBUG Engine               - isBrowser: false
14:47:53.770 [JavaFX Application Thread] DEBUG Engine               - globalSoundVolume: 0.5
14:47:53.770 [JavaFX Application Thread] DEBUG Engine               - urlLeaderboard: http://fxgl-top.herokuapp.com/
14:47:53.770 [JavaFX Application Thread] DEBUG Engine               - saveDir: saves/
14:47:53.770 [JavaFX Application Thread] DEBUG Engine               - engineServices: [class com.almasb.fxgl.audio.AudioPlayer, class com.almasb.fxgl.notification.impl.NotificationServiceProvider, class com.almasb.fxgl.achievement.AchievementManager, class com.almasb.fxgl.cutscene.CutsceneService, class com.almasb.fxgl.minigames.MiniGameService]
14:47:53.770 [JavaFX Application Thread] DEBUG Engine               - globalMusicVolume: 0.5
14:47:53.771 [JavaFX Application Thread] DEBUG Engine               - width: 600
14:47:53.771 [JavaFX Application Thread] DEBUG Engine               - saveFileExt: .sav
14:47:53.771 [JavaFX Application Thread] DEBUG Engine               - isAndroid: false
14:47:53.771 [JavaFX Application Thread] DEBUG Engine               - fontUI: VarelaRound-Regular.ttf
14:47:53.771 [JavaFX Application Thread] DEBUG Engine               - enabledMenuItems: []
14:47:53.771 [JavaFX Application Thread] DEBUG Engine               - isIOS: false
14:47:53.773 [JavaFX Application Thread] DEBUG Engine               - Adding new engine service: class com.almasb.fxgl.audio.AudioPlayer
14:47:53.774 [JavaFX Application Thread] DEBUG Engine               - Adding new engine service: class com.almasb.fxgl.notification.impl.NotificationServiceProvider
14:47:53.774 [JavaFX Application Thread] DEBUG Engine               - Adding new engine service: class com.almasb.fxgl.achievement.AchievementManager
14:47:53.775 [JavaFX Application Thread] DEBUG Engine               - Adding new engine service: class com.almasb.fxgl.cutscene.CutsceneService
14:47:53.775 [JavaFX Application Thread] DEBUG Engine               - Adding new engine service: class com.almasb.fxgl.minigames.MiniGameService
14:47:53.778 [JavaFX Application Thread] DEBUG Engine               - Loading localizations
14:47:53.780 [JavaFX Application Thread] DEBUG AssetLoader          - Loading from file system: /assets/properties/languages/english.properties
14:47:53.782 [JavaFX Application Thread] DEBUG AssetLoader          - Loading from file system: /assets/properties/languages/french.properties
14:47:53.784 [JavaFX Application Thread] DEBUG AssetLoader          - Loading from file system: /assets/properties/languages/german.properties
14:47:53.785 [JavaFX Application Thread] DEBUG AssetLoader          - Loading from file system: /assets/properties/languages/russian.properties
14:47:53.786 [JavaFX Application Thread] DEBUG AssetLoader          - Loading from file system: /assets/properties/languages/hungarian.properties
14:47:53.787 [JavaFX Application Thread] DEBUG Engine               - Registering font factories
14:47:53.788 [JavaFX Application Thread] DEBUG AssetLoader          - Loading from file system: /assets/ui/fonts/VarelaRound-Regular.ttf
14:47:53.938 [JavaFX Application Thread] DEBUG AssetLoader          - Loading from file system: /assets/ui/fonts/Abel-Regular.ttf
14:47:53.942 [JavaFX Application Thread] DEBUG AssetLoader          - Loading from file system: /assets/ui/fonts/lucida_console.ttf
14:47:53.947 [JavaFX Application Thread] DEBUG AssetLoader          - Loading from file system: /assets/ui/fonts/Courier-Prime.ttf
14:47:53.950 [JavaFX Application Thread] DEBUG Engine               - Setting UI factory
14:47:54.036 [JavaFX Application Thread] DEBUG AssetLoader          - Loading from file system: /assets/textures/fxgl_logo.png
14:47:54.090 [JavaFX Application Thread] DEBUG MainWindow           - Creating a JavaFX scene
14:47:54.135 [JavaFX Application Thread] DEBUG MainWindow           - Target settings size: 600.0 x 600.0
14:47:54.136 [JavaFX Application Thread] DEBUG MainWindow           - Scaled scene size:    600.0 x 600.0
14:47:54.136 [JavaFX Application Thread] DEBUG MainWindow           - Scaled ratio: (1.0, 1.0)
14:47:54.137 [JavaFX Application Thread] DEBUG MainWindow           - Set initial scene to FXGLStartupScene
14:47:54.143 [JavaFX Application Thread] DEBUG AssetLoader          - Loading from file system: /assets/textures/fxgl_icon.png
14:47:54.154 [JavaFX Application Thread] DEBUG Engine               - Applying CSS: fxgl_dark.css
14:47:54.155 [JavaFX Application Thread] DEBUG AssetLoader          - Loading from file system: /assets/ui/css/fxgl_dark.css
14:47:54.158 [JavaFX Application Thread] DEBUG AssetLoader          - Loading from file system: /assets/ui/cursors/fxgl_default.png
14:47:54.159 [JavaFX Application Thread] DEBUG MainWindow           - Opening main window
14:47:54.291 [JavaFX Application Thread] DEBUG MainWindow           - Window border size: (16.0, 39.0)
14:47:54.291 [JavaFX Application Thread] DEBUG MainWindow           - Scaled size: 600.0 x 600.0
14:47:54.292 [JavaFX Application Thread] DEBUG MainWindow           - Scaled ratio: (1.0, 1.0)
14:47:54.292 [JavaFX Application Thread] DEBUG MainWindow           - Scene size: 600.0 x 600.0
14:47:54.292 [JavaFX Application Thread] DEBUG MainWindow           - Stage size: 616.0 x 639.0
14:47:54.334 [FXGL Background Thread 1 ] DEBUG FS                   - Loaded FSServiceImpl
14:47:54.335 [FXGL Background Thread 1 ] DEBUG Engine               - Loading FXGL system data
14:47:54.343 [FXGL Background Thread 1 ] DEBUG FSServiceImpl        - Reading from: G:\Desk\Projects\FXGLPlatformer\system\fxgl.bundle
14:47:54.359 [FXGL Background Thread 1 ] DEBUG Engine               - Bundle FXGL: {}
14:47:54.359 [FXGL Background Thread 1 ] DEBUG Engine               - Initializing application scenes
14:47:54.399 [FXGL Background Thread 1 ] DEBUG GameWorld            - Game world initialized
14:47:54.437 [FXGL Background Thread 1 ] DEBUG PhysicsWorld         - Physics world initialized: appHeight=600, physics.ppm=50.0
14:47:54.439 [FXGL Background Thread 1 ] DEBUG GameScene            - Game scene initialized: 600x600
14:47:54.485 [FXGL Background Thread 1 ] DEBUG AssetLoader          - Loading from file system: /assets/textures/particles/trace_horizontal.png
14:47:54.496 [FXGL Background Thread 1 ] DEBUG FXGL.DefaultMenu     - createMenuBodyMainMenu()
14:47:54.510 [FXGL Background Thread 1 ] DEBUG FXGL.DefaultMenu     - createOptionsMenu()
14:47:54.514 [FXGL Background Thread 1 ] DEBUG AssetLoader          - Loading from file system: /assets/textures/particles/smoke.png
14:47:54.565 [FXGL Background Thread 1 ] DEBUG AssetLoader          - Loading from cache: /assets/textures/particles/trace_horizontal.png@64.0x64.0
14:47:54.565 [FXGL Background Thread 1 ] DEBUG FXGL.DefaultMenu     - createMenuBodyGameMenu()
14:47:54.566 [FXGL Background Thread 1 ] DEBUG FXGL.DefaultMenu     - createOptionsMenu()
14:47:54.567 [FXGL Background Thread 1 ] DEBUG AssetLoader          - Loading from cache: /assets/textures/particles/smoke.png@128.0x128.0
14:47:54.591 [FXGL Background Thread 1 ] DEBUG Engine               - Application scenes initialized
14:47:54.594 [JavaFX Application Thread] DEBUG Engine               - Running preInit()
14:47:54.603 [JavaFX Application Thread] DEBUG Input                - Registered new binding: Move Right - D
14:47:54.603 [JavaFX Application Thread] DEBUG Input                - Registered new binding: Move Left - A
14:47:54.603 [JavaFX Application Thread] DEBUG Input                - Registered new binding: Move Down - S
14:47:54.603 [JavaFX Application Thread] DEBUG Input                - Registered new binding: Move Up - W
14:47:54.604 [JavaFX Application Thread] DEBUG Input                - Registered new binding: Screenshot - P
14:47:54.604 [JavaFX Application Thread] DEBUG Input                - Registered new binding: System info dump - CTRL+9
14:47:54.604 [JavaFX Application Thread] DEBUG Input                - Registered new binding: Restart - CTRL+R
14:47:54.604 [JavaFX Application Thread] DEBUG Engine               - generateDefaultProfile()
14:47:54.604 [JavaFX Application Thread] DEBUG Engine               - Creating default profile
14:47:54.604 [JavaFX Application Thread] DEBUG EventBus             - Firing event: SaveEvent
14:47:54.614 [JavaFX Application Thread] INFO  Engine               - FXGL initialization took: 0.836 sec
14:47:54.614 [JavaFX Application Thread] DEBUG LoopRunner           - Starting loop
14:47:54.624 [JavaFX Application Thread] DEBUG FXGLStartupScene     - STARTUP
14:47:54.628 [JavaFX Application Thread] DEBUG Input                - Clearing active input actions
14:47:54.645 [JavaFX Application Thread] DEBUG Engine               - Removing overlay from FXGLStartupScene and adding to FXGLDefaultMenu
14:47:54.645 [JavaFX Application Thread] DEBUG MainWindow           - FXGLStartupScene -> FXGLDefaultMenu
14:47:56.392 [JavaFX Application Thread] DEBUG Engine               - Exiting FXGL
14:47:56.392 [JavaFX Application Thread] DEBUG Engine               - Shutting down background threads
14:47:56.392 [JavaFX Application Thread] DEBUG Engine               - Saving FXGL system data
14:47:56.394 [JavaFX Application Thread] DEBUG FSServiceImpl        - Writing to: G:\Desk\Projects\FXGLPlatformer\system\fxgl.bundle
14:47:56.396 [JavaFX Application Thread] DEBUG Engine               - Closing logger and exiting JavaFX
