14:47:39.935 [main                     ] DEBUG GameApplication      - Logger initialized
14:47:39.951 [main                     ] DEBUG GameApplication      - Logging settings
Title: Jump-Demo
Version: 0.1
Width: 600
Height: 600
Fullscreen: false
Intro: false
Menus: true
Profiling: false
Single step:false
App Mode: DEVELOPER
Menu Key: ESCAPE
Stage Style: DECORATED
Scene Factory: class com.almasb.fxgl.app.SceneFactory
Dialog Factory: class com.almasb.fxgl.ui.FXGLDialogFactory
UI Factory: class com.almasb.fxgl.ui.FXGLUIFactory

14:47:40.539 [JavaFX Application Thread] DEBUG Engine               - Initializing FXGL
14:47:40.539 [JavaFX Application Thread] INFO  Engine               - FXGL-11.7 (05.01.2020 09.37) on WINDOWS (J:11.0.5 FX:12.0.1)
14:47:40.539 [JavaFX Application Thread] INFO  Engine               - Source code and latest versions at: https://github.com/AlmasB/FXGL
14:47:40.539 [JavaFX Application Thread] INFO  Engine               -              Join the FXGL chat at: https://gitter.im/AlmasB/FXGL
14:47:40.540 [JavaFX Application Thread] DEBUG Engine               - Initializing environment variables
14:47:40.542 [JavaFX Application Thread] DEBUG Engine               - Logging environment variables
14:47:40.542 [JavaFX Application Thread] DEBUG Engine               - achievements: []
14:47:40.542 [JavaFX Application Thread] DEBUG Engine               - sceneStack: com.almasb.fxgl.app.Engine@68c28f39
14:47:40.542 [JavaFX Application Thread] DEBUG Engine               - language: ObjectProperty [value: ENGLISH]
14:47:40.542 [JavaFX Application Thread] DEBUG Engine               - isCloseConfirmation: false
14:47:40.543 [JavaFX Application Thread] DEBUG Engine               - isProfilingEnabled: false
14:47:40.543 [JavaFX Application Thread] DEBUG Engine               - soundNotification: core/notification.wav
14:47:40.543 [JavaFX Application Thread] DEBUG Engine               - devShowBBoxProperty: BooleanProperty [value: false]
14:47:40.544 [JavaFX Application Thread] DEBUG Engine               - pixelsPerMeter: 50.0
14:47:40.544 [JavaFX Application Thread] DEBUG Engine               - overlayRoot: Group@6d048581
14:47:40.544 [JavaFX Application Thread] DEBUG Engine               - soundMenuBack: menu/back.wav
14:47:40.544 [JavaFX Application Thread] DEBUG Engine               - appIcon: fxgl_icon.png
14:47:40.544 [JavaFX Application Thread] DEBUG Engine               - isFullScreenAllowed: false
14:47:40.545 [JavaFX Application Thread] DEBUG Engine               - isIntroEnabled: false
14:47:40.545 [JavaFX Application Thread] DEBUG Engine               - eventBus: com.almasb.fxgl.event.EventBus@427dfa08
14:47:40.545 [JavaFX Application Thread] DEBUG Engine               - fontMono: lucida_console.ttf
14:47:40.545 [JavaFX Application Thread] DEBUG Engine               - soundMenuSelect: menu/select.wav
14:47:40.545 [JavaFX Application Thread] DEBUG Engine               - isWindows: true
14:47:40.545 [JavaFX Application Thread] DEBUG Engine               - isMobile: false
14:47:40.545 [JavaFX Application Thread] DEBUG Engine               - height: 600
14:47:40.545 [JavaFX Application Thread] DEBUG Engine               - isExperimentalNative: false
14:47:40.545 [JavaFX Application Thread] DEBUG Engine               - isSingleStep: false
14:47:40.546 [JavaFX Application Thread] DEBUG Engine               - cSSList: [fxgl_dark.css]
14:47:40.546 [JavaFX Application Thread] DEBUG Engine               - fontGame: Abel-Regular.ttf
14:47:40.546 [JavaFX Application Thread] DEBUG Engine               - menuKey: ESCAPE
14:47:40.546 [JavaFX Application Thread] DEBUG Engine               - devShowPositionProperty: BooleanProperty [value: false]
14:47:40.546 [JavaFX Application Thread] DEBUG Engine               - versionCheckDays: 7
14:47:40.546 [JavaFX Application Thread] DEBUG Engine               - masterTimer: com.almasb.fxgl.time.Timer@3eba1e39
14:47:40.546 [JavaFX Application Thread] DEBUG Engine               - configClass: Optional.empty
14:47:40.546 [JavaFX Application Thread] DEBUG Engine               - isFullScreenFromStart: false
14:47:40.546 [JavaFX Application Thread] DEBUG Engine               - version: 0.1
14:47:40.546 [JavaFX Application Thread] DEBUG Engine               - fullScreen: BooleanProperty [value: false]
14:47:40.546 [JavaFX Application Thread] DEBUG Engine               - randomSeed: -1
14:47:40.547 [JavaFX Application Thread] DEBUG Engine               - dialogFactory: com.almasb.fxgl.ui.FXGLDialogFactory@43f07eaf
14:47:40.547 [JavaFX Application Thread] DEBUG Engine               - applicationMode: DEVELOPER
14:47:40.547 [JavaFX Application Thread] DEBUG Engine               - isMac: false
14:47:40.547 [JavaFX Application Thread] DEBUG Engine               - urlGoogleForms: https://goo.gl/forms/6wrMnOBxTE1fEpOy2
14:47:40.547 [JavaFX Application Thread] DEBUG Engine               - isMenuEnabled: true
14:47:40.547 [JavaFX Application Thread] DEBUG Engine               - urlPOM: https://raw.githubusercontent.com/AlmasB/FXGL/master/pom.xml
14:47:40.547 [JavaFX Application Thread] DEBUG Engine               - profileName: user.profile
14:47:40.547 [JavaFX Application Thread] DEBUG Engine               - notificationViewClass: class com.almasb.fxgl.notification.view.XboxNotificationView
14:47:40.547 [JavaFX Application Thread] DEBUG Engine               - devSensorColorProperty: ObjectProperty [value: 0xffff00ff]
14:47:40.548 [JavaFX Application Thread] DEBUG Engine               - sceneFactory: com.almasb.fxgl.app.SceneFactory@a11c3dd
14:47:40.548 [JavaFX Application Thread] DEBUG Engine               - dataFileExt: .dat
14:47:40.548 [JavaFX Application Thread] DEBUG Engine               - stageStyle: DECORATED
14:47:40.548 [JavaFX Application Thread] DEBUG Engine               - isManualResizeEnabled: false
14:47:40.548 [JavaFX Application Thread] DEBUG Engine               - title: Jump-Demo
14:47:40.548 [JavaFX Application Thread] DEBUG Engine               - platform: WINDOWS
14:47:40.548 [JavaFX Application Thread] DEBUG Engine               - devBBoxColorProperty: ObjectProperty [value: 0xff0000ff]
14:47:40.548 [JavaFX Application Thread] DEBUG Engine               - isDesktop: true
14:47:40.548 [JavaFX Application Thread] DEBUG Engine               - globalMusicVolumeProperty: DoubleProperty [value: 0.5]
14:47:40.548 [JavaFX Application Thread] DEBUG Engine               - credits: []
14:47:40.548 [JavaFX Application Thread] DEBUG Engine               - isPreserveResizeRatio: false
14:47:40.548 [JavaFX Application Thread] DEBUG Engine               - uIFactory: com.almasb.fxgl.ui.FXGLUIFactory@2791d52d
14:47:40.549 [JavaFX Application Thread] DEBUG Engine               - fontText: Courier-Prime.ttf
14:47:40.549 [JavaFX Application Thread] DEBUG Engine               - isExperimentalTiledLargeMap: false
14:47:40.549 [JavaFX Application Thread] DEBUG Engine               - secondsIn24h: 60
14:47:40.549 [JavaFX Application Thread] DEBUG Engine               - runtimeInfo: RuntimeInfo(platform=WINDOWS, version=11.7, build=05.01.2020 09.37)
14:47:40.549 [JavaFX Application Thread] DEBUG Engine               - isLinux: false
14:47:40.549 [JavaFX Application Thread] DEBUG Engine               - soundMenuPress: menu/press.wav
14:47:40.549 [JavaFX Application Thread] DEBUG Engine               - urlGithub: https://github.com/AlmasB/FXGL
14:47:40.549 [JavaFX Application Thread] DEBUG Engine               - profileDir: profiles/
14:47:40.549 [JavaFX Application Thread] DEBUG Engine               - isDeveloperMenuEnabled: false
14:47:40.549 [JavaFX Application Thread] DEBUG Engine               - globalSoundVolumeProperty: DoubleProperty [value: 0.5]
14:47:40.549 [JavaFX Application Thread] DEBUG Engine               - isBrowser: false
14:47:40.549 [JavaFX Application Thread] DEBUG Engine               - globalSoundVolume: 0.5
14:47:40.549 [JavaFX Application Thread] DEBUG Engine               - urlLeaderboard: http://fxgl-top.herokuapp.com/
14:47:40.549 [JavaFX Application Thread] DEBUG Engine               - saveDir: saves/
14:47:40.550 [JavaFX Application Thread] DEBUG Engine               - engineServices: [class com.almasb.fxgl.audio.AudioPlayer, class com.almasb.fxgl.notification.impl.NotificationServiceProvider, class com.almasb.fxgl.achievement.AchievementManager, class com.almasb.fxgl.cutscene.CutsceneService, class com.almasb.fxgl.minigames.MiniGameService]
14:47:40.550 [JavaFX Application Thread] DEBUG Engine               - globalMusicVolume: 0.5
14:47:40.550 [JavaFX Application Thread] DEBUG Engine               - width: 600
14:47:40.550 [JavaFX Application Thread] DEBUG Engine               - saveFileExt: .sav
14:47:40.550 [JavaFX Application Thread] DEBUG Engine               - isAndroid: false
14:47:40.550 [JavaFX Application Thread] DEBUG Engine               - fontUI: VarelaRound-Regular.ttf
14:47:40.550 [JavaFX Application Thread] DEBUG Engine               - enabledMenuItems: []
14:47:40.550 [JavaFX Application Thread] DEBUG Engine               - isIOS: false
14:47:40.552 [JavaFX Application Thread] DEBUG Engine               - Adding new engine service: class com.almasb.fxgl.audio.AudioPlayer
14:47:40.553 [JavaFX Application Thread] DEBUG Engine               - Adding new engine service: class com.almasb.fxgl.notification.impl.NotificationServiceProvider
14:47:40.553 [JavaFX Application Thread] DEBUG Engine               - Adding new engine service: class com.almasb.fxgl.achievement.AchievementManager
14:47:40.554 [JavaFX Application Thread] DEBUG Engine               - Adding new engine service: class com.almasb.fxgl.cutscene.CutsceneService
14:47:40.554 [JavaFX Application Thread] DEBUG Engine               - Adding new engine service: class com.almasb.fxgl.minigames.MiniGameService
14:47:40.557 [JavaFX Application Thread] DEBUG Engine               - Loading localizations
14:47:40.558 [JavaFX Application Thread] DEBUG AssetLoader          - Loading from file system: /assets/properties/languages/english.properties
14:47:40.561 [JavaFX Application Thread] DEBUG AssetLoader          - Loading from file system: /assets/properties/languages/french.properties
14:47:40.562 [JavaFX Application Thread] DEBUG AssetLoader          - Loading from file system: /assets/properties/languages/german.properties
14:47:40.563 [JavaFX Application Thread] DEBUG AssetLoader          - Loading from file system: /assets/properties/languages/russian.properties
14:47:40.564 [JavaFX Application Thread] DEBUG AssetLoader          - Loading from file system: /assets/properties/languages/hungarian.properties
14:47:40.566 [JavaFX Application Thread] DEBUG Engine               - Registering font factories
14:47:40.567 [JavaFX Application Thread] DEBUG AssetLoader          - Loading from file system: /assets/ui/fonts/VarelaRound-Regular.ttf
14:47:40.718 [JavaFX Application Thread] DEBUG AssetLoader          - Loading from file system: /assets/ui/fonts/Abel-Regular.ttf
14:47:40.722 [JavaFX Application Thread] DEBUG AssetLoader          - Loading from file system: /assets/ui/fonts/lucida_console.ttf
14:47:40.727 [JavaFX Application Thread] DEBUG AssetLoader          - Loading from file system: /assets/ui/fonts/Courier-Prime.ttf
14:47:40.731 [JavaFX Application Thread] DEBUG Engine               - Setting UI factory
14:47:40.818 [JavaFX Application Thread] DEBUG AssetLoader          - Loading from file system: /assets/textures/fxgl_logo.png
14:47:40.871 [JavaFX Application Thread] DEBUG MainWindow           - Creating a JavaFX scene
14:47:40.922 [JavaFX Application Thread] DEBUG MainWindow           - Target settings size: 600.0 x 600.0
14:47:40.922 [JavaFX Application Thread] DEBUG MainWindow           - Scaled scene size:    600.0 x 600.0
14:47:40.922 [JavaFX Application Thread] DEBUG MainWindow           - Scaled ratio: (1.0, 1.0)
14:47:40.923 [JavaFX Application Thread] DEBUG MainWindow           - Set initial scene to FXGLStartupScene
14:47:40.930 [JavaFX Application Thread] DEBUG AssetLoader          - Loading from file system: /assets/textures/fxgl_icon.png
14:47:40.942 [JavaFX Application Thread] DEBUG Engine               - Applying CSS: fxgl_dark.css
14:47:40.942 [JavaFX Application Thread] DEBUG AssetLoader          - Loading from file system: /assets/ui/css/fxgl_dark.css
14:47:40.945 [JavaFX Application Thread] DEBUG AssetLoader          - Loading from file system: /assets/ui/cursors/fxgl_default.png
14:47:40.946 [JavaFX Application Thread] DEBUG MainWindow           - Opening main window
14:47:41.108 [JavaFX Application Thread] DEBUG MainWindow           - Window border size: (16.0, 39.0)
14:47:41.108 [JavaFX Application Thread] DEBUG MainWindow           - Scaled size: 600.0 x 600.0
14:47:41.108 [JavaFX Application Thread] DEBUG MainWindow           - Scaled ratio: (1.0, 1.0)
14:47:41.108 [JavaFX Application Thread] DEBUG MainWindow           - Scene size: 600.0 x 600.0
14:47:41.109 [JavaFX Application Thread] DEBUG MainWindow           - Stage size: 616.0 x 639.0
14:47:41.159 [FXGL Background Thread 1 ] DEBUG FS                   - Loaded FSServiceImpl
14:47:41.159 [FXGL Background Thread 1 ] DEBUG Engine               - Loading FXGL system data
14:47:41.166 [FXGL Background Thread 1 ] DEBUG FSServiceImpl        - Reading from: G:\Desk\Projects\FXGLPlatformer\system\fxgl.bundle
14:47:41.185 [FXGL Background Thread 1 ] DEBUG Engine               - Bundle FXGL: {}
14:47:41.185 [FXGL Background Thread 1 ] DEBUG Engine               - Initializing application scenes
14:47:41.216 [FXGL Background Thread 1 ] DEBUG GameWorld            - Game world initialized
14:47:41.265 [FXGL Background Thread 1 ] DEBUG PhysicsWorld         - Physics world initialized: appHeight=600, physics.ppm=50.0
14:47:41.267 [FXGL Background Thread 1 ] DEBUG GameScene            - Game scene initialized: 600x600
14:47:41.308 [FXGL Background Thread 1 ] DEBUG AssetLoader          - Loading from file system: /assets/textures/particles/trace_horizontal.png
14:47:41.318 [FXGL Background Thread 1 ] DEBUG FXGL.DefaultMenu     - createMenuBodyMainMenu()
14:47:41.331 [FXGL Background Thread 1 ] DEBUG FXGL.DefaultMenu     - createOptionsMenu()
14:47:41.334 [FXGL Background Thread 1 ] DEBUG AssetLoader          - Loading from file system: /assets/textures/particles/smoke.png
14:47:41.376 [FXGL Background Thread 1 ] DEBUG AssetLoader          - Loading from cache: /assets/textures/particles/trace_horizontal.png@64.0x64.0
14:47:41.376 [FXGL Background Thread 1 ] DEBUG FXGL.DefaultMenu     - createMenuBodyGameMenu()
14:47:41.378 [FXGL Background Thread 1 ] DEBUG FXGL.DefaultMenu     - createOptionsMenu()
14:47:41.380 [FXGL Background Thread 1 ] DEBUG AssetLoader          - Loading from cache: /assets/textures/particles/smoke.png@128.0x128.0
14:47:41.395 [FXGL Background Thread 1 ] DEBUG Engine               - Application scenes initialized
14:47:41.398 [JavaFX Application Thread] DEBUG Engine               - Running preInit()
14:47:41.405 [JavaFX Application Thread] DEBUG Input                - Registered new binding: Move Right - D
14:47:41.406 [JavaFX Application Thread] DEBUG Input                - Registered new binding: Move Left - A
14:47:41.406 [JavaFX Application Thread] DEBUG Input                - Registered new binding: Move Down - S
14:47:41.406 [JavaFX Application Thread] DEBUG Input                - Registered new binding: Move Up - W
14:47:41.407 [JavaFX Application Thread] DEBUG Input                - Registered new binding: Screenshot - P
14:47:41.407 [JavaFX Application Thread] DEBUG Input                - Registered new binding: System info dump - CTRL+9
14:47:41.407 [JavaFX Application Thread] DEBUG Input                - Registered new binding: Restart - CTRL+R
14:47:41.407 [JavaFX Application Thread] DEBUG Engine               - generateDefaultProfile()
14:47:41.407 [JavaFX Application Thread] DEBUG Engine               - Creating default profile
14:47:41.407 [JavaFX Application Thread] DEBUG EventBus             - Firing event: SaveEvent
14:47:41.417 [JavaFX Application Thread] INFO  Engine               - FXGL initialization took: 0.860 sec
14:47:41.417 [JavaFX Application Thread] DEBUG LoopRunner           - Starting loop
14:47:41.431 [JavaFX Application Thread] DEBUG FXGLStartupScene     - STARTUP
14:47:41.435 [JavaFX Application Thread] DEBUG Input                - Clearing active input actions
14:47:41.452 [JavaFX Application Thread] DEBUG Engine               - Removing overlay from FXGLStartupScene and adding to FXGLDefaultMenu
14:47:41.452 [JavaFX Application Thread] DEBUG MainWindow           - FXGLStartupScene -> FXGLDefaultMenu
14:47:43.645 [JavaFX Application Thread] DEBUG Menu                 - fireNewGame()
14:47:43.645 [JavaFX Application Thread] DEBUG Engine               - Starting new game
14:47:43.650 [JavaFX Application Thread] DEBUG Input                - Clearing active input actions
14:47:43.651 [FXGL Background Thread 1 ] DEBUG InitAppTask          - Clearing previous game
14:47:43.651 [FXGL Background Thread 1 ] DEBUG GameWorld            - Clearing game world
14:47:43.651 [FXGL Background Thread 1 ] DEBUG PhysicsWorld         - Clearing physics world
14:47:43.651 [FXGL Background Thread 1 ] DEBUG GameScene            - Clearing game scene
14:47:43.651 [FXGL Background Thread 1 ] DEBUG InitAppTask          - Initializing Game
14:47:43.655 [FXGL Background Thread 1 ] DEBUG InitAppTask          - Initializing Physics
14:47:43.655 [FXGL Background Thread 1 ] DEBUG InitAppTask          - Initializing UI
14:47:43.656 [FXGL Background Thread 1 ] DEBUG InitAppTask          - Initialization Complete
14:47:43.656 [FXGL Background Thread 1 ] INFO  InitAppTask          - Game initialization took: 0.006 sec
14:47:43.657 [JavaFX Application Thread] DEBUG Engine               - Removing overlay from FXGLDefaultMenu and adding to LoadingScene
14:47:43.657 [JavaFX Application Thread] DEBUG MainWindow           - FXGLDefaultMenu -> LoadingScene
14:47:43.682 [JavaFX Application Thread] DEBUG Input                - Clearing active input actions
14:47:43.687 [JavaFX Application Thread] DEBUG Engine               - Removing overlay from LoadingScene and adding to GameScene
14:47:43.687 [JavaFX Application Thread] DEBUG MainWindow           - LoadingScene -> GameScene
14:47:49.850 [JavaFX Application Thread] DEBUG Engine               - Exiting FXGL
14:47:49.851 [JavaFX Application Thread] DEBUG Engine               - Shutting down background threads
14:47:49.851 [JavaFX Application Thread] DEBUG Engine               - Saving FXGL system data
14:47:49.854 [JavaFX Application Thread] DEBUG FSServiceImpl        - Writing to: G:\Desk\Projects\FXGLPlatformer\system\fxgl.bundle
14:47:49.856 [JavaFX Application Thread] DEBUG Engine               - Closing logger and exiting JavaFX
