03:17:11.235 [main                     ] DEBUG GameApplication      - Logger initialized
03:17:11.254 [main                     ] DEBUG GameApplication      - Logging settings
Title: JumpToBeat-Demo
Version: 0.1
Width: 1050
Height: 700
Fullscreen: false
Intro: false
Menus: true
Profiling: false
Single step:false
App Mode: DEVELOPER
Menu Key: ESCAPE
Stage Style: DECORATED
Scene Factory: class com.almasb.fxgl.app.SceneFactory
Dialog Factory: class com.almasb.fxgl.ui.FXGLDialogFactory
UI Factory: class com.almasb.fxgl.ui.FXGLUIFactory

03:17:11.798 [JavaFX Application Thread] DEBUG Engine               - Initializing FXGL
03:17:11.799 [JavaFX Application Thread] INFO  Engine               - FXGL-11.7 (05.01.2020 09.37) on WINDOWS (J:11.0.5 FX:12.0.1)
03:17:11.799 [JavaFX Application Thread] INFO  Engine               - Source code and latest versions at: https://github.com/AlmasB/FXGL
03:17:11.799 [JavaFX Application Thread] INFO  Engine               -              Join the FXGL chat at: https://gitter.im/AlmasB/FXGL
03:17:11.799 [JavaFX Application Thread] DEBUG Engine               - Initializing environment variables
03:17:11.802 [JavaFX Application Thread] DEBUG Engine               - Logging environment variables
03:17:11.802 [JavaFX Application Thread] DEBUG Engine               - achievements: []
03:17:11.802 [JavaFX Application Thread] DEBUG Engine               - sceneStack: com.almasb.fxgl.app.Engine@5f0ae18a
03:17:11.802 [JavaFX Application Thread] DEBUG Engine               - language: ObjectProperty [value: ENGLISH]
03:17:11.802 [JavaFX Application Thread] DEBUG Engine               - isCloseConfirmation: false
03:17:11.803 [JavaFX Application Thread] DEBUG Engine               - isProfilingEnabled: false
03:17:11.803 [JavaFX Application Thread] DEBUG Engine               - soundNotification: core/notification.wav
03:17:11.803 [JavaFX Application Thread] DEBUG Engine               - devShowBBoxProperty: BooleanProperty [value: false]
03:17:11.804 [JavaFX Application Thread] DEBUG Engine               - pixelsPerMeter: 50.0
03:17:11.804 [JavaFX Application Thread] DEBUG Engine               - overlayRoot: Group@5a7d05d1
03:17:11.804 [JavaFX Application Thread] DEBUG Engine               - soundMenuBack: menu/back.wav
03:17:11.804 [JavaFX Application Thread] DEBUG Engine               - appIcon: fxgl_icon.png
03:17:11.804 [JavaFX Application Thread] DEBUG Engine               - isFullScreenAllowed: false
03:17:11.804 [JavaFX Application Thread] DEBUG Engine               - isIntroEnabled: false
03:17:11.805 [JavaFX Application Thread] DEBUG Engine               - eventBus: com.almasb.fxgl.event.EventBus@4321fe7a
03:17:11.805 [JavaFX Application Thread] DEBUG Engine               - fontMono: lucida_console.ttf
03:17:11.805 [JavaFX Application Thread] DEBUG Engine               - soundMenuSelect: menu/select.wav
03:17:11.805 [JavaFX Application Thread] DEBUG Engine               - isWindows: true
03:17:11.805 [JavaFX Application Thread] DEBUG Engine               - isMobile: false
03:17:11.805 [JavaFX Application Thread] DEBUG Engine               - height: 700
03:17:11.805 [JavaFX Application Thread] DEBUG Engine               - isExperimentalNative: false
03:17:11.805 [JavaFX Application Thread] DEBUG Engine               - isSingleStep: false
03:17:11.805 [JavaFX Application Thread] DEBUG Engine               - cSSList: [fxgl_dark.css]
03:17:11.805 [JavaFX Application Thread] DEBUG Engine               - fontGame: Abel-Regular.ttf
03:17:11.806 [JavaFX Application Thread] DEBUG Engine               - menuKey: ESCAPE
03:17:11.806 [JavaFX Application Thread] DEBUG Engine               - devShowPositionProperty: BooleanProperty [value: false]
03:17:11.806 [JavaFX Application Thread] DEBUG Engine               - versionCheckDays: 7
03:17:11.806 [JavaFX Application Thread] DEBUG Engine               - masterTimer: com.almasb.fxgl.time.Timer@4b2f4125
03:17:11.806 [JavaFX Application Thread] DEBUG Engine               - configClass: Optional.empty
03:17:11.806 [JavaFX Application Thread] DEBUG Engine               - isFullScreenFromStart: false
03:17:11.806 [JavaFX Application Thread] DEBUG Engine               - version: 0.1
03:17:11.806 [JavaFX Application Thread] DEBUG Engine               - fullScreen: BooleanProperty [value: false]
03:17:11.806 [JavaFX Application Thread] DEBUG Engine               - randomSeed: -1
03:17:11.806 [JavaFX Application Thread] DEBUG Engine               - dialogFactory: com.almasb.fxgl.ui.FXGLDialogFactory@64ab5e75
03:17:11.806 [JavaFX Application Thread] DEBUG Engine               - applicationMode: DEVELOPER
03:17:11.807 [JavaFX Application Thread] DEBUG Engine               - isMac: false
03:17:11.807 [JavaFX Application Thread] DEBUG Engine               - urlGoogleForms: https://goo.gl/forms/6wrMnOBxTE1fEpOy2
03:17:11.807 [JavaFX Application Thread] DEBUG Engine               - isMenuEnabled: true
03:17:11.807 [JavaFX Application Thread] DEBUG Engine               - urlPOM: https://raw.githubusercontent.com/AlmasB/FXGL/master/pom.xml
03:17:11.807 [JavaFX Application Thread] DEBUG Engine               - profileName: user.profile
03:17:11.807 [JavaFX Application Thread] DEBUG Engine               - notificationViewClass: class com.almasb.fxgl.notification.view.XboxNotificationView
03:17:11.807 [JavaFX Application Thread] DEBUG Engine               - devSensorColorProperty: ObjectProperty [value: 0xffff00ff]
03:17:11.807 [JavaFX Application Thread] DEBUG Engine               - sceneFactory: com.almasb.fxgl.app.SceneFactory@564a9cbc
03:17:11.807 [JavaFX Application Thread] DEBUG Engine               - dataFileExt: .dat
03:17:11.807 [JavaFX Application Thread] DEBUG Engine               - stageStyle: DECORATED
03:17:11.808 [JavaFX Application Thread] DEBUG Engine               - isManualResizeEnabled: false
03:17:11.808 [JavaFX Application Thread] DEBUG Engine               - title: JumpToBeat-Demo
03:17:11.808 [JavaFX Application Thread] DEBUG Engine               - platform: WINDOWS
03:17:11.808 [JavaFX Application Thread] DEBUG Engine               - devBBoxColorProperty: ObjectProperty [value: 0xff0000ff]
03:17:11.808 [JavaFX Application Thread] DEBUG Engine               - isDesktop: true
03:17:11.808 [JavaFX Application Thread] DEBUG Engine               - globalMusicVolumeProperty: DoubleProperty [value: 0.5]
03:17:11.808 [JavaFX Application Thread] DEBUG Engine               - credits: []
03:17:11.808 [JavaFX Application Thread] DEBUG Engine               - isPreserveResizeRatio: false
03:17:11.808 [JavaFX Application Thread] DEBUG Engine               - uIFactory: com.almasb.fxgl.ui.FXGLUIFactory@1ad46a21
03:17:11.808 [JavaFX Application Thread] DEBUG Engine               - fontText: Courier-Prime.ttf
03:17:11.808 [JavaFX Application Thread] DEBUG Engine               - isExperimentalTiledLargeMap: false
03:17:11.809 [JavaFX Application Thread] DEBUG Engine               - secondsIn24h: 60
03:17:11.809 [JavaFX Application Thread] DEBUG Engine               - runtimeInfo: RuntimeInfo(platform=WINDOWS, version=11.7, build=05.01.2020 09.37)
03:17:11.809 [JavaFX Application Thread] DEBUG Engine               - isLinux: false
03:17:11.809 [JavaFX Application Thread] DEBUG Engine               - soundMenuPress: menu/press.wav
03:17:11.809 [JavaFX Application Thread] DEBUG Engine               - urlGithub: https://github.com/AlmasB/FXGL
03:17:11.809 [JavaFX Application Thread] DEBUG Engine               - profileDir: profiles/
03:17:11.809 [JavaFX Application Thread] DEBUG Engine               - isDeveloperMenuEnabled: false
03:17:11.809 [JavaFX Application Thread] DEBUG Engine               - globalSoundVolumeProperty: DoubleProperty [value: 0.5]
03:17:11.809 [JavaFX Application Thread] DEBUG Engine               - isBrowser: false
03:17:11.809 [JavaFX Application Thread] DEBUG Engine               - globalSoundVolume: 0.5
03:17:11.809 [JavaFX Application Thread] DEBUG Engine               - urlLeaderboard: http://fxgl-top.herokuapp.com/
03:17:11.809 [JavaFX Application Thread] DEBUG Engine               - saveDir: saves/
03:17:11.809 [JavaFX Application Thread] DEBUG Engine               - engineServices: [class com.almasb.fxgl.audio.AudioPlayer, class com.almasb.fxgl.notification.impl.NotificationServiceProvider, class com.almasb.fxgl.achievement.AchievementManager, class com.almasb.fxgl.cutscene.CutsceneService, class com.almasb.fxgl.minigames.MiniGameService]
03:17:11.810 [JavaFX Application Thread] DEBUG Engine               - globalMusicVolume: 0.5
03:17:11.810 [JavaFX Application Thread] DEBUG Engine               - width: 1050
03:17:11.810 [JavaFX Application Thread] DEBUG Engine               - saveFileExt: .sav
03:17:11.810 [JavaFX Application Thread] DEBUG Engine               - isAndroid: false
03:17:11.810 [JavaFX Application Thread] DEBUG Engine               - fontUI: VarelaRound-Regular.ttf
03:17:11.810 [JavaFX Application Thread] DEBUG Engine               - enabledMenuItems: []
03:17:11.810 [JavaFX Application Thread] DEBUG Engine               - isIOS: false
03:17:11.813 [JavaFX Application Thread] DEBUG Engine               - Adding new engine service: class com.almasb.fxgl.audio.AudioPlayer
03:17:11.814 [JavaFX Application Thread] DEBUG Engine               - Adding new engine service: class com.almasb.fxgl.notification.impl.NotificationServiceProvider
03:17:11.814 [JavaFX Application Thread] DEBUG Engine               - Adding new engine service: class com.almasb.fxgl.achievement.AchievementManager
03:17:11.815 [JavaFX Application Thread] DEBUG Engine               - Adding new engine service: class com.almasb.fxgl.cutscene.CutsceneService
03:17:11.815 [JavaFX Application Thread] DEBUG Engine               - Adding new engine service: class com.almasb.fxgl.minigames.MiniGameService
03:17:11.818 [JavaFX Application Thread] DEBUG Engine               - Loading localizations
03:17:11.820 [JavaFX Application Thread] DEBUG AssetLoader          - Loading from file system: /assets/properties/languages/english.properties
03:17:11.822 [JavaFX Application Thread] DEBUG AssetLoader          - Loading from file system: /assets/properties/languages/french.properties
03:17:11.824 [JavaFX Application Thread] DEBUG AssetLoader          - Loading from file system: /assets/properties/languages/german.properties
03:17:11.825 [JavaFX Application Thread] DEBUG AssetLoader          - Loading from file system: /assets/properties/languages/russian.properties
03:17:11.826 [JavaFX Application Thread] DEBUG AssetLoader          - Loading from file system: /assets/properties/languages/hungarian.properties
03:17:11.829 [JavaFX Application Thread] DEBUG Engine               - Registering font factories
03:17:11.830 [JavaFX Application Thread] DEBUG AssetLoader          - Loading from file system: /assets/ui/fonts/VarelaRound-Regular.ttf
03:17:11.974 [JavaFX Application Thread] DEBUG AssetLoader          - Loading from file system: /assets/ui/fonts/Abel-Regular.ttf
03:17:11.977 [JavaFX Application Thread] DEBUG AssetLoader          - Loading from file system: /assets/ui/fonts/lucida_console.ttf
03:17:11.982 [JavaFX Application Thread] DEBUG AssetLoader          - Loading from file system: /assets/ui/fonts/Courier-Prime.ttf
03:17:11.986 [JavaFX Application Thread] DEBUG Engine               - Setting UI factory
03:17:12.075 [JavaFX Application Thread] DEBUG AssetLoader          - Loading from file system: /assets/textures/fxgl_logo.png
03:17:12.146 [JavaFX Application Thread] DEBUG MainWindow           - Creating a JavaFX scene
03:17:12.200 [JavaFX Application Thread] DEBUG MainWindow           - Target settings size: 1050.0 x 700.0
03:17:12.201 [JavaFX Application Thread] DEBUG MainWindow           - Scaled scene size:    1050.0 x 700.0
03:17:12.201 [JavaFX Application Thread] DEBUG MainWindow           - Scaled ratio: (1.0, 1.0)
03:17:12.203 [JavaFX Application Thread] DEBUG MainWindow           - Set initial scene to FXGLStartupScene
03:17:12.214 [JavaFX Application Thread] DEBUG AssetLoader          - Loading from file system: /assets/textures/fxgl_icon.png
03:17:12.230 [JavaFX Application Thread] DEBUG Engine               - Applying CSS: fxgl_dark.css
03:17:12.231 [JavaFX Application Thread] DEBUG AssetLoader          - Loading from file system: /assets/ui/css/fxgl_dark.css
03:17:12.235 [JavaFX Application Thread] DEBUG AssetLoader          - Loading from file system: /assets/ui/cursors/fxgl_default.png
03:17:12.237 [JavaFX Application Thread] DEBUG MainWindow           - Opening main window
03:17:12.414 [JavaFX Application Thread] DEBUG MainWindow           - Window border size: (16.0, 39.0)
03:17:12.414 [JavaFX Application Thread] DEBUG MainWindow           - Scaled size: 1050.0 x 700.0
03:17:12.414 [JavaFX Application Thread] DEBUG MainWindow           - Scaled ratio: (1.0, 1.0)
03:17:12.414 [JavaFX Application Thread] DEBUG MainWindow           - Scene size: 1050.0 x 700.0
03:17:12.414 [JavaFX Application Thread] DEBUG MainWindow           - Stage size: 1066.0 x 739.0
03:17:12.435 [FXGL Background Thread 1 ] DEBUG FS                   - Loaded FSServiceImpl
03:17:12.436 [FXGL Background Thread 1 ] DEBUG Engine               - Loading FXGL system data
03:17:12.440 [FXGL Background Thread 1 ] DEBUG FSServiceImpl        - Reading from: G:\Desk\Projects\FXGLPlatformer\system\fxgl.bundle
03:17:12.455 [FXGL Background Thread 1 ] DEBUG Engine               - Bundle FXGL: {}
03:17:12.456 [FXGL Background Thread 1 ] DEBUG Engine               - Initializing application scenes
03:17:12.491 [FXGL Background Thread 1 ] DEBUG GameWorld            - Game world initialized
03:17:12.536 [FXGL Background Thread 1 ] DEBUG PhysicsWorld         - Physics world initialized: appHeight=700, physics.ppm=50.0
03:17:12.538 [FXGL Background Thread 1 ] DEBUG GameScene            - Game scene initialized: 1050x700
03:17:12.585 [FXGL Background Thread 1 ] DEBUG AssetLoader          - Loading from file system: /assets/textures/particles/trace_horizontal.png
03:17:12.605 [FXGL Background Thread 1 ] DEBUG FXGL.DefaultMenu     - createMenuBodyMainMenu()
03:17:12.619 [FXGL Background Thread 1 ] DEBUG FXGL.DefaultMenu     - createOptionsMenu()
03:17:12.623 [FXGL Background Thread 1 ] DEBUG AssetLoader          - Loading from file system: /assets/textures/particles/smoke.png
03:17:12.697 [FXGL Background Thread 1 ] DEBUG AssetLoader          - Loading from cache: /assets/textures/particles/trace_horizontal.png@64.0x64.0
03:17:12.698 [FXGL Background Thread 1 ] DEBUG FXGL.DefaultMenu     - createMenuBodyGameMenu()
03:17:12.703 [FXGL Background Thread 1 ] DEBUG FXGL.DefaultMenu     - createOptionsMenu()
03:17:12.706 [FXGL Background Thread 1 ] DEBUG AssetLoader          - Loading from cache: /assets/textures/particles/smoke.png@128.0x128.0
03:17:12.720 [FXGL Background Thread 1 ] DEBUG Engine               - Application scenes initialized
03:17:12.723 [JavaFX Application Thread] DEBUG Engine               - Running preInit()
03:17:12.732 [JavaFX Application Thread] DEBUG Input                - Registered new binding: Right - D
03:17:12.732 [JavaFX Application Thread] DEBUG Input                - Registered new binding: Left - A
03:17:12.732 [JavaFX Application Thread] DEBUG Input                - Registered new binding: Jump - Space
03:17:12.732 [JavaFX Application Thread] DEBUG Input                - Registered new binding: Play Sound - F
03:17:12.733 [JavaFX Application Thread] DEBUG Input                - Registered new binding: Screenshot - P
03:17:12.733 [JavaFX Application Thread] DEBUG Input                - Registered new binding: System info dump - CTRL+9
03:17:12.733 [JavaFX Application Thread] DEBUG Input                - Registered new binding: Restart - CTRL+R
03:17:12.733 [JavaFX Application Thread] DEBUG Engine               - generateDefaultProfile()
03:17:12.733 [JavaFX Application Thread] DEBUG Engine               - Creating default profile
03:17:12.733 [JavaFX Application Thread] DEBUG EventBus             - Firing event: SaveEvent
03:17:12.744 [JavaFX Application Thread] INFO  Engine               - FXGL initialization took: 0.927 sec
03:17:12.744 [JavaFX Application Thread] DEBUG LoopRunner           - Starting loop
03:17:12.756 [JavaFX Application Thread] DEBUG FXGLStartupScene     - STARTUP
03:17:12.761 [JavaFX Application Thread] DEBUG Input                - Clearing active input actions
03:17:12.780 [JavaFX Application Thread] DEBUG Engine               - Removing overlay from FXGLStartupScene and adding to FXGLDefaultMenu
03:17:12.781 [JavaFX Application Thread] DEBUG MainWindow           - FXGLStartupScene -> FXGLDefaultMenu
03:17:13.812 [JavaFX Application Thread] DEBUG Menu                 - fireNewGame()
03:17:13.812 [JavaFX Application Thread] DEBUG Engine               - Starting new game
03:17:13.816 [JavaFX Application Thread] DEBUG Input                - Clearing active input actions
03:17:13.817 [FXGL Background Thread 1 ] DEBUG InitAppTask          - Clearing previous game
03:17:13.817 [FXGL Background Thread 1 ] DEBUG GameWorld            - Clearing game world
03:17:13.817 [FXGL Background Thread 1 ] DEBUG PhysicsWorld         - Clearing physics world
03:17:13.817 [FXGL Background Thread 1 ] DEBUG GameScene            - Clearing game scene
03:17:13.817 [FXGL Background Thread 1 ] DEBUG InitAppTask          - Initializing Game
03:17:13.829 [FXGL Background Thread 1 ] DEBUG AssetLoader          - Loading from file system: /assets/levels/Map/unbenannt.tmx
03:17:13.830 [JavaFX Application Thread] DEBUG Engine               - Removing overlay from FXGLDefaultMenu and adding to LoadingScene
03:17:13.830 [JavaFX Application Thread] DEBUG MainWindow           - FXGLDefaultMenu -> LoadingScene
03:17:13.854 [FXGL Background Thread 1 ] WARN  TMXLevelLoader       - TiledMap generated from 1.3.4. Supported version: 1.2.3. Some features may not be parsed fully.
03:17:13.872 [FXGL Background Thread 1 ] DEBUG TMXLevelLoader       - Parsed raw map: TiledMap(width=45, height=30, tilewidth=30, tileheight=30, orientation=orthogonal, layers=[Layer(width=45, height=30, name=Kachelebene 1, type=tilelayer, visible=false, x=0, y=0, data=[0, 0, 0, 0, 0, 0, 0, 0, 0, 0, 0, 0, 0, 0, 0, 0, 0, 0, 0, 0, 0, 0, 0, 0, 0, 0, 0, 0, 0, 0, 0, 0, 0, 0, 0, 0, 0, 0, 0, 0, 0, 0, 0, 0, 0, 0, 0, 0, 0, 0, 0, 0, 0, 0, 0, 0, 0, 0, 0, 0, 0, 0, 0, 0, 0, 0, 0, 0, 0, 0, 0, 0, 0, 0, 0, 0, 0, 0, 0, 0, 0, 0, 0, 0, 0, 0, 0, 0, 0, 0, 0, 0, 0, 0, 0, 0, 0, 0, 0, 0, 0, 0, 0, 0, 0, 0, 0, 0, 0, 0, 0, 0, 0, 0, 0, 0, 0, 0, 0, 0, 0, 0, 0, 0, 0, 0, 0, 0, 0, 0, 0, 0, 0, 0, 0, 0, 0, 0, 0, 0, 0, 0, 0, 0, 0, 0, 0, 0, 0, 0, 0, 0, 0, 0, 0, 0, 0, 0, 0, 0, 0, 0, 0, 0, 0, 0, 0, 0, 0, 0, 0, 0, 0, 0, 0, 0, 0, 0, 0, 0, 0, 0, 0, 0, 0, 0, 0, 0, 0, 0, 0, 0, 0, 0, 0, 0, 0, 0, 0, 0, 0, 0, 0, 0, 0, 0, 0, 0, 0, 0, 0, 0, 0, 0, 0, 0, 0, 0, 0, 0, 0, 0, 0, 0, 0, 0, 0, 0, 0, 0, 0, 0, 0, 0, 0, 0, 0, 0, 0, 0, 0, 0, 0, 0, 0, 0, 0, 0, 0, 0, 0, 0, 0, 0, 0, 0, 0, 0, 0, 0, 0, 0, 0, 0, 0, 0, 0, 0, 0, 0, 0, 0, 0, 0, 0, 0, 0, 0, 0, 0, 0, 0, 0, 0, 0, 0, 0, 0, 0, 0, 0, 0, 0, 0, 0, 0, 0, 0, 0, 0, 0, 0, 0, 0, 0, 0, 0, 0, 0, 0, 0, 0, 0, 0, 0, 0, 0, 0, 0, 0, 0, 0, 0, 0, 0, 0, 0, 0, 0, 0, 0, 0, 0, 0, 0, 0, 0, 0, 0, 0, 0, 0, 0, 0, 0, 0, 0, 0, 0, 0, 0, 0, 0, 0, 0, 0, 0, 0, 0, 0, 0, 0, 0, 0, 0, 0, 0, 0, 0, 0, 0, 0, 0, 0, 0, 0, 0, 0, 0, 0, 0, 0, 0, 0, 0, 0, 0, 0, 0, 0, 0, 0, 0, 0, 0, 0, 0, 0, 0, 0, 0, 0, 0, 0, 0, 0, 0, 0, 0, 0, 0, 0, 0, 0, 0, 0, 0, 0, 0, 0, 0, 0, 0, 0, 0, 0, 0, 0, 0, 0, 0, 0, 0, 0, 0, 0, 0, 0, 0, 0, 0, 0, 0, 0, 0, 0, 0, 0, 0, 0, 0, 0, 0, 0, 0, 0, 0, 0, 0, 0, 0, 0, 0, 0, 0, 0, 0, 0, 0, 0, 0, 0, 0, 0, 0, 0, 0, 0, 0, 0, 0, 0, 0, 0, 0, 0, 0, 0, 0, 0, 0, 0, 0, 0, 0, 0, 0, 0, 0, 0, 0, 0, 0, 0, 0, 0, 0, 0, 0, 0, 0, 0, 0, 0, 0, 0, 0, 0, 0, 0, 0, 0, 0, 0, 0, 0, 0, 0, 0, 0, 0, 0, 0, 0, 0, 0, 0, 0, 0, 0, 0, 0, 0, 0, 0, 0, 0, 0, 0, 0, 0, 0, 0, 0, 0, 0, 0, 0, 0, 0, 0, 0, 0, 0, 0, 0, 0, 0, 0, 0, 0, 0, 0, 0, 0, 0, 0, 0, 0, 0, 0, 0, 0, 0, 0, 0, 0, 0, 0, 0, 0, 0, 0, 0, 0, 0, 0, 0, 0, 0, 0, 0, 0, 0, 0, 0, 0, 0, 0, 0, 0, 0, 0, 0, 0, 0, 0, 0, 0, 0, 0, 0, 0, 0, 0, 0, 0, 0, 0, 0, 0, 0, 0, 0, 0, 0, 0, 0, 0, 0, 0, 0, 0, 0, 0, 0, 0, 0, 0, 0, 0, 0, 0, 0, 0, 0, 0, 0, 0, 0, 0, 0, 0, 0, 0, 0, 0, 0, 0, 0, 0, 0, 0, 0, 0, 0, 0, 0, 0, 0, 0, 0, 0, 0, 0, 0, 0, 0, 0, 0, 0, 0, 0, 0, 0, 0, 0, 0, 0, 0, 0, 0, 0, 0, 0, 0, 0, 0, 0, 0, 0, 0, 0, 0, 0, 0, 0, 0, 0, 0, 0, 0, 0, 0, 0, 0, 0, 0, 0, 0, 0, 0, 0, 0, 0, 0, 0, 0, 0, 0, 0, 0, 0, 0, 0, 0, 0, 0, 0, 0, 0, 0, 0, 0, 0, 0, 0, 0, 0, 0, 0, 0, 0, 0, 0, 0, 0, 0, 0, 0, 0, 0, 0, 0, 0, 0, 0, 0, 0, 0, 0, 0, 0, 0, 0, 0, 0, 0, 0, 0, 0, 0, 0, 0, 0, 0, 0, 0, 0, 0, 0, 0, 0, 0, 0, 0, 0, 0, 0, 0, 0, 0, 0, 0, 0, 0, 0, 0, 0, 0, 0, 0, 0, 0, 0, 0, 0, 0, 0, 0, 0, 0, 0, 0, 0, 0, 0, 0, 0, 0, 0, 0, 0, 0, 0, 0, 0, 0, 0, 0, 0, 0, 0, 0, 0, 0, 0, 0, 0, 0, 0, 0, 0, 0, 0, 0, 0, 0, 0, 0, 0, 0, 0, 0, 0, 0, 0, 0, 0, 0, 0, 0, 0, 0, 0, 0, 0, 0, 0, 0, 0, 0, 0, 0, 0, 0, 0, 0, 0, 0, 0, 0, 0, 0, 0, 0, 0, 0, 0, 0, 0, 0, 0, 0, 0, 0, 0, 0, 0, 0, 0, 0, 0, 0, 0, 0, 0, 0, 0, 0, 0, 0, 0, 0, 0, 0, 0, 0, 0, 0, 0, 0, 0, 0, 0, 0, 0, 0, 0, 0, 0, 0, 0, 0, 0, 0, 0, 0, 0, 0, 0, 0, 0, 0, 0, 0, 0, 0, 0, 0, 0, 0, 0, 0, 0, 0, 0, 0, 0, 0, 0, 0, 0, 0, 0, 0, 0, 0, 0, 0, 0, 0, 0, 0, 0, 0, 0, 0, 0, 0, 0, 0, 0, 0, 0, 0, 0, 0, 0, 0, 0, 0, 0, 0, 0, 0, 0, 0, 0, 0, 0, 0, 0, 0, 0, 0, 0, 0, 0, 0, 0, 0, 0, 0, 0, 0, 0, 0, 0, 0, 0, 0, 0, 0, 0, 0, 0, 0, 0, 0, 0, 0, 0, 0, 0, 0, 0, 0, 0, 0, 0, 0, 0, 0, 0, 0, 0, 0, 0, 0, 0, 0, 0, 0, 0, 0, 0, 0, 0, 0, 0, 0, 0, 0, 0, 0, 0, 0, 0, 0, 0, 0, 0, 0, 0, 0, 0, 0, 0, 0, 0, 0, 0, 0, 0, 0, 0, 0, 0, 0, 0, 0, 0, 0, 0, 0, 0, 0, 0, 0, 0, 0, 0, 0, 0, 0, 0, 0, 0, 0, 0, 0, 0, 0, 0, 0, 0, 0, 0, 0, 0, 0, 0, 0, 0, 0, 0, 0, 0, 0, 0, 0, 0, 0, 0, 0, 0, 0, 0, 0, 0, 0, 0, 0, 0, 0, 0, 0, 0, 0, 0, 0, 0, 0, 0, 0, 0, 0, 0, 0, 0, 0, 0, 0, 0, 0, 0, 0, 0, 0, 0, 0, 0, 0, 0, 0, 0, 0, 0, 0, 0, 0, 0, 0, 0, 0, 0, 0, 0, 0, 0, 0, 0, 0, 0, 0, 0, 0, 0, 0, 0, 0, 0, 0, 0, 0, 0, 0, 0, 0, 0, 0, 0, 0, 0, 0, 0, 0, 0, 0, 0, 0, 0, 0, 0, 0, 0, 0, 0, 0, 0, 0, 0, 0, 0, 0, 0, 0, 0, 0, 0, 0, 0, 0, 0, 0, 0, 0, 0, 0, 0, 0, 0, 0, 0, 0, 0, 0, 0, 0, 0, 0, 0, 0, 0, 0, 0, 0, 0, 0, 0, 0, 0, 0, 0, 0, 0, 0, 0, 0, 0, 0, 0, 0, 0, 0, 0, 0, 0, 0, 0, 0, 0, 0, 0, 0, 0, 0, 0, 0, 0, 0, 0, 0, 0, 0, 0, 0, 0, 0, 0, 0, 0, 0, 0, 0, 0, 0, 0, 0, 0, 0, 0, 0, 0, 0, 0, 0, 0, 0], objects=[], opacity=0.0, draworder=), Layer(width=0, height=0, name=, type=objectgroup, visible=false, x=0, y=0, data=[], objects=[com.almasb.fxgl.entity.level.tiled.TiledObject@41d91d08, com.almasb.fxgl.entity.level.tiled.TiledObject@27775276, com.almasb.fxgl.entity.level.tiled.TiledObject@15e040ce, com.almasb.fxgl.entity.level.tiled.TiledObject@2ca3d11f, com.almasb.fxgl.entity.level.tiled.TiledObject@259ba8de, com.almasb.fxgl.entity.level.tiled.TiledObject@38e2baf9, com.almasb.fxgl.entity.level.tiled.TiledObject@2f136b1b, com.almasb.fxgl.entity.level.tiled.TiledObject@1d8a6ccf, com.almasb.fxgl.entity.level.tiled.TiledObject@652ffaf8, com.almasb.fxgl.entity.level.tiled.TiledObject@4837a1d6, com.almasb.fxgl.entity.level.tiled.TiledObject@7cc84078, com.almasb.fxgl.entity.level.tiled.TiledObject@32eab73a, com.almasb.fxgl.entity.level.tiled.TiledObject@288863a5, com.almasb.fxgl.entity.level.tiled.TiledObject@5dc44e73, com.almasb.fxgl.entity.level.tiled.TiledObject@63310e33, com.almasb.fxgl.entity.level.tiled.TiledObject@4853608, com.almasb.fxgl.entity.level.tiled.TiledObject@6f7bf876, com.almasb.fxgl.entity.level.tiled.TiledObject@10b3843c, com.almasb.fxgl.entity.level.tiled.TiledObject@7b18408f, com.almasb.fxgl.entity.level.tiled.TiledObject@56800c92, com.almasb.fxgl.entity.level.tiled.TiledObject@6608e67c, com.almasb.fxgl.entity.level.tiled.TiledObject@6a960ce5, com.almasb.fxgl.entity.level.tiled.TiledObject@53333500, com.almasb.fxgl.entity.level.tiled.TiledObject@5014768, com.almasb.fxgl.entity.level.tiled.TiledObject@249b6ab2, com.almasb.fxgl.entity.level.tiled.TiledObject@7e30bbe0, com.almasb.fxgl.entity.level.tiled.TiledObject@34611a13, com.almasb.fxgl.entity.level.tiled.TiledObject@3bd431f0, com.almasb.fxgl.entity.level.tiled.TiledObject@44e502c2, com.almasb.fxgl.entity.level.tiled.TiledObject@3ff14e05], opacity=0.0, draworder=)], tilesets=[], backgroundcolor=, renderorder=right-down, nextobjectid=46, version=1, tiledversion=1.3.4, type=map, infinite=false, properties={}, propertytypes={})
03:17:13.872 [FXGL Background Thread 1 ] DEBUG TMXLevelLoader       - Creating tile layer entities
03:17:13.873 [FXGL Background Thread 1 ] DEBUG TilesetLoader        - Loading view for layer Kachelebene 1
03:17:13.875 [FXGL Background Thread 1 ] DEBUG TilesetLoader        - Created buffer with size 1350.0x900.0
03:17:13.876 [FXGL Background Thread 1 ] DEBUG TMXLevelLoader       - Creating object layer entities
03:17:13.921 [FXGL Background Thread 1 ] DEBUG GameWorld            - Clearing removable entities
03:17:13.921 [FXGL Background Thread 1 ] DEBUG GameWorld            - Setting level: com.almasb.fxgl.entity.level.Level@408b37d3
03:17:13.946 [FXGL Background Thread 1 ] DEBUG InitAppTask          - Initializing Physics
03:17:13.947 [FXGL Background Thread 1 ] DEBUG InitAppTask          - Initializing UI
03:17:13.949 [FXGL Background Thread 1 ] DEBUG InitAppTask          - Initialization Complete
03:17:13.949 [FXGL Background Thread 1 ] INFO  InitAppTask          - Game initialization took: 0.132 sec
03:17:13.952 [JavaFX Application Thread] DEBUG Input                - Clearing active input actions
03:17:13.964 [JavaFX Application Thread] DEBUG Engine               - Removing overlay from LoadingScene and adding to GameScene
03:17:13.964 [JavaFX Application Thread] DEBUG MainWindow           - LoadingScene -> GameScene
03:17:15.569 [JavaFX Application Thread] DEBUG AssetLoader          - Loading from file system: /assets/sounds/smw_coin.wav
03:17:15.905 [JavaFX Application Thread] DEBUG AssetLoader          - Loading from cache: /assets/sounds/smw_coin.wav
03:17:16.016 [JavaFX Application Thread] DEBUG AssetLoader          - Loading from cache: /assets/sounds/smw_coin.wav
03:17:16.864 [JavaFX Application Thread] DEBUG AssetLoader          - Loading from cache: /assets/sounds/smw_coin.wav
03:17:17.488 [JavaFX Application Thread] DEBUG AssetLoader          - Loading from cache: /assets/sounds/smw_coin.wav
03:17:17.872 [JavaFX Application Thread] DEBUG AssetLoader          - Loading from cache: /assets/sounds/smw_coin.wav
03:17:18.608 [JavaFX Application Thread] DEBUG AssetLoader          - Loading from cache: /assets/sounds/smw_coin.wav
03:17:19.008 [JavaFX Application Thread] DEBUG AssetLoader          - Loading from cache: /assets/sounds/smw_coin.wav
03:17:20.192 [JavaFX Application Thread] DEBUG AssetLoader          - Loading from cache: /assets/sounds/smw_coin.wav
03:17:20.528 [JavaFX Application Thread] DEBUG AssetLoader          - Loading from cache: /assets/sounds/smw_coin.wav
03:17:21.488 [JavaFX Application Thread] DEBUG AssetLoader          - Loading from cache: /assets/sounds/smw_coin.wav
03:17:22.880 [JavaFX Application Thread] DEBUG AssetLoader          - Loading from cache: /assets/sounds/smw_coin.wav
03:17:23.712 [JavaFX Application Thread] DEBUG AssetLoader          - Loading from cache: /assets/sounds/smw_coin.wav
03:17:24.640 [JavaFX Application Thread] DEBUG AssetLoader          - Loading from cache: /assets/sounds/smw_coin.wav
03:17:25.680 [JavaFX Application Thread] DEBUG AssetLoader          - Loading from cache: /assets/sounds/smw_coin.wav
03:17:26.992 [JavaFX Application Thread] DEBUG AssetLoader          - Loading from cache: /assets/sounds/smw_coin.wav
03:17:27.408 [JavaFX Application Thread] DEBUG AssetLoader          - Loading from cache: /assets/sounds/smw_coin.wav
03:17:27.552 [JavaFX Application Thread] DEBUG AssetLoader          - Loading from cache: /assets/sounds/smw_coin.wav
03:17:28.160 [JavaFX Application Thread] DEBUG AssetLoader          - Loading from cache: /assets/sounds/smw_coin.wav
03:17:28.304 [JavaFX Application Thread] DEBUG AssetLoader          - Loading from cache: /assets/sounds/smw_coin.wav
03:17:28.306 [JavaFX Application Thread] DEBUG MainWindow           - Push state: DialogSubState
03:17:28.306 [JavaFX Application Thread] DEBUG Input                - Clearing active input actions
03:17:28.308 [JavaFX Application Thread] DEBUG Engine               - Removing overlay from GameScene and adding to DialogSubState
03:17:28.308 [JavaFX Application Thread] DEBUG MainWindow           - GameScene -> DialogSubState
03:17:29.066 [JavaFX Application Thread] DEBUG MainWindow           - Pop state: DialogSubState
03:17:29.066 [JavaFX Application Thread] DEBUG Input                - Clearing active input actions
03:17:29.067 [JavaFX Application Thread] DEBUG Engine               - Removing overlay from DialogSubState and adding to GameScene
03:17:29.067 [JavaFX Application Thread] DEBUG MainWindow           - GameScene <- DialogSubState
03:17:31.665 [JavaFX Application Thread] DEBUG MainWindow           - Push state: DialogSubState
03:17:31.665 [JavaFX Application Thread] DEBUG Input                - Clearing active input actions
03:17:31.666 [JavaFX Application Thread] DEBUG Engine               - Removing overlay from GameScene and adding to DialogSubState
03:17:31.666 [JavaFX Application Thread] DEBUG MainWindow           - GameScene -> DialogSubState
03:17:33.935 [JavaFX Application Thread] DEBUG MainWindow           - Pop state: DialogSubState
03:17:33.935 [JavaFX Application Thread] DEBUG Input                - Clearing active input actions
03:17:33.936 [JavaFX Application Thread] DEBUG Engine               - Removing overlay from DialogSubState and adding to GameScene
03:17:33.936 [JavaFX Application Thread] DEBUG MainWindow           - GameScene <- DialogSubState
03:17:33.958 [JavaFX Application Thread] DEBUG MainWindow           - Push state: DialogSubState
03:17:33.958 [JavaFX Application Thread] DEBUG Input                - Clearing active input actions
03:17:33.959 [JavaFX Application Thread] DEBUG Engine               - Removing overlay from GameScene and adding to DialogSubState
03:17:33.959 [JavaFX Application Thread] DEBUG MainWindow           - GameScene -> DialogSubState
03:17:33.959 [JavaFX Application Thread] DEBUG GameWorld            - Clearing game world
03:17:33.961 [JavaFX Application Thread] DEBUG AssetLoader          - Loading from file system: /assets/levels/Map/unbenannt.tmx
03:17:33.962 [JavaFX Application Thread] WARN  TMXLevelLoader       - TiledMap generated from 1.3.4. Supported version: 1.2.3. Some features may not be parsed fully.
03:17:33.967 [JavaFX Application Thread] DEBUG TMXLevelLoader       - Parsed raw map: TiledMap(width=45, height=30, tilewidth=30, tileheight=30, orientation=orthogonal, layers=[Layer(width=45, height=30, name=Kachelebene 1, type=tilelayer, visible=false, x=0, y=0, data=[0, 0, 0, 0, 0, 0, 0, 0, 0, 0, 0, 0, 0, 0, 0, 0, 0, 0, 0, 0, 0, 0, 0, 0, 0, 0, 0, 0, 0, 0, 0, 0, 0, 0, 0, 0, 0, 0, 0, 0, 0, 0, 0, 0, 0, 0, 0, 0, 0, 0, 0, 0, 0, 0, 0, 0, 0, 0, 0, 0, 0, 0, 0, 0, 0, 0, 0, 0, 0, 0, 0, 0, 0, 0, 0, 0, 0, 0, 0, 0, 0, 0, 0, 0, 0, 0, 0, 0, 0, 0, 0, 0, 0, 0, 0, 0, 0, 0, 0, 0, 0, 0, 0, 0, 0, 0, 0, 0, 0, 0, 0, 0, 0, 0, 0, 0, 0, 0, 0, 0, 0, 0, 0, 0, 0, 0, 0, 0, 0, 0, 0, 0, 0, 0, 0, 0, 0, 0, 0, 0, 0, 0, 0, 0, 0, 0, 0, 0, 0, 0, 0, 0, 0, 0, 0, 0, 0, 0, 0, 0, 0, 0, 0, 0, 0, 0, 0, 0, 0, 0, 0, 0, 0, 0, 0, 0, 0, 0, 0, 0, 0, 0, 0, 0, 0, 0, 0, 0, 0, 0, 0, 0, 0, 0, 0, 0, 0, 0, 0, 0, 0, 0, 0, 0, 0, 0, 0, 0, 0, 0, 0, 0, 0, 0, 0, 0, 0, 0, 0, 0, 0, 0, 0, 0, 0, 0, 0, 0, 0, 0, 0, 0, 0, 0, 0, 0, 0, 0, 0, 0, 0, 0, 0, 0, 0, 0, 0, 0, 0, 0, 0, 0, 0, 0, 0, 0, 0, 0, 0, 0, 0, 0, 0, 0, 0, 0, 0, 0, 0, 0, 0, 0, 0, 0, 0, 0, 0, 0, 0, 0, 0, 0, 0, 0, 0, 0, 0, 0, 0, 0, 0, 0, 0, 0, 0, 0, 0, 0, 0, 0, 0, 0, 0, 0, 0, 0, 0, 0, 0, 0, 0, 0, 0, 0, 0, 0, 0, 0, 0, 0, 0, 0, 0, 0, 0, 0, 0, 0, 0, 0, 0, 0, 0, 0, 0, 0, 0, 0, 0, 0, 0, 0, 0, 0, 0, 0, 0, 0, 0, 0, 0, 0, 0, 0, 0, 0, 0, 0, 0, 0, 0, 0, 0, 0, 0, 0, 0, 0, 0, 0, 0, 0, 0, 0, 0, 0, 0, 0, 0, 0, 0, 0, 0, 0, 0, 0, 0, 0, 0, 0, 0, 0, 0, 0, 0, 0, 0, 0, 0, 0, 0, 0, 0, 0, 0, 0, 0, 0, 0, 0, 0, 0, 0, 0, 0, 0, 0, 0, 0, 0, 0, 0, 0, 0, 0, 0, 0, 0, 0, 0, 0, 0, 0, 0, 0, 0, 0, 0, 0, 0, 0, 0, 0, 0, 0, 0, 0, 0, 0, 0, 0, 0, 0, 0, 0, 0, 0, 0, 0, 0, 0, 0, 0, 0, 0, 0, 0, 0, 0, 0, 0, 0, 0, 0, 0, 0, 0, 0, 0, 0, 0, 0, 0, 0, 0, 0, 0, 0, 0, 0, 0, 0, 0, 0, 0, 0, 0, 0, 0, 0, 0, 0, 0, 0, 0, 0, 0, 0, 0, 0, 0, 0, 0, 0, 0, 0, 0, 0, 0, 0, 0, 0, 0, 0, 0, 0, 0, 0, 0, 0, 0, 0, 0, 0, 0, 0, 0, 0, 0, 0, 0, 0, 0, 0, 0, 0, 0, 0, 0, 0, 0, 0, 0, 0, 0, 0, 0, 0, 0, 0, 0, 0, 0, 0, 0, 0, 0, 0, 0, 0, 0, 0, 0, 0, 0, 0, 0, 0, 0, 0, 0, 0, 0, 0, 0, 0, 0, 0, 0, 0, 0, 0, 0, 0, 0, 0, 0, 0, 0, 0, 0, 0, 0, 0, 0, 0, 0, 0, 0, 0, 0, 0, 0, 0, 0, 0, 0, 0, 0, 0, 0, 0, 0, 0, 0, 0, 0, 0, 0, 0, 0, 0, 0, 0, 0, 0, 0, 0, 0, 0, 0, 0, 0, 0, 0, 0, 0, 0, 0, 0, 0, 0, 0, 0, 0, 0, 0, 0, 0, 0, 0, 0, 0, 0, 0, 0, 0, 0, 0, 0, 0, 0, 0, 0, 0, 0, 0, 0, 0, 0, 0, 0, 0, 0, 0, 0, 0, 0, 0, 0, 0, 0, 0, 0, 0, 0, 0, 0, 0, 0, 0, 0, 0, 0, 0, 0, 0, 0, 0, 0, 0, 0, 0, 0, 0, 0, 0, 0, 0, 0, 0, 0, 0, 0, 0, 0, 0, 0, 0, 0, 0, 0, 0, 0, 0, 0, 0, 0, 0, 0, 0, 0, 0, 0, 0, 0, 0, 0, 0, 0, 0, 0, 0, 0, 0, 0, 0, 0, 0, 0, 0, 0, 0, 0, 0, 0, 0, 0, 0, 0, 0, 0, 0, 0, 0, 0, 0, 0, 0, 0, 0, 0, 0, 0, 0, 0, 0, 0, 0, 0, 0, 0, 0, 0, 0, 0, 0, 0, 0, 0, 0, 0, 0, 0, 0, 0, 0, 0, 0, 0, 0, 0, 0, 0, 0, 0, 0, 0, 0, 0, 0, 0, 0, 0, 0, 0, 0, 0, 0, 0, 0, 0, 0, 0, 0, 0, 0, 0, 0, 0, 0, 0, 0, 0, 0, 0, 0, 0, 0, 0, 0, 0, 0, 0, 0, 0, 0, 0, 0, 0, 0, 0, 0, 0, 0, 0, 0, 0, 0, 0, 0, 0, 0, 0, 0, 0, 0, 0, 0, 0, 0, 0, 0, 0, 0, 0, 0, 0, 0, 0, 0, 0, 0, 0, 0, 0, 0, 0, 0, 0, 0, 0, 0, 0, 0, 0, 0, 0, 0, 0, 0, 0, 0, 0, 0, 0, 0, 0, 0, 0, 0, 0, 0, 0, 0, 0, 0, 0, 0, 0, 0, 0, 0, 0, 0, 0, 0, 0, 0, 0, 0, 0, 0, 0, 0, 0, 0, 0, 0, 0, 0, 0, 0, 0, 0, 0, 0, 0, 0, 0, 0, 0, 0, 0, 0, 0, 0, 0, 0, 0, 0, 0, 0, 0, 0, 0, 0, 0, 0, 0, 0, 0, 0, 0, 0, 0, 0, 0, 0, 0, 0, 0, 0, 0, 0, 0, 0, 0, 0, 0, 0, 0, 0, 0, 0, 0, 0, 0, 0, 0, 0, 0, 0, 0, 0, 0, 0, 0, 0, 0, 0, 0, 0, 0, 0, 0, 0, 0, 0, 0, 0, 0, 0, 0, 0, 0, 0, 0, 0, 0, 0, 0, 0, 0, 0, 0, 0, 0, 0, 0, 0, 0, 0, 0, 0, 0, 0, 0, 0, 0, 0, 0, 0, 0, 0, 0, 0, 0, 0, 0, 0, 0, 0, 0, 0, 0, 0, 0, 0, 0, 0, 0, 0, 0, 0, 0, 0, 0, 0, 0, 0, 0, 0, 0, 0, 0, 0, 0, 0, 0, 0, 0, 0, 0, 0, 0, 0, 0, 0, 0, 0, 0, 0, 0, 0, 0, 0, 0, 0, 0, 0, 0, 0, 0, 0, 0, 0, 0, 0, 0, 0, 0, 0, 0, 0, 0, 0, 0, 0, 0, 0, 0, 0, 0, 0, 0, 0, 0, 0, 0, 0, 0, 0, 0, 0, 0, 0, 0, 0, 0, 0, 0, 0, 0, 0, 0, 0, 0, 0, 0, 0, 0, 0, 0, 0, 0, 0, 0, 0, 0, 0, 0, 0, 0, 0, 0, 0, 0, 0, 0, 0, 0, 0, 0, 0, 0, 0, 0, 0, 0, 0, 0, 0, 0, 0, 0, 0, 0, 0, 0, 0, 0, 0, 0, 0, 0, 0, 0, 0, 0, 0, 0, 0, 0, 0, 0, 0, 0, 0, 0, 0, 0, 0, 0, 0, 0, 0, 0, 0, 0, 0, 0, 0, 0, 0, 0, 0, 0, 0, 0, 0, 0, 0, 0, 0, 0, 0, 0, 0, 0, 0, 0, 0, 0, 0, 0, 0, 0, 0, 0, 0, 0, 0, 0, 0, 0, 0, 0, 0, 0, 0, 0, 0, 0, 0, 0, 0, 0, 0, 0, 0, 0, 0, 0, 0, 0, 0, 0, 0, 0, 0, 0, 0, 0, 0, 0, 0, 0, 0, 0, 0, 0, 0, 0, 0, 0, 0, 0, 0, 0, 0, 0, 0, 0, 0, 0, 0, 0, 0, 0, 0, 0, 0, 0, 0, 0, 0, 0, 0, 0, 0, 0, 0, 0, 0, 0, 0, 0, 0, 0], objects=[], opacity=0.0, draworder=), Layer(width=0, height=0, name=, type=objectgroup, visible=false, x=0, y=0, data=[], objects=[com.almasb.fxgl.entity.level.tiled.TiledObject@79e3a5c0, com.almasb.fxgl.entity.level.tiled.TiledObject@3f7564fe, com.almasb.fxgl.entity.level.tiled.TiledObject@2c2402b2, com.almasb.fxgl.entity.level.tiled.TiledObject@6497c7b5, com.almasb.fxgl.entity.level.tiled.TiledObject@3eb342, com.almasb.fxgl.entity.level.tiled.TiledObject@1478652f, com.almasb.fxgl.entity.level.tiled.TiledObject@18c5d480, com.almasb.fxgl.entity.level.tiled.TiledObject@42351242, com.almasb.fxgl.entity.level.tiled.TiledObject@37e41de5, com.almasb.fxgl.entity.level.tiled.TiledObject@60e2572b, com.almasb.fxgl.entity.level.tiled.TiledObject@56b5ee63, com.almasb.fxgl.entity.level.tiled.TiledObject@3cf841f5, com.almasb.fxgl.entity.level.tiled.TiledObject@2be468ba, com.almasb.fxgl.entity.level.tiled.TiledObject@59cd29e2, com.almasb.fxgl.entity.level.tiled.TiledObject@20f2024e, com.almasb.fxgl.entity.level.tiled.TiledObject@5e7b184c, com.almasb.fxgl.entity.level.tiled.TiledObject@56520a81, com.almasb.fxgl.entity.level.tiled.TiledObject@6660ab90, com.almasb.fxgl.entity.level.tiled.TiledObject@56303560, com.almasb.fxgl.entity.level.tiled.TiledObject@500fee92, com.almasb.fxgl.entity.level.tiled.TiledObject@164fe010, com.almasb.fxgl.entity.level.tiled.TiledObject@7510f562, com.almasb.fxgl.entity.level.tiled.TiledObject@22dc5595, com.almasb.fxgl.entity.level.tiled.TiledObject@d885422, com.almasb.fxgl.entity.level.tiled.TiledObject@64ae7ae3, com.almasb.fxgl.entity.level.tiled.TiledObject@16e728f1, com.almasb.fxgl.entity.level.tiled.TiledObject@5657b745, com.almasb.fxgl.entity.level.tiled.TiledObject@1931d0e9, com.almasb.fxgl.entity.level.tiled.TiledObject@e5fc84e, com.almasb.fxgl.entity.level.tiled.TiledObject@2150c9d4], opacity=0.0, draworder=)], tilesets=[], backgroundcolor=, renderorder=right-down, nextobjectid=46, version=1, tiledversion=1.3.4, type=map, infinite=false, properties={}, propertytypes={})
03:17:33.967 [JavaFX Application Thread] DEBUG TMXLevelLoader       - Creating tile layer entities
03:17:33.967 [JavaFX Application Thread] DEBUG TilesetLoader        - Loading view for layer Kachelebene 1
03:17:33.969 [JavaFX Application Thread] DEBUG TilesetLoader        - Created buffer with size 1350.0x900.0
03:17:33.970 [JavaFX Application Thread] DEBUG TMXLevelLoader       - Creating object layer entities
03:17:33.978 [JavaFX Application Thread] DEBUG GameWorld            - Clearing removable entities
03:17:33.978 [JavaFX Application Thread] DEBUG GameWorld            - Setting level: com.almasb.fxgl.entity.level.Level@43eb816f
03:17:38.835 [JavaFX Application Thread] DEBUG MainWindow           - Pop state: DialogSubState
03:17:38.835 [JavaFX Application Thread] DEBUG Input                - Clearing active input actions
03:17:38.835 [JavaFX Application Thread] DEBUG Engine               - Removing overlay from DialogSubState and adding to GameScene
03:17:38.836 [JavaFX Application Thread] DEBUG MainWindow           - GameScene <- DialogSubState
03:17:39.700 [JavaFX Application Thread] DEBUG Engine               - Exiting FXGL
03:17:39.700 [JavaFX Application Thread] DEBUG Engine               - Shutting down background threads
03:17:39.700 [JavaFX Application Thread] DEBUG Engine               - Saving FXGL system data
03:17:39.702 [JavaFX Application Thread] DEBUG FSServiceImpl        - Writing to: G:\Desk\Projects\FXGLPlatformer\system\fxgl.bundle
03:17:39.704 [JavaFX Application Thread] DEBUG Engine               - Closing logger and exiting JavaFX
