14:37:47.004 [main                     ] DEBUG GameApplication      - Logger initialized
14:37:47.022 [main                     ] DEBUG GameApplication      - Logging settings
Title: JumpToBeat-Demo
Version: 0.1
Width: 1050
Height: 700
Fullscreen: false
Intro: false
Menus: false
Profiling: false
Single step:false
App Mode: DEVELOPER
Menu Key: ESCAPE
Stage Style: DECORATED
Scene Factory: class com.almasb.fxgl.app.SceneFactory
Dialog Factory: class com.almasb.fxgl.ui.FXGLDialogFactory
UI Factory: class com.almasb.fxgl.ui.FXGLUIFactory

14:37:47.533 [JavaFX Application Thread] DEBUG Engine               - Initializing FXGL
14:37:47.533 [JavaFX Application Thread] INFO  Engine               - FXGL-11.7 (05.01.2020 09.37) on WINDOWS (J:11.0.5 FX:12.0.1)
14:37:47.533 [JavaFX Application Thread] INFO  Engine               - Source code and latest versions at: https://github.com/AlmasB/FXGL
14:37:47.533 [JavaFX Application Thread] INFO  Engine               -              Join the FXGL chat at: https://gitter.im/AlmasB/FXGL
14:37:47.533 [JavaFX Application Thread] DEBUG Engine               - Initializing environment variables
14:37:47.535 [JavaFX Application Thread] DEBUG Engine               - Logging environment variables
14:37:47.535 [JavaFX Application Thread] DEBUG Engine               - achievements: []
14:37:47.535 [JavaFX Application Thread] DEBUG Engine               - sceneStack: com.almasb.fxgl.app.Engine@3be64bcb
14:37:47.535 [JavaFX Application Thread] DEBUG Engine               - language: ObjectProperty [value: ENGLISH]
14:37:47.535 [JavaFX Application Thread] DEBUG Engine               - isCloseConfirmation: false
14:37:47.535 [JavaFX Application Thread] DEBUG Engine               - isProfilingEnabled: false
14:37:47.536 [JavaFX Application Thread] DEBUG Engine               - soundNotification: core/notification.wav
14:37:47.536 [JavaFX Application Thread] DEBUG Engine               - devShowBBoxProperty: BooleanProperty [value: false]
14:37:47.537 [JavaFX Application Thread] DEBUG Engine               - pixelsPerMeter: 50.0
14:37:47.537 [JavaFX Application Thread] DEBUG Engine               - overlayRoot: Group@34e9bded
14:37:47.537 [JavaFX Application Thread] DEBUG Engine               - soundMenuBack: menu/back.wav
14:37:47.537 [JavaFX Application Thread] DEBUG Engine               - appIcon: fxgl_icon.png
14:37:47.537 [JavaFX Application Thread] DEBUG Engine               - isFullScreenAllowed: false
14:37:47.537 [JavaFX Application Thread] DEBUG Engine               - isIntroEnabled: false
14:37:47.537 [JavaFX Application Thread] DEBUG Engine               - eventBus: com.almasb.fxgl.event.EventBus@6fdd6b51
14:37:47.537 [JavaFX Application Thread] DEBUG Engine               - fontMono: lucida_console.ttf
14:37:47.538 [JavaFX Application Thread] DEBUG Engine               - soundMenuSelect: menu/select.wav
14:37:47.538 [JavaFX Application Thread] DEBUG Engine               - isWindows: true
14:37:47.538 [JavaFX Application Thread] DEBUG Engine               - isMobile: false
14:37:47.538 [JavaFX Application Thread] DEBUG Engine               - height: 700
14:37:47.538 [JavaFX Application Thread] DEBUG Engine               - isExperimentalNative: false
14:37:47.538 [JavaFX Application Thread] DEBUG Engine               - isSingleStep: false
14:37:47.538 [JavaFX Application Thread] DEBUG Engine               - cSSList: [fxgl_dark.css]
14:37:47.538 [JavaFX Application Thread] DEBUG Engine               - fontGame: Abel-Regular.ttf
14:37:47.538 [JavaFX Application Thread] DEBUG Engine               - menuKey: ESCAPE
14:37:47.539 [JavaFX Application Thread] DEBUG Engine               - devShowPositionProperty: BooleanProperty [value: false]
14:37:47.539 [JavaFX Application Thread] DEBUG Engine               - versionCheckDays: 7
14:37:47.539 [JavaFX Application Thread] DEBUG Engine               - masterTimer: com.almasb.fxgl.time.Timer@666cdd72
14:37:47.539 [JavaFX Application Thread] DEBUG Engine               - configClass: Optional.empty
14:37:47.539 [JavaFX Application Thread] DEBUG Engine               - isFullScreenFromStart: false
14:37:47.539 [JavaFX Application Thread] DEBUG Engine               - version: 0.1
14:37:47.539 [JavaFX Application Thread] DEBUG Engine               - fullScreen: BooleanProperty [value: false]
14:37:47.539 [JavaFX Application Thread] DEBUG Engine               - randomSeed: -1
14:37:47.539 [JavaFX Application Thread] DEBUG Engine               - dialogFactory: com.almasb.fxgl.ui.FXGLDialogFactory@6e9e8ce8
14:37:47.539 [JavaFX Application Thread] DEBUG Engine               - applicationMode: DEVELOPER
14:37:47.539 [JavaFX Application Thread] DEBUG Engine               - isMac: false
14:37:47.539 [JavaFX Application Thread] DEBUG Engine               - urlGoogleForms: https://goo.gl/forms/6wrMnOBxTE1fEpOy2
14:37:47.540 [JavaFX Application Thread] DEBUG Engine               - isMenuEnabled: false
14:37:47.540 [JavaFX Application Thread] DEBUG Engine               - profileName: user.profile
14:37:47.540 [JavaFX Application Thread] DEBUG Engine               - urlPOM: https://raw.githubusercontent.com/AlmasB/FXGL/master/pom.xml
14:37:47.540 [JavaFX Application Thread] DEBUG Engine               - notificationViewClass: class com.almasb.fxgl.notification.view.XboxNotificationView
14:37:47.540 [JavaFX Application Thread] DEBUG Engine               - devSensorColorProperty: ObjectProperty [value: 0xffff00ff]
14:37:47.540 [JavaFX Application Thread] DEBUG Engine               - sceneFactory: com.almasb.fxgl.app.SceneFactory@17e14203
14:37:47.540 [JavaFX Application Thread] DEBUG Engine               - dataFileExt: .dat
14:37:47.540 [JavaFX Application Thread] DEBUG Engine               - stageStyle: DECORATED
14:37:47.540 [JavaFX Application Thread] DEBUG Engine               - isManualResizeEnabled: false
14:37:47.540 [JavaFX Application Thread] DEBUG Engine               - title: JumpToBeat-Demo
14:37:47.540 [JavaFX Application Thread] DEBUG Engine               - platform: WINDOWS
14:37:47.541 [JavaFX Application Thread] DEBUG Engine               - devBBoxColorProperty: ObjectProperty [value: 0xff0000ff]
14:37:47.541 [JavaFX Application Thread] DEBUG Engine               - isDesktop: true
14:37:47.541 [JavaFX Application Thread] DEBUG Engine               - credits: []
14:37:47.541 [JavaFX Application Thread] DEBUG Engine               - globalMusicVolumeProperty: DoubleProperty [value: 0.5]
14:37:47.541 [JavaFX Application Thread] DEBUG Engine               - uIFactory: com.almasb.fxgl.ui.FXGLUIFactory@1362344d
14:37:47.541 [JavaFX Application Thread] DEBUG Engine               - isPreserveResizeRatio: false
14:37:47.541 [JavaFX Application Thread] DEBUG Engine               - fontText: Courier-Prime.ttf
14:37:47.541 [JavaFX Application Thread] DEBUG Engine               - isExperimentalTiledLargeMap: false
14:37:47.541 [JavaFX Application Thread] DEBUG Engine               - secondsIn24h: 60
14:37:47.541 [JavaFX Application Thread] DEBUG Engine               - runtimeInfo: RuntimeInfo(platform=WINDOWS, version=11.7, build=05.01.2020 09.37)
14:37:47.541 [JavaFX Application Thread] DEBUG Engine               - isLinux: false
14:37:47.541 [JavaFX Application Thread] DEBUG Engine               - soundMenuPress: menu/press.wav
14:37:47.541 [JavaFX Application Thread] DEBUG Engine               - urlGithub: https://github.com/AlmasB/FXGL
14:37:47.542 [JavaFX Application Thread] DEBUG Engine               - profileDir: profiles/
14:37:47.542 [JavaFX Application Thread] DEBUG Engine               - globalSoundVolumeProperty: DoubleProperty [value: 0.5]
14:37:47.542 [JavaFX Application Thread] DEBUG Engine               - isDeveloperMenuEnabled: false
14:37:47.542 [JavaFX Application Thread] DEBUG Engine               - isBrowser: false
14:37:47.542 [JavaFX Application Thread] DEBUG Engine               - globalSoundVolume: 0.5
14:37:47.542 [JavaFX Application Thread] DEBUG Engine               - urlLeaderboard: http://fxgl-top.herokuapp.com/
14:37:47.542 [JavaFX Application Thread] DEBUG Engine               - saveDir: saves/
14:37:47.542 [JavaFX Application Thread] DEBUG Engine               - engineServices: [class com.almasb.fxgl.audio.AudioPlayer, class com.almasb.fxgl.notification.impl.NotificationServiceProvider, class com.almasb.fxgl.achievement.AchievementManager, class com.almasb.fxgl.cutscene.CutsceneService, class com.almasb.fxgl.minigames.MiniGameService]
14:37:47.542 [JavaFX Application Thread] DEBUG Engine               - globalMusicVolume: 0.5
14:37:47.542 [JavaFX Application Thread] DEBUG Engine               - width: 1050
14:37:47.542 [JavaFX Application Thread] DEBUG Engine               - saveFileExt: .sav
14:37:47.542 [JavaFX Application Thread] DEBUG Engine               - isAndroid: false
14:37:47.542 [JavaFX Application Thread] DEBUG Engine               - fontUI: VarelaRound-Regular.ttf
14:37:47.543 [JavaFX Application Thread] DEBUG Engine               - enabledMenuItems: []
14:37:47.543 [JavaFX Application Thread] DEBUG Engine               - isIOS: false
14:37:47.545 [JavaFX Application Thread] DEBUG Engine               - Adding new engine service: class com.almasb.fxgl.audio.AudioPlayer
14:37:47.546 [JavaFX Application Thread] DEBUG Engine               - Adding new engine service: class com.almasb.fxgl.notification.impl.NotificationServiceProvider
14:37:47.546 [JavaFX Application Thread] DEBUG Engine               - Adding new engine service: class com.almasb.fxgl.achievement.AchievementManager
14:37:47.547 [JavaFX Application Thread] DEBUG Engine               - Adding new engine service: class com.almasb.fxgl.cutscene.CutsceneService
14:37:47.547 [JavaFX Application Thread] DEBUG Engine               - Adding new engine service: class com.almasb.fxgl.minigames.MiniGameService
14:37:47.550 [JavaFX Application Thread] DEBUG Engine               - Loading localizations
14:37:47.552 [JavaFX Application Thread] DEBUG AssetLoader          - Loading from file system: /assets/properties/languages/english.properties
14:37:47.554 [JavaFX Application Thread] DEBUG AssetLoader          - Loading from file system: /assets/properties/languages/french.properties
14:37:47.555 [JavaFX Application Thread] DEBUG AssetLoader          - Loading from file system: /assets/properties/languages/german.properties
14:37:47.556 [JavaFX Application Thread] DEBUG AssetLoader          - Loading from file system: /assets/properties/languages/russian.properties
14:37:47.558 [JavaFX Application Thread] DEBUG AssetLoader          - Loading from file system: /assets/properties/languages/hungarian.properties
14:37:47.559 [JavaFX Application Thread] DEBUG Engine               - Registering font factories
14:37:47.560 [JavaFX Application Thread] DEBUG AssetLoader          - Loading from file system: /assets/ui/fonts/VarelaRound-Regular.ttf
14:37:47.717 [JavaFX Application Thread] DEBUG AssetLoader          - Loading from file system: /assets/ui/fonts/Abel-Regular.ttf
14:37:47.720 [JavaFX Application Thread] DEBUG AssetLoader          - Loading from file system: /assets/ui/fonts/lucida_console.ttf
14:37:47.725 [JavaFX Application Thread] DEBUG AssetLoader          - Loading from file system: /assets/ui/fonts/Courier-Prime.ttf
14:37:47.728 [JavaFX Application Thread] DEBUG Engine               - Setting UI factory
14:37:47.817 [JavaFX Application Thread] DEBUG AssetLoader          - Loading from file system: /assets/textures/fxgl_logo.png
14:37:47.872 [JavaFX Application Thread] DEBUG MainWindow           - Creating a JavaFX scene
14:37:47.918 [JavaFX Application Thread] DEBUG MainWindow           - Target settings size: 1050.0 x 700.0
14:37:47.918 [JavaFX Application Thread] DEBUG MainWindow           - Scaled scene size:    1050.0 x 700.0
14:37:47.919 [JavaFX Application Thread] DEBUG MainWindow           - Scaled ratio: (1.0, 1.0)
14:37:47.920 [JavaFX Application Thread] DEBUG MainWindow           - Set initial scene to FXGLStartupScene
14:37:47.927 [JavaFX Application Thread] DEBUG AssetLoader          - Loading from file system: /assets/textures/fxgl_icon.png
14:37:47.938 [JavaFX Application Thread] DEBUG Engine               - Applying CSS: fxgl_dark.css
14:37:47.939 [JavaFX Application Thread] DEBUG AssetLoader          - Loading from file system: /assets/ui/css/fxgl_dark.css
14:37:47.942 [JavaFX Application Thread] DEBUG AssetLoader          - Loading from file system: /assets/ui/cursors/fxgl_default.png
14:37:47.943 [JavaFX Application Thread] DEBUG MainWindow           - Opening main window
14:37:48.088 [JavaFX Application Thread] DEBUG MainWindow           - Window border size: (16.0, 39.0)
14:37:48.088 [JavaFX Application Thread] DEBUG MainWindow           - Scaled size: 1050.0 x 700.0
14:37:48.088 [JavaFX Application Thread] DEBUG MainWindow           - Scaled ratio: (1.0, 1.0)
14:37:48.088 [JavaFX Application Thread] DEBUG MainWindow           - Scene size: 1050.0 x 700.0
14:37:48.088 [JavaFX Application Thread] DEBUG MainWindow           - Stage size: 1066.0 x 739.0
14:37:48.151 [FXGL Background Thread 1 ] DEBUG FS                   - Loaded FSServiceImpl
14:37:48.151 [FXGL Background Thread 1 ] DEBUG Engine               - Loading FXGL system data
14:37:48.155 [FXGL Background Thread 1 ] DEBUG FSServiceImpl        - Reading from: G:\Desk\Projects\FXGLPlatformer\system\fxgl.bundle
14:37:48.171 [FXGL Background Thread 1 ] DEBUG Engine               - Bundle FXGL: {}
14:37:48.171 [FXGL Background Thread 1 ] DEBUG Engine               - Initializing application scenes
14:37:48.228 [FXGL Background Thread 1 ] DEBUG GameWorld            - Game world initialized
14:37:48.264 [FXGL Background Thread 1 ] DEBUG PhysicsWorld         - Physics world initialized: appHeight=700, physics.ppm=50.0
14:37:48.265 [FXGL Background Thread 1 ] DEBUG GameScene            - Game scene initialized: 1050x700
14:37:48.298 [FXGL Background Thread 1 ] DEBUG Input                - Registered new binding: Resume - Esc
14:37:48.298 [FXGL Background Thread 1 ] DEBUG AssetLoader          - Loading from file system: /assets/textures/pause_menu_bg.png
14:37:48.321 [FXGL Background Thread 1 ] DEBUG Input                - Registered new binding: Pause - Esc
14:37:48.322 [FXGL Background Thread 1 ] DEBUG Engine               - Application scenes initialized
14:37:48.325 [JavaFX Application Thread] DEBUG Engine               - Running preInit()
14:37:48.325 [JavaFX Application Thread] DEBUG Input                - Registered new binding: Right - D
14:37:48.325 [JavaFX Application Thread] DEBUG Input                - Registered new binding: Left - A
14:37:48.325 [JavaFX Application Thread] DEBUG Input                - Registered new binding: Jump - Space
14:37:48.325 [JavaFX Application Thread] DEBUG Input                - Registered new binding: Play Sound - F
14:37:48.326 [JavaFX Application Thread] DEBUG Input                - Registered new binding: Screenshot - P
14:37:48.326 [JavaFX Application Thread] DEBUG Input                - Registered new binding: System info dump - CTRL+9
14:37:48.326 [JavaFX Application Thread] DEBUG Input                - Registered new binding: Restart - CTRL+R
14:37:48.327 [JavaFX Application Thread] DEBUG Engine               - generateDefaultProfile()
14:37:48.327 [JavaFX Application Thread] DEBUG Engine               - Creating default profile
14:37:48.327 [JavaFX Application Thread] DEBUG EventBus             - Firing event: SaveEvent
14:37:48.339 [JavaFX Application Thread] INFO  Engine               - FXGL initialization took: 0.789 sec
14:37:48.340 [JavaFX Application Thread] DEBUG LoopRunner           - Starting loop
14:37:48.360 [JavaFX Application Thread] DEBUG FXGLStartupScene     - STARTUP
14:37:48.360 [JavaFX Application Thread] DEBUG Engine               - Starting new game
14:37:48.367 [JavaFX Application Thread] DEBUG Input                - Clearing active input actions
14:37:48.368 [FXGL Background Thread 1 ] DEBUG InitAppTask          - Clearing previous game
14:37:48.368 [FXGL Background Thread 1 ] DEBUG GameWorld            - Clearing game world
14:37:48.370 [FXGL Background Thread 1 ] DEBUG PhysicsWorld         - Clearing physics world
14:37:48.370 [FXGL Background Thread 1 ] DEBUG GameScene            - Clearing game scene
14:37:48.375 [FXGL Background Thread 1 ] DEBUG InitAppTask          - Initializing Game
14:37:48.377 [JavaFX Application Thread] DEBUG Engine               - Removing overlay from FXGLStartupScene and adding to LoadingScene
14:37:48.378 [JavaFX Application Thread] DEBUG MainWindow           - FXGLStartupScene -> LoadingScene
14:37:48.383 [FXGL Background Thread 1 ] DEBUG AssetLoader          - Loading from file system: /assets/levels/TestLevel.tmx
14:37:48.412 [FXGL Background Thread 1 ] WARN  TMXLevelLoader       - TiledMap generated from 1.3.4. Supported version: 1.2.3. Some features may not be parsed fully.
14:37:48.434 [FXGL Background Thread 1 ] DEBUG TMXLevelLoader       - Parsed raw map: TiledMap(width=15, height=10, tilewidth=64, tileheight=64, orientation=orthogonal, layers=[Layer(width=15, height=10, name=Kachelebene 1, type=tilelayer, visible=false, x=0, y=0, data=[4, 25, 25, 25, 25, 25, 25, 25, 25, 25, 25, 25, 25, 25, 5, 27, 0, 0, 0, 0, 0, 0, 0, 0, 0, 0, 0, 0, 0, 26, 27, 0, 0, 0, 0, 0, 0, 0, 0, 0, 0, 0, 0, 0, 26, 27, 0, 0, 0, 0, 0, 0, 0, 0, 0, 0, 0, 0, 0, 26, 27, 0, 0, 0, 0, 0, 0, 0, 0, 0, 0, 0, 0, 0, 26, 27, 0, 0, 0, 0, 0, 0, 0, 0, 0, 37, 38, 38, 39, 26, 27, 0, 0, 0, 0, 0, 0, 37, 38, 39, 0, 0, 0, 0, 26, 27, 0, 0, 37, 38, 39, 0, 0, 0, 0, 0, 0, 0, 0, 26, 27, 0, 0, 0, 0, 0, 0, 0, 0, 0, 0, 0, 0, 0, 26, 16, 1, 1, 1, 1, 1, 1, 1, 1, 1, 1, 1, 1, 1, 17], objects=[], opacity=0.0, draworder=), Layer(width=0, height=0, name=Objektebene 1, type=objectgroup, visible=false, x=0, y=0, data=[], objects=[com.almasb.fxgl.entity.level.tiled.TiledObject@b73040a, com.almasb.fxgl.entity.level.tiled.TiledObject@5a27ce3e, com.almasb.fxgl.entity.level.tiled.TiledObject@58786745, com.almasb.fxgl.entity.level.tiled.TiledObject@1c7b8974, com.almasb.fxgl.entity.level.tiled.TiledObject@fbb8da5, com.almasb.fxgl.entity.level.tiled.TiledObject@6b89f452, com.almasb.fxgl.entity.level.tiled.TiledObject@70d0e429, com.almasb.fxgl.entity.level.tiled.TiledObject@3020e36e, com.almasb.fxgl.entity.level.tiled.TiledObject@63a5966a, com.almasb.fxgl.entity.level.tiled.TiledObject@472ad528, com.almasb.fxgl.entity.level.tiled.TiledObject@30ac9048, com.almasb.fxgl.entity.level.tiled.TiledObject@7a02ea0], opacity=0.0, draworder=)], tilesets=[Tileset(firstgid=1, image=C:/Users/Jordan/Desktop/forest.png, name=Forrest, tilewidth=64, tileheight=64, imagewidth=768, imageheight=256, margin=0, spacing=0, columns=12, tilecount=48, transparentcolor=)], backgroundcolor=, renderorder=right-down, nextobjectid=31, version=1, tiledversion=1.3.4, type=map, infinite=false, properties={}, propertytypes={})
14:37:48.435 [FXGL Background Thread 1 ] DEBUG TMXLevelLoader       - Creating tile layer entities
14:37:48.436 [FXGL Background Thread 1 ] DEBUG TilesetLoader        - Loading view for layer Kachelebene 1
14:37:48.440 [FXGL Background Thread 1 ] DEBUG TilesetLoader        - Created buffer with size 960.0x640.0
14:37:48.444 [FXGL Background Thread 1 ] DEBUG TilesetLoader        - Writing to buffer: dst=0,0, w=64,h=64, src=192,0
14:37:48.445 [FXGL Background Thread 1 ] DEBUG TilesetLoader        - Writing to buffer: dst=64,0, w=64,h=64, src=0,128
14:37:48.445 [FXGL Background Thread 1 ] DEBUG TilesetLoader        - Writing to buffer: dst=128,0, w=64,h=64, src=0,128
14:37:48.446 [FXGL Background Thread 1 ] DEBUG TilesetLoader        - Writing to buffer: dst=192,0, w=64,h=64, src=0,128
14:37:48.446 [FXGL Background Thread 1 ] DEBUG TilesetLoader        - Writing to buffer: dst=256,0, w=64,h=64, src=0,128
14:37:48.446 [FXGL Background Thread 1 ] DEBUG TilesetLoader        - Writing to buffer: dst=320,0, w=64,h=64, src=0,128
14:37:48.446 [FXGL Background Thread 1 ] DEBUG TilesetLoader        - Writing to buffer: dst=384,0, w=64,h=64, src=0,128
14:37:48.446 [FXGL Background Thread 1 ] DEBUG TilesetLoader        - Writing to buffer: dst=448,0, w=64,h=64, src=0,128
14:37:48.446 [FXGL Background Thread 1 ] DEBUG TilesetLoader        - Writing to buffer: dst=512,0, w=64,h=64, src=0,128
14:37:48.446 [FXGL Background Thread 1 ] DEBUG TilesetLoader        - Writing to buffer: dst=576,0, w=64,h=64, src=0,128
14:37:48.446 [FXGL Background Thread 1 ] DEBUG TilesetLoader        - Writing to buffer: dst=640,0, w=64,h=64, src=0,128
14:37:48.446 [FXGL Background Thread 1 ] DEBUG TilesetLoader        - Writing to buffer: dst=704,0, w=64,h=64, src=0,128
14:37:48.446 [FXGL Background Thread 1 ] DEBUG TilesetLoader        - Writing to buffer: dst=768,0, w=64,h=64, src=0,128
14:37:48.446 [FXGL Background Thread 1 ] DEBUG TilesetLoader        - Writing to buffer: dst=832,0, w=64,h=64, src=0,128
14:37:48.446 [FXGL Background Thread 1 ] DEBUG TilesetLoader        - Writing to buffer: dst=896,0, w=64,h=64, src=256,0
14:37:48.446 [FXGL Background Thread 1 ] DEBUG TilesetLoader        - Writing to buffer: dst=0,64, w=64,h=64, src=128,128
14:37:48.446 [FXGL Background Thread 1 ] DEBUG TilesetLoader        - Writing to buffer: dst=896,64, w=64,h=64, src=64,128
14:37:48.446 [FXGL Background Thread 1 ] DEBUG TilesetLoader        - Writing to buffer: dst=0,128, w=64,h=64, src=128,128
14:37:48.447 [FXGL Background Thread 1 ] DEBUG TilesetLoader        - Writing to buffer: dst=896,128, w=64,h=64, src=64,128
14:37:48.447 [FXGL Background Thread 1 ] DEBUG TilesetLoader        - Writing to buffer: dst=0,192, w=64,h=64, src=128,128
14:37:48.447 [FXGL Background Thread 1 ] DEBUG TilesetLoader        - Writing to buffer: dst=896,192, w=64,h=64, src=64,128
14:37:48.447 [FXGL Background Thread 1 ] DEBUG TilesetLoader        - Writing to buffer: dst=0,256, w=64,h=64, src=128,128
14:37:48.447 [FXGL Background Thread 1 ] DEBUG TilesetLoader        - Writing to buffer: dst=896,256, w=64,h=64, src=64,128
14:37:48.447 [FXGL Background Thread 1 ] DEBUG TilesetLoader        - Writing to buffer: dst=0,320, w=64,h=64, src=128,128
14:37:48.447 [FXGL Background Thread 1 ] DEBUG TilesetLoader        - Writing to buffer: dst=640,320, w=64,h=64, src=0,192
14:37:48.447 [FXGL Background Thread 1 ] DEBUG TilesetLoader        - Writing to buffer: dst=704,320, w=64,h=64, src=64,192
14:37:48.447 [FXGL Background Thread 1 ] DEBUG TilesetLoader        - Writing to buffer: dst=768,320, w=64,h=64, src=64,192
14:37:48.447 [FXGL Background Thread 1 ] DEBUG TilesetLoader        - Writing to buffer: dst=832,320, w=64,h=64, src=128,192
14:37:48.447 [FXGL Background Thread 1 ] DEBUG TilesetLoader        - Writing to buffer: dst=896,320, w=64,h=64, src=64,128
14:37:48.447 [FXGL Background Thread 1 ] DEBUG TilesetLoader        - Writing to buffer: dst=0,384, w=64,h=64, src=128,128
14:37:48.447 [FXGL Background Thread 1 ] DEBUG TilesetLoader        - Writing to buffer: dst=448,384, w=64,h=64, src=0,192
14:37:48.447 [FXGL Background Thread 1 ] DEBUG TilesetLoader        - Writing to buffer: dst=512,384, w=64,h=64, src=64,192
14:37:48.447 [FXGL Background Thread 1 ] DEBUG TilesetLoader        - Writing to buffer: dst=576,384, w=64,h=64, src=128,192
14:37:48.447 [FXGL Background Thread 1 ] DEBUG TilesetLoader        - Writing to buffer: dst=896,384, w=64,h=64, src=64,128
14:37:48.447 [FXGL Background Thread 1 ] DEBUG TilesetLoader        - Writing to buffer: dst=0,448, w=64,h=64, src=128,128
14:37:48.448 [FXGL Background Thread 1 ] DEBUG TilesetLoader        - Writing to buffer: dst=192,448, w=64,h=64, src=0,192
14:37:48.448 [FXGL Background Thread 1 ] DEBUG TilesetLoader        - Writing to buffer: dst=256,448, w=64,h=64, src=64,192
14:37:48.448 [FXGL Background Thread 1 ] DEBUG TilesetLoader        - Writing to buffer: dst=320,448, w=64,h=64, src=128,192
14:37:48.448 [FXGL Background Thread 1 ] DEBUG TilesetLoader        - Writing to buffer: dst=896,448, w=64,h=64, src=64,128
14:37:48.448 [FXGL Background Thread 1 ] DEBUG TilesetLoader        - Writing to buffer: dst=0,512, w=64,h=64, src=128,128
14:37:48.450 [FXGL Background Thread 1 ] DEBUG TilesetLoader        - Writing to buffer: dst=896,512, w=64,h=64, src=64,128
14:37:48.452 [FXGL Background Thread 1 ] DEBUG TilesetLoader        - Writing to buffer: dst=0,576, w=64,h=64, src=192,64
14:37:48.452 [FXGL Background Thread 1 ] DEBUG TilesetLoader        - Writing to buffer: dst=64,576, w=64,h=64, src=0,0
14:37:48.452 [FXGL Background Thread 1 ] DEBUG TilesetLoader        - Writing to buffer: dst=128,576, w=64,h=64, src=0,0
14:37:48.452 [FXGL Background Thread 1 ] DEBUG TilesetLoader        - Writing to buffer: dst=192,576, w=64,h=64, src=0,0
14:37:48.452 [FXGL Background Thread 1 ] DEBUG TilesetLoader        - Writing to buffer: dst=256,576, w=64,h=64, src=0,0
14:37:48.453 [FXGL Background Thread 1 ] DEBUG TilesetLoader        - Writing to buffer: dst=320,576, w=64,h=64, src=0,0
14:37:48.453 [FXGL Background Thread 1 ] DEBUG TilesetLoader        - Writing to buffer: dst=384,576, w=64,h=64, src=0,0
14:37:48.453 [FXGL Background Thread 1 ] DEBUG TilesetLoader        - Writing to buffer: dst=448,576, w=64,h=64, src=0,0
14:37:48.453 [FXGL Background Thread 1 ] DEBUG TilesetLoader        - Writing to buffer: dst=512,576, w=64,h=64, src=0,0
14:37:48.453 [FXGL Background Thread 1 ] DEBUG TilesetLoader        - Writing to buffer: dst=576,576, w=64,h=64, src=0,0
14:37:48.453 [FXGL Background Thread 1 ] DEBUG TilesetLoader        - Writing to buffer: dst=640,576, w=64,h=64, src=0,0
14:37:48.453 [FXGL Background Thread 1 ] DEBUG TilesetLoader        - Writing to buffer: dst=704,576, w=64,h=64, src=0,0
14:37:48.453 [FXGL Background Thread 1 ] DEBUG TilesetLoader        - Writing to buffer: dst=768,576, w=64,h=64, src=0,0
14:37:48.453 [FXGL Background Thread 1 ] DEBUG TilesetLoader        - Writing to buffer: dst=832,576, w=64,h=64, src=0,0
14:37:48.453 [FXGL Background Thread 1 ] DEBUG TilesetLoader        - Writing to buffer: dst=896,576, w=64,h=64, src=256,64
14:37:48.453 [FXGL Background Thread 1 ] DEBUG TMXLevelLoader       - Creating object layer entities
14:37:48.497 [FXGL Background Thread 1 ] DEBUG GameWorld            - Clearing removable entities
14:37:48.498 [FXGL Background Thread 1 ] DEBUG GameWorld            - Setting level: com.almasb.fxgl.entity.level.Level@4d1560b0
14:37:48.520 [FXGL Background Thread 1 ] DEBUG AssetLoader          - Loading from file system: /assets/textures/Tests/PlayerDemoIcon.png
14:37:48.526 [FXGL Background Thread 1 ] DEBUG InitAppTask          - Initializing Physics
14:37:48.527 [FXGL Background Thread 1 ] DEBUG InitAppTask          - Initializing UI
14:37:48.529 [FXGL Background Thread 1 ] DEBUG InitAppTask          - Initialization Complete
14:37:48.529 [FXGL Background Thread 1 ] INFO  InitAppTask          - Game initialization took: 0.162 sec
14:37:48.531 [JavaFX Application Thread] DEBUG Input                - Clearing active input actions
14:37:48.548 [JavaFX Application Thread] DEBUG Engine               - Removing overlay from LoadingScene and adding to GameScene
14:37:48.548 [JavaFX Application Thread] DEBUG MainWindow           - LoadingScene -> GameScene
14:37:48.963 [JavaFX Application Thread] DEBUG AssetLoader          - Loading from file system: /assets/sounds/smw_1-up.wav
14:37:58.153 [JavaFX Application Thread] DEBUG Engine               - Exiting FXGL
14:37:58.153 [JavaFX Application Thread] DEBUG Engine               - Shutting down background threads
14:37:58.154 [JavaFX Application Thread] DEBUG Engine               - Saving FXGL system data
14:37:58.156 [JavaFX Application Thread] DEBUG FSServiceImpl        - Writing to: G:\Desk\Projects\FXGLPlatformer\system\fxgl.bundle
14:37:58.157 [JavaFX Application Thread] DEBUG Engine               - Closing logger and exiting JavaFX
