12:41:08.436 [main                     ] DEBUG GameApplication      - Logger initialized
12:41:08.456 [main                     ] DEBUG GameApplication      - Logging settings
Title: JumpToBeat-Demo
Version: 0.1
Width: 600
Height: 600
Fullscreen: false
Intro: false
Menus: false
Profiling: false
Single step:false
App Mode: DEVELOPER
Menu Key: ESCAPE
Stage Style: DECORATED
Scene Factory: class com.almasb.fxgl.app.SceneFactory
Dialog Factory: class com.almasb.fxgl.ui.FXGLDialogFactory
UI Factory: class com.almasb.fxgl.ui.FXGLUIFactory

12:41:09.217 [JavaFX Application Thread] DEBUG Engine               - Initializing FXGL
12:41:09.218 [JavaFX Application Thread] INFO  Engine               - FXGL-11.7 (05.01.2020 09.37) on WINDOWS (J:11.0.5 FX:12.0.1)
12:41:09.219 [JavaFX Application Thread] INFO  Engine               - Source code and latest versions at: https://github.com/AlmasB/FXGL
12:41:09.221 [JavaFX Application Thread] INFO  Engine               -              Join the FXGL chat at: https://gitter.im/AlmasB/FXGL
12:41:09.222 [JavaFX Application Thread] DEBUG Engine               - Initializing environment variables
12:41:09.225 [JavaFX Application Thread] DEBUG Engine               - Logging environment variables
12:41:09.226 [JavaFX Application Thread] DEBUG Engine               - achievements: []
12:41:09.226 [JavaFX Application Thread] DEBUG Engine               - sceneStack: com.almasb.fxgl.app.Engine@5642701d
12:41:09.227 [JavaFX Application Thread] DEBUG Engine               - isCloseConfirmation: false
12:41:09.227 [JavaFX Application Thread] DEBUG Engine               - language: ObjectProperty [value: ENGLISH]
12:41:09.227 [JavaFX Application Thread] DEBUG Engine               - isProfilingEnabled: false
12:41:09.228 [JavaFX Application Thread] DEBUG Engine               - soundNotification: core/notification.wav
12:41:09.228 [JavaFX Application Thread] DEBUG Engine               - devShowBBoxProperty: BooleanProperty [value: false]
12:41:09.229 [JavaFX Application Thread] DEBUG Engine               - pixelsPerMeter: 50.0
12:41:09.229 [JavaFX Application Thread] DEBUG Engine               - overlayRoot: Group@2d2f3013
12:41:09.229 [JavaFX Application Thread] DEBUG Engine               - appIcon: fxgl_icon.png
12:41:09.230 [JavaFX Application Thread] DEBUG Engine               - soundMenuBack: menu/back.wav
12:41:09.230 [JavaFX Application Thread] DEBUG Engine               - isFullScreenAllowed: false
12:41:09.230 [JavaFX Application Thread] DEBUG Engine               - isIntroEnabled: false
12:41:09.230 [JavaFX Application Thread] DEBUG Engine               - eventBus: com.almasb.fxgl.event.EventBus@110761ac
12:41:09.230 [JavaFX Application Thread] DEBUG Engine               - fontMono: lucida_console.ttf
12:41:09.230 [JavaFX Application Thread] DEBUG Engine               - soundMenuSelect: menu/select.wav
12:41:09.230 [JavaFX Application Thread] DEBUG Engine               - isWindows: true
12:41:09.230 [JavaFX Application Thread] DEBUG Engine               - isMobile: false
12:41:09.230 [JavaFX Application Thread] DEBUG Engine               - height: 600
12:41:09.230 [JavaFX Application Thread] DEBUG Engine               - isExperimentalNative: false
12:41:09.231 [JavaFX Application Thread] DEBUG Engine               - cSSList: [fxgl_dark.css]
12:41:09.231 [JavaFX Application Thread] DEBUG Engine               - isSingleStep: false
12:41:09.231 [JavaFX Application Thread] DEBUG Engine               - fontGame: Abel-Regular.ttf
12:41:09.231 [JavaFX Application Thread] DEBUG Engine               - menuKey: ESCAPE
12:41:09.231 [JavaFX Application Thread] DEBUG Engine               - devShowPositionProperty: BooleanProperty [value: false]
12:41:09.231 [JavaFX Application Thread] DEBUG Engine               - versionCheckDays: 7
12:41:09.231 [JavaFX Application Thread] DEBUG Engine               - masterTimer: com.almasb.fxgl.time.Timer@54803909
12:41:09.231 [JavaFX Application Thread] DEBUG Engine               - configClass: Optional.empty
12:41:09.231 [JavaFX Application Thread] DEBUG Engine               - isFullScreenFromStart: false
12:41:09.231 [JavaFX Application Thread] DEBUG Engine               - version: 0.1
12:41:09.231 [JavaFX Application Thread] DEBUG Engine               - fullScreen: BooleanProperty [value: false]
12:41:09.232 [JavaFX Application Thread] DEBUG Engine               - randomSeed: -1
12:41:09.232 [JavaFX Application Thread] DEBUG Engine               - dialogFactory: com.almasb.fxgl.ui.FXGLDialogFactory@476a4827
12:41:09.232 [JavaFX Application Thread] DEBUG Engine               - applicationMode: DEVELOPER
12:41:09.232 [JavaFX Application Thread] DEBUG Engine               - isMac: false
12:41:09.232 [JavaFX Application Thread] DEBUG Engine               - urlGoogleForms: https://goo.gl/forms/6wrMnOBxTE1fEpOy2
12:41:09.232 [JavaFX Application Thread] DEBUG Engine               - isMenuEnabled: false
12:41:09.232 [JavaFX Application Thread] DEBUG Engine               - profileName: user.profile
12:41:09.232 [JavaFX Application Thread] DEBUG Engine               - urlPOM: https://raw.githubusercontent.com/AlmasB/FXGL/master/pom.xml
12:41:09.233 [JavaFX Application Thread] DEBUG Engine               - notificationViewClass: class com.almasb.fxgl.notification.view.XboxNotificationView
12:41:09.233 [JavaFX Application Thread] DEBUG Engine               - devSensorColorProperty: ObjectProperty [value: 0xffff00ff]
12:41:09.233 [JavaFX Application Thread] DEBUG Engine               - sceneFactory: com.almasb.fxgl.app.SceneFactory@13914771
12:41:09.233 [JavaFX Application Thread] DEBUG Engine               - dataFileExt: .dat
12:41:09.233 [JavaFX Application Thread] DEBUG Engine               - stageStyle: DECORATED
12:41:09.233 [JavaFX Application Thread] DEBUG Engine               - isManualResizeEnabled: false
12:41:09.233 [JavaFX Application Thread] DEBUG Engine               - title: JumpToBeat-Demo
12:41:09.233 [JavaFX Application Thread] DEBUG Engine               - platform: WINDOWS
12:41:09.233 [JavaFX Application Thread] DEBUG Engine               - devBBoxColorProperty: ObjectProperty [value: 0xff0000ff]
12:41:09.233 [JavaFX Application Thread] DEBUG Engine               - isDesktop: true
12:41:09.234 [JavaFX Application Thread] DEBUG Engine               - globalMusicVolumeProperty: DoubleProperty [value: 0.5]
12:41:09.234 [JavaFX Application Thread] DEBUG Engine               - credits: []
12:41:09.234 [JavaFX Application Thread] DEBUG Engine               - isPreserveResizeRatio: false
12:41:09.234 [JavaFX Application Thread] DEBUG Engine               - uIFactory: com.almasb.fxgl.ui.FXGLUIFactory@39b14eae
12:41:09.234 [JavaFX Application Thread] DEBUG Engine               - fontText: Courier-Prime.ttf
12:41:09.234 [JavaFX Application Thread] DEBUG Engine               - isExperimentalTiledLargeMap: false
12:41:09.234 [JavaFX Application Thread] DEBUG Engine               - secondsIn24h: 60
12:41:09.234 [JavaFX Application Thread] DEBUG Engine               - runtimeInfo: RuntimeInfo(platform=WINDOWS, version=11.7, build=05.01.2020 09.37)
12:41:09.234 [JavaFX Application Thread] DEBUG Engine               - isLinux: false
12:41:09.234 [JavaFX Application Thread] DEBUG Engine               - soundMenuPress: menu/press.wav
12:41:09.234 [JavaFX Application Thread] DEBUG Engine               - urlGithub: https://github.com/AlmasB/FXGL
12:41:09.234 [JavaFX Application Thread] DEBUG Engine               - profileDir: profiles/
12:41:09.235 [JavaFX Application Thread] DEBUG Engine               - isDeveloperMenuEnabled: false
12:41:09.235 [JavaFX Application Thread] DEBUG Engine               - globalSoundVolumeProperty: DoubleProperty [value: 0.5]
12:41:09.235 [JavaFX Application Thread] DEBUG Engine               - isBrowser: false
12:41:09.235 [JavaFX Application Thread] DEBUG Engine               - globalSoundVolume: 0.5
12:41:09.235 [JavaFX Application Thread] DEBUG Engine               - urlLeaderboard: http://fxgl-top.herokuapp.com/
12:41:09.235 [JavaFX Application Thread] DEBUG Engine               - saveDir: saves/
12:41:09.235 [JavaFX Application Thread] DEBUG Engine               - engineServices: [class com.almasb.fxgl.audio.AudioPlayer, class com.almasb.fxgl.notification.impl.NotificationServiceProvider, class com.almasb.fxgl.achievement.AchievementManager, class com.almasb.fxgl.cutscene.CutsceneService, class com.almasb.fxgl.minigames.MiniGameService]
12:41:09.235 [JavaFX Application Thread] DEBUG Engine               - globalMusicVolume: 0.5
12:41:09.235 [JavaFX Application Thread] DEBUG Engine               - width: 600
12:41:09.235 [JavaFX Application Thread] DEBUG Engine               - saveFileExt: .sav
12:41:09.235 [JavaFX Application Thread] DEBUG Engine               - isAndroid: false
12:41:09.235 [JavaFX Application Thread] DEBUG Engine               - fontUI: VarelaRound-Regular.ttf
12:41:09.236 [JavaFX Application Thread] DEBUG Engine               - enabledMenuItems: []
12:41:09.236 [JavaFX Application Thread] DEBUG Engine               - isIOS: false
12:41:09.238 [JavaFX Application Thread] DEBUG Engine               - Adding new engine service: class com.almasb.fxgl.audio.AudioPlayer
12:41:09.239 [JavaFX Application Thread] DEBUG Engine               - Adding new engine service: class com.almasb.fxgl.notification.impl.NotificationServiceProvider
12:41:09.240 [JavaFX Application Thread] DEBUG Engine               - Adding new engine service: class com.almasb.fxgl.achievement.AchievementManager
12:41:09.246 [JavaFX Application Thread] DEBUG Engine               - Adding new engine service: class com.almasb.fxgl.cutscene.CutsceneService
12:41:09.246 [JavaFX Application Thread] DEBUG Engine               - Adding new engine service: class com.almasb.fxgl.minigames.MiniGameService
12:41:09.249 [JavaFX Application Thread] DEBUG Engine               - Loading localizations
12:41:09.251 [JavaFX Application Thread] DEBUG AssetLoader          - Loading from file system: /assets/properties/languages/english.properties
12:41:09.255 [JavaFX Application Thread] DEBUG AssetLoader          - Loading from file system: /assets/properties/languages/french.properties
12:41:09.258 [JavaFX Application Thread] DEBUG AssetLoader          - Loading from file system: /assets/properties/languages/german.properties
12:41:09.261 [JavaFX Application Thread] DEBUG AssetLoader          - Loading from file system: /assets/properties/languages/russian.properties
12:41:09.264 [JavaFX Application Thread] DEBUG AssetLoader          - Loading from file system: /assets/properties/languages/hungarian.properties
12:41:09.267 [JavaFX Application Thread] DEBUG Engine               - Registering font factories
12:41:09.271 [JavaFX Application Thread] DEBUG AssetLoader          - Loading from file system: /assets/ui/fonts/VarelaRound-Regular.ttf
12:41:09.470 [JavaFX Application Thread] DEBUG AssetLoader          - Loading from file system: /assets/ui/fonts/Abel-Regular.ttf
12:41:09.473 [JavaFX Application Thread] DEBUG AssetLoader          - Loading from file system: /assets/ui/fonts/lucida_console.ttf
12:41:09.479 [JavaFX Application Thread] DEBUG AssetLoader          - Loading from file system: /assets/ui/fonts/Courier-Prime.ttf
12:41:09.484 [JavaFX Application Thread] DEBUG Engine               - Setting UI factory
12:41:09.666 [JavaFX Application Thread] DEBUG AssetLoader          - Loading from file system: /assets/textures/fxgl_logo.png
12:41:09.750 [JavaFX Application Thread] DEBUG MainWindow           - Creating a JavaFX scene
12:41:09.798 [JavaFX Application Thread] DEBUG MainWindow           - Target settings size: 600.0 x 600.0
12:41:09.798 [JavaFX Application Thread] DEBUG MainWindow           - Scaled scene size:    600.0 x 600.0
12:41:09.798 [JavaFX Application Thread] DEBUG MainWindow           - Scaled ratio: (1.0, 1.0)
12:41:09.799 [JavaFX Application Thread] DEBUG MainWindow           - Set initial scene to FXGLStartupScene
12:41:09.806 [JavaFX Application Thread] DEBUG AssetLoader          - Loading from file system: /assets/textures/fxgl_icon.png
12:41:09.818 [JavaFX Application Thread] DEBUG Engine               - Applying CSS: fxgl_dark.css
12:41:09.818 [JavaFX Application Thread] DEBUG AssetLoader          - Loading from file system: /assets/ui/css/fxgl_dark.css
12:41:09.821 [JavaFX Application Thread] DEBUG AssetLoader          - Loading from file system: /assets/ui/cursors/fxgl_default.png
12:41:09.823 [JavaFX Application Thread] DEBUG MainWindow           - Opening main window
12:41:09.970 [JavaFX Application Thread] DEBUG MainWindow           - Window border size: (16.0, 39.0)
12:41:09.970 [JavaFX Application Thread] DEBUG MainWindow           - Scaled size: 600.0 x 600.0
12:41:09.970 [JavaFX Application Thread] DEBUG MainWindow           - Scaled ratio: (1.0, 1.0)
12:41:09.971 [JavaFX Application Thread] DEBUG MainWindow           - Scene size: 600.0 x 600.0
12:41:09.971 [JavaFX Application Thread] DEBUG MainWindow           - Stage size: 616.0 x 639.0
12:41:10.038 [FXGL Background Thread 1 ] DEBUG FS                   - Loaded FSServiceImpl
12:41:10.039 [FXGL Background Thread 1 ] DEBUG Engine               - Loading FXGL system data
12:41:10.043 [FXGL Background Thread 1 ] DEBUG FSServiceImpl        - Reading from: G:\Desk\Projects\FXGLPlatformer\system\fxgl.bundle
12:41:10.058 [FXGL Background Thread 1 ] DEBUG Engine               - Bundle FXGL: {}
12:41:10.058 [FXGL Background Thread 1 ] DEBUG Engine               - Initializing application scenes
12:41:10.084 [FXGL Background Thread 1 ] DEBUG GameWorld            - Game world initialized
12:41:10.127 [FXGL Background Thread 1 ] DEBUG PhysicsWorld         - Physics world initialized: appHeight=600, physics.ppm=50.0
12:41:10.129 [FXGL Background Thread 1 ] DEBUG GameScene            - Game scene initialized: 600x600
12:41:10.168 [FXGL Background Thread 1 ] DEBUG Input                - Registered new binding: Resume - Esc
12:41:10.169 [FXGL Background Thread 1 ] DEBUG AssetLoader          - Loading from file system: /assets/textures/pause_menu_bg.png
12:41:10.190 [FXGL Background Thread 1 ] DEBUG Input                - Registered new binding: Pause - Esc
12:41:10.190 [FXGL Background Thread 1 ] DEBUG Engine               - Application scenes initialized
12:41:10.194 [JavaFX Application Thread] DEBUG Engine               - Running preInit()
12:41:10.194 [JavaFX Application Thread] DEBUG Input                - Registered new binding: Move Right - D
12:41:10.195 [JavaFX Application Thread] DEBUG Input                - Registered new binding: Move Left - A
12:41:10.195 [JavaFX Application Thread] DEBUG Input                - Registered new binding: Move Down - S
12:41:10.195 [JavaFX Application Thread] DEBUG Input                - Registered new binding: Move Up - W
12:41:10.195 [JavaFX Application Thread] DEBUG Input                - Registered new binding: Play Sound - F
12:41:10.195 [JavaFX Application Thread] DEBUG Input                - Registered new binding: Screenshot - P
12:41:10.196 [JavaFX Application Thread] DEBUG Input                - Registered new binding: System info dump - CTRL+9
12:41:10.196 [JavaFX Application Thread] DEBUG Input                - Registered new binding: Restart - CTRL+R
12:41:10.196 [JavaFX Application Thread] DEBUG Engine               - generateDefaultProfile()
12:41:10.196 [JavaFX Application Thread] DEBUG Engine               - Creating default profile
12:41:10.196 [JavaFX Application Thread] DEBUG EventBus             - Firing event: SaveEvent
12:41:10.206 [JavaFX Application Thread] INFO  Engine               - FXGL initialization took: 0.956 sec
12:41:10.206 [JavaFX Application Thread] DEBUG LoopRunner           - Starting loop
12:41:10.218 [JavaFX Application Thread] DEBUG FXGLStartupScene     - STARTUP
12:41:10.218 [JavaFX Application Thread] DEBUG Engine               - Starting new game
12:41:10.225 [JavaFX Application Thread] DEBUG Input                - Clearing active input actions
12:41:10.226 [FXGL Background Thread 1 ] DEBUG InitAppTask          - Clearing previous game
12:41:10.226 [FXGL Background Thread 1 ] DEBUG GameWorld            - Clearing game world
12:41:10.227 [FXGL Background Thread 1 ] DEBUG PhysicsWorld         - Clearing physics world
12:41:10.233 [FXGL Background Thread 1 ] DEBUG GameScene            - Clearing game scene
12:41:10.234 [FXGL Background Thread 1 ] DEBUG InitAppTask          - Initializing Game
12:41:10.235 [JavaFX Application Thread] DEBUG Engine               - Removing overlay from FXGLStartupScene and adding to LoadingScene
12:41:10.235 [JavaFX Application Thread] DEBUG MainWindow           - FXGLStartupScene -> LoadingScene
12:41:10.249 [FXGL Background Thread 1 ] DEBUG AssetLoader          - Loading from file system: /assets/textures/Girl_idle.png
12:41:10.256 [FXGL Background Thread 1 ] DEBUG AssetLoader          - Loading from file system: /assets/textures/Girl_walk.png
12:41:10.269 [FXGL Background Thread 1 ] DEBUG InitAppTask          - Initializing Physics
12:41:10.270 [FXGL Background Thread 1 ] DEBUG InitAppTask          - Initializing UI
12:41:10.272 [FXGL Background Thread 1 ] DEBUG InitAppTask          - Initialization Complete
12:41:10.272 [FXGL Background Thread 1 ] INFO  InitAppTask          - Game initialization took: 0.046 sec
12:41:10.299 [JavaFX Application Thread] DEBUG Input                - Clearing active input actions
12:41:10.306 [JavaFX Application Thread] DEBUG Engine               - Removing overlay from LoadingScene and adding to GameScene
12:41:10.306 [JavaFX Application Thread] DEBUG MainWindow           - LoadingScene -> GameScene
12:41:24.088 [JavaFX Application Thread] DEBUG AssetLoader          - Loading from file system: /assets/sounds/smw_1-up.wav
12:41:40.053 [JavaFX Application Thread] DEBUG Engine               - Exiting FXGL
12:41:40.053 [JavaFX Application Thread] DEBUG Engine               - Shutting down background threads
12:41:40.053 [JavaFX Application Thread] DEBUG Engine               - Saving FXGL system data
12:41:40.056 [JavaFX Application Thread] DEBUG FSServiceImpl        - Writing to: G:\Desk\Projects\FXGLPlatformer\system\fxgl.bundle
12:41:40.058 [JavaFX Application Thread] DEBUG Engine               - Closing logger and exiting JavaFX
