13:36:53.756 [main                     ] DEBUG GameApplication      - Logger initialized
13:36:53.777 [main                     ] DEBUG GameApplication      - Logging settings
Title: JumpToBeat-Demo
Version: 0.1
Width: 1050
Height: 700
Fullscreen: false
Intro: false
Menus: false
Profiling: false
Single step:false
App Mode: DEVELOPER
Menu Key: ESCAPE
Stage Style: DECORATED
Scene Factory: class com.almasb.fxgl.app.SceneFactory
Dialog Factory: class com.almasb.fxgl.ui.FXGLDialogFactory
UI Factory: class com.almasb.fxgl.ui.FXGLUIFactory

13:36:54.475 [JavaFX Application Thread] DEBUG Engine               - Initializing FXGL
13:36:54.475 [JavaFX Application Thread] INFO  Engine               - FXGL-11.7 (05.01.2020 09.37) on WINDOWS (J:11.0.5 FX:12.0.1)
13:36:54.475 [JavaFX Application Thread] INFO  Engine               - Source code and latest versions at: https://github.com/AlmasB/FXGL
13:36:54.476 [JavaFX Application Thread] INFO  Engine               -              Join the FXGL chat at: https://gitter.im/AlmasB/FXGL
13:36:54.476 [JavaFX Application Thread] DEBUG Engine               - Initializing environment variables
13:36:54.479 [JavaFX Application Thread] DEBUG Engine               - Logging environment variables
13:36:54.479 [JavaFX Application Thread] DEBUG Engine               - achievements: []
13:36:54.479 [JavaFX Application Thread] DEBUG Engine               - sceneStack: com.almasb.fxgl.app.Engine@5b991527
13:36:54.479 [JavaFX Application Thread] DEBUG Engine               - language: ObjectProperty [value: ENGLISH]
13:36:54.479 [JavaFX Application Thread] DEBUG Engine               - isCloseConfirmation: false
13:36:54.479 [JavaFX Application Thread] DEBUG Engine               - isProfilingEnabled: false
13:36:54.479 [JavaFX Application Thread] DEBUG Engine               - soundNotification: core/notification.wav
13:36:54.480 [JavaFX Application Thread] DEBUG Engine               - devShowBBoxProperty: BooleanProperty [value: false]
13:36:54.481 [JavaFX Application Thread] DEBUG Engine               - pixelsPerMeter: 50.0
13:36:54.481 [JavaFX Application Thread] DEBUG Engine               - overlayRoot: Group@1c22d9f6
13:36:54.481 [JavaFX Application Thread] DEBUG Engine               - soundMenuBack: menu/back.wav
13:36:54.481 [JavaFX Application Thread] DEBUG Engine               - appIcon: fxgl_icon.png
13:36:54.481 [JavaFX Application Thread] DEBUG Engine               - isFullScreenAllowed: false
13:36:54.481 [JavaFX Application Thread] DEBUG Engine               - isIntroEnabled: false
13:36:54.481 [JavaFX Application Thread] DEBUG Engine               - eventBus: com.almasb.fxgl.event.EventBus@1a127a1a
13:36:54.481 [JavaFX Application Thread] DEBUG Engine               - fontMono: lucida_console.ttf
13:36:54.482 [JavaFX Application Thread] DEBUG Engine               - soundMenuSelect: menu/select.wav
13:36:54.482 [JavaFX Application Thread] DEBUG Engine               - isWindows: true
13:36:54.482 [JavaFX Application Thread] DEBUG Engine               - isMobile: false
13:36:54.482 [JavaFX Application Thread] DEBUG Engine               - height: 700
13:36:54.482 [JavaFX Application Thread] DEBUG Engine               - isExperimentalNative: false
13:36:54.482 [JavaFX Application Thread] DEBUG Engine               - cSSList: [fxgl_dark.css]
13:36:54.482 [JavaFX Application Thread] DEBUG Engine               - isSingleStep: false
13:36:54.482 [JavaFX Application Thread] DEBUG Engine               - fontGame: Abel-Regular.ttf
13:36:54.482 [JavaFX Application Thread] DEBUG Engine               - menuKey: ESCAPE
13:36:54.483 [JavaFX Application Thread] DEBUG Engine               - devShowPositionProperty: BooleanProperty [value: false]
13:36:54.483 [JavaFX Application Thread] DEBUG Engine               - versionCheckDays: 7
13:36:54.483 [JavaFX Application Thread] DEBUG Engine               - masterTimer: com.almasb.fxgl.time.Timer@9b17452
13:36:54.483 [JavaFX Application Thread] DEBUG Engine               - configClass: Optional.empty
13:36:54.483 [JavaFX Application Thread] DEBUG Engine               - isFullScreenFromStart: false
13:36:54.483 [JavaFX Application Thread] DEBUG Engine               - version: 0.1
13:36:54.483 [JavaFX Application Thread] DEBUG Engine               - fullScreen: BooleanProperty [value: false]
13:36:54.483 [JavaFX Application Thread] DEBUG Engine               - randomSeed: -1
13:36:54.483 [JavaFX Application Thread] DEBUG Engine               - dialogFactory: com.almasb.fxgl.ui.FXGLDialogFactory@a77f2aa
13:36:54.483 [JavaFX Application Thread] DEBUG Engine               - applicationMode: DEVELOPER
13:36:54.483 [JavaFX Application Thread] DEBUG Engine               - isMac: false
13:36:54.484 [JavaFX Application Thread] DEBUG Engine               - urlGoogleForms: https://goo.gl/forms/6wrMnOBxTE1fEpOy2
13:36:54.484 [JavaFX Application Thread] DEBUG Engine               - isMenuEnabled: false
13:36:54.484 [JavaFX Application Thread] DEBUG Engine               - urlPOM: https://raw.githubusercontent.com/AlmasB/FXGL/master/pom.xml
13:36:54.484 [JavaFX Application Thread] DEBUG Engine               - profileName: user.profile
13:36:54.484 [JavaFX Application Thread] DEBUG Engine               - notificationViewClass: class com.almasb.fxgl.notification.view.XboxNotificationView
13:36:54.484 [JavaFX Application Thread] DEBUG Engine               - devSensorColorProperty: ObjectProperty [value: 0xffff00ff]
13:36:54.484 [JavaFX Application Thread] DEBUG Engine               - sceneFactory: com.almasb.fxgl.app.SceneFactory@90677b
13:36:54.484 [JavaFX Application Thread] DEBUG Engine               - dataFileExt: .dat
13:36:54.484 [JavaFX Application Thread] DEBUG Engine               - stageStyle: DECORATED
13:36:54.485 [JavaFX Application Thread] DEBUG Engine               - isManualResizeEnabled: false
13:36:54.485 [JavaFX Application Thread] DEBUG Engine               - title: JumpToBeat-Demo
13:36:54.485 [JavaFX Application Thread] DEBUG Engine               - platform: WINDOWS
13:36:54.485 [JavaFX Application Thread] DEBUG Engine               - devBBoxColorProperty: ObjectProperty [value: 0xff0000ff]
13:36:54.485 [JavaFX Application Thread] DEBUG Engine               - isDesktop: true
13:36:54.485 [JavaFX Application Thread] DEBUG Engine               - globalMusicVolumeProperty: DoubleProperty [value: 0.5]
13:36:54.485 [JavaFX Application Thread] DEBUG Engine               - credits: []
13:36:54.485 [JavaFX Application Thread] DEBUG Engine               - isPreserveResizeRatio: false
13:36:54.485 [JavaFX Application Thread] DEBUG Engine               - uIFactory: com.almasb.fxgl.ui.FXGLUIFactory@95b1fd9
13:36:54.485 [JavaFX Application Thread] DEBUG Engine               - fontText: Courier-Prime.ttf
13:36:54.485 [JavaFX Application Thread] DEBUG Engine               - isExperimentalTiledLargeMap: false
13:36:54.485 [JavaFX Application Thread] DEBUG Engine               - secondsIn24h: 60
13:36:54.486 [JavaFX Application Thread] DEBUG Engine               - runtimeInfo: RuntimeInfo(platform=WINDOWS, version=11.7, build=05.01.2020 09.37)
13:36:54.486 [JavaFX Application Thread] DEBUG Engine               - isLinux: false
13:36:54.486 [JavaFX Application Thread] DEBUG Engine               - soundMenuPress: menu/press.wav
13:36:54.486 [JavaFX Application Thread] DEBUG Engine               - urlGithub: https://github.com/AlmasB/FXGL
13:36:54.486 [JavaFX Application Thread] DEBUG Engine               - profileDir: profiles/
13:36:54.486 [JavaFX Application Thread] DEBUG Engine               - isDeveloperMenuEnabled: false
13:36:54.486 [JavaFX Application Thread] DEBUG Engine               - globalSoundVolumeProperty: DoubleProperty [value: 0.5]
13:36:54.486 [JavaFX Application Thread] DEBUG Engine               - isBrowser: false
13:36:54.486 [JavaFX Application Thread] DEBUG Engine               - globalSoundVolume: 0.5
13:36:54.486 [JavaFX Application Thread] DEBUG Engine               - urlLeaderboard: http://fxgl-top.herokuapp.com/
13:36:54.486 [JavaFX Application Thread] DEBUG Engine               - saveDir: saves/
13:36:54.486 [JavaFX Application Thread] DEBUG Engine               - engineServices: [class com.almasb.fxgl.audio.AudioPlayer, class com.almasb.fxgl.notification.impl.NotificationServiceProvider, class com.almasb.fxgl.achievement.AchievementManager, class com.almasb.fxgl.cutscene.CutsceneService, class com.almasb.fxgl.minigames.MiniGameService]
13:36:54.487 [JavaFX Application Thread] DEBUG Engine               - globalMusicVolume: 0.5
13:36:54.487 [JavaFX Application Thread] DEBUG Engine               - width: 1050
13:36:54.487 [JavaFX Application Thread] DEBUG Engine               - saveFileExt: .sav
13:36:54.487 [JavaFX Application Thread] DEBUG Engine               - isAndroid: false
13:36:54.487 [JavaFX Application Thread] DEBUG Engine               - fontUI: VarelaRound-Regular.ttf
13:36:54.487 [JavaFX Application Thread] DEBUG Engine               - enabledMenuItems: []
13:36:54.487 [JavaFX Application Thread] DEBUG Engine               - isIOS: false
13:36:54.489 [JavaFX Application Thread] DEBUG Engine               - Adding new engine service: class com.almasb.fxgl.audio.AudioPlayer
13:36:54.491 [JavaFX Application Thread] DEBUG Engine               - Adding new engine service: class com.almasb.fxgl.notification.impl.NotificationServiceProvider
13:36:54.491 [JavaFX Application Thread] DEBUG Engine               - Adding new engine service: class com.almasb.fxgl.achievement.AchievementManager
13:36:54.492 [JavaFX Application Thread] DEBUG Engine               - Adding new engine service: class com.almasb.fxgl.cutscene.CutsceneService
13:36:54.492 [JavaFX Application Thread] DEBUG Engine               - Adding new engine service: class com.almasb.fxgl.minigames.MiniGameService
13:36:54.495 [JavaFX Application Thread] DEBUG Engine               - Loading localizations
13:36:54.498 [JavaFX Application Thread] DEBUG AssetLoader          - Loading from file system: /assets/properties/languages/english.properties
13:36:54.500 [JavaFX Application Thread] DEBUG AssetLoader          - Loading from file system: /assets/properties/languages/french.properties
13:36:54.502 [JavaFX Application Thread] DEBUG AssetLoader          - Loading from file system: /assets/properties/languages/german.properties
13:36:54.503 [JavaFX Application Thread] DEBUG AssetLoader          - Loading from file system: /assets/properties/languages/russian.properties
13:36:54.504 [JavaFX Application Thread] DEBUG AssetLoader          - Loading from file system: /assets/properties/languages/hungarian.properties
13:36:54.507 [JavaFX Application Thread] DEBUG Engine               - Registering font factories
13:36:54.507 [JavaFX Application Thread] DEBUG AssetLoader          - Loading from file system: /assets/ui/fonts/VarelaRound-Regular.ttf
13:36:54.681 [JavaFX Application Thread] DEBUG AssetLoader          - Loading from file system: /assets/ui/fonts/Abel-Regular.ttf
13:36:54.684 [JavaFX Application Thread] DEBUG AssetLoader          - Loading from file system: /assets/ui/fonts/lucida_console.ttf
13:36:54.689 [JavaFX Application Thread] DEBUG AssetLoader          - Loading from file system: /assets/ui/fonts/Courier-Prime.ttf
13:36:54.693 [JavaFX Application Thread] DEBUG Engine               - Setting UI factory
13:36:54.783 [JavaFX Application Thread] DEBUG AssetLoader          - Loading from file system: /assets/textures/fxgl_logo.png
13:36:54.838 [JavaFX Application Thread] DEBUG MainWindow           - Creating a JavaFX scene
13:36:54.886 [JavaFX Application Thread] DEBUG MainWindow           - Target settings size: 1050.0 x 700.0
13:36:54.886 [JavaFX Application Thread] DEBUG MainWindow           - Scaled scene size:    1050.0 x 700.0
13:36:54.886 [JavaFX Application Thread] DEBUG MainWindow           - Scaled ratio: (1.0, 1.0)
13:36:54.887 [JavaFX Application Thread] DEBUG MainWindow           - Set initial scene to FXGLStartupScene
13:36:54.895 [JavaFX Application Thread] DEBUG AssetLoader          - Loading from file system: /assets/textures/fxgl_icon.png
13:36:54.919 [JavaFX Application Thread] DEBUG Engine               - Applying CSS: fxgl_dark.css
13:36:54.919 [JavaFX Application Thread] DEBUG AssetLoader          - Loading from file system: /assets/ui/css/fxgl_dark.css
13:36:54.922 [JavaFX Application Thread] DEBUG AssetLoader          - Loading from file system: /assets/ui/cursors/fxgl_default.png
13:36:54.923 [JavaFX Application Thread] DEBUG MainWindow           - Opening main window
13:36:55.078 [JavaFX Application Thread] DEBUG MainWindow           - Window border size: (16.0, 39.0)
13:36:55.078 [JavaFX Application Thread] DEBUG MainWindow           - Scaled size: 1050.0 x 700.0
13:36:55.078 [JavaFX Application Thread] DEBUG MainWindow           - Scaled ratio: (1.0, 1.0)
13:36:55.078 [JavaFX Application Thread] DEBUG MainWindow           - Scene size: 1050.0 x 700.0
13:36:55.078 [JavaFX Application Thread] DEBUG MainWindow           - Stage size: 1066.0 x 739.0
13:36:55.111 [FXGL Background Thread 1 ] DEBUG FS                   - Loaded FSServiceImpl
13:36:55.111 [FXGL Background Thread 1 ] DEBUG Engine               - Loading FXGL system data
13:36:55.120 [FXGL Background Thread 1 ] DEBUG FSServiceImpl        - Reading from: G:\Desk\Projects\FXGLPlatformer\system\fxgl.bundle
13:36:55.138 [FXGL Background Thread 1 ] DEBUG Engine               - Bundle FXGL: {}
13:36:55.138 [FXGL Background Thread 1 ] DEBUG Engine               - Initializing application scenes
13:36:55.195 [FXGL Background Thread 1 ] DEBUG GameWorld            - JumpToBeat world initialized
13:36:55.229 [FXGL Background Thread 1 ] DEBUG PhysicsWorld         - Physics world initialized: appHeight=700, physics.ppm=50.0
13:36:55.230 [FXGL Background Thread 1 ] DEBUG GameScene            - JumpToBeat scene initialized: 1050x700
13:36:55.253 [FXGL Background Thread 1 ] DEBUG Input                - Registered new binding: Resume - Esc
13:36:55.254 [FXGL Background Thread 1 ] DEBUG AssetLoader          - Loading from file system: /assets/textures/pause_menu_bg.png
13:36:55.276 [FXGL Background Thread 1 ] DEBUG Input                - Registered new binding: Pause - Esc
13:36:55.276 [FXGL Background Thread 1 ] DEBUG Engine               - Application scenes initialized
13:36:55.279 [JavaFX Application Thread] DEBUG Engine               - Running preInit()
13:36:55.279 [JavaFX Application Thread] DEBUG Input                - Registered new binding: Right - D
13:36:55.279 [JavaFX Application Thread] DEBUG Input                - Registered new binding: Left - A
13:36:55.280 [JavaFX Application Thread] DEBUG Input                - Registered new binding: Jump - Space
13:36:55.280 [JavaFX Application Thread] DEBUG Input                - Registered new binding: Play Sound - F
13:36:55.280 [JavaFX Application Thread] DEBUG Input                - Registered new binding: Screenshot - P
13:36:55.281 [JavaFX Application Thread] DEBUG Input                - Registered new binding: System info dump - CTRL+9
13:36:55.281 [JavaFX Application Thread] DEBUG Input                - Registered new binding: Restart - CTRL+R
13:36:55.281 [JavaFX Application Thread] DEBUG Engine               - generateDefaultProfile()
13:36:55.281 [JavaFX Application Thread] DEBUG Engine               - Creating default profile
13:36:55.281 [JavaFX Application Thread] DEBUG EventBus             - Firing event: SaveEvent
13:36:55.291 [JavaFX Application Thread] INFO  Engine               - FXGL initialization took: 0.795 sec
13:36:55.291 [JavaFX Application Thread] DEBUG LoopRunner           - Starting loop
13:36:55.305 [JavaFX Application Thread] DEBUG FXGLStartupScene     - STARTUP
13:36:55.305 [JavaFX Application Thread] DEBUG Engine               - Starting new game
13:36:55.311 [JavaFX Application Thread] DEBUG Input                - Clearing active input actions
13:36:55.312 [FXGL Background Thread 1 ] DEBUG InitAppTask          - Clearing previous game
13:36:55.312 [FXGL Background Thread 1 ] DEBUG GameWorld            - Clearing game world
13:36:55.312 [FXGL Background Thread 1 ] DEBUG PhysicsWorld         - Clearing physics world
13:36:55.312 [FXGL Background Thread 1 ] DEBUG GameScene            - Clearing game scene
13:36:55.312 [FXGL Background Thread 1 ] DEBUG InitAppTask          - Initializing JumpToBeat
13:36:55.320 [JavaFX Application Thread] DEBUG Engine               - Removing overlay from FXGLStartupScene and adding to LoadingScene
13:36:55.321 [JavaFX Application Thread] DEBUG MainWindow           - FXGLStartupScene -> LoadingScene
13:36:55.326 [FXGL Background Thread 1 ] DEBUG AssetLoader          - Loading from file system: /assets/levels/TestLevel.tmx
13:36:55.364 [FXGL Background Thread 1 ] WARN  TMXLevelLoader       - TiledMap generated from 1.3.4. Supported version: 1.2.3. Some features may not be parsed fully.
13:36:55.384 [FXGL Background Thread 1 ] DEBUG TMXLevelLoader       - Parsed raw map: TiledMap(width=15, height=10, tilewidth=64, tileheight=64, orientation=orthogonal, layers=[Layer(width=15, height=10, name=Kachelebene 1, type=tilelayer, visible=false, x=0, y=0, data=[4, 25, 25, 25, 25, 25, 25, 25, 25, 25, 25, 25, 25, 25, 5, 27, 0, 0, 0, 0, 0, 0, 0, 0, 0, 0, 0, 0, 0, 26, 27, 0, 0, 0, 0, 0, 0, 0, 0, 0, 0, 0, 0, 0, 26, 27, 0, 0, 0, 0, 0, 0, 0, 0, 0, 0, 0, 0, 0, 26, 27, 0, 0, 0, 0, 0, 0, 0, 0, 0, 0, 0, 0, 0, 26, 27, 0, 0, 0, 0, 0, 0, 0, 0, 0, 37, 38, 38, 39, 26, 27, 0, 0, 0, 0, 0, 0, 37, 38, 39, 0, 0, 0, 0, 26, 27, 0, 0, 37, 38, 39, 0, 0, 0, 0, 0, 0, 0, 0, 26, 27, 0, 0, 0, 0, 0, 0, 0, 0, 0, 0, 0, 0, 0, 26, 16, 1, 1, 1, 1, 1, 1, 1, 1, 1, 1, 1, 1, 1, 17], objects=[], opacity=0.0, draworder=), Layer(width=0, height=0, name=Objektebene 1, type=objectgroup, visible=false, x=0, y=0, data=[], objects=[com.almasb.fxgl.entity.level.tiled.TiledObject@2736696f, com.almasb.fxgl.entity.level.tiled.TiledObject@15409ce, com.almasb.fxgl.entity.level.tiled.TiledObject@37e4c3e9, com.almasb.fxgl.entity.level.tiled.TiledObject@2ee28f88, com.almasb.fxgl.entity.level.tiled.TiledObject@3a0bf62a, com.almasb.fxgl.entity.level.tiled.TiledObject@1bb092dc, com.almasb.fxgl.entity.level.tiled.TiledObject@a5af1c8, com.almasb.fxgl.entity.level.tiled.TiledObject@307eb1c4, com.almasb.fxgl.entity.level.tiled.TiledObject@55a1ab47, com.almasb.fxgl.entity.level.tiled.TiledObject@4a98f55d, com.almasb.fxgl.entity.level.tiled.TiledObject@17119977, com.almasb.fxgl.entity.level.tiled.TiledObject@5224fac0], opacity=0.0, draworder=)], tilesets=[Tileset(firstgid=1, image=C:/Users/Jordan/Desktop/forest.png, name=Forrest, tilewidth=64, tileheight=64, imagewidth=768, imageheight=256, margin=0, spacing=0, columns=12, tilecount=48, transparentcolor=)], backgroundcolor=, renderorder=right-down, nextobjectid=31, version=1, tiledversion=1.3.4, type=map, infinite=false, properties={}, propertytypes={})
13:36:55.385 [FXGL Background Thread 1 ] DEBUG TMXLevelLoader       - Creating tile layer entities
13:36:55.388 [FXGL Background Thread 1 ] DEBUG TilesetLoader        - Loading view for layer Kachelebene 1
13:36:55.390 [FXGL Background Thread 1 ] DEBUG TilesetLoader        - Created buffer with size 960.0x640.0
13:36:55.404 [FXGL Background Thread 1 ] DEBUG TilesetLoader        - Writing to buffer: dst=0,0, w=64,h=64, src=192,0
13:36:55.406 [FXGL Background Thread 1 ] DEBUG TilesetLoader        - Writing to buffer: dst=64,0, w=64,h=64, src=0,128
13:36:55.406 [FXGL Background Thread 1 ] DEBUG TilesetLoader        - Writing to buffer: dst=128,0, w=64,h=64, src=0,128
13:36:55.406 [FXGL Background Thread 1 ] DEBUG TilesetLoader        - Writing to buffer: dst=192,0, w=64,h=64, src=0,128
13:36:55.406 [FXGL Background Thread 1 ] DEBUG TilesetLoader        - Writing to buffer: dst=256,0, w=64,h=64, src=0,128
13:36:55.406 [FXGL Background Thread 1 ] DEBUG TilesetLoader        - Writing to buffer: dst=320,0, w=64,h=64, src=0,128
13:36:55.407 [FXGL Background Thread 1 ] DEBUG TilesetLoader        - Writing to buffer: dst=384,0, w=64,h=64, src=0,128
13:36:55.407 [FXGL Background Thread 1 ] DEBUG TilesetLoader        - Writing to buffer: dst=448,0, w=64,h=64, src=0,128
13:36:55.407 [FXGL Background Thread 1 ] DEBUG TilesetLoader        - Writing to buffer: dst=512,0, w=64,h=64, src=0,128
13:36:55.407 [FXGL Background Thread 1 ] DEBUG TilesetLoader        - Writing to buffer: dst=576,0, w=64,h=64, src=0,128
13:36:55.407 [FXGL Background Thread 1 ] DEBUG TilesetLoader        - Writing to buffer: dst=640,0, w=64,h=64, src=0,128
13:36:55.407 [FXGL Background Thread 1 ] DEBUG TilesetLoader        - Writing to buffer: dst=704,0, w=64,h=64, src=0,128
13:36:55.407 [FXGL Background Thread 1 ] DEBUG TilesetLoader        - Writing to buffer: dst=768,0, w=64,h=64, src=0,128
13:36:55.407 [FXGL Background Thread 1 ] DEBUG TilesetLoader        - Writing to buffer: dst=832,0, w=64,h=64, src=0,128
13:36:55.407 [FXGL Background Thread 1 ] DEBUG TilesetLoader        - Writing to buffer: dst=896,0, w=64,h=64, src=256,0
13:36:55.407 [FXGL Background Thread 1 ] DEBUG TilesetLoader        - Writing to buffer: dst=0,64, w=64,h=64, src=128,128
13:36:55.407 [FXGL Background Thread 1 ] DEBUG TilesetLoader        - Writing to buffer: dst=896,64, w=64,h=64, src=64,128
13:36:55.407 [FXGL Background Thread 1 ] DEBUG TilesetLoader        - Writing to buffer: dst=0,128, w=64,h=64, src=128,128
13:36:55.407 [FXGL Background Thread 1 ] DEBUG TilesetLoader        - Writing to buffer: dst=896,128, w=64,h=64, src=64,128
13:36:55.407 [FXGL Background Thread 1 ] DEBUG TilesetLoader        - Writing to buffer: dst=0,192, w=64,h=64, src=128,128
13:36:55.407 [FXGL Background Thread 1 ] DEBUG TilesetLoader        - Writing to buffer: dst=896,192, w=64,h=64, src=64,128
13:36:55.407 [FXGL Background Thread 1 ] DEBUG TilesetLoader        - Writing to buffer: dst=0,256, w=64,h=64, src=128,128
13:36:55.407 [FXGL Background Thread 1 ] DEBUG TilesetLoader        - Writing to buffer: dst=896,256, w=64,h=64, src=64,128
13:36:55.408 [FXGL Background Thread 1 ] DEBUG TilesetLoader        - Writing to buffer: dst=0,320, w=64,h=64, src=128,128
13:36:55.408 [FXGL Background Thread 1 ] DEBUG TilesetLoader        - Writing to buffer: dst=640,320, w=64,h=64, src=0,192
13:36:55.408 [FXGL Background Thread 1 ] DEBUG TilesetLoader        - Writing to buffer: dst=704,320, w=64,h=64, src=64,192
13:36:55.408 [FXGL Background Thread 1 ] DEBUG TilesetLoader        - Writing to buffer: dst=768,320, w=64,h=64, src=64,192
13:36:55.408 [FXGL Background Thread 1 ] DEBUG TilesetLoader        - Writing to buffer: dst=832,320, w=64,h=64, src=128,192
13:36:55.408 [FXGL Background Thread 1 ] DEBUG TilesetLoader        - Writing to buffer: dst=896,320, w=64,h=64, src=64,128
13:36:55.408 [FXGL Background Thread 1 ] DEBUG TilesetLoader        - Writing to buffer: dst=0,384, w=64,h=64, src=128,128
13:36:55.408 [FXGL Background Thread 1 ] DEBUG TilesetLoader        - Writing to buffer: dst=448,384, w=64,h=64, src=0,192
13:36:55.408 [FXGL Background Thread 1 ] DEBUG TilesetLoader        - Writing to buffer: dst=512,384, w=64,h=64, src=64,192
13:36:55.408 [FXGL Background Thread 1 ] DEBUG TilesetLoader        - Writing to buffer: dst=576,384, w=64,h=64, src=128,192
13:36:55.408 [FXGL Background Thread 1 ] DEBUG TilesetLoader        - Writing to buffer: dst=896,384, w=64,h=64, src=64,128
13:36:55.408 [FXGL Background Thread 1 ] DEBUG TilesetLoader        - Writing to buffer: dst=0,448, w=64,h=64, src=128,128
13:36:55.409 [FXGL Background Thread 1 ] DEBUG TilesetLoader        - Writing to buffer: dst=192,448, w=64,h=64, src=0,192
13:36:55.409 [FXGL Background Thread 1 ] DEBUG TilesetLoader        - Writing to buffer: dst=256,448, w=64,h=64, src=64,192
13:36:55.409 [FXGL Background Thread 1 ] DEBUG TilesetLoader        - Writing to buffer: dst=320,448, w=64,h=64, src=128,192
13:36:55.409 [FXGL Background Thread 1 ] DEBUG TilesetLoader        - Writing to buffer: dst=896,448, w=64,h=64, src=64,128
13:36:55.409 [FXGL Background Thread 1 ] DEBUG TilesetLoader        - Writing to buffer: dst=0,512, w=64,h=64, src=128,128
13:36:55.409 [FXGL Background Thread 1 ] DEBUG TilesetLoader        - Writing to buffer: dst=896,512, w=64,h=64, src=64,128
13:36:55.409 [FXGL Background Thread 1 ] DEBUG TilesetLoader        - Writing to buffer: dst=0,576, w=64,h=64, src=192,64
13:36:55.409 [FXGL Background Thread 1 ] DEBUG TilesetLoader        - Writing to buffer: dst=64,576, w=64,h=64, src=0,0
13:36:55.409 [FXGL Background Thread 1 ] DEBUG TilesetLoader        - Writing to buffer: dst=128,576, w=64,h=64, src=0,0
13:36:55.409 [FXGL Background Thread 1 ] DEBUG TilesetLoader        - Writing to buffer: dst=192,576, w=64,h=64, src=0,0
13:36:55.409 [FXGL Background Thread 1 ] DEBUG TilesetLoader        - Writing to buffer: dst=256,576, w=64,h=64, src=0,0
13:36:55.409 [FXGL Background Thread 1 ] DEBUG TilesetLoader        - Writing to buffer: dst=320,576, w=64,h=64, src=0,0
13:36:55.409 [FXGL Background Thread 1 ] DEBUG TilesetLoader        - Writing to buffer: dst=384,576, w=64,h=64, src=0,0
13:36:55.410 [FXGL Background Thread 1 ] DEBUG TilesetLoader        - Writing to buffer: dst=448,576, w=64,h=64, src=0,0
13:36:55.410 [FXGL Background Thread 1 ] DEBUG TilesetLoader        - Writing to buffer: dst=512,576, w=64,h=64, src=0,0
13:36:55.410 [FXGL Background Thread 1 ] DEBUG TilesetLoader        - Writing to buffer: dst=576,576, w=64,h=64, src=0,0
13:36:55.410 [FXGL Background Thread 1 ] DEBUG TilesetLoader        - Writing to buffer: dst=640,576, w=64,h=64, src=0,0
13:36:55.410 [FXGL Background Thread 1 ] DEBUG TilesetLoader        - Writing to buffer: dst=704,576, w=64,h=64, src=0,0
13:36:55.410 [FXGL Background Thread 1 ] DEBUG TilesetLoader        - Writing to buffer: dst=768,576, w=64,h=64, src=0,0
13:36:55.410 [FXGL Background Thread 1 ] DEBUG TilesetLoader        - Writing to buffer: dst=832,576, w=64,h=64, src=0,0
13:36:55.410 [FXGL Background Thread 1 ] DEBUG TilesetLoader        - Writing to buffer: dst=896,576, w=64,h=64, src=256,64
13:36:55.410 [FXGL Background Thread 1 ] DEBUG TMXLevelLoader       - Creating object layer entities
13:36:55.410 [FXGL Background Thread 1 ] WARN  TMXLevelLoader       - Parse error Error: java.lang.IllegalArgumentException: No EntityFactory has a method annotated @Spawns(Platform)
13:36:55.445 [JavaFX Application Thread] FATAL Engine               - Uncaught Exception:

Fatal exception occurred: com.almasb.fxgl.entity.level.LevelLoadingException : No EntityFactory has a method annotated @Spawns(Platform)
E: com.almasb.fxgl.entity.level.tiled.TMXLevelLoader.load(TMXLevelLoader.kt:70)
E: com.almasb.fxgl.app.AssetLoader.loadLevel(AssetLoader.kt:258)
E: com.almasb.fxgl.dsl.FXGL$Companion.setLevelFromMap(FXGL.kt:407)
E: com.almasb.fxgl.dsl.FXGL.setLevelFromMap(FXGL.kt)
E: JumpToBeat.Application.initGame(Application.java:37)
E: com.almasb.fxgl.app.LoadingScene$InitAppTask.initGame(LoadingScene.kt:137)
E: com.almasb.fxgl.app.LoadingScene$InitAppTask.call(LoadingScene.kt:106)
E: com.almasb.fxgl.app.LoadingScene$InitAppTask.call(LoadingScene.kt:94)
E: javafx.concurrent.Task$TaskCallable.call(Task.java:1425)
E: java.base/java.util.concurrent.FutureTask.run(FutureTask.java:264)
E: java.base/java.util.concurrent.Executors$RunnableAdapter.call(Executors.java:515)
E: java.base/java.util.concurrent.FutureTask.run(FutureTask.java:264)
E: java.base/java.util.concurrent.ThreadPoolExecutor.runWorker(ThreadPoolExecutor.java:1128)
E: java.base/java.util.concurrent.ThreadPoolExecutor$Worker.run(ThreadPoolExecutor.java:628)
E: java.base/java.lang.Thread.run(Thread.java:834)

13:36:55.445 [JavaFX Application Thread] FATAL Engine               - Application will now exit
13:36:55.445 [JavaFX Application Thread] DEBUG LoopRunner           - Stopping loop
13:36:58.083 [JavaFX Application Thread] DEBUG Engine               - Exiting FXGL
13:36:58.083 [JavaFX Application Thread] DEBUG Engine               - Shutting down background threads
13:36:58.083 [JavaFX Application Thread] DEBUG Engine               - Saving FXGL system data
13:36:58.085 [JavaFX Application Thread] DEBUG FSServiceImpl        - Writing to: G:\Desk\Projects\FXGLPlatformer\system\fxgl.bundle
13:36:58.087 [JavaFX Application Thread] DEBUG Engine               - Closing logger and exiting JavaFX
