09:36:30.460 [main                     ] DEBUG GameApplication      - Logger initialized
09:36:30.476 [main                     ] DEBUG GameApplication      - Logging settings
Title: Jump-Demo
Version: 0.1
Width: 600
Height: 600
Fullscreen: false
Intro: false
Menus: true
Profiling: false
Single step:false
App Mode: DEVELOPER
Menu Key: ESCAPE
Stage Style: DECORATED
Scene Factory: class com.almasb.fxgl.app.SceneFactory
Dialog Factory: class com.almasb.fxgl.ui.FXGLDialogFactory
UI Factory: class com.almasb.fxgl.ui.FXGLUIFactory

09:36:30.985 [JavaFX Application Thread] DEBUG Engine               - Initializing FXGL
09:36:30.985 [JavaFX Application Thread] INFO  Engine               - FXGL-11.7 (05.01.2020 09.37) on WINDOWS (J:11.0.5 FX:12.0.1)
09:36:30.985 [JavaFX Application Thread] INFO  Engine               - Source code and latest versions at: https://github.com/AlmasB/FXGL
09:36:30.986 [JavaFX Application Thread] INFO  Engine               -              Join the FXGL chat at: https://gitter.im/AlmasB/FXGL
09:36:30.986 [JavaFX Application Thread] DEBUG Engine               - Initializing environment variables
09:36:30.988 [JavaFX Application Thread] DEBUG Engine               - Logging environment variables
09:36:30.988 [JavaFX Application Thread] DEBUG Engine               - achievements: []
09:36:30.989 [JavaFX Application Thread] DEBUG Engine               - sceneStack: com.almasb.fxgl.app.Engine@7ae870d0
09:36:30.989 [JavaFX Application Thread] DEBUG Engine               - language: ObjectProperty [value: ENGLISH]
09:36:30.989 [JavaFX Application Thread] DEBUG Engine               - isCloseConfirmation: false
09:36:30.989 [JavaFX Application Thread] DEBUG Engine               - isProfilingEnabled: false
09:36:30.989 [JavaFX Application Thread] DEBUG Engine               - soundNotification: core/notification.wav
09:36:30.989 [JavaFX Application Thread] DEBUG Engine               - devShowBBoxProperty: BooleanProperty [value: false]
09:36:30.991 [JavaFX Application Thread] DEBUG Engine               - pixelsPerMeter: 50.0
09:36:30.991 [JavaFX Application Thread] DEBUG Engine               - overlayRoot: Group@1b67eac7
09:36:30.991 [JavaFX Application Thread] DEBUG Engine               - appIcon: fxgl_icon.png
09:36:30.991 [JavaFX Application Thread] DEBUG Engine               - soundMenuBack: menu/back.wav
09:36:30.992 [JavaFX Application Thread] DEBUG Engine               - isFullScreenAllowed: false
09:36:30.992 [JavaFX Application Thread] DEBUG Engine               - isIntroEnabled: false
09:36:30.992 [JavaFX Application Thread] DEBUG Engine               - eventBus: com.almasb.fxgl.event.EventBus@2ffd63bd
09:36:30.992 [JavaFX Application Thread] DEBUG Engine               - fontMono: lucida_console.ttf
09:36:30.992 [JavaFX Application Thread] DEBUG Engine               - soundMenuSelect: menu/select.wav
09:36:30.992 [JavaFX Application Thread] DEBUG Engine               - isWindows: true
09:36:30.992 [JavaFX Application Thread] DEBUG Engine               - isMobile: false
09:36:30.992 [JavaFX Application Thread] DEBUG Engine               - height: 600
09:36:30.992 [JavaFX Application Thread] DEBUG Engine               - isExperimentalNative: false
09:36:30.992 [JavaFX Application Thread] DEBUG Engine               - cSSList: [fxgl_dark.css]
09:36:30.993 [JavaFX Application Thread] DEBUG Engine               - isSingleStep: false
09:36:30.993 [JavaFX Application Thread] DEBUG Engine               - fontGame: Abel-Regular.ttf
09:36:30.993 [JavaFX Application Thread] DEBUG Engine               - menuKey: ESCAPE
09:36:30.993 [JavaFX Application Thread] DEBUG Engine               - devShowPositionProperty: BooleanProperty [value: false]
09:36:30.993 [JavaFX Application Thread] DEBUG Engine               - versionCheckDays: 7
09:36:30.993 [JavaFX Application Thread] DEBUG Engine               - masterTimer: com.almasb.fxgl.time.Timer@16aaf862
09:36:30.993 [JavaFX Application Thread] DEBUG Engine               - configClass: Optional.empty
09:36:30.994 [JavaFX Application Thread] DEBUG Engine               - isFullScreenFromStart: false
09:36:30.994 [JavaFX Application Thread] DEBUG Engine               - version: 0.1
09:36:30.994 [JavaFX Application Thread] DEBUG Engine               - fullScreen: BooleanProperty [value: false]
09:36:30.994 [JavaFX Application Thread] DEBUG Engine               - randomSeed: -1
09:36:30.994 [JavaFX Application Thread] DEBUG Engine               - dialogFactory: com.almasb.fxgl.ui.FXGLDialogFactory@1fe0d012
09:36:30.994 [JavaFX Application Thread] DEBUG Engine               - applicationMode: DEVELOPER
09:36:30.994 [JavaFX Application Thread] DEBUG Engine               - isMac: false
09:36:30.994 [JavaFX Application Thread] DEBUG Engine               - urlGoogleForms: https://goo.gl/forms/6wrMnOBxTE1fEpOy2
09:36:30.995 [JavaFX Application Thread] DEBUG Engine               - isMenuEnabled: true
09:36:30.995 [JavaFX Application Thread] DEBUG Engine               - urlPOM: https://raw.githubusercontent.com/AlmasB/FXGL/master/pom.xml
09:36:30.995 [JavaFX Application Thread] DEBUG Engine               - profileName: user.profile
09:36:30.995 [JavaFX Application Thread] DEBUG Engine               - notificationViewClass: class com.almasb.fxgl.notification.view.XboxNotificationView
09:36:30.995 [JavaFX Application Thread] DEBUG Engine               - devSensorColorProperty: ObjectProperty [value: 0xffff00ff]
09:36:30.995 [JavaFX Application Thread] DEBUG Engine               - sceneFactory: com.almasb.fxgl.app.SceneFactory@3b7530fb
09:36:30.995 [JavaFX Application Thread] DEBUG Engine               - dataFileExt: .dat
09:36:30.995 [JavaFX Application Thread] DEBUG Engine               - stageStyle: DECORATED
09:36:30.995 [JavaFX Application Thread] DEBUG Engine               - isManualResizeEnabled: false
09:36:30.995 [JavaFX Application Thread] DEBUG Engine               - title: Jump-Demo
09:36:30.995 [JavaFX Application Thread] DEBUG Engine               - platform: WINDOWS
09:36:30.995 [JavaFX Application Thread] DEBUG Engine               - devBBoxColorProperty: ObjectProperty [value: 0xff0000ff]
09:36:30.996 [JavaFX Application Thread] DEBUG Engine               - isDesktop: true
09:36:30.996 [JavaFX Application Thread] DEBUG Engine               - globalMusicVolumeProperty: DoubleProperty [value: 0.5]
09:36:30.996 [JavaFX Application Thread] DEBUG Engine               - credits: []
09:36:30.996 [JavaFX Application Thread] DEBUG Engine               - isPreserveResizeRatio: false
09:36:30.996 [JavaFX Application Thread] DEBUG Engine               - uIFactory: com.almasb.fxgl.ui.FXGLUIFactory@7f514ca3
09:36:30.996 [JavaFX Application Thread] DEBUG Engine               - fontText: Courier-Prime.ttf
09:36:30.996 [JavaFX Application Thread] DEBUG Engine               - isExperimentalTiledLargeMap: false
09:36:30.996 [JavaFX Application Thread] DEBUG Engine               - secondsIn24h: 60
09:36:30.996 [JavaFX Application Thread] DEBUG Engine               - runtimeInfo: RuntimeInfo(platform=WINDOWS, version=11.7, build=05.01.2020 09.37)
09:36:30.996 [JavaFX Application Thread] DEBUG Engine               - isLinux: false
09:36:30.996 [JavaFX Application Thread] DEBUG Engine               - soundMenuPress: menu/press.wav
09:36:30.996 [JavaFX Application Thread] DEBUG Engine               - urlGithub: https://github.com/AlmasB/FXGL
09:36:30.996 [JavaFX Application Thread] DEBUG Engine               - profileDir: profiles/
09:36:30.997 [JavaFX Application Thread] DEBUG Engine               - isDeveloperMenuEnabled: false
09:36:30.997 [JavaFX Application Thread] DEBUG Engine               - globalSoundVolumeProperty: DoubleProperty [value: 0.5]
09:36:30.997 [JavaFX Application Thread] DEBUG Engine               - isBrowser: false
09:36:30.997 [JavaFX Application Thread] DEBUG Engine               - urlLeaderboard: http://fxgl-top.herokuapp.com/
09:36:30.997 [JavaFX Application Thread] DEBUG Engine               - globalSoundVolume: 0.5
09:36:30.997 [JavaFX Application Thread] DEBUG Engine               - saveDir: saves/
09:36:30.997 [JavaFX Application Thread] DEBUG Engine               - engineServices: [class com.almasb.fxgl.audio.AudioPlayer, class com.almasb.fxgl.notification.impl.NotificationServiceProvider, class com.almasb.fxgl.achievement.AchievementManager, class com.almasb.fxgl.cutscene.CutsceneService, class com.almasb.fxgl.minigames.MiniGameService]
09:36:30.997 [JavaFX Application Thread] DEBUG Engine               - globalMusicVolume: 0.5
09:36:30.997 [JavaFX Application Thread] DEBUG Engine               - width: 600
09:36:30.997 [JavaFX Application Thread] DEBUG Engine               - saveFileExt: .sav
09:36:30.997 [JavaFX Application Thread] DEBUG Engine               - isAndroid: false
09:36:30.997 [JavaFX Application Thread] DEBUG Engine               - fontUI: VarelaRound-Regular.ttf
09:36:30.998 [JavaFX Application Thread] DEBUG Engine               - enabledMenuItems: []
09:36:30.998 [JavaFX Application Thread] DEBUG Engine               - isIOS: false
09:36:31.000 [JavaFX Application Thread] DEBUG Engine               - Adding new engine service: class com.almasb.fxgl.audio.AudioPlayer
09:36:31.001 [JavaFX Application Thread] DEBUG Engine               - Adding new engine service: class com.almasb.fxgl.notification.impl.NotificationServiceProvider
09:36:31.002 [JavaFX Application Thread] DEBUG Engine               - Adding new engine service: class com.almasb.fxgl.achievement.AchievementManager
09:36:31.002 [JavaFX Application Thread] DEBUG Engine               - Adding new engine service: class com.almasb.fxgl.cutscene.CutsceneService
09:36:31.003 [JavaFX Application Thread] DEBUG Engine               - Adding new engine service: class com.almasb.fxgl.minigames.MiniGameService
09:36:31.006 [JavaFX Application Thread] DEBUG Engine               - Loading localizations
09:36:31.008 [JavaFX Application Thread] DEBUG AssetLoader          - Loading from file system: /assets/properties/languages/english.properties
09:36:31.010 [JavaFX Application Thread] DEBUG AssetLoader          - Loading from file system: /assets/properties/languages/french.properties
09:36:31.012 [JavaFX Application Thread] DEBUG AssetLoader          - Loading from file system: /assets/properties/languages/german.properties
09:36:31.013 [JavaFX Application Thread] DEBUG AssetLoader          - Loading from file system: /assets/properties/languages/russian.properties
09:36:31.014 [JavaFX Application Thread] DEBUG AssetLoader          - Loading from file system: /assets/properties/languages/hungarian.properties
09:36:31.016 [JavaFX Application Thread] DEBUG Engine               - Registering font factories
09:36:31.017 [JavaFX Application Thread] DEBUG AssetLoader          - Loading from file system: /assets/ui/fonts/VarelaRound-Regular.ttf
09:36:31.172 [JavaFX Application Thread] DEBUG AssetLoader          - Loading from file system: /assets/ui/fonts/Abel-Regular.ttf
09:36:31.176 [JavaFX Application Thread] DEBUG AssetLoader          - Loading from file system: /assets/ui/fonts/lucida_console.ttf
09:36:31.181 [JavaFX Application Thread] DEBUG AssetLoader          - Loading from file system: /assets/ui/fonts/Courier-Prime.ttf
09:36:31.185 [JavaFX Application Thread] DEBUG Engine               - Setting UI factory
09:36:31.300 [JavaFX Application Thread] DEBUG AssetLoader          - Loading from file system: /assets/textures/fxgl_logo.png
09:36:31.376 [JavaFX Application Thread] DEBUG MainWindow           - Creating a JavaFX scene
09:36:31.421 [JavaFX Application Thread] DEBUG MainWindow           - Target settings size: 600.0 x 600.0
09:36:31.422 [JavaFX Application Thread] DEBUG MainWindow           - Scaled scene size:    600.0 x 600.0
09:36:31.422 [JavaFX Application Thread] DEBUG MainWindow           - Scaled ratio: (1.0, 1.0)
09:36:31.423 [JavaFX Application Thread] DEBUG MainWindow           - Set initial scene to FXGLStartupScene
09:36:31.431 [JavaFX Application Thread] DEBUG AssetLoader          - Loading from file system: /assets/textures/fxgl_icon.png
09:36:31.443 [JavaFX Application Thread] DEBUG Engine               - Applying CSS: fxgl_dark.css
09:36:31.444 [JavaFX Application Thread] DEBUG AssetLoader          - Loading from file system: /assets/ui/css/fxgl_dark.css
09:36:31.447 [JavaFX Application Thread] DEBUG AssetLoader          - Loading from file system: /assets/ui/cursors/fxgl_default.png
09:36:31.448 [JavaFX Application Thread] DEBUG MainWindow           - Opening main window
09:36:31.589 [JavaFX Application Thread] DEBUG MainWindow           - Window border size: (16.0, 39.0)
09:36:31.589 [JavaFX Application Thread] DEBUG MainWindow           - Scaled size: 600.0 x 600.0
09:36:31.590 [JavaFX Application Thread] DEBUG MainWindow           - Scaled ratio: (1.0, 1.0)
09:36:31.590 [JavaFX Application Thread] DEBUG MainWindow           - Scene size: 600.0 x 600.0
09:36:31.590 [JavaFX Application Thread] DEBUG MainWindow           - Stage size: 616.0 x 639.0
09:36:31.636 [FXGL Background Thread 1 ] DEBUG FS                   - Loaded FSServiceImpl
09:36:31.636 [FXGL Background Thread 1 ] DEBUG Engine               - Loading FXGL system data
09:36:31.642 [FXGL Background Thread 1 ] DEBUG FSServiceImpl        - Reading from: G:\Desk\Projects\FXGLPlatformer\system\fxgl.bundle
09:36:31.656 [FXGL Background Thread 1 ] DEBUG Engine               - Bundle FXGL: {}
09:36:31.657 [FXGL Background Thread 1 ] DEBUG Engine               - Initializing application scenes
09:36:31.698 [FXGL Background Thread 1 ] DEBUG GameWorld            - Game world initialized
09:36:31.738 [FXGL Background Thread 1 ] DEBUG PhysicsWorld         - Physics world initialized: appHeight=600, physics.ppm=50.0
09:36:31.740 [FXGL Background Thread 1 ] DEBUG GameScene            - Game scene initialized: 600x600
09:36:31.781 [FXGL Background Thread 1 ] DEBUG AssetLoader          - Loading from file system: /assets/textures/particles/trace_horizontal.png
09:36:31.800 [FXGL Background Thread 1 ] DEBUG FXGL.DefaultMenu     - createMenuBodyMainMenu()
09:36:31.813 [FXGL Background Thread 1 ] DEBUG FXGL.DefaultMenu     - createOptionsMenu()
09:36:31.817 [FXGL Background Thread 1 ] DEBUG AssetLoader          - Loading from file system: /assets/textures/particles/smoke.png
09:36:31.859 [FXGL Background Thread 1 ] DEBUG AssetLoader          - Loading from cache: /assets/textures/particles/trace_horizontal.png@64.0x64.0
09:36:31.859 [FXGL Background Thread 1 ] DEBUG FXGL.DefaultMenu     - createMenuBodyGameMenu()
09:36:31.860 [FXGL Background Thread 1 ] DEBUG FXGL.DefaultMenu     - createOptionsMenu()
09:36:31.863 [FXGL Background Thread 1 ] DEBUG AssetLoader          - Loading from cache: /assets/textures/particles/smoke.png@128.0x128.0
09:36:31.876 [FXGL Background Thread 1 ] DEBUG Engine               - Application scenes initialized
09:36:31.878 [JavaFX Application Thread] DEBUG Engine               - Running preInit()
09:36:31.886 [JavaFX Application Thread] DEBUG Input                - Registered new binding: Move Right - D
09:36:31.886 [JavaFX Application Thread] DEBUG Input                - Registered new binding: Move Left - A
09:36:31.886 [JavaFX Application Thread] DEBUG Input                - Registered new binding: Move Down - S
09:36:31.886 [JavaFX Application Thread] DEBUG Input                - Registered new binding: Move Up - W
09:36:31.887 [JavaFX Application Thread] DEBUG Input                - Registered new binding: Screenshot - P
09:36:31.887 [JavaFX Application Thread] DEBUG Input                - Registered new binding: System info dump - CTRL+9
09:36:31.887 [JavaFX Application Thread] DEBUG Input                - Registered new binding: Restart - CTRL+R
09:36:31.887 [JavaFX Application Thread] DEBUG Engine               - generateDefaultProfile()
09:36:31.887 [JavaFX Application Thread] DEBUG Engine               - Creating default profile
09:36:31.887 [JavaFX Application Thread] DEBUG EventBus             - Firing event: SaveEvent
09:36:31.897 [JavaFX Application Thread] INFO  Engine               - FXGL initialization took: 0.890 sec
09:36:31.897 [JavaFX Application Thread] DEBUG LoopRunner           - Starting loop
09:36:31.908 [JavaFX Application Thread] DEBUG FXGLStartupScene     - STARTUP
09:36:31.912 [JavaFX Application Thread] DEBUG Input                - Clearing active input actions
09:36:31.929 [JavaFX Application Thread] DEBUG Engine               - Removing overlay from FXGLStartupScene and adding to FXGLDefaultMenu
09:36:31.929 [JavaFX Application Thread] DEBUG MainWindow           - FXGLStartupScene -> FXGLDefaultMenu
09:36:36.557 [JavaFX Application Thread] DEBUG Menu                 - createContentGameplay()
09:36:38.789 [JavaFX Application Thread] DEBUG Menu                 - createContentControls()
09:36:52.714 [JavaFX Application Thread] DEBUG MainWindow           - Push state: DialogSubState
09:36:52.715 [JavaFX Application Thread] DEBUG Input                - Clearing active input actions
09:36:52.716 [JavaFX Application Thread] DEBUG Engine               - Removing overlay from FXGLDefaultMenu and adding to DialogSubState
09:36:52.716 [JavaFX Application Thread] DEBUG MainWindow           - FXGLDefaultMenu -> DialogSubState
09:36:55.307 [JavaFX Application Thread] DEBUG MainWindow           - Pop state: DialogSubState
09:36:55.307 [JavaFX Application Thread] DEBUG Input                - Clearing active input actions
09:36:55.308 [JavaFX Application Thread] DEBUG Engine               - Removing overlay from DialogSubState and adding to FXGLDefaultMenu
09:36:55.308 [JavaFX Application Thread] DEBUG MainWindow           - FXGLDefaultMenu <- DialogSubState
09:37:00.315 [JavaFX Application Thread] DEBUG Menu                 - fireNewGame()
09:37:00.315 [JavaFX Application Thread] DEBUG Engine               - Starting new game
09:37:00.320 [JavaFX Application Thread] DEBUG Input                - Clearing active input actions
09:37:00.321 [FXGL Background Thread 1 ] DEBUG InitAppTask          - Clearing previous game
09:37:00.321 [FXGL Background Thread 1 ] DEBUG GameWorld            - Clearing game world
09:37:00.321 [FXGL Background Thread 1 ] DEBUG PhysicsWorld         - Clearing physics world
09:37:00.321 [FXGL Background Thread 1 ] DEBUG GameScene            - Clearing game scene
09:37:00.321 [FXGL Background Thread 1 ] DEBUG InitAppTask          - Initializing Game
09:37:00.325 [FXGL Background Thread 1 ] DEBUG InitAppTask          - Initializing Physics
09:37:00.325 [FXGL Background Thread 1 ] DEBUG InitAppTask          - Initializing UI
09:37:00.325 [FXGL Background Thread 1 ] DEBUG InitAppTask          - Initialization Complete
09:37:00.325 [FXGL Background Thread 1 ] INFO  InitAppTask          - Game initialization took: 0.004 sec
09:37:00.328 [JavaFX Application Thread] DEBUG Engine               - Removing overlay from FXGLDefaultMenu and adding to LoadingScene
09:37:00.328 [JavaFX Application Thread] DEBUG MainWindow           - FXGLDefaultMenu -> LoadingScene
09:37:00.348 [JavaFX Application Thread] DEBUG Input                - Clearing active input actions
09:37:00.353 [JavaFX Application Thread] DEBUG Engine               - Removing overlay from LoadingScene and adding to GameScene
09:37:00.353 [JavaFX Application Thread] DEBUG MainWindow           - LoadingScene -> GameScene
09:37:01.632 [JavaFX Application Thread] FATAL Engine               - Uncaught Exception:

Fatal exception occurred: java.lang.IllegalArgumentException : Property pixelsMoved does not exist
E: com.almasb.fxgl.core.collection.PropertyMap.get(PropertyMap.kt:154)
E: com.almasb.fxgl.core.collection.PropertyMap.intProperty(PropertyMap.kt:106)
E: com.almasb.fxgl.core.collection.PropertyMap.increment(PropertyMap.kt:87)
E: com.almasb.fxgl.gameplay.GameState.increment(GameState.kt:46)
E: Application$4.onAction(Application.java:70)
E: com.almasb.fxgl.input.UserAction.action$fxgl_input(UserAction.kt:38)
E: com.almasb.fxgl.input.Input.update(Input.kt:164)
E: com.almasb.fxgl.scene.Scene.update(Scene.kt:78)
E: com.almasb.fxgl.app.MainWindow$onUpdate$1.invoke(MainWindow.kt:203)
E: com.almasb.fxgl.app.MainWindow$onUpdate$1.invoke(MainWindow.kt:35)
E: com.almasb.fxgl.core.fsm.StateMachine.runOnActiveStates(StateMachine.kt:60)
E: com.almasb.fxgl.app.MainWindow.onUpdate(MainWindow.kt:203)
E: com.almasb.fxgl.app.Engine.loop(Engine.kt:489)
E: com.almasb.fxgl.app.Engine.access$loop(Engine.kt:53)
E: com.almasb.fxgl.app.Engine$loop$1.invoke(Engine.kt:81)
E: com.almasb.fxgl.app.Engine$loop$1.invoke(Engine.kt:53)
E: com.almasb.fxgl.app.LoopRunner.frame(LoopRunner.kt:86)
E: com.almasb.fxgl.app.LoopRunner.access$frame(LoopRunner.kt:17)
E: com.almasb.fxgl.app.LoopRunner$impl$2$1.handle(LoopRunner.kt:37)
E: javafx.animation.AnimationTimer$AnimationTimerReceiver.lambda$handle$0(AnimationTimer.java:57)
E: java.base/java.security.AccessController.doPrivileged(Native Method)
E: javafx.animation.AnimationTimer$AnimationTimerReceiver.handle(AnimationTimer.java:56)
E: com.sun.scenario.animation.AbstractMasterTimer.timePulseImpl(AbstractMasterTimer.java:357)
E: com.sun.scenario.animation.AbstractMasterTimer$MainLoop.run(AbstractMasterTimer.java:267)
E: com.sun.javafx.tk.quantum.QuantumToolkit.pulse(QuantumToolkit.java:558)
E: com.sun.javafx.tk.quantum.QuantumToolkit.pulse(QuantumToolkit.java:542)
E: com.sun.javafx.tk.quantum.QuantumToolkit.pulseFromQueue(QuantumToolkit.java:535)
E: com.sun.javafx.tk.quantum.QuantumToolkit.lambda$runToolkit$11(QuantumToolkit.java:341)
E: com.sun.glass.ui.InvokeLaterDispatcher$Future.run(InvokeLaterDispatcher.java:96)
E: com.sun.glass.ui.win.WinApplication._runLoop(Native Method)
E: com.sun.glass.ui.win.WinApplication.lambda$runLoop$3(WinApplication.java:174)
E: java.base/java.lang.Thread.run(Thread.java:834)

09:37:01.632 [JavaFX Application Thread] FATAL Engine               - Application will now exit
09:37:01.632 [JavaFX Application Thread] DEBUG LoopRunner           - Stopping loop
09:37:10.888 [JavaFX Application Thread] DEBUG Engine               - Exiting FXGL
09:37:10.889 [JavaFX Application Thread] DEBUG Engine               - Shutting down background threads
09:37:10.889 [JavaFX Application Thread] DEBUG Engine               - Saving FXGL system data
09:37:10.891 [JavaFX Application Thread] DEBUG FSServiceImpl        - Writing to: G:\Desk\Projects\FXGLPlatformer\system\fxgl.bundle
09:37:10.893 [JavaFX Application Thread] DEBUG Engine               - Closing logger and exiting JavaFX
