13:51:31.881 [main                     ] DEBUG GameApplication      - Logger initialized
13:51:31.898 [main                     ] DEBUG GameApplication      - Logging settings
Title: JumpToBeat-Demo
Version: 0.1
Width: 1050
Height: 700
Fullscreen: false
Intro: false
Menus: false
Profiling: false
Single step:false
App Mode: DEVELOPER
Menu Key: ESCAPE
Stage Style: DECORATED
Scene Factory: class com.almasb.fxgl.app.SceneFactory
Dialog Factory: class com.almasb.fxgl.ui.FXGLDialogFactory
UI Factory: class com.almasb.fxgl.ui.FXGLUIFactory

13:51:32.376 [JavaFX Application Thread] DEBUG Engine               - Initializing FXGL
13:51:32.376 [JavaFX Application Thread] INFO  Engine               - FXGL-11.7 (05.01.2020 09.37) on WINDOWS (J:11.0.5 FX:12.0.1)
13:51:32.376 [JavaFX Application Thread] INFO  Engine               - Source code and latest versions at: https://github.com/AlmasB/FXGL
13:51:32.376 [JavaFX Application Thread] INFO  Engine               -              Join the FXGL chat at: https://gitter.im/AlmasB/FXGL
13:51:32.377 [JavaFX Application Thread] DEBUG Engine               - Initializing environment variables
13:51:32.379 [JavaFX Application Thread] DEBUG Engine               - Logging environment variables
13:51:32.379 [JavaFX Application Thread] DEBUG Engine               - achievements: []
13:51:32.379 [JavaFX Application Thread] DEBUG Engine               - sceneStack: com.almasb.fxgl.app.Engine@7c879a4c
13:51:32.380 [JavaFX Application Thread] DEBUG Engine               - language: ObjectProperty [value: ENGLISH]
13:51:32.380 [JavaFX Application Thread] DEBUG Engine               - isCloseConfirmation: false
13:51:32.380 [JavaFX Application Thread] DEBUG Engine               - isProfilingEnabled: false
13:51:32.380 [JavaFX Application Thread] DEBUG Engine               - soundNotification: core/notification.wav
13:51:32.380 [JavaFX Application Thread] DEBUG Engine               - devShowBBoxProperty: BooleanProperty [value: false]
13:51:32.381 [JavaFX Application Thread] DEBUG Engine               - pixelsPerMeter: 50.0
13:51:32.381 [JavaFX Application Thread] DEBUG Engine               - overlayRoot: Group@19755844
13:51:32.381 [JavaFX Application Thread] DEBUG Engine               - appIcon: fxgl_icon.png
13:51:32.381 [JavaFX Application Thread] DEBUG Engine               - soundMenuBack: menu/back.wav
13:51:32.382 [JavaFX Application Thread] DEBUG Engine               - isFullScreenAllowed: false
13:51:32.382 [JavaFX Application Thread] DEBUG Engine               - isIntroEnabled: false
13:51:32.382 [JavaFX Application Thread] DEBUG Engine               - eventBus: com.almasb.fxgl.event.EventBus@38b4b3a2
13:51:32.382 [JavaFX Application Thread] DEBUG Engine               - fontMono: lucida_console.ttf
13:51:32.382 [JavaFX Application Thread] DEBUG Engine               - soundMenuSelect: menu/select.wav
13:51:32.382 [JavaFX Application Thread] DEBUG Engine               - isWindows: true
13:51:32.382 [JavaFX Application Thread] DEBUG Engine               - isMobile: false
13:51:32.382 [JavaFX Application Thread] DEBUG Engine               - height: 700
13:51:32.382 [JavaFX Application Thread] DEBUG Engine               - isExperimentalNative: false
13:51:32.383 [JavaFX Application Thread] DEBUG Engine               - isSingleStep: false
13:51:32.383 [JavaFX Application Thread] DEBUG Engine               - cSSList: [fxgl_dark.css]
13:51:32.383 [JavaFX Application Thread] DEBUG Engine               - fontGame: Abel-Regular.ttf
13:51:32.383 [JavaFX Application Thread] DEBUG Engine               - menuKey: ESCAPE
13:51:32.383 [JavaFX Application Thread] DEBUG Engine               - devShowPositionProperty: BooleanProperty [value: false]
13:51:32.383 [JavaFX Application Thread] DEBUG Engine               - versionCheckDays: 7
13:51:32.383 [JavaFX Application Thread] DEBUG Engine               - masterTimer: com.almasb.fxgl.time.Timer@78211b02
13:51:32.383 [JavaFX Application Thread] DEBUG Engine               - configClass: Optional.empty
13:51:32.383 [JavaFX Application Thread] DEBUG Engine               - isFullScreenFromStart: false
13:51:32.383 [JavaFX Application Thread] DEBUG Engine               - version: 0.1
13:51:32.384 [JavaFX Application Thread] DEBUG Engine               - fullScreen: BooleanProperty [value: false]
13:51:32.384 [JavaFX Application Thread] DEBUG Engine               - randomSeed: -1
13:51:32.384 [JavaFX Application Thread] DEBUG Engine               - dialogFactory: com.almasb.fxgl.ui.FXGLDialogFactory@15f7f7e1
13:51:32.384 [JavaFX Application Thread] DEBUG Engine               - applicationMode: DEVELOPER
13:51:32.384 [JavaFX Application Thread] DEBUG Engine               - isMac: false
13:51:32.384 [JavaFX Application Thread] DEBUG Engine               - urlGoogleForms: https://goo.gl/forms/6wrMnOBxTE1fEpOy2
13:51:32.384 [JavaFX Application Thread] DEBUG Engine               - isMenuEnabled: false
13:51:32.384 [JavaFX Application Thread] DEBUG Engine               - urlPOM: https://raw.githubusercontent.com/AlmasB/FXGL/master/pom.xml
13:51:32.384 [JavaFX Application Thread] DEBUG Engine               - profileName: user.profile
13:51:32.384 [JavaFX Application Thread] DEBUG Engine               - notificationViewClass: class com.almasb.fxgl.notification.view.XboxNotificationView
13:51:32.384 [JavaFX Application Thread] DEBUG Engine               - devSensorColorProperty: ObjectProperty [value: 0xffff00ff]
13:51:32.385 [JavaFX Application Thread] DEBUG Engine               - sceneFactory: com.almasb.fxgl.app.SceneFactory@26f33a63
13:51:32.385 [JavaFX Application Thread] DEBUG Engine               - dataFileExt: .dat
13:51:32.385 [JavaFX Application Thread] DEBUG Engine               - stageStyle: DECORATED
13:51:32.385 [JavaFX Application Thread] DEBUG Engine               - isManualResizeEnabled: false
13:51:32.385 [JavaFX Application Thread] DEBUG Engine               - title: JumpToBeat-Demo
13:51:32.385 [JavaFX Application Thread] DEBUG Engine               - platform: WINDOWS
13:51:32.385 [JavaFX Application Thread] DEBUG Engine               - devBBoxColorProperty: ObjectProperty [value: 0xff0000ff]
13:51:32.385 [JavaFX Application Thread] DEBUG Engine               - isDesktop: true
13:51:32.385 [JavaFX Application Thread] DEBUG Engine               - credits: []
13:51:32.385 [JavaFX Application Thread] DEBUG Engine               - globalMusicVolumeProperty: DoubleProperty [value: 0.5]
13:51:32.386 [JavaFX Application Thread] DEBUG Engine               - uIFactory: com.almasb.fxgl.ui.FXGLUIFactory@3b47a4bc
13:51:32.386 [JavaFX Application Thread] DEBUG Engine               - isPreserveResizeRatio: false
13:51:32.386 [JavaFX Application Thread] DEBUG Engine               - fontText: Courier-Prime.ttf
13:51:32.386 [JavaFX Application Thread] DEBUG Engine               - isExperimentalTiledLargeMap: false
13:51:32.386 [JavaFX Application Thread] DEBUG Engine               - secondsIn24h: 60
13:51:32.386 [JavaFX Application Thread] DEBUG Engine               - runtimeInfo: RuntimeInfo(platform=WINDOWS, version=11.7, build=05.01.2020 09.37)
13:51:32.386 [JavaFX Application Thread] DEBUG Engine               - isLinux: false
13:51:32.386 [JavaFX Application Thread] DEBUG Engine               - soundMenuPress: menu/press.wav
13:51:32.386 [JavaFX Application Thread] DEBUG Engine               - urlGithub: https://github.com/AlmasB/FXGL
13:51:32.386 [JavaFX Application Thread] DEBUG Engine               - profileDir: profiles/
13:51:32.386 [JavaFX Application Thread] DEBUG Engine               - isDeveloperMenuEnabled: false
13:51:32.386 [JavaFX Application Thread] DEBUG Engine               - globalSoundVolumeProperty: DoubleProperty [value: 0.5]
13:51:32.386 [JavaFX Application Thread] DEBUG Engine               - isBrowser: false
13:51:32.386 [JavaFX Application Thread] DEBUG Engine               - urlLeaderboard: http://fxgl-top.herokuapp.com/
13:51:32.387 [JavaFX Application Thread] DEBUG Engine               - globalSoundVolume: 0.5
13:51:32.387 [JavaFX Application Thread] DEBUG Engine               - saveDir: saves/
13:51:32.387 [JavaFX Application Thread] DEBUG Engine               - engineServices: [class com.almasb.fxgl.audio.AudioPlayer, class com.almasb.fxgl.notification.impl.NotificationServiceProvider, class com.almasb.fxgl.achievement.AchievementManager, class com.almasb.fxgl.cutscene.CutsceneService, class com.almasb.fxgl.minigames.MiniGameService]
13:51:32.387 [JavaFX Application Thread] DEBUG Engine               - globalMusicVolume: 0.5
13:51:32.387 [JavaFX Application Thread] DEBUG Engine               - width: 1050
13:51:32.387 [JavaFX Application Thread] DEBUG Engine               - saveFileExt: .sav
13:51:32.387 [JavaFX Application Thread] DEBUG Engine               - isAndroid: false
13:51:32.387 [JavaFX Application Thread] DEBUG Engine               - fontUI: VarelaRound-Regular.ttf
13:51:32.387 [JavaFX Application Thread] DEBUG Engine               - enabledMenuItems: []
13:51:32.387 [JavaFX Application Thread] DEBUG Engine               - isIOS: false
13:51:32.390 [JavaFX Application Thread] DEBUG Engine               - Adding new engine service: class com.almasb.fxgl.audio.AudioPlayer
13:51:32.391 [JavaFX Application Thread] DEBUG Engine               - Adding new engine service: class com.almasb.fxgl.notification.impl.NotificationServiceProvider
13:51:32.391 [JavaFX Application Thread] DEBUG Engine               - Adding new engine service: class com.almasb.fxgl.achievement.AchievementManager
13:51:32.392 [JavaFX Application Thread] DEBUG Engine               - Adding new engine service: class com.almasb.fxgl.cutscene.CutsceneService
13:51:32.392 [JavaFX Application Thread] DEBUG Engine               - Adding new engine service: class com.almasb.fxgl.minigames.MiniGameService
13:51:32.395 [JavaFX Application Thread] DEBUG Engine               - Loading localizations
13:51:32.397 [JavaFX Application Thread] DEBUG AssetLoader          - Loading from file system: /assets/properties/languages/english.properties
13:51:32.399 [JavaFX Application Thread] DEBUG AssetLoader          - Loading from file system: /assets/properties/languages/french.properties
13:51:32.400 [JavaFX Application Thread] DEBUG AssetLoader          - Loading from file system: /assets/properties/languages/german.properties
13:51:32.401 [JavaFX Application Thread] DEBUG AssetLoader          - Loading from file system: /assets/properties/languages/russian.properties
13:51:32.402 [JavaFX Application Thread] DEBUG AssetLoader          - Loading from file system: /assets/properties/languages/hungarian.properties
13:51:32.404 [JavaFX Application Thread] DEBUG Engine               - Registering font factories
13:51:32.404 [JavaFX Application Thread] DEBUG AssetLoader          - Loading from file system: /assets/ui/fonts/VarelaRound-Regular.ttf
13:51:32.561 [JavaFX Application Thread] DEBUG AssetLoader          - Loading from file system: /assets/ui/fonts/Abel-Regular.ttf
13:51:32.565 [JavaFX Application Thread] DEBUG AssetLoader          - Loading from file system: /assets/ui/fonts/lucida_console.ttf
13:51:32.570 [JavaFX Application Thread] DEBUG AssetLoader          - Loading from file system: /assets/ui/fonts/Courier-Prime.ttf
13:51:32.573 [JavaFX Application Thread] DEBUG Engine               - Setting UI factory
13:51:32.662 [JavaFX Application Thread] DEBUG AssetLoader          - Loading from file system: /assets/textures/fxgl_logo.png
13:51:32.718 [JavaFX Application Thread] DEBUG MainWindow           - Creating a JavaFX scene
13:51:32.761 [JavaFX Application Thread] DEBUG MainWindow           - Target settings size: 1050.0 x 700.0
13:51:32.761 [JavaFX Application Thread] DEBUG MainWindow           - Scaled scene size:    1050.0 x 700.0
13:51:32.761 [JavaFX Application Thread] DEBUG MainWindow           - Scaled ratio: (1.0, 1.0)
13:51:32.762 [JavaFX Application Thread] DEBUG MainWindow           - Set initial scene to FXGLStartupScene
13:51:32.769 [JavaFX Application Thread] DEBUG AssetLoader          - Loading from file system: /assets/textures/fxgl_icon.png
13:51:32.781 [JavaFX Application Thread] DEBUG Engine               - Applying CSS: fxgl_dark.css
13:51:32.781 [JavaFX Application Thread] DEBUG AssetLoader          - Loading from file system: /assets/ui/css/fxgl_dark.css
13:51:32.784 [JavaFX Application Thread] DEBUG AssetLoader          - Loading from file system: /assets/ui/cursors/fxgl_default.png
13:51:32.786 [JavaFX Application Thread] DEBUG MainWindow           - Opening main window
13:51:32.935 [JavaFX Application Thread] DEBUG MainWindow           - Window border size: (16.0, 39.0)
13:51:32.935 [JavaFX Application Thread] DEBUG MainWindow           - Scaled size: 1050.0 x 700.0
13:51:32.935 [JavaFX Application Thread] DEBUG MainWindow           - Scaled ratio: (1.0, 1.0)
13:51:32.935 [JavaFX Application Thread] DEBUG MainWindow           - Scene size: 1050.0 x 700.0
13:51:32.935 [JavaFX Application Thread] DEBUG MainWindow           - Stage size: 1066.0 x 739.0
13:51:32.982 [FXGL Background Thread 1 ] DEBUG FS                   - Loaded FSServiceImpl
13:51:32.983 [FXGL Background Thread 1 ] DEBUG Engine               - Loading FXGL system data
13:51:32.986 [FXGL Background Thread 1 ] DEBUG FSServiceImpl        - Reading from: G:\Desk\Projects\FXGLPlatformer\system\fxgl.bundle
13:51:33.003 [FXGL Background Thread 1 ] DEBUG Engine               - Bundle FXGL: {}
13:51:33.003 [FXGL Background Thread 1 ] DEBUG Engine               - Initializing application scenes
13:51:33.042 [FXGL Background Thread 1 ] DEBUG GameWorld            - Game world initialized
13:51:33.079 [FXGL Background Thread 1 ] DEBUG PhysicsWorld         - Physics world initialized: appHeight=700, physics.ppm=50.0
13:51:33.081 [FXGL Background Thread 1 ] DEBUG GameScene            - Game scene initialized: 1050x700
13:51:33.110 [FXGL Background Thread 1 ] DEBUG Input                - Registered new binding: Resume - Esc
13:51:33.110 [FXGL Background Thread 1 ] DEBUG AssetLoader          - Loading from file system: /assets/textures/pause_menu_bg.png
13:51:33.133 [FXGL Background Thread 1 ] DEBUG Input                - Registered new binding: Pause - Esc
13:51:33.133 [FXGL Background Thread 1 ] DEBUG Engine               - Application scenes initialized
13:51:33.136 [JavaFX Application Thread] DEBUG Engine               - Running preInit()
13:51:33.136 [JavaFX Application Thread] DEBUG Input                - Registered new binding: Right - D
13:51:33.136 [JavaFX Application Thread] DEBUG Input                - Registered new binding: Left - A
13:51:33.136 [JavaFX Application Thread] FATAL Engine               - Uncaught Exception:

Fatal exception occurred: java.lang.IllegalArgumentException : Trigger is already bound: A
E: com.almasb.fxgl.input.Input.addBinding(Input.kt:307)
E: com.almasb.fxgl.input.Input.addAction(Input.kt:302)
E: com.almasb.fxgl.input.Input.addAction$default(Input.kt:299)
E: com.almasb.fxgl.input.Input.addAction(Input.kt)
E: Game.Application.initInput(Application.java:87)
E: com.almasb.fxgl.app.Engine.runPreInit(Engine.kt:459)
E: com.almasb.fxgl.app.Engine.prepareToStartLoop(Engine.kt:297)
E: com.almasb.fxgl.app.Engine.access$prepareToStartLoop(Engine.kt:53)
E: com.almasb.fxgl.app.Engine$startLoop$1$1.run(Engine.kt:189)
E: com.almasb.fxgl.core.concurrent.Async$startAsyncFX$1.call(Concurrent.kt:44)
E: com.almasb.fxgl.core.concurrent.Async$startAsyncFX$1.call(Concurrent.kt:21)
E: com.almasb.fxgl.core.concurrent.FXCoroutine$1.run(Concurrent.kt:113)
E: com.sun.javafx.application.PlatformImpl.lambda$runLater$10(PlatformImpl.java:428)
E: java.base/java.security.AccessController.doPrivileged(Native Method)
E: com.sun.javafx.application.PlatformImpl.lambda$runLater$11(PlatformImpl.java:427)
E: com.sun.glass.ui.InvokeLaterDispatcher$Future.run(InvokeLaterDispatcher.java:96)
E: com.sun.glass.ui.win.WinApplication._runLoop(Native Method)
E: com.sun.glass.ui.win.WinApplication.lambda$runLoop$3(WinApplication.java:174)
E: java.base/java.lang.Thread.run(Thread.java:834)

13:51:33.137 [JavaFX Application Thread] FATAL Engine               - Application will now exit
13:51:33.137 [JavaFX Application Thread] DEBUG LoopRunner           - Stopping loop
