03:08:36.511 [main                     ] DEBUG GameApplication      - Logger initialized
03:08:36.528 [main                     ] DEBUG GameApplication      - Logging settings
Title: JumpToBeat-Demo
Version: 0.1
Width: 1050
Height: 700
Fullscreen: false
Intro: false
Menus: true
Profiling: false
Single step:false
App Mode: DEVELOPER
Menu Key: ESCAPE
Stage Style: DECORATED
Scene Factory: class com.almasb.fxgl.app.SceneFactory
Dialog Factory: class com.almasb.fxgl.ui.FXGLDialogFactory
UI Factory: class com.almasb.fxgl.ui.FXGLUIFactory

03:08:37.039 [JavaFX Application Thread] DEBUG Engine               - Initializing FXGL
03:08:37.039 [JavaFX Application Thread] INFO  Engine               - FXGL-11.7 (05.01.2020 09.37) on WINDOWS (J:11.0.5 FX:12.0.1)
03:08:37.039 [JavaFX Application Thread] INFO  Engine               - Source code and latest versions at: https://github.com/AlmasB/FXGL
03:08:37.040 [JavaFX Application Thread] INFO  Engine               -              Join the FXGL chat at: https://gitter.im/AlmasB/FXGL
03:08:37.040 [JavaFX Application Thread] DEBUG Engine               - Initializing environment variables
03:08:37.042 [JavaFX Application Thread] DEBUG Engine               - Logging environment variables
03:08:37.042 [JavaFX Application Thread] DEBUG Engine               - achievements: []
03:08:37.042 [JavaFX Application Thread] DEBUG Engine               - sceneStack: com.almasb.fxgl.app.Engine@6f04d97e
03:08:37.042 [JavaFX Application Thread] DEBUG Engine               - language: ObjectProperty [value: ENGLISH]
03:08:37.042 [JavaFX Application Thread] DEBUG Engine               - isCloseConfirmation: false
03:08:37.043 [JavaFX Application Thread] DEBUG Engine               - isProfilingEnabled: false
03:08:37.043 [JavaFX Application Thread] DEBUG Engine               - soundNotification: core/notification.wav
03:08:37.043 [JavaFX Application Thread] DEBUG Engine               - devShowBBoxProperty: BooleanProperty [value: false]
03:08:37.044 [JavaFX Application Thread] DEBUG Engine               - pixelsPerMeter: 50.0
03:08:37.044 [JavaFX Application Thread] DEBUG Engine               - overlayRoot: Group@32ae2374
03:08:37.044 [JavaFX Application Thread] DEBUG Engine               - soundMenuBack: menu/back.wav
03:08:37.044 [JavaFX Application Thread] DEBUG Engine               - appIcon: fxgl_icon.png
03:08:37.044 [JavaFX Application Thread] DEBUG Engine               - isFullScreenAllowed: false
03:08:37.044 [JavaFX Application Thread] DEBUG Engine               - isIntroEnabled: false
03:08:37.045 [JavaFX Application Thread] DEBUG Engine               - eventBus: com.almasb.fxgl.event.EventBus@47f0cf84
03:08:37.045 [JavaFX Application Thread] DEBUG Engine               - fontMono: lucida_console.ttf
03:08:37.045 [JavaFX Application Thread] DEBUG Engine               - soundMenuSelect: menu/select.wav
03:08:37.045 [JavaFX Application Thread] DEBUG Engine               - isWindows: true
03:08:37.045 [JavaFX Application Thread] DEBUG Engine               - isMobile: false
03:08:37.045 [JavaFX Application Thread] DEBUG Engine               - height: 700
03:08:37.045 [JavaFX Application Thread] DEBUG Engine               - isExperimentalNative: false
03:08:37.045 [JavaFX Application Thread] DEBUG Engine               - isSingleStep: false
03:08:37.045 [JavaFX Application Thread] DEBUG Engine               - cSSList: [fxgl_dark.css]
03:08:37.045 [JavaFX Application Thread] DEBUG Engine               - fontGame: Abel-Regular.ttf
03:08:37.046 [JavaFX Application Thread] DEBUG Engine               - menuKey: ESCAPE
03:08:37.046 [JavaFX Application Thread] DEBUG Engine               - devShowPositionProperty: BooleanProperty [value: false]
03:08:37.046 [JavaFX Application Thread] DEBUG Engine               - versionCheckDays: 7
03:08:37.046 [JavaFX Application Thread] DEBUG Engine               - masterTimer: com.almasb.fxgl.time.Timer@e76212d
03:08:37.046 [JavaFX Application Thread] DEBUG Engine               - configClass: Optional.empty
03:08:37.046 [JavaFX Application Thread] DEBUG Engine               - isFullScreenFromStart: false
03:08:37.046 [JavaFX Application Thread] DEBUG Engine               - version: 0.1
03:08:37.046 [JavaFX Application Thread] DEBUG Engine               - fullScreen: BooleanProperty [value: false]
03:08:37.046 [JavaFX Application Thread] DEBUG Engine               - randomSeed: -1
03:08:37.046 [JavaFX Application Thread] DEBUG Engine               - dialogFactory: com.almasb.fxgl.ui.FXGLDialogFactory@1413932f
03:08:37.046 [JavaFX Application Thread] DEBUG Engine               - applicationMode: DEVELOPER
03:08:37.047 [JavaFX Application Thread] DEBUG Engine               - isMac: false
03:08:37.047 [JavaFX Application Thread] DEBUG Engine               - urlGoogleForms: https://goo.gl/forms/6wrMnOBxTE1fEpOy2
03:08:37.047 [JavaFX Application Thread] DEBUG Engine               - isMenuEnabled: true
03:08:37.047 [JavaFX Application Thread] DEBUG Engine               - urlPOM: https://raw.githubusercontent.com/AlmasB/FXGL/master/pom.xml
03:08:37.047 [JavaFX Application Thread] DEBUG Engine               - profileName: user.profile
03:08:37.047 [JavaFX Application Thread] DEBUG Engine               - notificationViewClass: class com.almasb.fxgl.notification.view.XboxNotificationView
03:08:37.047 [JavaFX Application Thread] DEBUG Engine               - devSensorColorProperty: ObjectProperty [value: 0xffff00ff]
03:08:37.047 [JavaFX Application Thread] DEBUG Engine               - sceneFactory: com.almasb.fxgl.app.SceneFactory@5765b75a
03:08:37.047 [JavaFX Application Thread] DEBUG Engine               - dataFileExt: .dat
03:08:37.047 [JavaFX Application Thread] DEBUG Engine               - stageStyle: DECORATED
03:08:37.048 [JavaFX Application Thread] DEBUG Engine               - isManualResizeEnabled: false
03:08:37.048 [JavaFX Application Thread] DEBUG Engine               - title: JumpToBeat-Demo
03:08:37.048 [JavaFX Application Thread] DEBUG Engine               - platform: WINDOWS
03:08:37.048 [JavaFX Application Thread] DEBUG Engine               - devBBoxColorProperty: ObjectProperty [value: 0xff0000ff]
03:08:37.048 [JavaFX Application Thread] DEBUG Engine               - isDesktop: true
03:08:37.048 [JavaFX Application Thread] DEBUG Engine               - globalMusicVolumeProperty: DoubleProperty [value: 0.5]
03:08:37.048 [JavaFX Application Thread] DEBUG Engine               - credits: []
03:08:37.048 [JavaFX Application Thread] DEBUG Engine               - isPreserveResizeRatio: false
03:08:37.048 [JavaFX Application Thread] DEBUG Engine               - uIFactory: com.almasb.fxgl.ui.FXGLUIFactory@1628dedd
03:08:37.048 [JavaFX Application Thread] DEBUG Engine               - fontText: Courier-Prime.ttf
03:08:37.048 [JavaFX Application Thread] DEBUG Engine               - isExperimentalTiledLargeMap: false
03:08:37.048 [JavaFX Application Thread] DEBUG Engine               - secondsIn24h: 60
03:08:37.049 [JavaFX Application Thread] DEBUG Engine               - runtimeInfo: RuntimeInfo(platform=WINDOWS, version=11.7, build=05.01.2020 09.37)
03:08:37.049 [JavaFX Application Thread] DEBUG Engine               - urlGithub: https://github.com/AlmasB/FXGL
03:08:37.049 [JavaFX Application Thread] DEBUG Engine               - isLinux: false
03:08:37.049 [JavaFX Application Thread] DEBUG Engine               - soundMenuPress: menu/press.wav
03:08:37.049 [JavaFX Application Thread] DEBUG Engine               - profileDir: profiles/
03:08:37.049 [JavaFX Application Thread] DEBUG Engine               - isDeveloperMenuEnabled: false
03:08:37.049 [JavaFX Application Thread] DEBUG Engine               - globalSoundVolumeProperty: DoubleProperty [value: 0.5]
03:08:37.049 [JavaFX Application Thread] DEBUG Engine               - isBrowser: false
03:08:37.049 [JavaFX Application Thread] DEBUG Engine               - globalSoundVolume: 0.5
03:08:37.049 [JavaFX Application Thread] DEBUG Engine               - urlLeaderboard: http://fxgl-top.herokuapp.com/
03:08:37.050 [JavaFX Application Thread] DEBUG Engine               - saveDir: saves/
03:08:37.050 [JavaFX Application Thread] DEBUG Engine               - engineServices: [class com.almasb.fxgl.audio.AudioPlayer, class com.almasb.fxgl.notification.impl.NotificationServiceProvider, class com.almasb.fxgl.achievement.AchievementManager, class com.almasb.fxgl.cutscene.CutsceneService, class com.almasb.fxgl.minigames.MiniGameService]
03:08:37.050 [JavaFX Application Thread] DEBUG Engine               - globalMusicVolume: 0.5
03:08:37.050 [JavaFX Application Thread] DEBUG Engine               - width: 1050
03:08:37.050 [JavaFX Application Thread] DEBUG Engine               - saveFileExt: .sav
03:08:37.050 [JavaFX Application Thread] DEBUG Engine               - isAndroid: false
03:08:37.050 [JavaFX Application Thread] DEBUG Engine               - fontUI: VarelaRound-Regular.ttf
03:08:37.050 [JavaFX Application Thread] DEBUG Engine               - enabledMenuItems: []
03:08:37.050 [JavaFX Application Thread] DEBUG Engine               - isIOS: false
03:08:37.053 [JavaFX Application Thread] DEBUG Engine               - Adding new engine service: class com.almasb.fxgl.audio.AudioPlayer
03:08:37.054 [JavaFX Application Thread] DEBUG Engine               - Adding new engine service: class com.almasb.fxgl.notification.impl.NotificationServiceProvider
03:08:37.054 [JavaFX Application Thread] DEBUG Engine               - Adding new engine service: class com.almasb.fxgl.achievement.AchievementManager
03:08:37.055 [JavaFX Application Thread] DEBUG Engine               - Adding new engine service: class com.almasb.fxgl.cutscene.CutsceneService
03:08:37.055 [JavaFX Application Thread] DEBUG Engine               - Adding new engine service: class com.almasb.fxgl.minigames.MiniGameService
03:08:37.058 [JavaFX Application Thread] DEBUG Engine               - Loading localizations
03:08:37.060 [JavaFX Application Thread] DEBUG AssetLoader          - Loading from file system: /assets/properties/languages/english.properties
03:08:37.062 [JavaFX Application Thread] DEBUG AssetLoader          - Loading from file system: /assets/properties/languages/french.properties
03:08:37.063 [JavaFX Application Thread] DEBUG AssetLoader          - Loading from file system: /assets/properties/languages/german.properties
03:08:37.064 [JavaFX Application Thread] DEBUG AssetLoader          - Loading from file system: /assets/properties/languages/russian.properties
03:08:37.065 [JavaFX Application Thread] DEBUG AssetLoader          - Loading from file system: /assets/properties/languages/hungarian.properties
03:08:37.067 [JavaFX Application Thread] DEBUG Engine               - Registering font factories
03:08:37.067 [JavaFX Application Thread] DEBUG AssetLoader          - Loading from file system: /assets/ui/fonts/VarelaRound-Regular.ttf
03:08:37.249 [JavaFX Application Thread] DEBUG AssetLoader          - Loading from file system: /assets/ui/fonts/Abel-Regular.ttf
03:08:37.252 [JavaFX Application Thread] DEBUG AssetLoader          - Loading from file system: /assets/ui/fonts/lucida_console.ttf
03:08:37.257 [JavaFX Application Thread] DEBUG AssetLoader          - Loading from file system: /assets/ui/fonts/Courier-Prime.ttf
03:08:37.261 [JavaFX Application Thread] DEBUG Engine               - Setting UI factory
03:08:37.351 [JavaFX Application Thread] DEBUG AssetLoader          - Loading from file system: /assets/textures/fxgl_logo.png
03:08:37.408 [JavaFX Application Thread] DEBUG MainWindow           - Creating a JavaFX scene
03:08:37.449 [JavaFX Application Thread] DEBUG MainWindow           - Target settings size: 1050.0 x 700.0
03:08:37.449 [JavaFX Application Thread] DEBUG MainWindow           - Scaled scene size:    1050.0 x 700.0
03:08:37.450 [JavaFX Application Thread] DEBUG MainWindow           - Scaled ratio: (1.0, 1.0)
03:08:37.451 [JavaFX Application Thread] DEBUG MainWindow           - Set initial scene to FXGLStartupScene
03:08:37.458 [JavaFX Application Thread] DEBUG AssetLoader          - Loading from file system: /assets/textures/fxgl_icon.png
03:08:37.469 [JavaFX Application Thread] DEBUG Engine               - Applying CSS: fxgl_dark.css
03:08:37.470 [JavaFX Application Thread] DEBUG AssetLoader          - Loading from file system: /assets/ui/css/fxgl_dark.css
03:08:37.473 [JavaFX Application Thread] DEBUG AssetLoader          - Loading from file system: /assets/ui/cursors/fxgl_default.png
03:08:37.474 [JavaFX Application Thread] DEBUG MainWindow           - Opening main window
03:08:37.611 [JavaFX Application Thread] DEBUG MainWindow           - Window border size: (16.0, 39.0)
03:08:37.611 [JavaFX Application Thread] DEBUG MainWindow           - Scaled size: 1050.0 x 700.0
03:08:37.611 [JavaFX Application Thread] DEBUG MainWindow           - Scaled ratio: (1.0, 1.0)
03:08:37.611 [JavaFX Application Thread] DEBUG MainWindow           - Scene size: 1050.0 x 700.0
03:08:37.611 [JavaFX Application Thread] DEBUG MainWindow           - Stage size: 1066.0 x 739.0
03:08:37.649 [FXGL Background Thread 1 ] DEBUG FS                   - Loaded FSServiceImpl
03:08:37.650 [FXGL Background Thread 1 ] DEBUG Engine               - Loading FXGL system data
03:08:37.654 [FXGL Background Thread 1 ] DEBUG FSServiceImpl        - Reading from: G:\Desk\Projects\FXGLPlatformer\system\fxgl.bundle
03:08:37.674 [FXGL Background Thread 1 ] DEBUG Engine               - Bundle FXGL: {}
03:08:37.674 [FXGL Background Thread 1 ] DEBUG Engine               - Initializing application scenes
03:08:37.722 [FXGL Background Thread 1 ] DEBUG GameWorld            - Game world initialized
03:08:37.757 [FXGL Background Thread 1 ] DEBUG PhysicsWorld         - Physics world initialized: appHeight=700, physics.ppm=50.0
03:08:37.759 [FXGL Background Thread 1 ] DEBUG GameScene            - Game scene initialized: 1050x700
03:08:37.802 [FXGL Background Thread 1 ] DEBUG AssetLoader          - Loading from file system: /assets/textures/particles/trace_horizontal.png
03:08:37.818 [FXGL Background Thread 1 ] DEBUG FXGL.DefaultMenu     - createMenuBodyMainMenu()
03:08:37.831 [FXGL Background Thread 1 ] DEBUG FXGL.DefaultMenu     - createOptionsMenu()
03:08:37.835 [FXGL Background Thread 1 ] DEBUG AssetLoader          - Loading from file system: /assets/textures/particles/smoke.png
03:08:37.885 [FXGL Background Thread 1 ] DEBUG AssetLoader          - Loading from cache: /assets/textures/particles/trace_horizontal.png@64.0x64.0
03:08:37.886 [FXGL Background Thread 1 ] DEBUG FXGL.DefaultMenu     - createMenuBodyGameMenu()
03:08:37.888 [FXGL Background Thread 1 ] DEBUG FXGL.DefaultMenu     - createOptionsMenu()
03:08:37.903 [FXGL Background Thread 1 ] DEBUG AssetLoader          - Loading from cache: /assets/textures/particles/smoke.png@128.0x128.0
03:08:37.928 [FXGL Background Thread 1 ] DEBUG Engine               - Application scenes initialized
03:08:37.931 [JavaFX Application Thread] DEBUG Engine               - Running preInit()
03:08:37.939 [JavaFX Application Thread] DEBUG Input                - Registered new binding: Right - D
03:08:37.939 [JavaFX Application Thread] DEBUG Input                - Registered new binding: Left - A
03:08:37.940 [JavaFX Application Thread] DEBUG Input                - Registered new binding: Jump - Space
03:08:37.940 [JavaFX Application Thread] DEBUG Input                - Registered new binding: Play Sound - F
03:08:37.940 [JavaFX Application Thread] DEBUG Input                - Registered new binding: Screenshot - P
03:08:37.940 [JavaFX Application Thread] DEBUG Input                - Registered new binding: System info dump - CTRL+9
03:08:37.941 [JavaFX Application Thread] DEBUG Input                - Registered new binding: Restart - CTRL+R
03:08:37.941 [JavaFX Application Thread] DEBUG Engine               - generateDefaultProfile()
03:08:37.941 [JavaFX Application Thread] DEBUG Engine               - Creating default profile
03:08:37.941 [JavaFX Application Thread] DEBUG EventBus             - Firing event: SaveEvent
03:08:37.951 [JavaFX Application Thread] INFO  Engine               - FXGL initialization took: 0.893 sec
03:08:37.951 [JavaFX Application Thread] DEBUG LoopRunner           - Starting loop
03:08:37.962 [JavaFX Application Thread] DEBUG FXGLStartupScene     - STARTUP
03:08:37.966 [JavaFX Application Thread] DEBUG Input                - Clearing active input actions
03:08:37.985 [JavaFX Application Thread] DEBUG Engine               - Removing overlay from FXGLStartupScene and adding to FXGLDefaultMenu
03:08:37.985 [JavaFX Application Thread] DEBUG MainWindow           - FXGLStartupScene -> FXGLDefaultMenu
03:08:40.465 [JavaFX Application Thread] DEBUG Menu                 - fireNewGame()
03:08:40.465 [JavaFX Application Thread] DEBUG Engine               - Starting new game
03:08:40.470 [JavaFX Application Thread] DEBUG Input                - Clearing active input actions
03:08:40.471 [FXGL Background Thread 1 ] DEBUG InitAppTask          - Clearing previous game
03:08:40.471 [FXGL Background Thread 1 ] DEBUG GameWorld            - Clearing game world
03:08:40.471 [FXGL Background Thread 1 ] DEBUG PhysicsWorld         - Clearing physics world
03:08:40.471 [FXGL Background Thread 1 ] DEBUG GameScene            - Clearing game scene
03:08:40.471 [FXGL Background Thread 1 ] DEBUG InitAppTask          - Initializing Game
03:08:40.480 [JavaFX Application Thread] DEBUG Engine               - Removing overlay from FXGLDefaultMenu and adding to LoadingScene
03:08:40.480 [JavaFX Application Thread] DEBUG MainWindow           - FXGLDefaultMenu -> LoadingScene
03:08:40.508 [FXGL Background Thread 1 ] DEBUG AssetLoader          - Loading from file system: /assets/levels/Map/unbenannt.tmx
03:08:40.532 [FXGL Background Thread 1 ] WARN  TMXLevelLoader       - TiledMap generated from 1.3.4. Supported version: 1.2.3. Some features may not be parsed fully.
03:08:40.550 [FXGL Background Thread 1 ] DEBUG TMXLevelLoader       - Parsed raw map: TiledMap(width=45, height=30, tilewidth=30, tileheight=30, orientation=orthogonal, layers=[Layer(width=45, height=30, name=Kachelebene 1, type=tilelayer, visible=false, x=0, y=0, data=[0, 0, 0, 0, 0, 0, 0, 0, 0, 0, 0, 0, 0, 0, 0, 0, 0, 0, 0, 0, 0, 0, 0, 0, 0, 0, 0, 0, 0, 0, 0, 0, 0, 0, 0, 0, 0, 0, 0, 0, 0, 0, 0, 0, 0, 0, 0, 0, 0, 0, 0, 0, 0, 0, 0, 0, 0, 0, 0, 0, 0, 0, 0, 0, 0, 0, 0, 0, 0, 0, 0, 0, 0, 0, 0, 0, 0, 0, 0, 0, 0, 0, 0, 0, 0, 0, 0, 0, 0, 0, 0, 0, 0, 0, 0, 0, 0, 0, 0, 0, 0, 0, 0, 0, 0, 0, 0, 0, 0, 0, 0, 0, 0, 0, 0, 0, 0, 0, 0, 0, 0, 0, 0, 0, 0, 0, 0, 0, 0, 0, 0, 0, 0, 0, 0, 0, 0, 0, 0, 0, 0, 0, 0, 0, 0, 0, 0, 0, 0, 0, 0, 0, 0, 0, 0, 0, 0, 0, 0, 0, 0, 0, 0, 0, 0, 0, 0, 0, 0, 0, 0, 0, 0, 0, 0, 0, 0, 0, 0, 0, 0, 0, 0, 0, 0, 0, 0, 0, 0, 0, 0, 0, 0, 0, 0, 0, 0, 0, 0, 0, 0, 0, 0, 0, 0, 0, 0, 0, 0, 0, 0, 0, 0, 0, 0, 0, 0, 0, 0, 0, 0, 0, 0, 0, 0, 0, 0, 0, 0, 0, 0, 0, 0, 0, 0, 0, 0, 0, 0, 0, 0, 0, 0, 0, 0, 0, 0, 0, 0, 0, 0, 0, 0, 0, 0, 0, 0, 0, 0, 0, 0, 0, 0, 0, 0, 0, 0, 0, 0, 0, 0, 0, 0, 0, 0, 0, 0, 0, 0, 0, 0, 0, 0, 0, 0, 0, 0, 0, 0, 0, 0, 0, 0, 0, 0, 0, 0, 0, 0, 0, 0, 0, 0, 0, 0, 0, 0, 0, 0, 0, 0, 0, 0, 0, 0, 0, 0, 0, 0, 0, 0, 0, 0, 0, 0, 0, 0, 0, 0, 0, 0, 0, 0, 0, 0, 0, 0, 0, 0, 0, 0, 0, 0, 0, 0, 0, 0, 0, 0, 0, 0, 0, 0, 0, 0, 0, 0, 0, 0, 0, 0, 0, 0, 0, 0, 0, 0, 0, 0, 0, 0, 0, 0, 0, 0, 0, 0, 0, 0, 0, 0, 0, 0, 0, 0, 0, 0, 0, 0, 0, 0, 0, 0, 0, 0, 0, 0, 0, 0, 0, 0, 0, 0, 0, 0, 0, 0, 0, 0, 0, 0, 0, 0, 0, 0, 0, 0, 0, 0, 0, 0, 0, 0, 0, 0, 0, 0, 0, 0, 0, 0, 0, 0, 0, 0, 0, 0, 0, 0, 0, 0, 0, 0, 0, 0, 0, 0, 0, 0, 0, 0, 0, 0, 0, 0, 0, 0, 0, 0, 0, 0, 0, 0, 0, 0, 0, 0, 0, 0, 0, 0, 0, 0, 0, 0, 0, 0, 0, 0, 0, 0, 0, 0, 0, 0, 0, 0, 0, 0, 0, 0, 0, 0, 0, 0, 0, 0, 0, 0, 0, 0, 0, 0, 0, 0, 0, 0, 0, 0, 0, 0, 0, 0, 0, 0, 0, 0, 0, 0, 0, 0, 0, 0, 0, 0, 0, 0, 0, 0, 0, 0, 0, 0, 0, 0, 0, 0, 0, 0, 0, 0, 0, 0, 0, 0, 0, 0, 0, 0, 0, 0, 0, 0, 0, 0, 0, 0, 0, 0, 0, 0, 0, 0, 0, 0, 0, 0, 0, 0, 0, 0, 0, 0, 0, 0, 0, 0, 0, 0, 0, 0, 0, 0, 0, 0, 0, 0, 0, 0, 0, 0, 0, 0, 0, 0, 0, 0, 0, 0, 0, 0, 0, 0, 0, 0, 0, 0, 0, 0, 0, 0, 0, 0, 0, 0, 0, 0, 0, 0, 0, 0, 0, 0, 0, 0, 0, 0, 0, 0, 0, 0, 0, 0, 0, 0, 0, 0, 0, 0, 0, 0, 0, 0, 0, 0, 0, 0, 0, 0, 0, 0, 0, 0, 0, 0, 0, 0, 0, 0, 0, 0, 0, 0, 0, 0, 0, 0, 0, 0, 0, 0, 0, 0, 0, 0, 0, 0, 0, 0, 0, 0, 0, 0, 0, 0, 0, 0, 0, 0, 0, 0, 0, 0, 0, 0, 0, 0, 0, 0, 0, 0, 0, 0, 0, 0, 0, 0, 0, 0, 0, 0, 0, 0, 0, 0, 0, 0, 0, 0, 0, 0, 0, 0, 0, 0, 0, 0, 0, 0, 0, 0, 0, 0, 0, 0, 0, 0, 0, 0, 0, 0, 0, 0, 0, 0, 0, 0, 0, 0, 0, 0, 0, 0, 0, 0, 0, 0, 0, 0, 0, 0, 0, 0, 0, 0, 0, 0, 0, 0, 0, 0, 0, 0, 0, 0, 0, 0, 0, 0, 0, 0, 0, 0, 0, 0, 0, 0, 0, 0, 0, 0, 0, 0, 0, 0, 0, 0, 0, 0, 0, 0, 0, 0, 0, 0, 0, 0, 0, 0, 0, 0, 0, 0, 0, 0, 0, 0, 0, 0, 0, 0, 0, 0, 0, 0, 0, 0, 0, 0, 0, 0, 0, 0, 0, 0, 0, 0, 0, 0, 0, 0, 0, 0, 0, 0, 0, 0, 0, 0, 0, 0, 0, 0, 0, 0, 0, 0, 0, 0, 0, 0, 0, 0, 0, 0, 0, 0, 0, 0, 0, 0, 0, 0, 0, 0, 0, 0, 0, 0, 0, 0, 0, 0, 0, 0, 0, 0, 0, 0, 0, 0, 0, 0, 0, 0, 0, 0, 0, 0, 0, 0, 0, 0, 0, 0, 0, 0, 0, 0, 0, 0, 0, 0, 0, 0, 0, 0, 0, 0, 0, 0, 0, 0, 0, 0, 0, 0, 0, 0, 0, 0, 0, 0, 0, 0, 0, 0, 0, 0, 0, 0, 0, 0, 0, 0, 0, 0, 0, 0, 0, 0, 0, 0, 0, 0, 0, 0, 0, 0, 0, 0, 0, 0, 0, 0, 0, 0, 0, 0, 0, 0, 0, 0, 0, 0, 0, 0, 0, 0, 0, 0, 0, 0, 0, 0, 0, 0, 0, 0, 0, 0, 0, 0, 0, 0, 0, 0, 0, 0, 0, 0, 0, 0, 0, 0, 0, 0, 0, 0, 0, 0, 0, 0, 0, 0, 0, 0, 0, 0, 0, 0, 0, 0, 0, 0, 0, 0, 0, 0, 0, 0, 0, 0, 0, 0, 0, 0, 0, 0, 0, 0, 0, 0, 0, 0, 0, 0, 0, 0, 0, 0, 0, 0, 0, 0, 0, 0, 0, 0, 0, 0, 0, 0, 0, 0, 0, 0, 0, 0, 0, 0, 0, 0, 0, 0, 0, 0, 0, 0, 0, 0, 0, 0, 0, 0, 0, 0, 0, 0, 0, 0, 0, 0, 0, 0, 0, 0, 0, 0, 0, 0, 0, 0, 0, 0, 0, 0, 0, 0, 0, 0, 0, 0, 0, 0, 0, 0, 0, 0, 0, 0, 0, 0, 0, 0, 0, 0, 0, 0, 0, 0, 0, 0, 0, 0, 0, 0, 0, 0, 0, 0, 0, 0, 0, 0, 0, 0, 0, 0, 0, 0, 0, 0, 0, 0, 0, 0, 0, 0, 0, 0, 0, 0, 0, 0, 0, 0, 0, 0, 0, 0, 0, 0, 0, 0, 0, 0, 0, 0, 0, 0, 0, 0, 0, 0, 0, 0, 0, 0, 0, 0, 0, 0, 0, 0, 0, 0, 0, 0, 0, 0, 0, 0, 0, 0, 0, 0, 0, 0, 0, 0, 0, 0, 0, 0, 0, 0, 0, 0, 0, 0, 0, 0, 0, 0, 0, 0, 0, 0, 0, 0, 0, 0, 0, 0, 0, 0, 0, 0, 0, 0, 0, 0, 0, 0, 0, 0, 0, 0, 0, 0, 0, 0, 0, 0, 0, 0, 0, 0, 0, 0, 0, 0, 0, 0, 0, 0, 0, 0, 0, 0, 0, 0, 0, 0, 0, 0, 0, 0, 0, 0, 0, 0, 0, 0, 0, 0, 0, 0, 0, 0, 0, 0, 0, 0, 0, 0, 0, 0, 0, 0, 0, 0, 0, 0, 0, 0, 0, 0, 0, 0, 0, 0, 0, 0, 0, 0, 0, 0, 0, 0, 0, 0, 0, 0, 0, 0, 0, 0, 0, 0, 0, 0, 0, 0, 0, 0, 0, 0, 0, 0, 0, 0, 0, 0, 0, 0, 0, 0, 0], objects=[], opacity=0.0, draworder=), Layer(width=0, height=0, name=, type=objectgroup, visible=false, x=0, y=0, data=[], objects=[com.almasb.fxgl.entity.level.tiled.TiledObject@1d8c6d0a, com.almasb.fxgl.entity.level.tiled.TiledObject@679890ec, com.almasb.fxgl.entity.level.tiled.TiledObject@2c6f42b8, com.almasb.fxgl.entity.level.tiled.TiledObject@77f8b042, com.almasb.fxgl.entity.level.tiled.TiledObject@9e2678a, com.almasb.fxgl.entity.level.tiled.TiledObject@2ade99aa, com.almasb.fxgl.entity.level.tiled.TiledObject@7c7274cb, com.almasb.fxgl.entity.level.tiled.TiledObject@4ebaa1a7, com.almasb.fxgl.entity.level.tiled.TiledObject@54fe51cd, com.almasb.fxgl.entity.level.tiled.TiledObject@ab38131, com.almasb.fxgl.entity.level.tiled.TiledObject@65887880, com.almasb.fxgl.entity.level.tiled.TiledObject@7e244a0f, com.almasb.fxgl.entity.level.tiled.TiledObject@58f21c3f, com.almasb.fxgl.entity.level.tiled.TiledObject@4edea419, com.almasb.fxgl.entity.level.tiled.TiledObject@6834893a, com.almasb.fxgl.entity.level.tiled.TiledObject@349cc201, com.almasb.fxgl.entity.level.tiled.TiledObject@7c472349, com.almasb.fxgl.entity.level.tiled.TiledObject@4782beb4, com.almasb.fxgl.entity.level.tiled.TiledObject@b339227, com.almasb.fxgl.entity.level.tiled.TiledObject@59edc58a, com.almasb.fxgl.entity.level.tiled.TiledObject@1cf5e895, com.almasb.fxgl.entity.level.tiled.TiledObject@4ed092a1, com.almasb.fxgl.entity.level.tiled.TiledObject@596583f6, com.almasb.fxgl.entity.level.tiled.TiledObject@6e13ccc5, com.almasb.fxgl.entity.level.tiled.TiledObject@5d9130d2, com.almasb.fxgl.entity.level.tiled.TiledObject@179ee45b, com.almasb.fxgl.entity.level.tiled.TiledObject@6211af6d, com.almasb.fxgl.entity.level.tiled.TiledObject@1294220e, com.almasb.fxgl.entity.level.tiled.TiledObject@4657972e, com.almasb.fxgl.entity.level.tiled.TiledObject@260b0f83], opacity=0.0, draworder=)], tilesets=[], backgroundcolor=, renderorder=right-down, nextobjectid=46, version=1, tiledversion=1.3.4, type=map, infinite=false, properties={}, propertytypes={})
03:08:40.550 [FXGL Background Thread 1 ] DEBUG TMXLevelLoader       - Creating tile layer entities
03:08:40.551 [FXGL Background Thread 1 ] DEBUG TilesetLoader        - Loading view for layer Kachelebene 1
03:08:40.553 [FXGL Background Thread 1 ] DEBUG TilesetLoader        - Created buffer with size 1350.0x900.0
03:08:40.554 [FXGL Background Thread 1 ] DEBUG TMXLevelLoader       - Creating object layer entities
03:08:40.582 [FXGL Background Thread 1 ] DEBUG GameWorld            - Clearing removable entities
03:08:40.582 [FXGL Background Thread 1 ] DEBUG GameWorld            - Setting level: com.almasb.fxgl.entity.level.Level@7e2c8c57
03:08:40.611 [FXGL Background Thread 1 ] DEBUG InitAppTask          - Initializing Physics
03:08:40.611 [FXGL Background Thread 1 ] DEBUG InitAppTask          - Initializing UI
03:08:40.614 [FXGL Background Thread 1 ] DEBUG InitAppTask          - Initialization Complete
03:08:40.614 [FXGL Background Thread 1 ] INFO  InitAppTask          - Game initialization took: 0.144 sec
03:08:40.617 [JavaFX Application Thread] DEBUG Input                - Clearing active input actions
03:08:40.629 [JavaFX Application Thread] DEBUG Engine               - Removing overlay from LoadingScene and adding to GameScene
03:08:40.630 [JavaFX Application Thread] DEBUG MainWindow           - LoadingScene -> GameScene
03:08:41.925 [JavaFX Application Thread] DEBUG AssetLoader          - Loading from file system: /assets/sounds/smw_coin.wav
03:08:42.244 [JavaFX Application Thread] DEBUG AssetLoader          - Loading from cache: /assets/sounds/smw_coin.wav
03:08:42.388 [JavaFX Application Thread] DEBUG AssetLoader          - Loading from cache: /assets/sounds/smw_coin.wav
03:08:43.205 [JavaFX Application Thread] DEBUG AssetLoader          - Loading from cache: /assets/sounds/smw_coin.wav
03:08:43.829 [JavaFX Application Thread] DEBUG AssetLoader          - Loading from cache: /assets/sounds/smw_coin.wav
03:08:44.452 [JavaFX Application Thread] DEBUG AssetLoader          - Loading from cache: /assets/sounds/smw_coin.wav
03:08:44.741 [JavaFX Application Thread] DEBUG AssetLoader          - Loading from file system: /assets/sounds/dmg.wav
03:08:46.005 [JavaFX Application Thread] DEBUG AssetLoader          - Loading from cache: /assets/sounds/smw_coin.wav
03:08:46.324 [JavaFX Application Thread] DEBUG AssetLoader          - Loading from cache: /assets/sounds/smw_coin.wav
03:08:46.868 [JavaFX Application Thread] DEBUG AssetLoader          - Loading from cache: /assets/sounds/smw_coin.wav
03:08:47.221 [JavaFX Application Thread] DEBUG AssetLoader          - Loading from cache: /assets/sounds/smw_coin.wav
03:08:47.524 [JavaFX Application Thread] DEBUG AssetLoader          - Loading from cache: /assets/sounds/smw_coin.wav
03:08:47.828 [JavaFX Application Thread] DEBUG AssetLoader          - Loading from cache: /assets/sounds/smw_coin.wav
03:08:48.901 [JavaFX Application Thread] DEBUG AssetLoader          - Loading from cache: /assets/sounds/smw_coin.wav
03:08:49.637 [JavaFX Application Thread] DEBUG AssetLoader          - Loading from cache: /assets/sounds/smw_coin.wav
03:08:50.676 [JavaFX Application Thread] DEBUG AssetLoader          - Loading from cache: /assets/sounds/smw_coin.wav
03:08:52.005 [JavaFX Application Thread] DEBUG AssetLoader          - Loading from cache: /assets/sounds/smw_coin.wav
03:08:52.373 [JavaFX Application Thread] DEBUG AssetLoader          - Loading from cache: /assets/sounds/smw_coin.wav
03:08:52.533 [JavaFX Application Thread] DEBUG AssetLoader          - Loading from cache: /assets/sounds/smw_coin.wav
03:08:52.949 [JavaFX Application Thread] DEBUG AssetLoader          - Loading from cache: /assets/sounds/dmg.wav
03:08:53.157 [JavaFX Application Thread] DEBUG AssetLoader          - Loading from cache: /assets/sounds/smw_coin.wav
03:08:53.428 [JavaFX Application Thread] DEBUG AssetLoader          - Loading from cache: /assets/sounds/smw_coin.wav
03:08:53.430 [JavaFX Application Thread] DEBUG MainWindow           - Push state: DialogSubState
03:08:53.430 [JavaFX Application Thread] DEBUG Input                - Clearing active input actions
03:08:53.432 [JavaFX Application Thread] DEBUG Engine               - Removing overlay from GameScene and adding to DialogSubState
03:08:53.433 [JavaFX Application Thread] DEBUG MainWindow           - GameScene -> DialogSubState
03:08:55.429 [JavaFX Application Thread] DEBUG MainWindow           - Pop state: DialogSubState
03:08:55.429 [JavaFX Application Thread] DEBUG Input                - Clearing active input actions
03:08:55.430 [JavaFX Application Thread] DEBUG Engine               - Removing overlay from DialogSubState and adding to GameScene
03:08:55.430 [JavaFX Application Thread] DEBUG MainWindow           - GameScene <- DialogSubState
03:08:57.605 [JavaFX Application Thread] DEBUG MainWindow           - Push state: DialogSubState
03:08:57.605 [JavaFX Application Thread] DEBUG Input                - Clearing active input actions
03:08:57.606 [JavaFX Application Thread] DEBUG Engine               - Removing overlay from GameScene and adding to DialogSubState
03:08:57.606 [JavaFX Application Thread] DEBUG MainWindow           - GameScene -> DialogSubState
03:09:01.215 [JavaFX Application Thread] DEBUG MainWindow           - Pop state: DialogSubState
03:09:01.215 [JavaFX Application Thread] DEBUG Input                - Clearing active input actions
03:09:01.216 [JavaFX Application Thread] DEBUG Engine               - Removing overlay from DialogSubState and adding to GameScene
03:09:01.216 [JavaFX Application Thread] DEBUG MainWindow           - GameScene <- DialogSubState
03:09:01.234 [JavaFX Application Thread] DEBUG MainWindow           - Push state: DialogSubState
03:09:01.234 [JavaFX Application Thread] DEBUG Input                - Clearing active input actions
03:09:01.234 [JavaFX Application Thread] DEBUG Engine               - Removing overlay from GameScene and adding to DialogSubState
03:09:01.235 [JavaFX Application Thread] DEBUG MainWindow           - GameScene -> DialogSubState
03:09:01.235 [JavaFX Application Thread] DEBUG GameWorld            - Clearing game world
03:09:01.238 [JavaFX Application Thread] DEBUG AssetLoader          - Loading from file system: /assets/levels/Map/unbenannt.tmx
03:09:01.239 [JavaFX Application Thread] WARN  TMXLevelLoader       - TiledMap generated from 1.3.4. Supported version: 1.2.3. Some features may not be parsed fully.
03:09:01.244 [JavaFX Application Thread] DEBUG TMXLevelLoader       - Parsed raw map: TiledMap(width=45, height=30, tilewidth=30, tileheight=30, orientation=orthogonal, layers=[Layer(width=45, height=30, name=Kachelebene 1, type=tilelayer, visible=false, x=0, y=0, data=[0, 0, 0, 0, 0, 0, 0, 0, 0, 0, 0, 0, 0, 0, 0, 0, 0, 0, 0, 0, 0, 0, 0, 0, 0, 0, 0, 0, 0, 0, 0, 0, 0, 0, 0, 0, 0, 0, 0, 0, 0, 0, 0, 0, 0, 0, 0, 0, 0, 0, 0, 0, 0, 0, 0, 0, 0, 0, 0, 0, 0, 0, 0, 0, 0, 0, 0, 0, 0, 0, 0, 0, 0, 0, 0, 0, 0, 0, 0, 0, 0, 0, 0, 0, 0, 0, 0, 0, 0, 0, 0, 0, 0, 0, 0, 0, 0, 0, 0, 0, 0, 0, 0, 0, 0, 0, 0, 0, 0, 0, 0, 0, 0, 0, 0, 0, 0, 0, 0, 0, 0, 0, 0, 0, 0, 0, 0, 0, 0, 0, 0, 0, 0, 0, 0, 0, 0, 0, 0, 0, 0, 0, 0, 0, 0, 0, 0, 0, 0, 0, 0, 0, 0, 0, 0, 0, 0, 0, 0, 0, 0, 0, 0, 0, 0, 0, 0, 0, 0, 0, 0, 0, 0, 0, 0, 0, 0, 0, 0, 0, 0, 0, 0, 0, 0, 0, 0, 0, 0, 0, 0, 0, 0, 0, 0, 0, 0, 0, 0, 0, 0, 0, 0, 0, 0, 0, 0, 0, 0, 0, 0, 0, 0, 0, 0, 0, 0, 0, 0, 0, 0, 0, 0, 0, 0, 0, 0, 0, 0, 0, 0, 0, 0, 0, 0, 0, 0, 0, 0, 0, 0, 0, 0, 0, 0, 0, 0, 0, 0, 0, 0, 0, 0, 0, 0, 0, 0, 0, 0, 0, 0, 0, 0, 0, 0, 0, 0, 0, 0, 0, 0, 0, 0, 0, 0, 0, 0, 0, 0, 0, 0, 0, 0, 0, 0, 0, 0, 0, 0, 0, 0, 0, 0, 0, 0, 0, 0, 0, 0, 0, 0, 0, 0, 0, 0, 0, 0, 0, 0, 0, 0, 0, 0, 0, 0, 0, 0, 0, 0, 0, 0, 0, 0, 0, 0, 0, 0, 0, 0, 0, 0, 0, 0, 0, 0, 0, 0, 0, 0, 0, 0, 0, 0, 0, 0, 0, 0, 0, 0, 0, 0, 0, 0, 0, 0, 0, 0, 0, 0, 0, 0, 0, 0, 0, 0, 0, 0, 0, 0, 0, 0, 0, 0, 0, 0, 0, 0, 0, 0, 0, 0, 0, 0, 0, 0, 0, 0, 0, 0, 0, 0, 0, 0, 0, 0, 0, 0, 0, 0, 0, 0, 0, 0, 0, 0, 0, 0, 0, 0, 0, 0, 0, 0, 0, 0, 0, 0, 0, 0, 0, 0, 0, 0, 0, 0, 0, 0, 0, 0, 0, 0, 0, 0, 0, 0, 0, 0, 0, 0, 0, 0, 0, 0, 0, 0, 0, 0, 0, 0, 0, 0, 0, 0, 0, 0, 0, 0, 0, 0, 0, 0, 0, 0, 0, 0, 0, 0, 0, 0, 0, 0, 0, 0, 0, 0, 0, 0, 0, 0, 0, 0, 0, 0, 0, 0, 0, 0, 0, 0, 0, 0, 0, 0, 0, 0, 0, 0, 0, 0, 0, 0, 0, 0, 0, 0, 0, 0, 0, 0, 0, 0, 0, 0, 0, 0, 0, 0, 0, 0, 0, 0, 0, 0, 0, 0, 0, 0, 0, 0, 0, 0, 0, 0, 0, 0, 0, 0, 0, 0, 0, 0, 0, 0, 0, 0, 0, 0, 0, 0, 0, 0, 0, 0, 0, 0, 0, 0, 0, 0, 0, 0, 0, 0, 0, 0, 0, 0, 0, 0, 0, 0, 0, 0, 0, 0, 0, 0, 0, 0, 0, 0, 0, 0, 0, 0, 0, 0, 0, 0, 0, 0, 0, 0, 0, 0, 0, 0, 0, 0, 0, 0, 0, 0, 0, 0, 0, 0, 0, 0, 0, 0, 0, 0, 0, 0, 0, 0, 0, 0, 0, 0, 0, 0, 0, 0, 0, 0, 0, 0, 0, 0, 0, 0, 0, 0, 0, 0, 0, 0, 0, 0, 0, 0, 0, 0, 0, 0, 0, 0, 0, 0, 0, 0, 0, 0, 0, 0, 0, 0, 0, 0, 0, 0, 0, 0, 0, 0, 0, 0, 0, 0, 0, 0, 0, 0, 0, 0, 0, 0, 0, 0, 0, 0, 0, 0, 0, 0, 0, 0, 0, 0, 0, 0, 0, 0, 0, 0, 0, 0, 0, 0, 0, 0, 0, 0, 0, 0, 0, 0, 0, 0, 0, 0, 0, 0, 0, 0, 0, 0, 0, 0, 0, 0, 0, 0, 0, 0, 0, 0, 0, 0, 0, 0, 0, 0, 0, 0, 0, 0, 0, 0, 0, 0, 0, 0, 0, 0, 0, 0, 0, 0, 0, 0, 0, 0, 0, 0, 0, 0, 0, 0, 0, 0, 0, 0, 0, 0, 0, 0, 0, 0, 0, 0, 0, 0, 0, 0, 0, 0, 0, 0, 0, 0, 0, 0, 0, 0, 0, 0, 0, 0, 0, 0, 0, 0, 0, 0, 0, 0, 0, 0, 0, 0, 0, 0, 0, 0, 0, 0, 0, 0, 0, 0, 0, 0, 0, 0, 0, 0, 0, 0, 0, 0, 0, 0, 0, 0, 0, 0, 0, 0, 0, 0, 0, 0, 0, 0, 0, 0, 0, 0, 0, 0, 0, 0, 0, 0, 0, 0, 0, 0, 0, 0, 0, 0, 0, 0, 0, 0, 0, 0, 0, 0, 0, 0, 0, 0, 0, 0, 0, 0, 0, 0, 0, 0, 0, 0, 0, 0, 0, 0, 0, 0, 0, 0, 0, 0, 0, 0, 0, 0, 0, 0, 0, 0, 0, 0, 0, 0, 0, 0, 0, 0, 0, 0, 0, 0, 0, 0, 0, 0, 0, 0, 0, 0, 0, 0, 0, 0, 0, 0, 0, 0, 0, 0, 0, 0, 0, 0, 0, 0, 0, 0, 0, 0, 0, 0, 0, 0, 0, 0, 0, 0, 0, 0, 0, 0, 0, 0, 0, 0, 0, 0, 0, 0, 0, 0, 0, 0, 0, 0, 0, 0, 0, 0, 0, 0, 0, 0, 0, 0, 0, 0, 0, 0, 0, 0, 0, 0, 0, 0, 0, 0, 0, 0, 0, 0, 0, 0, 0, 0, 0, 0, 0, 0, 0, 0, 0, 0, 0, 0, 0, 0, 0, 0, 0, 0, 0, 0, 0, 0, 0, 0, 0, 0, 0, 0, 0, 0, 0, 0, 0, 0, 0, 0, 0, 0, 0, 0, 0, 0, 0, 0, 0, 0, 0, 0, 0, 0, 0, 0, 0, 0, 0, 0, 0, 0, 0, 0, 0, 0, 0, 0, 0, 0, 0, 0, 0, 0, 0, 0, 0, 0, 0, 0, 0, 0, 0, 0, 0, 0, 0, 0, 0, 0, 0, 0, 0, 0, 0, 0, 0, 0, 0, 0, 0, 0, 0, 0, 0, 0, 0, 0, 0, 0, 0, 0, 0, 0, 0, 0, 0, 0, 0, 0, 0, 0, 0, 0, 0, 0, 0, 0, 0, 0, 0, 0, 0, 0, 0, 0, 0, 0, 0, 0, 0, 0, 0, 0, 0, 0, 0, 0, 0, 0, 0, 0, 0, 0, 0, 0, 0, 0, 0, 0, 0, 0, 0, 0, 0, 0, 0, 0, 0, 0, 0, 0, 0, 0, 0, 0, 0, 0, 0, 0, 0, 0, 0, 0, 0, 0, 0, 0, 0, 0, 0, 0, 0, 0, 0, 0, 0, 0, 0, 0, 0, 0, 0, 0, 0, 0, 0, 0, 0, 0, 0, 0, 0, 0, 0, 0, 0, 0, 0, 0, 0, 0, 0, 0, 0, 0, 0, 0, 0, 0, 0, 0, 0, 0, 0, 0, 0, 0, 0, 0, 0, 0, 0, 0, 0, 0, 0, 0, 0, 0, 0, 0, 0, 0, 0, 0, 0, 0, 0, 0, 0, 0, 0, 0, 0, 0, 0, 0, 0, 0, 0, 0, 0, 0, 0, 0, 0, 0, 0, 0, 0, 0, 0, 0, 0, 0, 0, 0, 0, 0, 0, 0, 0, 0, 0, 0, 0, 0, 0, 0, 0, 0, 0, 0, 0, 0, 0, 0, 0, 0, 0, 0, 0, 0, 0, 0, 0, 0, 0, 0, 0, 0, 0, 0, 0, 0, 0, 0, 0, 0, 0, 0, 0, 0, 0, 0, 0, 0, 0, 0, 0, 0, 0, 0, 0, 0, 0, 0, 0, 0, 0, 0, 0, 0, 0, 0, 0, 0, 0, 0, 0, 0, 0, 0, 0], objects=[], opacity=0.0, draworder=), Layer(width=0, height=0, name=, type=objectgroup, visible=false, x=0, y=0, data=[], objects=[com.almasb.fxgl.entity.level.tiled.TiledObject@7b54a384, com.almasb.fxgl.entity.level.tiled.TiledObject@1ae9ab38, com.almasb.fxgl.entity.level.tiled.TiledObject@66740f77, com.almasb.fxgl.entity.level.tiled.TiledObject@7b6bcae7, com.almasb.fxgl.entity.level.tiled.TiledObject@257d0e8d, com.almasb.fxgl.entity.level.tiled.TiledObject@729ad171, com.almasb.fxgl.entity.level.tiled.TiledObject@34d367e2, com.almasb.fxgl.entity.level.tiled.TiledObject@11caaf6d, com.almasb.fxgl.entity.level.tiled.TiledObject@5c0ec2bf, com.almasb.fxgl.entity.level.tiled.TiledObject@78bb9116, com.almasb.fxgl.entity.level.tiled.TiledObject@57f80594, com.almasb.fxgl.entity.level.tiled.TiledObject@130d69c1, com.almasb.fxgl.entity.level.tiled.TiledObject@39bc5a25, com.almasb.fxgl.entity.level.tiled.TiledObject@1d2b4f25, com.almasb.fxgl.entity.level.tiled.TiledObject@ae82db1, com.almasb.fxgl.entity.level.tiled.TiledObject@72531e4c, com.almasb.fxgl.entity.level.tiled.TiledObject@29e50f51, com.almasb.fxgl.entity.level.tiled.TiledObject@6e702f2f, com.almasb.fxgl.entity.level.tiled.TiledObject@253e02f5, com.almasb.fxgl.entity.level.tiled.TiledObject@4f75c960, com.almasb.fxgl.entity.level.tiled.TiledObject@4e6bd858, com.almasb.fxgl.entity.level.tiled.TiledObject@218d9fed, com.almasb.fxgl.entity.level.tiled.TiledObject@74f11883, com.almasb.fxgl.entity.level.tiled.TiledObject@152ee1b4, com.almasb.fxgl.entity.level.tiled.TiledObject@5174251, com.almasb.fxgl.entity.level.tiled.TiledObject@4828c7e9, com.almasb.fxgl.entity.level.tiled.TiledObject@34e1fb6f, com.almasb.fxgl.entity.level.tiled.TiledObject@56208f06, com.almasb.fxgl.entity.level.tiled.TiledObject@699a4a59, com.almasb.fxgl.entity.level.tiled.TiledObject@6783cf0c], opacity=0.0, draworder=)], tilesets=[], backgroundcolor=, renderorder=right-down, nextobjectid=46, version=1, tiledversion=1.3.4, type=map, infinite=false, properties={}, propertytypes={})
03:09:01.244 [JavaFX Application Thread] DEBUG TMXLevelLoader       - Creating tile layer entities
03:09:01.245 [JavaFX Application Thread] DEBUG TilesetLoader        - Loading view for layer Kachelebene 1
03:09:01.247 [JavaFX Application Thread] DEBUG TilesetLoader        - Created buffer with size 1350.0x900.0
03:09:01.247 [JavaFX Application Thread] DEBUG TMXLevelLoader       - Creating object layer entities
03:09:01.257 [JavaFX Application Thread] DEBUG GameWorld            - Clearing removable entities
03:09:01.258 [JavaFX Application Thread] DEBUG GameWorld            - Setting level: com.almasb.fxgl.entity.level.Level@4e05ad70
03:09:05.273 [JavaFX Application Thread] DEBUG MainWindow           - Pop state: DialogSubState
03:09:05.274 [JavaFX Application Thread] DEBUG Input                - Clearing active input actions
03:09:05.274 [JavaFX Application Thread] DEBUG Engine               - Removing overlay from DialogSubState and adding to GameScene
03:09:05.274 [JavaFX Application Thread] DEBUG MainWindow           - GameScene <- DialogSubState
03:09:06.564 [JavaFX Application Thread] DEBUG AssetLoader          - Loading from cache: /assets/sounds/smw_coin.wav
03:09:07.189 [JavaFX Application Thread] DEBUG AssetLoader          - Loading from cache: /assets/sounds/smw_coin.wav
03:09:07.349 [JavaFX Application Thread] DEBUG AssetLoader          - Loading from cache: /assets/sounds/smw_coin.wav
03:09:07.796 [JavaFX Application Thread] DEBUG AssetLoader          - Loading from cache: /assets/sounds/smw_coin.wav
03:09:08.436 [JavaFX Application Thread] DEBUG AssetLoader          - Loading from cache: /assets/sounds/smw_coin.wav
03:09:08.805 [JavaFX Application Thread] DEBUG AssetLoader          - Loading from cache: /assets/sounds/smw_coin.wav
03:09:09.541 [JavaFX Application Thread] DEBUG AssetLoader          - Loading from cache: /assets/sounds/smw_coin.wav
03:09:10.164 [JavaFX Application Thread] DEBUG AssetLoader          - Loading from cache: /assets/sounds/smw_coin.wav
03:09:10.628 [JavaFX Application Thread] DEBUG AssetLoader          - Loading from cache: /assets/sounds/smw_coin.wav
03:09:10.996 [JavaFX Application Thread] DEBUG AssetLoader          - Loading from cache: /assets/sounds/smw_coin.wav
03:09:11.300 [JavaFX Application Thread] DEBUG AssetLoader          - Loading from cache: /assets/sounds/smw_coin.wav
03:09:11.588 [JavaFX Application Thread] DEBUG AssetLoader          - Loading from cache: /assets/sounds/smw_coin.wav
03:09:12.597 [JavaFX Application Thread] DEBUG AssetLoader          - Loading from cache: /assets/sounds/smw_coin.wav
03:09:13.253 [JavaFX Application Thread] DEBUG AssetLoader          - Loading from cache: /assets/sounds/smw_coin.wav
03:09:14.437 [JavaFX Application Thread] DEBUG AssetLoader          - Loading from cache: /assets/sounds/smw_coin.wav
03:09:15.764 [JavaFX Application Thread] DEBUG AssetLoader          - Loading from cache: /assets/sounds/smw_coin.wav
03:09:16.149 [JavaFX Application Thread] DEBUG AssetLoader          - Loading from cache: /assets/sounds/smw_coin.wav
03:09:16.292 [JavaFX Application Thread] DEBUG AssetLoader          - Loading from cache: /assets/sounds/smw_coin.wav
03:09:16.901 [JavaFX Application Thread] DEBUG AssetLoader          - Loading from cache: /assets/sounds/smw_coin.wav
03:09:17.045 [JavaFX Application Thread] DEBUG AssetLoader          - Loading from cache: /assets/sounds/smw_coin.wav
03:09:17.045 [JavaFX Application Thread] DEBUG MainWindow           - Push state: DialogSubState
03:09:17.046 [JavaFX Application Thread] DEBUG Input                - Clearing active input actions
03:09:17.046 [JavaFX Application Thread] DEBUG Engine               - Removing overlay from GameScene and adding to DialogSubState
03:09:17.046 [JavaFX Application Thread] DEBUG MainWindow           - GameScene -> DialogSubState
03:09:18.183 [JavaFX Application Thread] DEBUG MainWindow           - Pop state: DialogSubState
03:09:18.183 [JavaFX Application Thread] DEBUG Input                - Clearing active input actions
03:09:18.184 [JavaFX Application Thread] DEBUG Engine               - Removing overlay from DialogSubState and adding to GameScene
03:09:18.184 [JavaFX Application Thread] DEBUG MainWindow           - GameScene <- DialogSubState
03:09:20.100 [JavaFX Application Thread] DEBUG MainWindow           - Push state: DialogSubState
03:09:20.100 [JavaFX Application Thread] DEBUG Input                - Clearing active input actions
03:09:20.101 [JavaFX Application Thread] DEBUG Engine               - Removing overlay from GameScene and adding to DialogSubState
03:09:20.101 [JavaFX Application Thread] DEBUG MainWindow           - GameScene -> DialogSubState
03:09:21.384 [JavaFX Application Thread] DEBUG MainWindow           - Pop state: DialogSubState
03:09:21.384 [JavaFX Application Thread] DEBUG Input                - Clearing active input actions
03:09:21.384 [JavaFX Application Thread] DEBUG Engine               - Removing overlay from DialogSubState and adding to GameScene
03:09:21.384 [JavaFX Application Thread] DEBUG MainWindow           - GameScene <- DialogSubState
03:09:21.386 [JavaFX Application Thread] DEBUG MainWindow           - Push state: DialogSubState
03:09:21.386 [JavaFX Application Thread] DEBUG Input                - Clearing active input actions
03:09:21.386 [JavaFX Application Thread] DEBUG Engine               - Removing overlay from GameScene and adding to DialogSubState
03:09:21.386 [JavaFX Application Thread] DEBUG MainWindow           - GameScene -> DialogSubState
03:09:21.386 [JavaFX Application Thread] DEBUG GameWorld            - Clearing game world
03:09:21.389 [JavaFX Application Thread] DEBUG AssetLoader          - Loading from file system: /assets/levels/Map/unbenannt.tmx
03:09:21.390 [JavaFX Application Thread] WARN  TMXLevelLoader       - TiledMap generated from 1.3.4. Supported version: 1.2.3. Some features may not be parsed fully.
03:09:21.394 [JavaFX Application Thread] DEBUG TMXLevelLoader       - Parsed raw map: TiledMap(width=45, height=30, tilewidth=30, tileheight=30, orientation=orthogonal, layers=[Layer(width=45, height=30, name=Kachelebene 1, type=tilelayer, visible=false, x=0, y=0, data=[0, 0, 0, 0, 0, 0, 0, 0, 0, 0, 0, 0, 0, 0, 0, 0, 0, 0, 0, 0, 0, 0, 0, 0, 0, 0, 0, 0, 0, 0, 0, 0, 0, 0, 0, 0, 0, 0, 0, 0, 0, 0, 0, 0, 0, 0, 0, 0, 0, 0, 0, 0, 0, 0, 0, 0, 0, 0, 0, 0, 0, 0, 0, 0, 0, 0, 0, 0, 0, 0, 0, 0, 0, 0, 0, 0, 0, 0, 0, 0, 0, 0, 0, 0, 0, 0, 0, 0, 0, 0, 0, 0, 0, 0, 0, 0, 0, 0, 0, 0, 0, 0, 0, 0, 0, 0, 0, 0, 0, 0, 0, 0, 0, 0, 0, 0, 0, 0, 0, 0, 0, 0, 0, 0, 0, 0, 0, 0, 0, 0, 0, 0, 0, 0, 0, 0, 0, 0, 0, 0, 0, 0, 0, 0, 0, 0, 0, 0, 0, 0, 0, 0, 0, 0, 0, 0, 0, 0, 0, 0, 0, 0, 0, 0, 0, 0, 0, 0, 0, 0, 0, 0, 0, 0, 0, 0, 0, 0, 0, 0, 0, 0, 0, 0, 0, 0, 0, 0, 0, 0, 0, 0, 0, 0, 0, 0, 0, 0, 0, 0, 0, 0, 0, 0, 0, 0, 0, 0, 0, 0, 0, 0, 0, 0, 0, 0, 0, 0, 0, 0, 0, 0, 0, 0, 0, 0, 0, 0, 0, 0, 0, 0, 0, 0, 0, 0, 0, 0, 0, 0, 0, 0, 0, 0, 0, 0, 0, 0, 0, 0, 0, 0, 0, 0, 0, 0, 0, 0, 0, 0, 0, 0, 0, 0, 0, 0, 0, 0, 0, 0, 0, 0, 0, 0, 0, 0, 0, 0, 0, 0, 0, 0, 0, 0, 0, 0, 0, 0, 0, 0, 0, 0, 0, 0, 0, 0, 0, 0, 0, 0, 0, 0, 0, 0, 0, 0, 0, 0, 0, 0, 0, 0, 0, 0, 0, 0, 0, 0, 0, 0, 0, 0, 0, 0, 0, 0, 0, 0, 0, 0, 0, 0, 0, 0, 0, 0, 0, 0, 0, 0, 0, 0, 0, 0, 0, 0, 0, 0, 0, 0, 0, 0, 0, 0, 0, 0, 0, 0, 0, 0, 0, 0, 0, 0, 0, 0, 0, 0, 0, 0, 0, 0, 0, 0, 0, 0, 0, 0, 0, 0, 0, 0, 0, 0, 0, 0, 0, 0, 0, 0, 0, 0, 0, 0, 0, 0, 0, 0, 0, 0, 0, 0, 0, 0, 0, 0, 0, 0, 0, 0, 0, 0, 0, 0, 0, 0, 0, 0, 0, 0, 0, 0, 0, 0, 0, 0, 0, 0, 0, 0, 0, 0, 0, 0, 0, 0, 0, 0, 0, 0, 0, 0, 0, 0, 0, 0, 0, 0, 0, 0, 0, 0, 0, 0, 0, 0, 0, 0, 0, 0, 0, 0, 0, 0, 0, 0, 0, 0, 0, 0, 0, 0, 0, 0, 0, 0, 0, 0, 0, 0, 0, 0, 0, 0, 0, 0, 0, 0, 0, 0, 0, 0, 0, 0, 0, 0, 0, 0, 0, 0, 0, 0, 0, 0, 0, 0, 0, 0, 0, 0, 0, 0, 0, 0, 0, 0, 0, 0, 0, 0, 0, 0, 0, 0, 0, 0, 0, 0, 0, 0, 0, 0, 0, 0, 0, 0, 0, 0, 0, 0, 0, 0, 0, 0, 0, 0, 0, 0, 0, 0, 0, 0, 0, 0, 0, 0, 0, 0, 0, 0, 0, 0, 0, 0, 0, 0, 0, 0, 0, 0, 0, 0, 0, 0, 0, 0, 0, 0, 0, 0, 0, 0, 0, 0, 0, 0, 0, 0, 0, 0, 0, 0, 0, 0, 0, 0, 0, 0, 0, 0, 0, 0, 0, 0, 0, 0, 0, 0, 0, 0, 0, 0, 0, 0, 0, 0, 0, 0, 0, 0, 0, 0, 0, 0, 0, 0, 0, 0, 0, 0, 0, 0, 0, 0, 0, 0, 0, 0, 0, 0, 0, 0, 0, 0, 0, 0, 0, 0, 0, 0, 0, 0, 0, 0, 0, 0, 0, 0, 0, 0, 0, 0, 0, 0, 0, 0, 0, 0, 0, 0, 0, 0, 0, 0, 0, 0, 0, 0, 0, 0, 0, 0, 0, 0, 0, 0, 0, 0, 0, 0, 0, 0, 0, 0, 0, 0, 0, 0, 0, 0, 0, 0, 0, 0, 0, 0, 0, 0, 0, 0, 0, 0, 0, 0, 0, 0, 0, 0, 0, 0, 0, 0, 0, 0, 0, 0, 0, 0, 0, 0, 0, 0, 0, 0, 0, 0, 0, 0, 0, 0, 0, 0, 0, 0, 0, 0, 0, 0, 0, 0, 0, 0, 0, 0, 0, 0, 0, 0, 0, 0, 0, 0, 0, 0, 0, 0, 0, 0, 0, 0, 0, 0, 0, 0, 0, 0, 0, 0, 0, 0, 0, 0, 0, 0, 0, 0, 0, 0, 0, 0, 0, 0, 0, 0, 0, 0, 0, 0, 0, 0, 0, 0, 0, 0, 0, 0, 0, 0, 0, 0, 0, 0, 0, 0, 0, 0, 0, 0, 0, 0, 0, 0, 0, 0, 0, 0, 0, 0, 0, 0, 0, 0, 0, 0, 0, 0, 0, 0, 0, 0, 0, 0, 0, 0, 0, 0, 0, 0, 0, 0, 0, 0, 0, 0, 0, 0, 0, 0, 0, 0, 0, 0, 0, 0, 0, 0, 0, 0, 0, 0, 0, 0, 0, 0, 0, 0, 0, 0, 0, 0, 0, 0, 0, 0, 0, 0, 0, 0, 0, 0, 0, 0, 0, 0, 0, 0, 0, 0, 0, 0, 0, 0, 0, 0, 0, 0, 0, 0, 0, 0, 0, 0, 0, 0, 0, 0, 0, 0, 0, 0, 0, 0, 0, 0, 0, 0, 0, 0, 0, 0, 0, 0, 0, 0, 0, 0, 0, 0, 0, 0, 0, 0, 0, 0, 0, 0, 0, 0, 0, 0, 0, 0, 0, 0, 0, 0, 0, 0, 0, 0, 0, 0, 0, 0, 0, 0, 0, 0, 0, 0, 0, 0, 0, 0, 0, 0, 0, 0, 0, 0, 0, 0, 0, 0, 0, 0, 0, 0, 0, 0, 0, 0, 0, 0, 0, 0, 0, 0, 0, 0, 0, 0, 0, 0, 0, 0, 0, 0, 0, 0, 0, 0, 0, 0, 0, 0, 0, 0, 0, 0, 0, 0, 0, 0, 0, 0, 0, 0, 0, 0, 0, 0, 0, 0, 0, 0, 0, 0, 0, 0, 0, 0, 0, 0, 0, 0, 0, 0, 0, 0, 0, 0, 0, 0, 0, 0, 0, 0, 0, 0, 0, 0, 0, 0, 0, 0, 0, 0, 0, 0, 0, 0, 0, 0, 0, 0, 0, 0, 0, 0, 0, 0, 0, 0, 0, 0, 0, 0, 0, 0, 0, 0, 0, 0, 0, 0, 0, 0, 0, 0, 0, 0, 0, 0, 0, 0, 0, 0, 0, 0, 0, 0, 0, 0, 0, 0, 0, 0, 0, 0, 0, 0, 0, 0, 0, 0, 0, 0, 0, 0, 0, 0, 0, 0, 0, 0, 0, 0, 0, 0, 0, 0, 0, 0, 0, 0, 0, 0, 0, 0, 0, 0, 0, 0, 0, 0, 0, 0, 0, 0, 0, 0, 0, 0, 0, 0, 0, 0, 0, 0, 0, 0, 0, 0, 0, 0, 0, 0, 0, 0, 0, 0, 0, 0, 0, 0, 0, 0, 0, 0, 0, 0, 0, 0, 0, 0, 0, 0, 0, 0, 0, 0, 0, 0, 0, 0, 0, 0, 0, 0, 0, 0, 0, 0, 0, 0, 0, 0, 0, 0, 0, 0, 0, 0, 0, 0, 0, 0, 0, 0, 0, 0, 0, 0, 0, 0, 0, 0, 0, 0, 0, 0, 0, 0, 0, 0, 0, 0, 0, 0, 0, 0, 0, 0, 0, 0, 0, 0, 0, 0, 0, 0, 0, 0, 0, 0, 0, 0, 0, 0, 0, 0, 0, 0, 0, 0, 0, 0, 0, 0, 0, 0, 0, 0, 0, 0, 0, 0, 0, 0, 0, 0, 0, 0, 0, 0, 0, 0, 0, 0, 0, 0, 0, 0, 0, 0, 0, 0, 0, 0, 0, 0, 0, 0, 0, 0, 0, 0, 0, 0, 0, 0, 0, 0, 0, 0, 0, 0, 0, 0, 0, 0, 0, 0, 0, 0, 0, 0, 0, 0, 0, 0, 0, 0, 0, 0, 0, 0, 0, 0], objects=[], opacity=0.0, draworder=), Layer(width=0, height=0, name=, type=objectgroup, visible=false, x=0, y=0, data=[], objects=[com.almasb.fxgl.entity.level.tiled.TiledObject@313ffe5b, com.almasb.fxgl.entity.level.tiled.TiledObject@783ed098, com.almasb.fxgl.entity.level.tiled.TiledObject@248e1f82, com.almasb.fxgl.entity.level.tiled.TiledObject@2db678b4, com.almasb.fxgl.entity.level.tiled.TiledObject@63b5967f, com.almasb.fxgl.entity.level.tiled.TiledObject@6d812081, com.almasb.fxgl.entity.level.tiled.TiledObject@392750bc, com.almasb.fxgl.entity.level.tiled.TiledObject@27caecf4, com.almasb.fxgl.entity.level.tiled.TiledObject@6883801c, com.almasb.fxgl.entity.level.tiled.TiledObject@c6220a5, com.almasb.fxgl.entity.level.tiled.TiledObject@f433325, com.almasb.fxgl.entity.level.tiled.TiledObject@7f9ec375, com.almasb.fxgl.entity.level.tiled.TiledObject@b693ffa, com.almasb.fxgl.entity.level.tiled.TiledObject@1613413a, com.almasb.fxgl.entity.level.tiled.TiledObject@5f92c6, com.almasb.fxgl.entity.level.tiled.TiledObject@9d37cd3, com.almasb.fxgl.entity.level.tiled.TiledObject@4b8704fc, com.almasb.fxgl.entity.level.tiled.TiledObject@47919627, com.almasb.fxgl.entity.level.tiled.TiledObject@3ba4e5b1, com.almasb.fxgl.entity.level.tiled.TiledObject@290333f2, com.almasb.fxgl.entity.level.tiled.TiledObject@5a5062ca, com.almasb.fxgl.entity.level.tiled.TiledObject@113be709, com.almasb.fxgl.entity.level.tiled.TiledObject@dae01f2, com.almasb.fxgl.entity.level.tiled.TiledObject@3d823f16, com.almasb.fxgl.entity.level.tiled.TiledObject@641d5c5e, com.almasb.fxgl.entity.level.tiled.TiledObject@2ad0fc7b, com.almasb.fxgl.entity.level.tiled.TiledObject@570cd942, com.almasb.fxgl.entity.level.tiled.TiledObject@7bda363a, com.almasb.fxgl.entity.level.tiled.TiledObject@75ab6ab3, com.almasb.fxgl.entity.level.tiled.TiledObject@58b56359], opacity=0.0, draworder=)], tilesets=[], backgroundcolor=, renderorder=right-down, nextobjectid=46, version=1, tiledversion=1.3.4, type=map, infinite=false, properties={}, propertytypes={})
03:09:21.394 [JavaFX Application Thread] DEBUG TMXLevelLoader       - Creating tile layer entities
03:09:21.395 [JavaFX Application Thread] DEBUG TilesetLoader        - Loading view for layer Kachelebene 1
03:09:21.396 [JavaFX Application Thread] DEBUG TilesetLoader        - Created buffer with size 1350.0x900.0
03:09:21.396 [JavaFX Application Thread] DEBUG TMXLevelLoader       - Creating object layer entities
03:09:21.403 [JavaFX Application Thread] DEBUG GameWorld            - Clearing removable entities
03:09:21.403 [JavaFX Application Thread] DEBUG GameWorld            - Setting level: com.almasb.fxgl.entity.level.Level@2c52791
03:09:24.857 [JavaFX Application Thread] DEBUG MainWindow           - Pop state: DialogSubState
03:09:24.857 [JavaFX Application Thread] DEBUG Input                - Clearing active input actions
03:09:24.857 [JavaFX Application Thread] DEBUG Engine               - Removing overlay from DialogSubState and adding to GameScene
03:09:24.857 [JavaFX Application Thread] DEBUG MainWindow           - GameScene <- DialogSubState
03:09:25.997 [JavaFX Application Thread] DEBUG Engine               - Exiting FXGL
03:09:25.997 [JavaFX Application Thread] DEBUG Engine               - Shutting down background threads
03:09:25.998 [JavaFX Application Thread] DEBUG Engine               - Saving FXGL system data
03:09:26.000 [JavaFX Application Thread] DEBUG FSServiceImpl        - Writing to: G:\Desk\Projects\FXGLPlatformer\system\fxgl.bundle
03:09:26.001 [JavaFX Application Thread] DEBUG Engine               - Closing logger and exiting JavaFX
