15:48:57.365 [main                     ] DEBUG GameApplication      - Logger initialized
15:48:57.383 [main                     ] DEBUG GameApplication      - Logging settings
Title: JumpToBeat-Demo
Version: 0.1
Width: 600
Height: 600
Fullscreen: false
Intro: false
Menus: true
Profiling: false
Single step:false
App Mode: DEVELOPER
Menu Key: ESCAPE
Stage Style: DECORATED
Scene Factory: class com.almasb.fxgl.app.SceneFactory
Dialog Factory: class com.almasb.fxgl.ui.FXGLDialogFactory
UI Factory: class com.almasb.fxgl.ui.FXGLUIFactory

15:48:57.884 [JavaFX Application Thread] DEBUG Engine               - Initializing FXGL
15:48:57.884 [JavaFX Application Thread] INFO  Engine               - FXGL-11.7 (05.01.2020 09.37) on WINDOWS (J:11.0.5 FX:12.0.1)
15:48:57.884 [JavaFX Application Thread] INFO  Engine               - Source code and latest versions at: https://github.com/AlmasB/FXGL
15:48:57.884 [JavaFX Application Thread] INFO  Engine               -              Join the FXGL chat at: https://gitter.im/AlmasB/FXGL
15:48:57.885 [JavaFX Application Thread] DEBUG Engine               - Initializing environment variables
15:48:57.887 [JavaFX Application Thread] DEBUG Engine               - Logging environment variables
15:48:57.887 [JavaFX Application Thread] DEBUG Engine               - achievements: []
15:48:57.887 [JavaFX Application Thread] DEBUG Engine               - sceneStack: com.almasb.fxgl.app.Engine@57ec37fa
15:48:57.887 [JavaFX Application Thread] DEBUG Engine               - language: ObjectProperty [value: ENGLISH]
15:48:57.887 [JavaFX Application Thread] DEBUG Engine               - isCloseConfirmation: false
15:48:57.887 [JavaFX Application Thread] DEBUG Engine               - isProfilingEnabled: false
15:48:57.888 [JavaFX Application Thread] DEBUG Engine               - soundNotification: core/notification.wav
15:48:57.888 [JavaFX Application Thread] DEBUG Engine               - devShowBBoxProperty: BooleanProperty [value: false]
15:48:57.889 [JavaFX Application Thread] DEBUG Engine               - pixelsPerMeter: 50.0
15:48:57.889 [JavaFX Application Thread] DEBUG Engine               - overlayRoot: Group@4c86b55f
15:48:57.889 [JavaFX Application Thread] DEBUG Engine               - appIcon: fxgl_icon.png
15:48:57.889 [JavaFX Application Thread] DEBUG Engine               - soundMenuBack: menu/back.wav
15:48:57.890 [JavaFX Application Thread] DEBUG Engine               - isFullScreenAllowed: false
15:48:57.890 [JavaFX Application Thread] DEBUG Engine               - isIntroEnabled: false
15:48:57.890 [JavaFX Application Thread] DEBUG Engine               - eventBus: com.almasb.fxgl.event.EventBus@45123b41
15:48:57.890 [JavaFX Application Thread] DEBUG Engine               - fontMono: lucida_console.ttf
15:48:57.890 [JavaFX Application Thread] DEBUG Engine               - soundMenuSelect: menu/select.wav
15:48:57.890 [JavaFX Application Thread] DEBUG Engine               - isWindows: true
15:48:57.891 [JavaFX Application Thread] DEBUG Engine               - isMobile: false
15:48:57.891 [JavaFX Application Thread] DEBUG Engine               - height: 600
15:48:57.891 [JavaFX Application Thread] DEBUG Engine               - isExperimentalNative: false
15:48:57.891 [JavaFX Application Thread] DEBUG Engine               - isSingleStep: false
15:48:57.891 [JavaFX Application Thread] DEBUG Engine               - cSSList: [fxgl_dark.css]
15:48:57.891 [JavaFX Application Thread] DEBUG Engine               - fontGame: Abel-Regular.ttf
15:48:57.891 [JavaFX Application Thread] DEBUG Engine               - menuKey: ESCAPE
15:48:57.891 [JavaFX Application Thread] DEBUG Engine               - devShowPositionProperty: BooleanProperty [value: false]
15:48:57.891 [JavaFX Application Thread] DEBUG Engine               - versionCheckDays: 7
15:48:57.891 [JavaFX Application Thread] DEBUG Engine               - masterTimer: com.almasb.fxgl.time.Timer@73f787fe
15:48:57.892 [JavaFX Application Thread] DEBUG Engine               - configClass: Optional.empty
15:48:57.892 [JavaFX Application Thread] DEBUG Engine               - isFullScreenFromStart: false
15:48:57.892 [JavaFX Application Thread] DEBUG Engine               - version: 0.1
15:48:57.892 [JavaFX Application Thread] DEBUG Engine               - fullScreen: BooleanProperty [value: false]
15:48:57.892 [JavaFX Application Thread] DEBUG Engine               - randomSeed: -1
15:48:57.892 [JavaFX Application Thread] DEBUG Engine               - dialogFactory: com.almasb.fxgl.ui.FXGLDialogFactory@23d24711
15:48:57.892 [JavaFX Application Thread] DEBUG Engine               - applicationMode: DEVELOPER
15:48:57.892 [JavaFX Application Thread] DEBUG Engine               - isMac: false
15:48:57.892 [JavaFX Application Thread] DEBUG Engine               - urlGoogleForms: https://goo.gl/forms/6wrMnOBxTE1fEpOy2
15:48:57.892 [JavaFX Application Thread] DEBUG Engine               - isMenuEnabled: true
15:48:57.892 [JavaFX Application Thread] DEBUG Engine               - profileName: user.profile
15:48:57.893 [JavaFX Application Thread] DEBUG Engine               - urlPOM: https://raw.githubusercontent.com/AlmasB/FXGL/master/pom.xml
15:48:57.893 [JavaFX Application Thread] DEBUG Engine               - notificationViewClass: class com.almasb.fxgl.notification.view.XboxNotificationView
15:48:57.893 [JavaFX Application Thread] DEBUG Engine               - devSensorColorProperty: ObjectProperty [value: 0xffff00ff]
15:48:57.893 [JavaFX Application Thread] DEBUG Engine               - sceneFactory: com.almasb.fxgl.app.SceneFactory@5a872279
15:48:57.893 [JavaFX Application Thread] DEBUG Engine               - dataFileExt: .dat
15:48:57.893 [JavaFX Application Thread] DEBUG Engine               - stageStyle: DECORATED
15:48:57.893 [JavaFX Application Thread] DEBUG Engine               - isManualResizeEnabled: false
15:48:57.893 [JavaFX Application Thread] DEBUG Engine               - title: JumpToBeat-Demo
15:48:57.893 [JavaFX Application Thread] DEBUG Engine               - platform: WINDOWS
15:48:57.893 [JavaFX Application Thread] DEBUG Engine               - devBBoxColorProperty: ObjectProperty [value: 0xff0000ff]
15:48:57.893 [JavaFX Application Thread] DEBUG Engine               - isDesktop: true
15:48:57.894 [JavaFX Application Thread] DEBUG Engine               - globalMusicVolumeProperty: DoubleProperty [value: 0.5]
15:48:57.894 [JavaFX Application Thread] DEBUG Engine               - credits: []
15:48:57.894 [JavaFX Application Thread] DEBUG Engine               - isPreserveResizeRatio: false
15:48:57.894 [JavaFX Application Thread] DEBUG Engine               - uIFactory: com.almasb.fxgl.ui.FXGLUIFactory@e9bd25b
15:48:57.894 [JavaFX Application Thread] DEBUG Engine               - fontText: Courier-Prime.ttf
15:48:57.894 [JavaFX Application Thread] DEBUG Engine               - isExperimentalTiledLargeMap: false
15:48:57.894 [JavaFX Application Thread] DEBUG Engine               - secondsIn24h: 60
15:48:57.894 [JavaFX Application Thread] DEBUG Engine               - runtimeInfo: RuntimeInfo(platform=WINDOWS, version=11.7, build=05.01.2020 09.37)
15:48:57.894 [JavaFX Application Thread] DEBUG Engine               - isLinux: false
15:48:57.894 [JavaFX Application Thread] DEBUG Engine               - soundMenuPress: menu/press.wav
15:48:57.894 [JavaFX Application Thread] DEBUG Engine               - urlGithub: https://github.com/AlmasB/FXGL
15:48:57.895 [JavaFX Application Thread] DEBUG Engine               - profileDir: profiles/
15:48:57.895 [JavaFX Application Thread] DEBUG Engine               - isDeveloperMenuEnabled: false
15:48:57.895 [JavaFX Application Thread] DEBUG Engine               - globalSoundVolumeProperty: DoubleProperty [value: 0.5]
15:48:57.895 [JavaFX Application Thread] DEBUG Engine               - isBrowser: false
15:48:57.895 [JavaFX Application Thread] DEBUG Engine               - globalSoundVolume: 0.5
15:48:57.895 [JavaFX Application Thread] DEBUG Engine               - urlLeaderboard: http://fxgl-top.herokuapp.com/
15:48:57.895 [JavaFX Application Thread] DEBUG Engine               - saveDir: saves/
15:48:57.895 [JavaFX Application Thread] DEBUG Engine               - engineServices: [class com.almasb.fxgl.audio.AudioPlayer, class com.almasb.fxgl.notification.impl.NotificationServiceProvider, class com.almasb.fxgl.achievement.AchievementManager, class com.almasb.fxgl.cutscene.CutsceneService, class com.almasb.fxgl.minigames.MiniGameService]
15:48:57.895 [JavaFX Application Thread] DEBUG Engine               - globalMusicVolume: 0.5
15:48:57.895 [JavaFX Application Thread] DEBUG Engine               - width: 600
15:48:57.895 [JavaFX Application Thread] DEBUG Engine               - saveFileExt: .sav
15:48:57.895 [JavaFX Application Thread] DEBUG Engine               - isAndroid: false
15:48:57.895 [JavaFX Application Thread] DEBUG Engine               - fontUI: VarelaRound-Regular.ttf
15:48:57.896 [JavaFX Application Thread] DEBUG Engine               - enabledMenuItems: []
15:48:57.896 [JavaFX Application Thread] DEBUG Engine               - isIOS: false
15:48:57.898 [JavaFX Application Thread] DEBUG Engine               - Adding new engine service: class com.almasb.fxgl.audio.AudioPlayer
15:48:57.899 [JavaFX Application Thread] DEBUG Engine               - Adding new engine service: class com.almasb.fxgl.notification.impl.NotificationServiceProvider
15:48:57.900 [JavaFX Application Thread] DEBUG Engine               - Adding new engine service: class com.almasb.fxgl.achievement.AchievementManager
15:48:57.901 [JavaFX Application Thread] DEBUG Engine               - Adding new engine service: class com.almasb.fxgl.cutscene.CutsceneService
15:48:57.901 [JavaFX Application Thread] DEBUG Engine               - Adding new engine service: class com.almasb.fxgl.minigames.MiniGameService
15:48:57.904 [JavaFX Application Thread] DEBUG Engine               - Loading localizations
15:48:57.907 [JavaFX Application Thread] DEBUG AssetLoader          - Loading from file system: /assets/properties/languages/english.properties
15:48:57.909 [JavaFX Application Thread] DEBUG AssetLoader          - Loading from file system: /assets/properties/languages/french.properties
15:48:57.910 [JavaFX Application Thread] DEBUG AssetLoader          - Loading from file system: /assets/properties/languages/german.properties
15:48:57.911 [JavaFX Application Thread] DEBUG AssetLoader          - Loading from file system: /assets/properties/languages/russian.properties
15:48:57.913 [JavaFX Application Thread] DEBUG AssetLoader          - Loading from file system: /assets/properties/languages/hungarian.properties
15:48:57.914 [JavaFX Application Thread] DEBUG Engine               - Registering font factories
15:48:57.915 [JavaFX Application Thread] DEBUG AssetLoader          - Loading from file system: /assets/ui/fonts/VarelaRound-Regular.ttf
15:48:58.070 [JavaFX Application Thread] DEBUG AssetLoader          - Loading from file system: /assets/ui/fonts/Abel-Regular.ttf
15:48:58.073 [JavaFX Application Thread] DEBUG AssetLoader          - Loading from file system: /assets/ui/fonts/lucida_console.ttf
15:48:58.078 [JavaFX Application Thread] DEBUG AssetLoader          - Loading from file system: /assets/ui/fonts/Courier-Prime.ttf
15:48:58.082 [JavaFX Application Thread] DEBUG Engine               - Setting UI factory
15:48:58.182 [JavaFX Application Thread] DEBUG AssetLoader          - Loading from file system: /assets/textures/fxgl_logo.png
15:48:58.250 [JavaFX Application Thread] DEBUG MainWindow           - Creating a JavaFX scene
15:48:58.294 [JavaFX Application Thread] DEBUG MainWindow           - Target settings size: 600.0 x 600.0
15:48:58.295 [JavaFX Application Thread] DEBUG MainWindow           - Scaled scene size:    600.0 x 600.0
15:48:58.295 [JavaFX Application Thread] DEBUG MainWindow           - Scaled ratio: (1.0, 1.0)
15:48:58.296 [JavaFX Application Thread] DEBUG MainWindow           - Set initial scene to FXGLStartupScene
15:48:58.302 [JavaFX Application Thread] DEBUG AssetLoader          - Loading from file system: /assets/textures/fxgl_icon.png
15:48:58.314 [JavaFX Application Thread] DEBUG Engine               - Applying CSS: fxgl_dark.css
15:48:58.315 [JavaFX Application Thread] DEBUG AssetLoader          - Loading from file system: /assets/ui/css/fxgl_dark.css
15:48:58.317 [JavaFX Application Thread] DEBUG AssetLoader          - Loading from file system: /assets/ui/cursors/fxgl_default.png
15:48:58.318 [JavaFX Application Thread] DEBUG MainWindow           - Opening main window
15:48:58.454 [JavaFX Application Thread] DEBUG MainWindow           - Window border size: (16.0, 39.0)
15:48:58.454 [JavaFX Application Thread] DEBUG MainWindow           - Scaled size: 600.0 x 600.0
15:48:58.454 [JavaFX Application Thread] DEBUG MainWindow           - Scaled ratio: (1.0, 1.0)
15:48:58.454 [JavaFX Application Thread] DEBUG MainWindow           - Scene size: 600.0 x 600.0
15:48:58.454 [JavaFX Application Thread] DEBUG MainWindow           - Stage size: 616.0 x 639.0
15:48:58.498 [FXGL Background Thread 1 ] DEBUG FS                   - Loaded FSServiceImpl
15:48:58.499 [FXGL Background Thread 1 ] DEBUG Engine               - Loading FXGL system data
15:48:58.504 [FXGL Background Thread 1 ] DEBUG FSServiceImpl        - Reading from: G:\Desk\Projects\FXGLPlatformer\system\fxgl.bundle
15:48:58.522 [FXGL Background Thread 1 ] DEBUG Engine               - Bundle FXGL: {}
15:48:58.522 [FXGL Background Thread 1 ] DEBUG Engine               - Initializing application scenes
15:48:58.559 [FXGL Background Thread 1 ] DEBUG GameWorld            - Game world initialized
15:48:58.600 [FXGL Background Thread 1 ] DEBUG PhysicsWorld         - Physics world initialized: appHeight=600, physics.ppm=50.0
15:48:58.601 [FXGL Background Thread 1 ] DEBUG GameScene            - Game scene initialized: 600x600
15:48:58.640 [FXGL Background Thread 1 ] DEBUG AssetLoader          - Loading from file system: /assets/textures/particles/trace_horizontal.png
15:48:58.652 [FXGL Background Thread 1 ] DEBUG FXGL.DefaultMenu     - createMenuBodyMainMenu()
15:48:58.664 [FXGL Background Thread 1 ] DEBUG FXGL.DefaultMenu     - createOptionsMenu()
15:48:58.668 [FXGL Background Thread 1 ] DEBUG AssetLoader          - Loading from file system: /assets/textures/particles/smoke.png
15:48:58.709 [FXGL Background Thread 1 ] DEBUG AssetLoader          - Loading from cache: /assets/textures/particles/trace_horizontal.png@64.0x64.0
15:48:58.709 [FXGL Background Thread 1 ] DEBUG FXGL.DefaultMenu     - createMenuBodyGameMenu()
15:48:58.710 [FXGL Background Thread 1 ] DEBUG FXGL.DefaultMenu     - createOptionsMenu()
15:48:58.712 [FXGL Background Thread 1 ] DEBUG AssetLoader          - Loading from cache: /assets/textures/particles/smoke.png@128.0x128.0
15:48:58.724 [FXGL Background Thread 1 ] DEBUG Engine               - Application scenes initialized
15:48:58.727 [JavaFX Application Thread] DEBUG Engine               - Running preInit()
15:48:58.734 [JavaFX Application Thread] DEBUG Input                - Registered new binding: Move Right - D
15:48:58.734 [JavaFX Application Thread] DEBUG Input                - Registered new binding: Move Left - A
15:48:58.734 [JavaFX Application Thread] DEBUG Input                - Registered new binding: Move Down - S
15:48:58.735 [JavaFX Application Thread] DEBUG Input                - Registered new binding: Move Up - W
15:48:58.735 [JavaFX Application Thread] DEBUG Input                - Registered new binding: Play Sound - F
15:48:58.735 [JavaFX Application Thread] DEBUG Input                - Registered new binding: Screenshot - P
15:48:58.736 [JavaFX Application Thread] DEBUG Input                - Registered new binding: System info dump - CTRL+9
15:48:58.736 [JavaFX Application Thread] DEBUG Input                - Registered new binding: Restart - CTRL+R
15:48:58.736 [JavaFX Application Thread] DEBUG Engine               - generateDefaultProfile()
15:48:58.736 [JavaFX Application Thread] DEBUG Engine               - Creating default profile
15:48:58.736 [JavaFX Application Thread] DEBUG EventBus             - Firing event: SaveEvent
15:48:58.746 [JavaFX Application Thread] INFO  Engine               - FXGL initialization took: 0.841 sec
15:48:58.746 [JavaFX Application Thread] DEBUG LoopRunner           - Starting loop
15:48:58.762 [JavaFX Application Thread] DEBUG FXGLStartupScene     - STARTUP
15:48:58.765 [JavaFX Application Thread] DEBUG Input                - Clearing active input actions
15:48:58.782 [JavaFX Application Thread] DEBUG Engine               - Removing overlay from FXGLStartupScene and adding to FXGLDefaultMenu
15:48:58.783 [JavaFX Application Thread] DEBUG MainWindow           - FXGLStartupScene -> FXGLDefaultMenu
15:48:59.940 [JavaFX Application Thread] DEBUG Menu                 - fireNewGame()
15:48:59.940 [JavaFX Application Thread] DEBUG Engine               - Starting new game
15:48:59.946 [JavaFX Application Thread] DEBUG Input                - Clearing active input actions
15:48:59.946 [FXGL Background Thread 1 ] DEBUG InitAppTask          - Clearing previous game
15:48:59.946 [FXGL Background Thread 1 ] DEBUG GameWorld            - Clearing game world
15:48:59.946 [FXGL Background Thread 1 ] DEBUG PhysicsWorld         - Clearing physics world
15:48:59.946 [FXGL Background Thread 1 ] DEBUG GameScene            - Clearing game scene
15:48:59.947 [FXGL Background Thread 1 ] DEBUG InitAppTask          - Initializing Game
15:48:59.948 [FXGL Background Thread 1 ] DEBUG AssetLoader          - Loading from file system: /assets/textures/PlayerDemoIcon.png
15:48:59.949 [FXGL Background Thread 1 ] WARN  AssetLoader          - Failed to load texture PlayerDemoIcon.png Error: java.lang.IllegalArgumentException: Asset "/assets/textures/PlayerDemoIcon.png" was not found!
15:48:59.958 [JavaFX Application Thread] DEBUG Engine               - Removing overlay from FXGLDefaultMenu and adding to LoadingScene
15:48:59.958 [JavaFX Application Thread] DEBUG MainWindow           - FXGLDefaultMenu -> LoadingScene
15:48:59.998 [FXGL Background Thread 1 ] DEBUG InitAppTask          - Initializing Physics
15:48:59.998 [FXGL Background Thread 1 ] DEBUG InitAppTask          - Initializing UI
15:49:00.000 [FXGL Background Thread 1 ] DEBUG AssetLoader          - Loading from file system: /assets/textures/resources/assets/textures/PlayerDemoIcon.png
15:49:00.001 [FXGL Background Thread 1 ] WARN  AssetLoader          - Failed to load texture resources/assets/textures/PlayerDemoIcon.png Error: java.lang.IllegalArgumentException: Asset "/assets/textures/resources/assets/textures/PlayerDemoIcon.png" was not found!
15:49:00.001 [FXGL Background Thread 1 ] DEBUG InitAppTask          - Initialization Complete
15:49:00.001 [FXGL Background Thread 1 ] INFO  InitAppTask          - Game initialization took: 0.055 sec
15:49:00.005 [JavaFX Application Thread] DEBUG Input                - Clearing active input actions
15:49:00.013 [JavaFX Application Thread] DEBUG Engine               - Removing overlay from LoadingScene and adding to GameScene
15:49:00.014 [JavaFX Application Thread] DEBUG MainWindow           - LoadingScene -> GameScene
15:49:01.593 [JavaFX Application Thread] DEBUG Engine               - Exiting FXGL
15:49:01.593 [JavaFX Application Thread] DEBUG Engine               - Shutting down background threads
15:49:01.593 [JavaFX Application Thread] DEBUG Engine               - Saving FXGL system data
15:49:01.596 [JavaFX Application Thread] DEBUG FSServiceImpl        - Writing to: G:\Desk\Projects\FXGLPlatformer\system\fxgl.bundle
15:49:01.597 [JavaFX Application Thread] DEBUG Engine               - Closing logger and exiting JavaFX
