16:22:51.008 [main                     ] DEBUG GameApplication      - Logger initialized
16:22:51.026 [main                     ] DEBUG GameApplication      - Logging settings
Title: JumpToBeat-Demo
Version: 0.1
Width: 1050
Height: 700
Fullscreen: false
Intro: false
Menus: false
Profiling: false
Single step:false
App Mode: DEVELOPER
Menu Key: ESCAPE
Stage Style: DECORATED
Scene Factory: class com.almasb.fxgl.app.SceneFactory
Dialog Factory: class com.almasb.fxgl.ui.FXGLDialogFactory
UI Factory: class com.almasb.fxgl.ui.FXGLUIFactory

16:22:51.544 [JavaFX Application Thread] DEBUG Engine               - Initializing FXGL
16:22:51.544 [JavaFX Application Thread] INFO  Engine               - FXGL-11.7 (05.01.2020 09.37) on WINDOWS (J:11.0.5 FX:12.0.1)
16:22:51.545 [JavaFX Application Thread] INFO  Engine               - Source code and latest versions at: https://github.com/AlmasB/FXGL
16:22:51.545 [JavaFX Application Thread] INFO  Engine               -              Join the FXGL chat at: https://gitter.im/AlmasB/FXGL
16:22:51.545 [JavaFX Application Thread] DEBUG Engine               - Initializing environment variables
16:22:51.547 [JavaFX Application Thread] DEBUG Engine               - Logging environment variables
16:22:51.547 [JavaFX Application Thread] DEBUG Engine               - achievements: []
16:22:51.547 [JavaFX Application Thread] DEBUG Engine               - sceneStack: com.almasb.fxgl.app.Engine@2dae8dc7
16:22:51.548 [JavaFX Application Thread] DEBUG Engine               - language: ObjectProperty [value: ENGLISH]
16:22:51.548 [JavaFX Application Thread] DEBUG Engine               - isCloseConfirmation: false
16:22:51.548 [JavaFX Application Thread] DEBUG Engine               - isProfilingEnabled: false
16:22:51.548 [JavaFX Application Thread] DEBUG Engine               - soundNotification: core/notification.wav
16:22:51.548 [JavaFX Application Thread] DEBUG Engine               - devShowBBoxProperty: BooleanProperty [value: false]
16:22:51.549 [JavaFX Application Thread] DEBUG Engine               - pixelsPerMeter: 50.0
16:22:51.549 [JavaFX Application Thread] DEBUG Engine               - overlayRoot: Group@481d20ef
16:22:51.549 [JavaFX Application Thread] DEBUG Engine               - appIcon: fxgl_icon.png
16:22:51.549 [JavaFX Application Thread] DEBUG Engine               - soundMenuBack: menu/back.wav
16:22:51.550 [JavaFX Application Thread] DEBUG Engine               - isFullScreenAllowed: false
16:22:51.550 [JavaFX Application Thread] DEBUG Engine               - isIntroEnabled: false
16:22:51.550 [JavaFX Application Thread] DEBUG Engine               - eventBus: com.almasb.fxgl.event.EventBus@13bc2f8e
16:22:51.550 [JavaFX Application Thread] DEBUG Engine               - fontMono: lucida_console.ttf
16:22:51.550 [JavaFX Application Thread] DEBUG Engine               - soundMenuSelect: menu/select.wav
16:22:51.550 [JavaFX Application Thread] DEBUG Engine               - isWindows: true
16:22:51.550 [JavaFX Application Thread] DEBUG Engine               - isMobile: false
16:22:51.550 [JavaFX Application Thread] DEBUG Engine               - height: 700
16:22:51.550 [JavaFX Application Thread] DEBUG Engine               - isExperimentalNative: false
16:22:51.551 [JavaFX Application Thread] DEBUG Engine               - cSSList: [fxgl_dark.css]
16:22:51.551 [JavaFX Application Thread] DEBUG Engine               - isSingleStep: false
16:22:51.551 [JavaFX Application Thread] DEBUG Engine               - fontGame: Abel-Regular.ttf
16:22:51.551 [JavaFX Application Thread] DEBUG Engine               - menuKey: ESCAPE
16:22:51.551 [JavaFX Application Thread] DEBUG Engine               - devShowPositionProperty: BooleanProperty [value: false]
16:22:51.551 [JavaFX Application Thread] DEBUG Engine               - versionCheckDays: 7
16:22:51.551 [JavaFX Application Thread] DEBUG Engine               - masterTimer: com.almasb.fxgl.time.Timer@4aa5488b
16:22:51.551 [JavaFX Application Thread] DEBUG Engine               - configClass: Optional.empty
16:22:51.551 [JavaFX Application Thread] DEBUG Engine               - isFullScreenFromStart: false
16:22:51.551 [JavaFX Application Thread] DEBUG Engine               - version: 0.1
16:22:51.552 [JavaFX Application Thread] DEBUG Engine               - fullScreen: BooleanProperty [value: false]
16:22:51.552 [JavaFX Application Thread] DEBUG Engine               - randomSeed: -1
16:22:51.552 [JavaFX Application Thread] DEBUG Engine               - dialogFactory: com.almasb.fxgl.ui.FXGLDialogFactory@9b8df89
16:22:51.552 [JavaFX Application Thread] DEBUG Engine               - applicationMode: DEVELOPER
16:22:51.552 [JavaFX Application Thread] DEBUG Engine               - isMac: false
16:22:51.552 [JavaFX Application Thread] DEBUG Engine               - urlGoogleForms: https://goo.gl/forms/6wrMnOBxTE1fEpOy2
16:22:51.552 [JavaFX Application Thread] DEBUG Engine               - isMenuEnabled: false
16:22:51.552 [JavaFX Application Thread] DEBUG Engine               - urlPOM: https://raw.githubusercontent.com/AlmasB/FXGL/master/pom.xml
16:22:51.552 [JavaFX Application Thread] DEBUG Engine               - profileName: user.profile
16:22:51.552 [JavaFX Application Thread] DEBUG Engine               - notificationViewClass: class com.almasb.fxgl.notification.view.XboxNotificationView
16:22:51.553 [JavaFX Application Thread] DEBUG Engine               - devSensorColorProperty: ObjectProperty [value: 0xffff00ff]
16:22:51.553 [JavaFX Application Thread] DEBUG Engine               - sceneFactory: com.almasb.fxgl.app.SceneFactory@28039c09
16:22:51.553 [JavaFX Application Thread] DEBUG Engine               - dataFileExt: .dat
16:22:51.553 [JavaFX Application Thread] DEBUG Engine               - stageStyle: DECORATED
16:22:51.553 [JavaFX Application Thread] DEBUG Engine               - isManualResizeEnabled: false
16:22:51.553 [JavaFX Application Thread] DEBUG Engine               - title: JumpToBeat-Demo
16:22:51.553 [JavaFX Application Thread] DEBUG Engine               - platform: WINDOWS
16:22:51.553 [JavaFX Application Thread] DEBUG Engine               - devBBoxColorProperty: ObjectProperty [value: 0xff0000ff]
16:22:51.553 [JavaFX Application Thread] DEBUG Engine               - isDesktop: true
16:22:51.553 [JavaFX Application Thread] DEBUG Engine               - credits: []
16:22:51.553 [JavaFX Application Thread] DEBUG Engine               - globalMusicVolumeProperty: DoubleProperty [value: 0.5]
16:22:51.554 [JavaFX Application Thread] DEBUG Engine               - isPreserveResizeRatio: false
16:22:51.554 [JavaFX Application Thread] DEBUG Engine               - uIFactory: com.almasb.fxgl.ui.FXGLUIFactory@5ab116d8
16:22:51.554 [JavaFX Application Thread] DEBUG Engine               - fontText: Courier-Prime.ttf
16:22:51.554 [JavaFX Application Thread] DEBUG Engine               - isExperimentalTiledLargeMap: false
16:22:51.554 [JavaFX Application Thread] DEBUG Engine               - secondsIn24h: 60
16:22:51.554 [JavaFX Application Thread] DEBUG Engine               - runtimeInfo: RuntimeInfo(platform=WINDOWS, version=11.7, build=05.01.2020 09.37)
16:22:51.554 [JavaFX Application Thread] DEBUG Engine               - isLinux: false
16:22:51.554 [JavaFX Application Thread] DEBUG Engine               - soundMenuPress: menu/press.wav
16:22:51.554 [JavaFX Application Thread] DEBUG Engine               - urlGithub: https://github.com/AlmasB/FXGL
16:22:51.554 [JavaFX Application Thread] DEBUG Engine               - profileDir: profiles/
16:22:51.554 [JavaFX Application Thread] DEBUG Engine               - isDeveloperMenuEnabled: false
16:22:51.554 [JavaFX Application Thread] DEBUG Engine               - globalSoundVolumeProperty: DoubleProperty [value: 0.5]
16:22:51.555 [JavaFX Application Thread] DEBUG Engine               - isBrowser: false
16:22:51.555 [JavaFX Application Thread] DEBUG Engine               - urlLeaderboard: http://fxgl-top.herokuapp.com/
16:22:51.555 [JavaFX Application Thread] DEBUG Engine               - globalSoundVolume: 0.5
16:22:51.555 [JavaFX Application Thread] DEBUG Engine               - saveDir: saves/
16:22:51.555 [JavaFX Application Thread] DEBUG Engine               - engineServices: [class com.almasb.fxgl.audio.AudioPlayer, class com.almasb.fxgl.notification.impl.NotificationServiceProvider, class com.almasb.fxgl.achievement.AchievementManager, class com.almasb.fxgl.cutscene.CutsceneService, class com.almasb.fxgl.minigames.MiniGameService]
16:22:51.555 [JavaFX Application Thread] DEBUG Engine               - globalMusicVolume: 0.5
16:22:51.555 [JavaFX Application Thread] DEBUG Engine               - width: 1050
16:22:51.555 [JavaFX Application Thread] DEBUG Engine               - saveFileExt: .sav
16:22:51.555 [JavaFX Application Thread] DEBUG Engine               - isAndroid: false
16:22:51.555 [JavaFX Application Thread] DEBUG Engine               - fontUI: VarelaRound-Regular.ttf
16:22:51.555 [JavaFX Application Thread] DEBUG Engine               - enabledMenuItems: []
16:22:51.555 [JavaFX Application Thread] DEBUG Engine               - isIOS: false
16:22:51.558 [JavaFX Application Thread] DEBUG Engine               - Adding new engine service: class com.almasb.fxgl.audio.AudioPlayer
16:22:51.559 [JavaFX Application Thread] DEBUG Engine               - Adding new engine service: class com.almasb.fxgl.notification.impl.NotificationServiceProvider
16:22:51.559 [JavaFX Application Thread] DEBUG Engine               - Adding new engine service: class com.almasb.fxgl.achievement.AchievementManager
16:22:51.560 [JavaFX Application Thread] DEBUG Engine               - Adding new engine service: class com.almasb.fxgl.cutscene.CutsceneService
16:22:51.560 [JavaFX Application Thread] DEBUG Engine               - Adding new engine service: class com.almasb.fxgl.minigames.MiniGameService
16:22:51.563 [JavaFX Application Thread] DEBUG Engine               - Loading localizations
16:22:51.565 [JavaFX Application Thread] DEBUG AssetLoader          - Loading from file system: /assets/properties/languages/english.properties
16:22:51.567 [JavaFX Application Thread] DEBUG AssetLoader          - Loading from file system: /assets/properties/languages/french.properties
16:22:51.568 [JavaFX Application Thread] DEBUG AssetLoader          - Loading from file system: /assets/properties/languages/german.properties
16:22:51.569 [JavaFX Application Thread] DEBUG AssetLoader          - Loading from file system: /assets/properties/languages/russian.properties
16:22:51.571 [JavaFX Application Thread] DEBUG AssetLoader          - Loading from file system: /assets/properties/languages/hungarian.properties
16:22:51.572 [JavaFX Application Thread] DEBUG Engine               - Registering font factories
16:22:51.573 [JavaFX Application Thread] DEBUG AssetLoader          - Loading from file system: /assets/ui/fonts/VarelaRound-Regular.ttf
16:22:51.730 [JavaFX Application Thread] DEBUG AssetLoader          - Loading from file system: /assets/ui/fonts/Abel-Regular.ttf
16:22:51.733 [JavaFX Application Thread] DEBUG AssetLoader          - Loading from file system: /assets/ui/fonts/lucida_console.ttf
16:22:51.738 [JavaFX Application Thread] DEBUG AssetLoader          - Loading from file system: /assets/ui/fonts/Courier-Prime.ttf
16:22:51.742 [JavaFX Application Thread] DEBUG Engine               - Setting UI factory
16:22:51.833 [JavaFX Application Thread] DEBUG AssetLoader          - Loading from file system: /assets/textures/fxgl_logo.png
16:22:51.891 [JavaFX Application Thread] DEBUG MainWindow           - Creating a JavaFX scene
16:22:51.939 [JavaFX Application Thread] DEBUG MainWindow           - Target settings size: 1050.0 x 700.0
16:22:51.939 [JavaFX Application Thread] DEBUG MainWindow           - Scaled scene size:    1050.0 x 700.0
16:22:51.939 [JavaFX Application Thread] DEBUG MainWindow           - Scaled ratio: (1.0, 1.0)
16:22:51.940 [JavaFX Application Thread] DEBUG MainWindow           - Set initial scene to FXGLStartupScene
16:22:51.948 [JavaFX Application Thread] DEBUG AssetLoader          - Loading from file system: /assets/textures/fxgl_icon.png
16:22:51.960 [JavaFX Application Thread] DEBUG Engine               - Applying CSS: fxgl_dark.css
16:22:51.960 [JavaFX Application Thread] DEBUG AssetLoader          - Loading from file system: /assets/ui/css/fxgl_dark.css
16:22:51.963 [JavaFX Application Thread] DEBUG AssetLoader          - Loading from file system: /assets/ui/cursors/fxgl_default.png
16:22:51.965 [JavaFX Application Thread] DEBUG MainWindow           - Opening main window
16:22:52.116 [JavaFX Application Thread] DEBUG MainWindow           - Window border size: (16.0, 39.0)
16:22:52.116 [JavaFX Application Thread] DEBUG MainWindow           - Scaled size: 1050.0 x 700.0
16:22:52.116 [JavaFX Application Thread] DEBUG MainWindow           - Scaled ratio: (1.0, 1.0)
16:22:52.116 [JavaFX Application Thread] DEBUG MainWindow           - Scene size: 1050.0 x 700.0
16:22:52.116 [JavaFX Application Thread] DEBUG MainWindow           - Stage size: 1066.0 x 739.0
16:22:52.170 [FXGL Background Thread 1 ] DEBUG FS                   - Loaded FSServiceImpl
16:22:52.170 [FXGL Background Thread 1 ] DEBUG Engine               - Loading FXGL system data
16:22:52.175 [FXGL Background Thread 1 ] DEBUG FSServiceImpl        - Reading from: G:\Desk\Projects\FXGLPlatformer\system\fxgl.bundle
16:22:52.190 [FXGL Background Thread 1 ] DEBUG Engine               - Bundle FXGL: {}
16:22:52.190 [FXGL Background Thread 1 ] DEBUG Engine               - Initializing application scenes
16:22:52.216 [FXGL Background Thread 1 ] DEBUG GameWorld            - Game world initialized
16:22:52.253 [FXGL Background Thread 1 ] DEBUG PhysicsWorld         - Physics world initialized: appHeight=700, physics.ppm=50.0
16:22:52.255 [FXGL Background Thread 1 ] DEBUG GameScene            - Game scene initialized: 1050x700
16:22:52.298 [FXGL Background Thread 1 ] DEBUG Input                - Registered new binding: Resume - Esc
16:22:52.298 [FXGL Background Thread 1 ] DEBUG AssetLoader          - Loading from file system: /assets/textures/pause_menu_bg.png
16:22:52.320 [FXGL Background Thread 1 ] DEBUG Input                - Registered new binding: Pause - Esc
16:22:52.320 [FXGL Background Thread 1 ] DEBUG Engine               - Application scenes initialized
16:22:52.323 [JavaFX Application Thread] DEBUG Engine               - Running preInit()
16:22:52.323 [JavaFX Application Thread] DEBUG Input                - Registered new binding: Right - D
16:22:52.323 [JavaFX Application Thread] DEBUG Input                - Registered new binding: Left - A
16:22:52.323 [JavaFX Application Thread] DEBUG Input                - Registered new binding: Jump - Space
16:22:52.323 [JavaFX Application Thread] DEBUG Input                - Registered new binding: Play Sound - F
16:22:52.324 [JavaFX Application Thread] DEBUG Input                - Registered new binding: Screenshot - P
16:22:52.324 [JavaFX Application Thread] DEBUG Input                - Registered new binding: System info dump - CTRL+9
16:22:52.324 [JavaFX Application Thread] DEBUG Input                - Registered new binding: Restart - CTRL+R
16:22:52.324 [JavaFX Application Thread] DEBUG Engine               - generateDefaultProfile()
16:22:52.324 [JavaFX Application Thread] DEBUG Engine               - Creating default profile
16:22:52.325 [JavaFX Application Thread] DEBUG EventBus             - Firing event: SaveEvent
16:22:52.335 [JavaFX Application Thread] INFO  Engine               - FXGL initialization took: 0.772 sec
16:22:52.335 [JavaFX Application Thread] DEBUG LoopRunner           - Starting loop
16:22:52.353 [JavaFX Application Thread] DEBUG FXGLStartupScene     - STARTUP
16:22:52.354 [JavaFX Application Thread] DEBUG Engine               - Starting new game
16:22:52.360 [JavaFX Application Thread] DEBUG Input                - Clearing active input actions
16:22:52.361 [FXGL Background Thread 1 ] DEBUG InitAppTask          - Clearing previous game
16:22:52.361 [FXGL Background Thread 1 ] DEBUG GameWorld            - Clearing game world
16:22:52.361 [FXGL Background Thread 1 ] DEBUG PhysicsWorld         - Clearing physics world
16:22:52.361 [FXGL Background Thread 1 ] DEBUG GameScene            - Clearing game scene
16:22:52.361 [FXGL Background Thread 1 ] DEBUG InitAppTask          - Initializing Game
16:22:52.371 [JavaFX Application Thread] DEBUG Engine               - Removing overlay from FXGLStartupScene and adding to LoadingScene
16:22:52.372 [JavaFX Application Thread] DEBUG MainWindow           - FXGLStartupScene -> LoadingScene
16:22:52.375 [FXGL Background Thread 1 ] DEBUG AssetLoader          - Loading from file system: /assets/levels/TestLevel.tmx
16:22:52.395 [FXGL Background Thread 1 ] WARN  TMXLevelLoader       - TiledMap generated from 1.3.4. Supported version: 1.2.3. Some features may not be parsed fully.
16:22:52.412 [FXGL Background Thread 1 ] DEBUG TMXLevelLoader       - Parsed raw map: TiledMap(width=15, height=10, tilewidth=64, tileheight=64, orientation=orthogonal, layers=[Layer(width=15, height=10, name=Kachelebene 1, type=tilelayer, visible=false, x=0, y=0, data=[4, 25, 25, 25, 25, 25, 25, 25, 25, 25, 25, 25, 25, 25, 5, 27, 0, 0, 0, 0, 0, 0, 0, 0, 0, 0, 0, 0, 0, 26, 27, 0, 0, 0, 0, 0, 0, 0, 0, 0, 0, 0, 0, 0, 26, 27, 0, 0, 0, 0, 0, 0, 0, 0, 0, 0, 0, 0, 0, 26, 27, 0, 0, 0, 0, 0, 0, 0, 0, 0, 0, 0, 0, 0, 26, 27, 0, 0, 0, 0, 0, 0, 0, 0, 0, 37, 38, 38, 39, 26, 27, 0, 0, 0, 0, 0, 0, 37, 38, 39, 0, 0, 0, 0, 26, 27, 0, 0, 37, 38, 39, 0, 0, 0, 0, 0, 0, 0, 0, 26, 27, 0, 0, 0, 0, 0, 0, 0, 0, 0, 0, 0, 0, 0, 26, 16, 1, 1, 1, 1, 1, 1, 1, 1, 1, 1, 1, 1, 1, 17], objects=[], opacity=0.0, draworder=), Layer(width=0, height=0, name=Objektebene 1, type=objectgroup, visible=false, x=0, y=0, data=[], objects=[com.almasb.fxgl.entity.level.tiled.TiledObject@1566046e, com.almasb.fxgl.entity.level.tiled.TiledObject@6f1a2f78, com.almasb.fxgl.entity.level.tiled.TiledObject@6e15ba5f, com.almasb.fxgl.entity.level.tiled.TiledObject@5039b1c4, com.almasb.fxgl.entity.level.tiled.TiledObject@75598ad9, com.almasb.fxgl.entity.level.tiled.TiledObject@4b060ae5, com.almasb.fxgl.entity.level.tiled.TiledObject@8028698, com.almasb.fxgl.entity.level.tiled.TiledObject@1528b1cd, com.almasb.fxgl.entity.level.tiled.TiledObject@2c9efef3, com.almasb.fxgl.entity.level.tiled.TiledObject@57b498a7, com.almasb.fxgl.entity.level.tiled.TiledObject@4b1ef28f, com.almasb.fxgl.entity.level.tiled.TiledObject@1be884f8], opacity=0.0, draworder=)], tilesets=[Tileset(firstgid=1, image=C:/Users/Jordan/Desktop/forest.png, name=Forrest, tilewidth=64, tileheight=64, imagewidth=768, imageheight=256, margin=0, spacing=0, columns=12, tilecount=48, transparentcolor=)], backgroundcolor=, renderorder=right-down, nextobjectid=31, version=1, tiledversion=1.3.4, type=map, infinite=false, properties={}, propertytypes={})
16:22:52.412 [FXGL Background Thread 1 ] DEBUG TMXLevelLoader       - Creating tile layer entities
16:22:52.413 [FXGL Background Thread 1 ] DEBUG TilesetLoader        - Loading view for layer Kachelebene 1
16:22:52.415 [FXGL Background Thread 1 ] DEBUG TilesetLoader        - Created buffer with size 960.0x640.0
16:22:52.421 [FXGL Background Thread 1 ] DEBUG TilesetLoader        - Writing to buffer: dst=0,0, w=64,h=64, src=192,0
16:22:52.426 [FXGL Background Thread 1 ] DEBUG TilesetLoader        - Writing to buffer: dst=64,0, w=64,h=64, src=0,128
16:22:52.426 [FXGL Background Thread 1 ] DEBUG TilesetLoader        - Writing to buffer: dst=128,0, w=64,h=64, src=0,128
16:22:52.426 [FXGL Background Thread 1 ] DEBUG TilesetLoader        - Writing to buffer: dst=192,0, w=64,h=64, src=0,128
16:22:52.426 [FXGL Background Thread 1 ] DEBUG TilesetLoader        - Writing to buffer: dst=256,0, w=64,h=64, src=0,128
16:22:52.426 [FXGL Background Thread 1 ] DEBUG TilesetLoader        - Writing to buffer: dst=320,0, w=64,h=64, src=0,128
16:22:52.426 [FXGL Background Thread 1 ] DEBUG TilesetLoader        - Writing to buffer: dst=384,0, w=64,h=64, src=0,128
16:22:52.426 [FXGL Background Thread 1 ] DEBUG TilesetLoader        - Writing to buffer: dst=448,0, w=64,h=64, src=0,128
16:22:52.426 [FXGL Background Thread 1 ] DEBUG TilesetLoader        - Writing to buffer: dst=512,0, w=64,h=64, src=0,128
16:22:52.426 [FXGL Background Thread 1 ] DEBUG TilesetLoader        - Writing to buffer: dst=576,0, w=64,h=64, src=0,128
16:22:52.427 [FXGL Background Thread 1 ] DEBUG TilesetLoader        - Writing to buffer: dst=640,0, w=64,h=64, src=0,128
16:22:52.427 [FXGL Background Thread 1 ] DEBUG TilesetLoader        - Writing to buffer: dst=704,0, w=64,h=64, src=0,128
16:22:52.427 [FXGL Background Thread 1 ] DEBUG TilesetLoader        - Writing to buffer: dst=768,0, w=64,h=64, src=0,128
16:22:52.427 [FXGL Background Thread 1 ] DEBUG TilesetLoader        - Writing to buffer: dst=832,0, w=64,h=64, src=0,128
16:22:52.428 [FXGL Background Thread 1 ] DEBUG TilesetLoader        - Writing to buffer: dst=896,0, w=64,h=64, src=256,0
16:22:52.428 [FXGL Background Thread 1 ] DEBUG TilesetLoader        - Writing to buffer: dst=0,64, w=64,h=64, src=128,128
16:22:52.428 [FXGL Background Thread 1 ] DEBUG TilesetLoader        - Writing to buffer: dst=896,64, w=64,h=64, src=64,128
16:22:52.428 [FXGL Background Thread 1 ] DEBUG TilesetLoader        - Writing to buffer: dst=0,128, w=64,h=64, src=128,128
16:22:52.428 [FXGL Background Thread 1 ] DEBUG TilesetLoader        - Writing to buffer: dst=896,128, w=64,h=64, src=64,128
16:22:52.428 [FXGL Background Thread 1 ] DEBUG TilesetLoader        - Writing to buffer: dst=0,192, w=64,h=64, src=128,128
16:22:52.429 [FXGL Background Thread 1 ] DEBUG TilesetLoader        - Writing to buffer: dst=896,192, w=64,h=64, src=64,128
16:22:52.429 [FXGL Background Thread 1 ] DEBUG TilesetLoader        - Writing to buffer: dst=0,256, w=64,h=64, src=128,128
16:22:52.429 [FXGL Background Thread 1 ] DEBUG TilesetLoader        - Writing to buffer: dst=896,256, w=64,h=64, src=64,128
16:22:52.429 [FXGL Background Thread 1 ] DEBUG TilesetLoader        - Writing to buffer: dst=0,320, w=64,h=64, src=128,128
16:22:52.429 [FXGL Background Thread 1 ] DEBUG TilesetLoader        - Writing to buffer: dst=640,320, w=64,h=64, src=0,192
16:22:52.429 [FXGL Background Thread 1 ] DEBUG TilesetLoader        - Writing to buffer: dst=704,320, w=64,h=64, src=64,192
16:22:52.429 [FXGL Background Thread 1 ] DEBUG TilesetLoader        - Writing to buffer: dst=768,320, w=64,h=64, src=64,192
16:22:52.429 [FXGL Background Thread 1 ] DEBUG TilesetLoader        - Writing to buffer: dst=832,320, w=64,h=64, src=128,192
16:22:52.429 [FXGL Background Thread 1 ] DEBUG TilesetLoader        - Writing to buffer: dst=896,320, w=64,h=64, src=64,128
16:22:52.429 [FXGL Background Thread 1 ] DEBUG TilesetLoader        - Writing to buffer: dst=0,384, w=64,h=64, src=128,128
16:22:52.429 [FXGL Background Thread 1 ] DEBUG TilesetLoader        - Writing to buffer: dst=448,384, w=64,h=64, src=0,192
16:22:52.429 [FXGL Background Thread 1 ] DEBUG TilesetLoader        - Writing to buffer: dst=512,384, w=64,h=64, src=64,192
16:22:52.429 [FXGL Background Thread 1 ] DEBUG TilesetLoader        - Writing to buffer: dst=576,384, w=64,h=64, src=128,192
16:22:52.429 [FXGL Background Thread 1 ] DEBUG TilesetLoader        - Writing to buffer: dst=896,384, w=64,h=64, src=64,128
16:22:52.429 [FXGL Background Thread 1 ] DEBUG TilesetLoader        - Writing to buffer: dst=0,448, w=64,h=64, src=128,128
16:22:52.430 [FXGL Background Thread 1 ] DEBUG TilesetLoader        - Writing to buffer: dst=192,448, w=64,h=64, src=0,192
16:22:52.431 [FXGL Background Thread 1 ] DEBUG TilesetLoader        - Writing to buffer: dst=256,448, w=64,h=64, src=64,192
16:22:52.431 [FXGL Background Thread 1 ] DEBUG TilesetLoader        - Writing to buffer: dst=320,448, w=64,h=64, src=128,192
16:22:52.431 [FXGL Background Thread 1 ] DEBUG TilesetLoader        - Writing to buffer: dst=896,448, w=64,h=64, src=64,128
16:22:52.431 [FXGL Background Thread 1 ] DEBUG TilesetLoader        - Writing to buffer: dst=0,512, w=64,h=64, src=128,128
16:22:52.431 [FXGL Background Thread 1 ] DEBUG TilesetLoader        - Writing to buffer: dst=896,512, w=64,h=64, src=64,128
16:22:52.431 [FXGL Background Thread 1 ] DEBUG TilesetLoader        - Writing to buffer: dst=0,576, w=64,h=64, src=192,64
16:22:52.432 [FXGL Background Thread 1 ] DEBUG TilesetLoader        - Writing to buffer: dst=64,576, w=64,h=64, src=0,0
16:22:52.432 [FXGL Background Thread 1 ] DEBUG TilesetLoader        - Writing to buffer: dst=128,576, w=64,h=64, src=0,0
16:22:52.432 [FXGL Background Thread 1 ] DEBUG TilesetLoader        - Writing to buffer: dst=192,576, w=64,h=64, src=0,0
16:22:52.432 [FXGL Background Thread 1 ] DEBUG TilesetLoader        - Writing to buffer: dst=256,576, w=64,h=64, src=0,0
16:22:52.433 [FXGL Background Thread 1 ] DEBUG TilesetLoader        - Writing to buffer: dst=320,576, w=64,h=64, src=0,0
16:22:52.433 [FXGL Background Thread 1 ] DEBUG TilesetLoader        - Writing to buffer: dst=384,576, w=64,h=64, src=0,0
16:22:52.433 [FXGL Background Thread 1 ] DEBUG TilesetLoader        - Writing to buffer: dst=448,576, w=64,h=64, src=0,0
16:22:52.433 [FXGL Background Thread 1 ] DEBUG TilesetLoader        - Writing to buffer: dst=512,576, w=64,h=64, src=0,0
16:22:52.433 [FXGL Background Thread 1 ] DEBUG TilesetLoader        - Writing to buffer: dst=576,576, w=64,h=64, src=0,0
16:22:52.433 [FXGL Background Thread 1 ] DEBUG TilesetLoader        - Writing to buffer: dst=640,576, w=64,h=64, src=0,0
16:22:52.433 [FXGL Background Thread 1 ] DEBUG TilesetLoader        - Writing to buffer: dst=704,576, w=64,h=64, src=0,0
16:22:52.433 [FXGL Background Thread 1 ] DEBUG TilesetLoader        - Writing to buffer: dst=768,576, w=64,h=64, src=0,0
16:22:52.433 [FXGL Background Thread 1 ] DEBUG TilesetLoader        - Writing to buffer: dst=832,576, w=64,h=64, src=0,0
16:22:52.433 [FXGL Background Thread 1 ] DEBUG TilesetLoader        - Writing to buffer: dst=896,576, w=64,h=64, src=256,64
16:22:52.433 [FXGL Background Thread 1 ] DEBUG TMXLevelLoader       - Creating object layer entities
16:22:52.481 [FXGL Background Thread 1 ] DEBUG GameWorld            - Clearing removable entities
16:22:52.481 [FXGL Background Thread 1 ] DEBUG GameWorld            - Setting level: com.almasb.fxgl.entity.level.Level@4c5f6f
16:22:52.507 [FXGL Background Thread 1 ] DEBUG AssetLoader          - Loading from file system: /assets/textures/adventurer-Sheet.png
16:22:52.516 [FXGL Background Thread 1 ] DEBUG AssetLoader          - Loading from cache: /assets/textures/adventurer-Sheet.png
16:22:52.517 [FXGL Background Thread 1 ] DEBUG AssetLoader          - Loading from cache: /assets/textures/adventurer-Sheet.png
16:22:52.518 [FXGL Background Thread 1 ] DEBUG InitAppTask          - Initializing Physics
16:22:52.519 [FXGL Background Thread 1 ] DEBUG InitAppTask          - Initializing UI
16:22:52.521 [FXGL Background Thread 1 ] DEBUG InitAppTask          - Initialization Complete
16:22:52.521 [FXGL Background Thread 1 ] INFO  InitAppTask          - Game initialization took: 0.160 sec
16:22:52.524 [JavaFX Application Thread] DEBUG Input                - Clearing active input actions
16:22:52.534 [JavaFX Application Thread] DEBUG Engine               - Removing overlay from LoadingScene and adding to GameScene
16:22:52.535 [JavaFX Application Thread] DEBUG MainWindow           - LoadingScene -> GameScene
16:22:52.973 [JavaFX Application Thread] DEBUG AssetLoader          - Loading from file system: /assets/sounds/smw_1-up.wav
16:23:03.320 [JavaFX Application Thread] DEBUG AssetLoader          - Loading from cache: /assets/sounds/smw_1-up.wav
16:23:21.228 [JavaFX Application Thread] DEBUG AssetLoader          - Loading from cache: /assets/sounds/smw_1-up.wav
16:23:22.908 [JavaFX Application Thread] DEBUG AssetLoader          - Loading from cache: /assets/sounds/smw_1-up.wav
16:23:24.476 [JavaFX Application Thread] DEBUG AssetLoader          - Loading from cache: /assets/sounds/smw_1-up.wav
16:23:28.650 [JavaFX Application Thread] DEBUG Engine               - Exiting FXGL
16:23:28.650 [JavaFX Application Thread] DEBUG Engine               - Shutting down background threads
16:23:28.651 [JavaFX Application Thread] DEBUG Engine               - Saving FXGL system data
16:23:28.652 [JavaFX Application Thread] DEBUG FSServiceImpl        - Writing to: G:\Desk\Projects\FXGLPlatformer\system\fxgl.bundle
16:23:28.655 [JavaFX Application Thread] DEBUG Engine               - Closing logger and exiting JavaFX
